CMSIS_AGDI.DLL - CMSIS-DAP Driver Log

20:19:39:337 (18/03/2026) - WRITE DP  Access, Addr 0x00000008, Val 0x00000000, "DAP Write DP - Success" - ID 0
20:19:39:338 (18/03/2026) - WRITE DP  Access, Addr 0x00000004, Val 0x50000000, "DAP Write DP - Success" - ID 1
20:19:39:340 (18/03/2026) - READ  DP  Access, Addr 0x00000004, Val 0xF0000000, "DAP Read DP - Success" - ID 2
20:19:39:341 (18/03/2026) - WRITE DP  Access, Addr 0x00000004, Val 0x50000F32, "DAP Write DP - Success" - ID 3
20:19:39:345 (18/03/2026) - READ  AP  Access, AP 0x00000000, Addr 0x000000FC, Val 0x24770011, "DAP Read AP - Success" - ID 4
20:19:39:347 (18/03/2026) - READ  AP  Access, AP 0x00000000, Addr 0x000000FC, Val 0x24770011, "JTAG Read AP - Success" - ID 5
20:19:39:359 (18/03/2026) - WRITE AP  Access, AP 0x00000000, Addr 0x00000000, Val 0x23000052, "DAP Write AP - Success" - ID 6
20:19:39:361 (18/03/2026) - READ  AP  Access, AP 0x00000000, Addr 0x000000F8, Val 0xE00FF003, "DAP Read AP - Success" - ID 7
20:19:39:371 (18/03/2026) - READ  MEM BLOCK Access, AP 0x00000000, Start Addr 0xE00FFFF0, End Addr 0xE00FFFFF, "DAP Read Memory Block - Success" - ID 8
  Item #0, AP 0, Addr 0xE00FFFF0, Value 0x0000000D
  Item #1, AP 0, Addr 0xE00FFFF4, Value 0x00000010
  Item #2, AP 0, Addr 0xE00FFFF8, Value 0x00000005
  Item #3, AP 0, Addr 0xE00FFFFC, Value 0x000000B1
20:19:39:374 (18/03/2026) - READ  MEM BLOCK Access, AP 0x00000000, Start Addr 0xE00FFFD0, End Addr 0xE00FFFEF, "DAP Read Memory Block - Success" - ID 9
  Item #0, AP 0, Addr 0xE00FFFD0, Value 0x00000004
  Item #1, AP 0, Addr 0xE00FFFD4, Value 0x00000000
  Item #2, AP 0, Addr 0xE00FFFD8, Value 0x00000000
  Item #3, AP 0, Addr 0xE00FFFDC, Value 0x00000000
  Item #4, AP 0, Addr 0xE00FFFE0, Value 0x000000C4
  Item #5, AP 0, Addr 0xE00FFFE4, Value 0x000000B4
  Item #6, AP 0, Addr 0xE00FFFE8, Value 0x0000000B
  Item #7, AP 0, Addr 0xE00FFFEC, Value 0x00000000
20:19:39:374 (18/03/2026) - ROM TABLE: Detected ROM Table (Cortex-M4) at address 0xE00FF000 (PID 0x00000004000BB4C4, CID 0xB105100D)
20:19:39:374 (18/03/2026) - READ  MEM Access, AP 0x00000000, Addr 0xE00FF000, Val 0xFFF0F003, "DAP Read Memory (32 bit) - Success" - ID 10
20:19:39:379 (18/03/2026) - READ  MEM BLOCK Access, AP 0x00000000, Start Addr 0xE000EFF0, End Addr 0xE000EFFF, "DAP Read Memory Block - Success" - ID 11
  Item #0, AP 0, Addr 0xE000EFF0, Value 0x0000000D
  Item #1, AP 0, Addr 0xE000EFF4, Value 0x000000E0
  Item #2, AP 0, Addr 0xE000EFF8, Value 0x00000005
  Item #3, AP 0, Addr 0xE000EFFC, Value 0x000000B1
20:19:39:387 (18/03/2026) - READ  MEM BLOCK Access, AP 0x00000000, Start Addr 0xE000EFD0, End Addr 0xE000EFEF, "DAP Read Memory Block - Success" - ID 12
  Item #0, AP 0, Addr 0xE000EFD0, Value 0x00000004
  Item #1, AP 0, Addr 0xE000EFD4, Value 0x00000000
  Item #2, AP 0, Addr 0xE000EFD8, Value 0x00000000
  Item #3, AP 0, Addr 0xE000EFDC, Value 0x00000000
  Item #4, AP 0, Addr 0xE000EFE0, Value 0x0000000C
  Item #5, AP 0, Addr 0xE000EFE4, Value 0x000000B0
  Item #6, AP 0, Addr 0xE000EFE8, Value 0x0000000B
  Item #7, AP 0, Addr 0xE000EFEC, Value 0x00000000
20:19:39:388 (18/03/2026) - WRITE MEM Access, AP 0x00000000, Addr 0xE000EDFC, Val 0x01000000, "DAP Write Memory (32 bit) - Success" - ID 13
20:19:39:388 (18/03/2026) - ROM TABLE: Detected SCS (ARMv7-M with FP Extension) at address 0xE000E000 (PID 0x00000004000BB00C, CID 0xB105E00D)
20:19:39:391 (18/03/2026) - READ  MEM Access, AP 0x00000000, Addr 0xE00FF004, Val 0xFFF02003, "DAP Read Memory (32 bit) - Success" - ID 14
20:19:39:394 (18/03/2026) - READ  MEM BLOCK Access, AP 0x00000000, Start Addr 0xE0001FF0, End Addr 0xE0001FFF, "DAP Read Memory Block - Success" - ID 15
  Item #0, AP 0, Addr 0xE0001FF0, Value 0x0000000D
  Item #1, AP 0, Addr 0xE0001FF4, Value 0x000000E0
  Item #2, AP 0, Addr 0xE0001FF8, Value 0x00000005
  Item #3, AP 0, Addr 0xE0001FFC, Value 0x000000B1
20:19:39:397 (18/03/2026) - READ  MEM BLOCK Access, AP 0x00000000, Start Addr 0xE0001FD0, End Addr 0xE0001FEF, "DAP Read Memory Block - Success" - ID 16
  Item #0, AP 0, Addr 0xE0001FD0, Value 0x00000004
  Item #1, AP 0, Addr 0xE0001FD4, Value 0x00000000
  Item #2, AP 0, Addr 0xE0001FD8, Value 0x00000000
  Item #3, AP 0, Addr 0xE0001FDC, Value 0x00000000
  Item #4, AP 0, Addr 0xE0001FE0, Value 0x00000002
  Item #5, AP 0, Addr 0xE0001FE4, Value 0x000000B0
  Item #6, AP 0, Addr 0xE0001FE8, Value 0x0000003B
  Item #7, AP 0, Addr 0xE0001FEC, Value 0x00000000
20:19:39:397 (18/03/2026) - ROM TABLE: Detected DWT (ARMv7-M) at address 0xE0001000 (PID 0x00000004003BB002, CID 0xB105E00D)
20:19:39:399 (18/03/2026) - READ  MEM Access, AP 0x00000000, Addr 0xE00FF008, Val 0xFFF03003, "DAP Read Memory (32 bit) - Success" - ID 17
20:19:39:402 (18/03/2026) - READ  MEM BLOCK Access, AP 0x00000000, Start Addr 0xE0002FF0, End Addr 0xE0002FFF, "DAP Read Memory Block - Success" - ID 18
  Item #0, AP 0, Addr 0xE0002FF0, Value 0x0000000D
  Item #1, AP 0, Addr 0xE0002FF4, Value 0x000000E0
  Item #2, AP 0, Addr 0xE0002FF8, Value 0x00000005
  Item #3, AP 0, Addr 0xE0002FFC, Value 0x000000B1
20:19:39:405 (18/03/2026) - READ  MEM BLOCK Access, AP 0x00000000, Start Addr 0xE0002FD0, End Addr 0xE0002FEF, "DAP Read Memory Block - Success" - ID 19
  Item #0, AP 0, Addr 0xE0002FD0, Value 0x00000004
  Item #1, AP 0, Addr 0xE0002FD4, Value 0x00000000
  Item #2, AP 0, Addr 0xE0002FD8, Value 0x00000000
  Item #3, AP 0, Addr 0xE0002FDC, Value 0x00000000
  Item #4, AP 0, Addr 0xE0002FE0, Value 0x00000003
  Item #5, AP 0, Addr 0xE0002FE4, Value 0x000000B0
  Item #6, AP 0, Addr 0xE0002FE8, Value 0x0000002B
  Item #7, AP 0, Addr 0xE0002FEC, Value 0x00000000
20:19:39:405 (18/03/2026) - ROM TABLE: Detected FPB (ARMv7-M) at address 0xE0002000 (PID 0x00000004002BB003, CID 0xB105E00D)
20:19:39:405 (18/03/2026) - READ  MEM Access, AP 0x00000000, Addr 0xE00FF00C, Val 0xFFF01003, "DAP Read Memory (32 bit) - Success" - ID 20
20:19:39:408 (18/03/2026) - READ  MEM BLOCK Access, AP 0x00000000, Start Addr 0xE0000FF0, End Addr 0xE0000FFF, "DAP Read Memory Block - Success" - ID 21
  Item #0, AP 0, Addr 0xE0000FF0, Value 0x0000000D
  Item #1, AP 0, Addr 0xE0000FF4, Value 0x000000E0
  Item #2, AP 0, Addr 0xE0000FF8, Value 0x00000005
  Item #3, AP 0, Addr 0xE0000FFC, Value 0x000000B1
20:19:39:410 (18/03/2026) - READ  MEM BLOCK Access, AP 0x00000000, Start Addr 0xE0000FD0, End Addr 0xE0000FEF, "DAP Read Memory Block - Success" - ID 22
  Item #0, AP 0, Addr 0xE0000FD0, Value 0x00000004
  Item #1, AP 0, Addr 0xE0000FD4, Value 0x00000000
  Item #2, AP 0, Addr 0xE0000FD8, Value 0x00000000
  Item #3, AP 0, Addr 0xE0000FDC, Value 0x00000000
  Item #4, AP 0, Addr 0xE0000FE0, Value 0x00000001
  Item #5, AP 0, Addr 0xE0000FE4, Value 0x000000B0
  Item #6, AP 0, Addr 0xE0000FE8, Value 0x0000003B
  Item #7, AP 0, Addr 0xE0000FEC, Value 0x00000000
20:19:39:410 (18/03/2026) - ROM TABLE: Detected ITM (ARMv7-M) at address 0xE0000000 (PID 0x00000004003BB001, CID 0xB105E00D)
20:19:39:411 (18/03/2026) - READ  MEM Access, AP 0x00000000, Addr 0xE00FF010, Val 0xFFF41003, "DAP Read Memory (32 bit) - Success" - ID 23
20:19:39:415 (18/03/2026) - READ  MEM BLOCK Access, AP 0x00000000, Start Addr 0xE0040FF0, End Addr 0xE0040FFF, "DAP Read Memory Block - Success" - ID 24
  Item #0, AP 0, Addr 0xE0040FF0, Value 0x0000000D
  Item #1, AP 0, Addr 0xE0040FF4, Value 0x00000090
  Item #2, AP 0, Addr 0xE0040FF8, Value 0x00000005
  Item #3, AP 0, Addr 0xE0040FFC, Value 0x000000B1
20:19:39:417 (18/03/2026) - READ  MEM BLOCK Access, AP 0x00000000, Start Addr 0xE0040FD0, End Addr 0xE0040FEF, "DAP Read Memory Block - Success" - ID 25
  Item #0, AP 0, Addr 0xE0040FD0, Value 0x00000004
  Item #1, AP 0, Addr 0xE0040FD4, Value 0x00000000
  Item #2, AP 0, Addr 0xE0040FD8, Value 0x00000000
  Item #3, AP 0, Addr 0xE0040FDC, Value 0x00000000
  Item #4, AP 0, Addr 0xE0040FE0, Value 0x000000A1
  Item #5, AP 0, Addr 0xE0040FE4, Value 0x000000B9
  Item #6, AP 0, Addr 0xE0040FE8, Value 0x0000000B
  Item #7, AP 0, Addr 0xE0040FEC, Value 0x00000000
20:19:39:417 (18/03/2026) - ROM TABLE: Detected TPIU (Cortex-M4) at address 0xE0040000 (PID 0x00000004000BB9A1, CID 0xB105900D)
20:19:39:419 (18/03/2026) - READ  MEM Access, AP 0x00000000, Addr 0xE00FF014, Val 0xFFF42003, "DAP Read Memory (32 bit) - Success" - ID 26
20:19:39:421 (18/03/2026) - READ  MEM BLOCK Access, AP 0x00000000, Start Addr 0xE0041FF0, End Addr 0xE0041FFF, "DAP Read Memory Block - Success" - ID 27
  Item #0, AP 0, Addr 0xE0041FF0, Value 0x0000000D
  Item #1, AP 0, Addr 0xE0041FF4, Value 0x00000090
  Item #2, AP 0, Addr 0xE0041FF8, Value 0x00000005
  Item #3, AP 0, Addr 0xE0041FFC, Value 0x000000B1
20:19:39:424 (18/03/2026) - READ  MEM BLOCK Access, AP 0x00000000, Start Addr 0xE0041FD0, End Addr 0xE0041FEF, "DAP Read Memory Block - Success" - ID 28
  Item #0, AP 0, Addr 0xE0041FD0, Value 0x00000004
  Item #1, AP 0, Addr 0xE0041FD4, Value 0x00000000
  Item #2, AP 0, Addr 0xE0041FD8, Value 0x00000000
  Item #3, AP 0, Addr 0xE0041FDC, Value 0x00000000
  Item #4, AP 0, Addr 0xE0041FE0, Value 0x00000025
  Item #5, AP 0, Addr 0xE0041FE4, Value 0x000000B9
  Item #6, AP 0, Addr 0xE0041FE8, Value 0x0000000B
  Item #7, AP 0, Addr 0xE0041FEC, Value 0x00000000
20:19:39:424 (18/03/2026) - ROM TABLE: Detected ETM (Cortex-M4) at address 0xE0041000 (PID 0x00000004000BB925, CID 0xB105900D)
20:19:39:427 (18/03/2026) - READ  MEM Access, AP 0x00000000, Addr 0xE00FF018, Val 0x00000000, "DAP Read Memory (32 bit) - Success" - ID 29
20:19:39:427 (18/03/2026) - READ  MEM Access, AP 0x00000000, Addr 0xE000ED00, Val 0x410FC241, "DAP Read Memory (32 bit) - Success" - ID 30
20:19:39:429 (18/03/2026) - READ  MEM Access, AP 0x00000000, Addr 0xE000EF40, Val 0x10110021, "DAP Read Memory (32 bit) - Success" - ID 31
20:19:39:429 (18/03/2026) - READ  MEM Access, AP 0x00000000, Addr 0xE000EF44, Val 0x11000011, "DAP Read Memory (32 bit) - Success" - ID 32
20:19:39:432 (18/03/2026) - READ  DP  Access, Addr 0x00000004, Val 0xF0000F00, "DAP Read DP - Success" - ID 33
20:19:39:432 (18/03/2026) - WRITE MEM Access, AP 0x00000000, Addr 0xE000EDFC, Val 0x00000001, "DAP Write Memory (32 bit) - Success" - ID 34
20:19:39:434 (18/03/2026) - WRITE MEM Access, AP 0x00000000, Addr 0xE000EDF0, Val 0xA05F0003, "DAP Write Memory (32 bit) - Success" - ID 35
20:19:39:434 (18/03/2026) - WRITE MEM Access, AP 0x00000000, Addr 0xE000EDFC, Val 0x01000001, "DAP Write Memory (32 bit) - Success" - ID 36
20:19:39:435 (18/03/2026) - READ  MEM Access, AP 0x00000000, Addr 0xE0002000, Val 0x00000260, "DAP Read Memory (32 bit) - Success" - ID 37
20:19:39:436 (18/03/2026) - READ  MEM Access, AP 0x00000000, Addr 0xE0001000, Val 0x40000001, "DAP Read Memory (32 bit) - Success" - ID 38
20:19:39:438 (18/03/2026) - WRITE MEM Access, AP 0x00000000, Addr 0xE0001024, Val 0x0000001F, "DAP Write Memory (32 bit) - Success" - ID 39
20:19:39:439 (18/03/2026) - READ  MEM Access, AP 0x00000000, Addr 0xE0001024, Val 0x0000000F, "DAP Read Memory (32 bit) - Success" - ID 40
20:19:39:439 (18/03/2026) - WRITE MEM Access, AP 0x00000000, Addr 0xE0001024, Val 0x00000000, "DAP Write Memory (32 bit) - Success" - ID 41
20:19:39:441 (18/03/2026) - WRITE MEM Access, AP 0x00000000, Addr 0xE0001028, Val 0x00000100, "DAP Write Memory (32 bit) - Success" - ID 42
20:19:39:443 (18/03/2026) - READ  MEM Access, AP 0x00000000, Addr 0xE0001028, Val 0x00000000, "DAP Read Memory (32 bit) - Success" - ID 43
20:19:39:443 (18/03/2026) - WRITE MEM Access, AP 0x00000000, Addr 0xE0001028, Val 0x00000080, "DAP Write Memory (32 bit) - Success" - ID 44
20:19:39:444 (18/03/2026) - READ  MEM Access, AP 0x00000000, Addr 0xE0001028, Val 0x00000080, "DAP Read Memory (32 bit) - Success" - ID 45
20:19:39:445 (18/03/2026) - WRITE MEM Access, AP 0x00000000, Addr 0xE0001028, Val 0x00000000, "DAP Write Memory (32 bit) - Success" - ID 46
20:19:39:445 (18/03/2026) - WRITE MEM Access, AP 0x00000000, Addr 0xE0001038, Val 0x00000100, "DAP Write Memory (32 bit) - Success" - ID 47
20:19:39:446 (18/03/2026) - READ  MEM Access, AP 0x00000000, Addr 0xE0001038, Val 0x00000300, "DAP Read Memory (32 bit) - Success" - ID 48
20:19:39:448 (18/03/2026) - WRITE MEM Access, AP 0x00000000, Addr 0xE0001038, Val 0x00000080, "DAP Write Memory (32 bit) - Success" - ID 49
20:19:39:449 (18/03/2026) - READ  MEM Access, AP 0x00000000, Addr 0xE0001038, Val 0x00000200, "DAP Read Memory (32 bit) - Success" - ID 50
20:19:39:452 (18/03/2026) - WRITE MEM Access, AP 0x00000000, Addr 0xE0001038, Val 0x00000000, "DAP Write Memory (32 bit) - Success" - ID 51
20:19:39:454 (18/03/2026) - WRITE MEM Access, AP 0x00000000, Addr 0xE0001048, Val 0x00000100, "DAP Write Memory (32 bit) - Success" - ID 52
20:19:39:456 (18/03/2026) - READ  MEM Access, AP 0x00000000, Addr 0xE0001048, Val 0x00000000, "DAP Read Memory (32 bit) - Success" - ID 53
20:19:39:456 (18/03/2026) - WRITE MEM Access, AP 0x00000000, Addr 0xE0001048, Val 0x00000080, "DAP Write Memory (32 bit) - Success" - ID 54
20:19:39:457 (18/03/2026) - READ  MEM Access, AP 0x00000000, Addr 0xE0001048, Val 0x00000000, "DAP Read Memory (32 bit) - Success" - ID 55
20:19:39:460 (18/03/2026) - WRITE MEM Access, AP 0x00000000, Addr 0xE0001048, Val 0x00000000, "DAP Write Memory (32 bit) - Success" - ID 56
20:19:39:461 (18/03/2026) - WRITE MEM Access, AP 0x00000000, Addr 0xE0001058, Val 0x00000100, "DAP Write Memory (32 bit) - Success" - ID 57
20:19:39:462 (18/03/2026) - READ  MEM Access, AP 0x00000000, Addr 0xE0001058, Val 0x00000000, "DAP Read Memory (32 bit) - Success" - ID 58
20:19:39:462 (18/03/2026) - WRITE MEM Access, AP 0x00000000, Addr 0xE0001058, Val 0x00000080, "DAP Write Memory (32 bit) - Success" - ID 59
20:19:39:468 (18/03/2026) - READ  MEM Access, AP 0x00000000, Addr 0xE0001058, Val 0x00000000, "DAP Read Memory (32 bit) - Success" - ID 60
20:19:39:469 (18/03/2026) - WRITE MEM Access, AP 0x00000000, Addr 0xE0001058, Val 0x00000000, "DAP Write Memory (32 bit) - Success" - ID 61
20:19:39:471 (18/03/2026) - WRITE MEM Access, AP 0x00000000, Addr 0xE0002000, Val 0x00000002, "DAP Write Memory (32 bit) - Success" - ID 62
20:19:39:471 (18/03/2026) - WRITE MEM Access, AP 0x00000000, Addr 0xE0001028, Val 0x00000000, "DAP Write Memory (32 bit) - Success" - ID 63
20:19:39:472 (18/03/2026) - WRITE MEM Access, AP 0x00000000, Addr 0xE0001038, Val 0x00000000, "DAP Write Memory (32 bit) - Success" - ID 64
20:19:39:473 (18/03/2026) - WRITE MEM Access, AP 0x00000000, Addr 0xE0001048, Val 0x00000000, "DAP Write Memory (32 bit) - Success" - ID 65
20:19:39:474 (18/03/2026) - WRITE MEM Access, AP 0x00000000, Addr 0xE0001058, Val 0x00000000, "DAP Write Memory (32 bit) - Success" - ID 66
20:19:39:475 (18/03/2026) - READ  MEM Access, AP 0x00000000, Addr 0xE000E004, Val 0x00000004, "DAP Read Memory (32 bit) - Success" - ID 67
20:19:39:488 (18/03/2026) - WRITE MEM BLOCK Access, AP 0x00000000, Start Addr 0xE0001000, End Addr 0xE000101B, "DAP Write Memory Block - Success" - ID 68
  Item #0, AP 0, Addr 0xE0001000, Value 0x00000001
  Item #1, AP 0, Addr 0xE0001004, Value 0x00000000
  Item #2, AP 0, Addr 0xE0001008, Value 0x00000000
  Item #3, AP 0, Addr 0xE000100C, Value 0x00000000
  Item #4, AP 0, Addr 0xE0001010, Value 0x00000000
  Item #5, AP 0, Addr 0xE0001014, Value 0x00000000
  Item #6, AP 0, Addr 0xE0001018, Value 0x00000000
20:19:39:490 (18/03/2026) - WRITE MEM Access, AP 0x00000000, Addr 0xE000EDFC, Val 0x00000001, "DAP Write Memory (32 bit) - Success" - ID 69
20:19:39:494 (18/03/2026) - READ  MEM Access, AP 0x00000000, Addr 0xE000EDF0, Val 0x01030003, "DAP Read Memory (32 bit) - Success" - ID 70
20:19:39:496 (18/03/2026) - WRITE MEM Access, AP 0x00000000, Addr 0xE000ED0C, Val 0x05FA0001, "DAP Write Memory (32 bit) - Success" - ID 71
20:19:39:498 (18/03/2026) - READ  MEM Access, AP 0x00000000, Addr 0xE000EDF0, Val 0x02030003, "DAP Read Memory (32 bit) - Success" - ID 72
20:19:39:499 (18/03/2026) - READ  MEM Access, AP 0x00000000, Addr 0xE000EDF0, Val 0x00030003, "DAP Read Memory (32 bit) - Success" - ID 73
20:19:39:500 (18/03/2026) - READ  MEM Access, AP 0x00000000, Addr 0xE000EDF0, Val 0x00030003, "DAP Read Memory (32 bit) - Success" - ID 74
20:19:39:503 (18/03/2026) - READ  MEM Access, AP 0x00000000, Addr 0xE000EDF0, Val 0x00030003, "DAP Read Memory (32 bit) - Success" - ID 75
20:19:39:513 (18/03/2026) - READ  MEM Access, AP 0x00000000, Addr 0xE000EDF0, Val 0x00030003, "DAP Read Memory (32 bit) - Success" - ID 76
20:19:39:535 (18/03/2026) - WRITE MEM BLOCK Access, AP 0x00000000, Start Addr 0x20000000, End Addr 0x20000127, "DAP Write Memory Block - Success" - ID 77
  Item #0, AP 0, Addr 0x20000000, Value 0xE00ABE00
  Item #1, AP 0, Addr 0x20000004, Value 0x062D780D
  Item #2, AP 0, Addr 0x20000008, Value 0x24084068
  Item #3, AP 0, Addr 0x2000000C, Value 0xD3000040
  Item #4, AP 0, Addr 0x20000010, Value 0x1E644058
  Item #5, AP 0, Addr 0x20000014, Value 0x1C49D1FA
  Item #6, AP 0, Addr 0x20000018, Value 0x2A001E52
  Item #7, AP 0, Addr 0x2000001C, Value 0x4770D1F2
  Item #8, AP 0, Addr 0x20000020, Value 0x7803E005
  Item #9, AP 0, Addr 0x20000024, Value 0x42931C40
  Item #10, AP 0, Addr 0x20000028, Value 0x2001D001
  Item #11, AP 0, Addr 0x2000002C, Value 0x1E494770
  Item #12, AP 0, Addr 0x20000030, Value 0x2000D2F7
  Item #13, AP 0, Addr 0x20000034, Value 0x00004770
  Item #14, AP 0, Addr 0x20000038, Value 0x49340A88
  Item #15, AP 0, Addr 0x2000003C, Value 0x0D004348
  Item #16, AP 0, Addr 0x20000040, Value 0x1E404933
  Item #17, AP 0, Addr 0x20000044, Value 0x49326008
  Item #18, AP 0, Addr 0x20000048, Value 0x39802001
  Item #19, AP 0, Addr 0x2000004C, Value 0x20006308
  Item #20, AP 0, Addr 0x20000050, Value 0x20004770
  Item #21, AP 0, Addr 0x20000054, Value 0x482F4770
  Item #22, AP 0, Addr 0x20000058, Value 0x61412101
  Item #23, AP 0, Addr 0x2000005C, Value 0x6081492E
  Item #24, AP 0, Addr 0x20000060, Value 0x07496881
  Item #25, AP 0, Addr 0x20000064, Value 0x68C0D4FC
  Item #26, AP 0, Addr 0x20000068, Value 0xD00007C0
  Item #27, AP 0, Addr 0x2000006C, Value 0x47702001
  Item #28, AP 0, Addr 0x20000070, Value 0xD10C0581
  Item #29, AP 0, Addr 0x20000074, Value 0x22014927
  Item #30, AP 0, Addr 0x20000078, Value 0x6008614A
  Item #31, AP 0, Addr 0x2000007C, Value 0x1E804826
  Item #32, AP 0, Addr 0x20000080, Value 0x68886088
  Item #33, AP 0, Addr 0x20000084, Value 0xD4FC0780
  Item #34, AP 0, Addr 0x20000088, Value 0x07C068C8
  Item #35, AP 0, Addr 0x2000008C, Value 0x2001D000
  Item #36, AP 0, Addr 0x20000090, Value 0xB5F04770
  Item #37, AP 0, Addr 0x20000094, Value 0xD1370783
  Item #38, AP 0, Addr 0x20000098, Value 0x08891CC9
  Item #39, AP 0, Addr 0x2000009C, Value 0x4D1D0089
  Item #40, AP 0, Addr 0x200000A0, Value 0x616B2301
  Item #41, AP 0, Addr 0x200000A4, Value 0x33404B1A
  Item #42, AP 0, Addr 0x200000A8, Value 0x4C1C6A1B
  Item #43, AP 0, Addr 0x200000AC, Value 0xD02607DB
  Item #44, AP 0, Addr 0x200000B0, Value 0x237C4E1B
  Item #45, AP 0, Addr 0x200000B4, Value 0xD0242900
  Item #46, AP 0, Addr 0x200000B8, Value 0x01E409C4
  Item #47, AP 0, Addr 0x200000BC, Value 0xE006602C
  Item #48, AP 0, Addr 0x200000C0, Value 0xCA104607
  Item #49, AP 0, Addr 0x200000C4, Value 0x19BF401F
  Item #50, AP 0, Addr 0x200000C8, Value 0x1D00603C
  Item #51, AP 0, Addr 0x200000CC, Value 0x06441F09
  Item #52, AP 0, Addr 0x200000D0, Value 0xD1020EE4
  Item #53, AP 0, Addr 0x200000D4, Value 0x2C006B2C
  Item #54, AP 0, Addr 0x200000D8, Value 0x2900D101
  Item #55, AP 0, Addr 0x200000DC, Value 0x4C0FD1F0
  Item #56, AP 0, Addr 0x200000E0, Value 0x6A2C622C
  Item #57, AP 0, Addr 0x200000E4, Value 0xD1FC07E4
  Item #58, AP 0, Addr 0x200000E8, Value 0x6028E7E4
  Item #59, AP 0, Addr 0x200000EC, Value 0x606B6813
  Item #60, AP 0, Addr 0x200000F0, Value 0x68AB60AC
  Item #61, AP 0, Addr 0x200000F4, Value 0xD1FC07DB
  Item #62, AP 0, Addr 0x200000F8, Value 0x1D121D00
  Item #63, AP 0, Addr 0x200000FC, Value 0x29001F09
  Item #64, AP 0, Addr 0x20000100, Value 0x68E8D1F3
  Item #65, AP 0, Addr 0x20000104, Value 0xD00007C0
  Item #66, AP 0, Addr 0x20000108, Value 0xBDF02001
  Item #67, AP 0, Addr 0x2000010C, Value 0x00000432
  Item #68, AP 0, Addr 0x20000110, Value 0x400FE140
  Item #69, AP 0, Addr 0x20000114, Value 0x400FD000
  Item #70, AP 0, Addr 0x20000118, Value 0xA4420004
  Item #71, AP 0, Addr 0x2000011C, Value 0xA4420001
  Item #72, AP 0, Addr 0x20000120, Value 0x400FD100
  Item #73, AP 0, Addr 0x20000124, Value 0x00000000
20:19:39:541 (18/03/2026) - READ  MEM BLOCK Access, AP 0x00000000, Start Addr 0x20000000, End Addr 0x20000127, "DAP Read Memory Block - Success" - ID 78
  Item #0, AP 0, Addr 0x20000000, Value 0xE00ABE00
  Item #1, AP 0, Addr 0x20000004, Value 0x062D780D
  Item #2, AP 0, Addr 0x20000008, Value 0x24084068
  Item #3, AP 0, Addr 0x2000000C, Value 0xD3000040
  Item #4, AP 0, Addr 0x20000010, Value 0x1E644058
  Item #5, AP 0, Addr 0x20000014, Value 0x1C49D1FA
  Item #6, AP 0, Addr 0x20000018, Value 0x2A001E52
  Item #7, AP 0, Addr 0x2000001C, Value 0x4770D1F2
  Item #8, AP 0, Addr 0x20000020, Value 0x7803E005
  Item #9, AP 0, Addr 0x20000024, Value 0x42931C40
  Item #10, AP 0, Addr 0x20000028, Value 0x2001D001
  Item #11, AP 0, Addr 0x2000002C, Value 0x1E494770
  Item #12, AP 0, Addr 0x20000030, Value 0x2000D2F7
  Item #13, AP 0, Addr 0x20000034, Value 0x00004770
  Item #14, AP 0, Addr 0x20000038, Value 0x49340A88
  Item #15, AP 0, Addr 0x2000003C, Value 0x0D004348
  Item #16, AP 0, Addr 0x20000040, Value 0x1E404933
  Item #17, AP 0, Addr 0x20000044, Value 0x49326008
  Item #18, AP 0, Addr 0x20000048, Value 0x39802001
  Item #19, AP 0, Addr 0x2000004C, Value 0x20006308
  Item #20, AP 0, Addr 0x20000050, Value 0x20004770
  Item #21, AP 0, Addr 0x20000054, Value 0x482F4770
  Item #22, AP 0, Addr 0x20000058, Value 0x61412101
  Item #23, AP 0, Addr 0x2000005C, Value 0x6081492E
  Item #24, AP 0, Addr 0x20000060, Value 0x07496881
  Item #25, AP 0, Addr 0x20000064, Value 0x68C0D4FC
  Item #26, AP 0, Addr 0x20000068, Value 0xD00007C0
  Item #27, AP 0, Addr 0x2000006C, Value 0x47702001
  Item #28, AP 0, Addr 0x20000070, Value 0xD10C0581
  Item #29, AP 0, Addr 0x20000074, Value 0x22014927
  Item #30, AP 0, Addr 0x20000078, Value 0x6008614A
  Item #31, AP 0, Addr 0x2000007C, Value 0x1E804826
  Item #32, AP 0, Addr 0x20000080, Value 0x68886088
  Item #33, AP 0, Addr 0x20000084, Value 0xD4FC0780
  Item #34, AP 0, Addr 0x20000088, Value 0x07C068C8
  Item #35, AP 0, Addr 0x2000008C, Value 0x2001D000
  Item #36, AP 0, Addr 0x20000090, Value 0xB5F04770
  Item #37, AP 0, Addr 0x20000094, Value 0xD1370783
  Item #38, AP 0, Addr 0x20000098, Value 0x08891CC9
  Item #39, AP 0, Addr 0x2000009C, Value 0x4D1D0089
  Item #40, AP 0, Addr 0x200000A0, Value 0x616B2301
  Item #41, AP 0, Addr 0x200000A4, Value 0x33404B1A
  Item #42, AP 0, Addr 0x200000A8, Value 0x4C1C6A1B
  Item #43, AP 0, Addr 0x200000AC, Value 0xD02607DB
  Item #44, AP 0, Addr 0x200000B0, Value 0x237C4E1B
  Item #45, AP 0, Addr 0x200000B4, Value 0xD0242900
  Item #46, AP 0, Addr 0x200000B8, Value 0x01E409C4
  Item #47, AP 0, Addr 0x200000BC, Value 0xE006602C
  Item #48, AP 0, Addr 0x200000C0, Value 0xCA104607
  Item #49, AP 0, Addr 0x200000C4, Value 0x19BF401F
  Item #50, AP 0, Addr 0x200000C8, Value 0x1D00603C
  Item #51, AP 0, Addr 0x200000CC, Value 0x06441F09
  Item #52, AP 0, Addr 0x200000D0, Value 0xD1020EE4
  Item #53, AP 0, Addr 0x200000D4, Value 0x2C006B2C
  Item #54, AP 0, Addr 0x200000D8, Value 0x2900D101
  Item #55, AP 0, Addr 0x200000DC, Value 0x4C0FD1F0
  Item #56, AP 0, Addr 0x200000E0, Value 0x6A2C622C
  Item #57, AP 0, Addr 0x200000E4, Value 0xD1FC07E4
  Item #58, AP 0, Addr 0x200000E8, Value 0x6028E7E4
  Item #59, AP 0, Addr 0x200000EC, Value 0x606B6813
  Item #60, AP 0, Addr 0x200000F0, Value 0x68AB60AC
  Item #61, AP 0, Addr 0x200000F4, Value 0xD1FC07DB
  Item #62, AP 0, Addr 0x200000F8, Value 0x1D121D00
  Item #63, AP 0, Addr 0x200000FC, Value 0x29001F09
  Item #64, AP 0, Addr 0x20000100, Value 0x68E8D1F3
  Item #65, AP 0, Addr 0x20000104, Value 0xD00007C0
  Item #66, AP 0, Addr 0x20000108, Value 0xBDF02001
  Item #67, AP 0, Addr 0x2000010C, Value 0x00000432
  Item #68, AP 0, Addr 0x20000110, Value 0x400FE140
  Item #69, AP 0, Addr 0x20000114, Value 0x400FD000
  Item #70, AP 0, Addr 0x20000118, Value 0xA4420004
  Item #71, AP 0, Addr 0x2000011C, Value 0xA4420001
  Item #72, AP 0, Addr 0x20000120, Value 0x400FD100
  Item #73, AP 0, Addr 0x20000124, Value 0x00000000
20:19:39:558 (18/03/2026) - READ  MEM Access, AP 0x00000000, Addr 0xE000EDF0, Val 0x01030003, "DAP Read Memory (32 bit) - Success" - ID 79
20:19:39:580 (18/03/2026) - READ  MEM Access, AP 0x00000000, Addr 0xE000EDF0, Val 0x01030003, "DAP Read Memory (32 bit) - Success" - ID 80
20:19:39:598 (18/03/2026) - READ  MEM Access, AP 0x00000000, Addr 0xE000EDF0, Val 0x01030003, "DAP Read Memory (32 bit) - Success" - ID 81
20:19:39:611 (18/03/2026) - READ  MEM Access, AP 0x00000000, Addr 0xE000EDF0, Val 0x01030003, "DAP Read Memory (32 bit) - Success" - ID 82
20:19:39:624 (18/03/2026) - READ  MEM Access, AP 0x00000000, Addr 0xE000EDF0, Val 0x01030003, "DAP Read Memory (32 bit) - Success" - ID 83
20:19:39:637 (18/03/2026) - READ  MEM Access, AP 0x00000000, Addr 0xE000EDF0, Val 0x01030003, "DAP Read Memory (32 bit) - Success" - ID 84
20:19:39:651 (18/03/2026) - READ  MEM Access, AP 0x00000000, Addr 0xE000EDF0, Val 0x01030003, "DAP Read Memory (32 bit) - Success" - ID 85
20:19:39:674 (18/03/2026) - READ  MEM Access, AP 0x00000000, Addr 0xE000EDF0, Val 0x01030003, "DAP Read Memory (32 bit) - Success" - ID 86
20:19:39:692 (18/03/2026) - READ  MEM Access, AP 0x00000000, Addr 0xE000EDF0, Val 0x01030003, "DAP Read Memory (32 bit) - Success" - ID 87
20:19:39:706 (18/03/2026) - READ  MEM Access, AP 0x00000000, Addr 0xE000EDF0, Val 0x01030003, "DAP Read Memory (32 bit) - Success" - ID 88
20:19:39:721 (18/03/2026) - READ  MEM Access, AP 0x00000000, Addr 0xE000EDF0, Val 0x01030003, "DAP Read Memory (32 bit) - Success" - ID 89
20:19:39:731 (18/03/2026) - READ  MEM Access, AP 0x00000000, Addr 0xE000EDF0, Val 0x01030003, "DAP Read Memory (32 bit) - Success" - ID 90
20:19:39:746 (18/03/2026) - READ  MEM Access, AP 0x00000000, Addr 0xE000EDF0, Val 0x01030003, "DAP Read Memory (32 bit) - Success" - ID 91
20:19:39:757 (18/03/2026) - READ  MEM Access, AP 0x00000000, Addr 0xE000EDF0, Val 0x01030003, "DAP Read Memory (32 bit) - Success" - ID 92
20:19:39:780 (18/03/2026) - READ  MEM Access, AP 0x00000000, Addr 0xE000EDF0, Val 0x01030003, "DAP Read Memory (32 bit) - Success" - ID 93
20:19:39:797 (18/03/2026) - READ  MEM Access, AP 0x00000000, Addr 0xE000EDF0, Val 0x01030003, "DAP Read Memory (32 bit) - Success" - ID 94
20:19:39:808 (18/03/2026) - READ  MEM Access, AP 0x00000000, Addr 0xE000EDF0, Val 0x01030003, "DAP Read Memory (32 bit) - Success" - ID 95
20:19:39:819 (18/03/2026) - READ  MEM Access, AP 0x00000000, Addr 0xE000EDF0, Val 0x01030003, "DAP Read Memory (32 bit) - Success" - ID 96
20:19:39:827 (18/03/2026) - READ  MEM Access, AP 0x00000000, Addr 0xE000EDF0, Val 0x01030003, "DAP Read Memory (32 bit) - Success" - ID 97
20:19:39:842 (18/03/2026) - READ  MEM Access, AP 0x00000000, Addr 0xE000EDF0, Val 0x01030003, "DAP Read Memory (32 bit) - Success" - ID 98
20:19:39:852 (18/03/2026) - READ  MEM Access, AP 0x00000000, Addr 0xE000EDF0, Val 0x01030003, "DAP Read Memory (32 bit) - Success" - ID 99
20:19:39:869 (18/03/2026) - READ  MEM Access, AP 0x00000000, Addr 0xE000EDF0, Val 0x01030003, "DAP Read Memory (32 bit) - Success" - ID 100
20:19:39:885 (18/03/2026) - READ  MEM Access, AP 0x00000000, Addr 0xE000EDF0, Val 0x01030003, "DAP Read Memory (32 bit) - Success" - ID 101
20:19:39:958 (18/03/2026) - WRITE MEM BLOCK Access, AP 0x00000000, Start Addr 0x20000000, End Addr 0x20000127, "DAP Write Memory Block - Success" - ID 102
  Item #0, AP 0, Addr 0x20000000, Value 0xE00ABE00
  Item #1, AP 0, Addr 0x20000004, Value 0x062D780D
  Item #2, AP 0, Addr 0x20000008, Value 0x24084068
  Item #3, AP 0, Addr 0x2000000C, Value 0xD3000040
  Item #4, AP 0, Addr 0x20000010, Value 0x1E644058
  Item #5, AP 0, Addr 0x20000014, Value 0x1C49D1FA
  Item #6, AP 0, Addr 0x20000018, Value 0x2A001E52
  Item #7, AP 0, Addr 0x2000001C, Value 0x4770D1F2
  Item #8, AP 0, Addr 0x20000020, Value 0x7803E005
  Item #9, AP 0, Addr 0x20000024, Value 0x42931C40
  Item #10, AP 0, Addr 0x20000028, Value 0x2001D001
  Item #11, AP 0, Addr 0x2000002C, Value 0x1E494770
  Item #12, AP 0, Addr 0x20000030, Value 0x2000D2F7
  Item #13, AP 0, Addr 0x20000034, Value 0x00004770
  Item #14, AP 0, Addr 0x20000038, Value 0x49340A88
  Item #15, AP 0, Addr 0x2000003C, Value 0x0D004348
  Item #16, AP 0, Addr 0x20000040, Value 0x1E404933
  Item #17, AP 0, Addr 0x20000044, Value 0x49326008
  Item #18, AP 0, Addr 0x20000048, Value 0x39802001
  Item #19, AP 0, Addr 0x2000004C, Value 0x20006308
  Item #20, AP 0, Addr 0x20000050, Value 0x20004770
  Item #21, AP 0, Addr 0x20000054, Value 0x482F4770
  Item #22, AP 0, Addr 0x20000058, Value 0x61412101
  Item #23, AP 0, Addr 0x2000005C, Value 0x6081492E
  Item #24, AP 0, Addr 0x20000060, Value 0x07496881
  Item #25, AP 0, Addr 0x20000064, Value 0x68C0D4FC
  Item #26, AP 0, Addr 0x20000068, Value 0xD00007C0
  Item #27, AP 0, Addr 0x2000006C, Value 0x47702001
  Item #28, AP 0, Addr 0x20000070, Value 0xD10C0581
  Item #29, AP 0, Addr 0x20000074, Value 0x22014927
  Item #30, AP 0, Addr 0x20000078, Value 0x6008614A
  Item #31, AP 0, Addr 0x2000007C, Value 0x1E804826
  Item #32, AP 0, Addr 0x20000080, Value 0x68886088
  Item #33, AP 0, Addr 0x20000084, Value 0xD4FC0780
  Item #34, AP 0, Addr 0x20000088, Value 0x07C068C8
  Item #35, AP 0, Addr 0x2000008C, Value 0x2001D000
  Item #36, AP 0, Addr 0x20000090, Value 0xB5F04770
  Item #37, AP 0, Addr 0x20000094, Value 0xD1370783
  Item #38, AP 0, Addr 0x20000098, Value 0x08891CC9
  Item #39, AP 0, Addr 0x2000009C, Value 0x4D1D0089
  Item #40, AP 0, Addr 0x200000A0, Value 0x616B2301
  Item #41, AP 0, Addr 0x200000A4, Value 0x33404B1A
  Item #42, AP 0, Addr 0x200000A8, Value 0x4C1C6A1B
  Item #43, AP 0, Addr 0x200000AC, Value 0xD02607DB
  Item #44, AP 0, Addr 0x200000B0, Value 0x237C4E1B
  Item #45, AP 0, Addr 0x200000B4, Value 0xD0242900
  Item #46, AP 0, Addr 0x200000B8, Value 0x01E409C4
  Item #47, AP 0, Addr 0x200000BC, Value 0xE006602C
  Item #48, AP 0, Addr 0x200000C0, Value 0xCA104607
  Item #49, AP 0, Addr 0x200000C4, Value 0x19BF401F
  Item #50, AP 0, Addr 0x200000C8, Value 0x1D00603C
  Item #51, AP 0, Addr 0x200000CC, Value 0x06441F09
  Item #52, AP 0, Addr 0x200000D0, Value 0xD1020EE4
  Item #53, AP 0, Addr 0x200000D4, Value 0x2C006B2C
  Item #54, AP 0, Addr 0x200000D8, Value 0x2900D101
  Item #55, AP 0, Addr 0x200000DC, Value 0x4C0FD1F0
  Item #56, AP 0, Addr 0x200000E0, Value 0x6A2C622C
  Item #57, AP 0, Addr 0x200000E4, Value 0xD1FC07E4
  Item #58, AP 0, Addr 0x200000E8, Value 0x6028E7E4
  Item #59, AP 0, Addr 0x200000EC, Value 0x606B6813
  Item #60, AP 0, Addr 0x200000F0, Value 0x68AB60AC
  Item #61, AP 0, Addr 0x200000F4, Value 0xD1FC07DB
  Item #62, AP 0, Addr 0x200000F8, Value 0x1D121D00
  Item #63, AP 0, Addr 0x200000FC, Value 0x29001F09
  Item #64, AP 0, Addr 0x20000100, Value 0x68E8D1F3
  Item #65, AP 0, Addr 0x20000104, Value 0xD00007C0
  Item #66, AP 0, Addr 0x20000108, Value 0xBDF02001
  Item #67, AP 0, Addr 0x2000010C, Value 0x00000432
  Item #68, AP 0, Addr 0x20000110, Value 0x400FE140
  Item #69, AP 0, Addr 0x20000114, Value 0x400FD000
  Item #70, AP 0, Addr 0x20000118, Value 0xA4420004
  Item #71, AP 0, Addr 0x2000011C, Value 0xA4420001
  Item #72, AP 0, Addr 0x20000120, Value 0x400FD100
  Item #73, AP 0, Addr 0x20000124, Value 0x00000000
20:19:39:965 (18/03/2026) - READ  MEM BLOCK Access, AP 0x00000000, Start Addr 0x20000000, End Addr 0x20000127, "DAP Read Memory Block - Success" - ID 103
  Item #0, AP 0, Addr 0x20000000, Value 0xE00ABE00
  Item #1, AP 0, Addr 0x20000004, Value 0x062D780D
  Item #2, AP 0, Addr 0x20000008, Value 0x24084068
  Item #3, AP 0, Addr 0x2000000C, Value 0xD3000040
  Item #4, AP 0, Addr 0x20000010, Value 0x1E644058
  Item #5, AP 0, Addr 0x20000014, Value 0x1C49D1FA
  Item #6, AP 0, Addr 0x20000018, Value 0x2A001E52
  Item #7, AP 0, Addr 0x2000001C, Value 0x4770D1F2
  Item #8, AP 0, Addr 0x20000020, Value 0x7803E005
  Item #9, AP 0, Addr 0x20000024, Value 0x42931C40
  Item #10, AP 0, Addr 0x20000028, Value 0x2001D001
  Item #11, AP 0, Addr 0x2000002C, Value 0x1E494770
  Item #12, AP 0, Addr 0x20000030, Value 0x2000D2F7
  Item #13, AP 0, Addr 0x20000034, Value 0x00004770
  Item #14, AP 0, Addr 0x20000038, Value 0x49340A88
  Item #15, AP 0, Addr 0x2000003C, Value 0x0D004348
  Item #16, AP 0, Addr 0x20000040, Value 0x1E404933
  Item #17, AP 0, Addr 0x20000044, Value 0x49326008
  Item #18, AP 0, Addr 0x20000048, Value 0x39802001
  Item #19, AP 0, Addr 0x2000004C, Value 0x20006308
  Item #20, AP 0, Addr 0x20000050, Value 0x20004770
  Item #21, AP 0, Addr 0x20000054, Value 0x482F4770
  Item #22, AP 0, Addr 0x20000058, Value 0x61412101
  Item #23, AP 0, Addr 0x2000005C, Value 0x6081492E
  Item #24, AP 0, Addr 0x20000060, Value 0x07496881
  Item #25, AP 0, Addr 0x20000064, Value 0x68C0D4FC
  Item #26, AP 0, Addr 0x20000068, Value 0xD00007C0
  Item #27, AP 0, Addr 0x2000006C, Value 0x47702001
  Item #28, AP 0, Addr 0x20000070, Value 0xD10C0581
  Item #29, AP 0, Addr 0x20000074, Value 0x22014927
  Item #30, AP 0, Addr 0x20000078, Value 0x6008614A
  Item #31, AP 0, Addr 0x2000007C, Value 0x1E804826
  Item #32, AP 0, Addr 0x20000080, Value 0x68886088
  Item #33, AP 0, Addr 0x20000084, Value 0xD4FC0780
  Item #34, AP 0, Addr 0x20000088, Value 0x07C068C8
  Item #35, AP 0, Addr 0x2000008C, Value 0x2001D000
  Item #36, AP 0, Addr 0x20000090, Value 0xB5F04770
  Item #37, AP 0, Addr 0x20000094, Value 0xD1370783
  Item #38, AP 0, Addr 0x20000098, Value 0x08891CC9
  Item #39, AP 0, Addr 0x2000009C, Value 0x4D1D0089
  Item #40, AP 0, Addr 0x200000A0, Value 0x616B2301
  Item #41, AP 0, Addr 0x200000A4, Value 0x33404B1A
  Item #42, AP 0, Addr 0x200000A8, Value 0x4C1C6A1B
  Item #43, AP 0, Addr 0x200000AC, Value 0xD02607DB
  Item #44, AP 0, Addr 0x200000B0, Value 0x237C4E1B
  Item #45, AP 0, Addr 0x200000B4, Value 0xD0242900
  Item #46, AP 0, Addr 0x200000B8, Value 0x01E409C4
  Item #47, AP 0, Addr 0x200000BC, Value 0xE006602C
  Item #48, AP 0, Addr 0x200000C0, Value 0xCA104607
  Item #49, AP 0, Addr 0x200000C4, Value 0x19BF401F
  Item #50, AP 0, Addr 0x200000C8, Value 0x1D00603C
  Item #51, AP 0, Addr 0x200000CC, Value 0x06441F09
  Item #52, AP 0, Addr 0x200000D0, Value 0xD1020EE4
  Item #53, AP 0, Addr 0x200000D4, Value 0x2C006B2C
  Item #54, AP 0, Addr 0x200000D8, Value 0x2900D101
  Item #55, AP 0, Addr 0x200000DC, Value 0x4C0FD1F0
  Item #56, AP 0, Addr 0x200000E0, Value 0x6A2C622C
  Item #57, AP 0, Addr 0x200000E4, Value 0xD1FC07E4
  Item #58, AP 0, Addr 0x200000E8, Value 0x6028E7E4
  Item #59, AP 0, Addr 0x200000EC, Value 0x606B6813
  Item #60, AP 0, Addr 0x200000F0, Value 0x68AB60AC
  Item #61, AP 0, Addr 0x200000F4, Value 0xD1FC07DB
  Item #62, AP 0, Addr 0x200000F8, Value 0x1D121D00
  Item #63, AP 0, Addr 0x200000FC, Value 0x29001F09
  Item #64, AP 0, Addr 0x20000100, Value 0x68E8D1F3
  Item #65, AP 0, Addr 0x20000104, Value 0xD00007C0
  Item #66, AP 0, Addr 0x20000108, Value 0xBDF02001
  Item #67, AP 0, Addr 0x2000010C, Value 0x00000432
  Item #68, AP 0, Addr 0x20000110, Value 0x400FE140
  Item #69, AP 0, Addr 0x20000114, Value 0x400FD000
  Item #70, AP 0, Addr 0x20000118, Value 0xA4420004
  Item #71, AP 0, Addr 0x2000011C, Value 0xA4420001
  Item #72, AP 0, Addr 0x20000120, Value 0x400FD100
  Item #73, AP 0, Addr 0x20000124, Value 0x00000000
20:19:39:984 (18/03/2026) - READ  MEM Access, AP 0x00000000, Addr 0xE000EDF0, Val 0x01030003, "DAP Read Memory (32 bit) - Success" - ID 104
20:19:40:006 (18/03/2026) - WRITE MEM BLOCK Access, AP 0x00000000, Start Addr 0x20000128, End Addr 0x20000527, "DAP Write Memory Block - Success" - ID 105
  Item #0, AP 0, Addr 0x20000128, Value 0x200022B0
  Item #1, AP 0, Addr 0x2000012C, Value 0x00000281
  Item #2, AP 0, Addr 0x20000130, Value 0x00000289
  Item #3, AP 0, Addr 0x20000134, Value 0x0000028B
  Item #4, AP 0, Addr 0x20000138, Value 0x0000028D
  Item #5, AP 0, Addr 0x2000013C, Value 0x0000028F
  Item #6, AP 0, Addr 0x20000140, Value 0x00000291
  Item #7, AP 0, Addr 0x20000144, Value 0x00000000
  Item #8, AP 0, Addr 0x20000148, Value 0x00000000
  Item #9, AP 0, Addr 0x2000014C, Value 0x00000000
  Item #10, AP 0, Addr 0x20000150, Value 0x00000000
  Item #11, AP 0, Addr 0x20000154, Value 0x00000293
  Item #12, AP 0, Addr 0x20000158, Value 0x00000295
  Item #13, AP 0, Addr 0x2000015C, Value 0x00000000
  Item #14, AP 0, Addr 0x20000160, Value 0x00000297
  Item #15, AP 0, Addr 0x20000164, Value 0x0000321D
  Item #16, AP 0, Addr 0x20000168, Value 0x0000029B
  Item #17, AP 0, Addr 0x2000016C, Value 0x0000029D
  Item #18, AP 0, Addr 0x20000170, Value 0x0000029F
  Item #19, AP 0, Addr 0x20000174, Value 0x000002A1
  Item #20, AP 0, Addr 0x20000178, Value 0x000002A3
  Item #21, AP 0, Addr 0x2000017C, Value 0x000002A5
  Item #22, AP 0, Addr 0x20000180, Value 0x000002A7
  Item #23, AP 0, Addr 0x20000184, Value 0x000002A9
  Item #24, AP 0, Addr 0x20000188, Value 0x000002AB
  Item #25, AP 0, Addr 0x2000018C, Value 0x000002AD
  Item #26, AP 0, Addr 0x20000190, Value 0x000002AF
  Item #27, AP 0, Addr 0x20000194, Value 0x000002B1
  Item #28, AP 0, Addr 0x20000198, Value 0x000002B3
  Item #29, AP 0, Addr 0x2000019C, Value 0x000002B5
  Item #30, AP 0, Addr 0x200001A0, Value 0x000002B7
  Item #31, AP 0, Addr 0x200001A4, Value 0x000002B9
  Item #32, AP 0, Addr 0x200001A8, Value 0x000002BB
  Item #33, AP 0, Addr 0x200001AC, Value 0x000002BD
  Item #34, AP 0, Addr 0x200001B0, Value 0x000002BF
  Item #35, AP 0, Addr 0x200001B4, Value 0x000002C1
  Item #36, AP 0, Addr 0x200001B8, Value 0x000002C3
  Item #37, AP 0, Addr 0x200001BC, Value 0x000002C5
  Item #38, AP 0, Addr 0x200001C0, Value 0x000002C7
  Item #39, AP 0, Addr 0x200001C4, Value 0x000002C9
  Item #40, AP 0, Addr 0x200001C8, Value 0x000002CB
  Item #41, AP 0, Addr 0x200001CC, Value 0x000002CD
  Item #42, AP 0, Addr 0x200001D0, Value 0x000002CF
  Item #43, AP 0, Addr 0x200001D4, Value 0x000002D1
  Item #44, AP 0, Addr 0x200001D8, Value 0x000002D3
  Item #45, AP 0, Addr 0x200001DC, Value 0x000002D5
  Item #46, AP 0, Addr 0x200001E0, Value 0x000002D7
  Item #47, AP 0, Addr 0x200001E4, Value 0x000002D9
  Item #48, AP 0, Addr 0x200001E8, Value 0x000002DB
  Item #49, AP 0, Addr 0x200001EC, Value 0x000002DD
  Item #50, AP 0, Addr 0x200001F0, Value 0x000002DF
  Item #51, AP 0, Addr 0x200001F4, Value 0x000002E1
  Item #52, AP 0, Addr 0x200001F8, Value 0x000002E3
  Item #53, AP 0, Addr 0x200001FC, Value 0x000002E5
  Item #54, AP 0, Addr 0x20000200, Value 0x000002E7
  Item #55, AP 0, Addr 0x20000204, Value 0x000002E9
  Item #56, AP 0, Addr 0x20000208, Value 0x000002EB
  Item #57, AP 0, Addr 0x2000020C, Value 0x000002ED
  Item #58, AP 0, Addr 0x20000210, Value 0x00000000
  Item #59, AP 0, Addr 0x20000214, Value 0x000002EF
  Item #60, AP 0, Addr 0x20000218, Value 0x000002F1
  Item #61, AP 0, Addr 0x2000021C, Value 0x000002F3
  Item #62, AP 0, Addr 0x20000220, Value 0x000002F5
  Item #63, AP 0, Addr 0x20000224, Value 0x000002F7
  Item #64, AP 0, Addr 0x20000228, Value 0x000002F9
  Item #65, AP 0, Addr 0x2000022C, Value 0x000002FB
  Item #66, AP 0, Addr 0x20000230, Value 0x000002FD
  Item #67, AP 0, Addr 0x20000234, Value 0x000002FF
  Item #68, AP 0, Addr 0x20000238, Value 0x00000000
  Item #69, AP 0, Addr 0x2000023C, Value 0x00000000
  Item #70, AP 0, Addr 0x20000240, Value 0x00000301
  Item #71, AP 0, Addr 0x20000244, Value 0x00000303
  Item #72, AP 0, Addr 0x20000248, Value 0x00000305
  Item #73, AP 0, Addr 0x2000024C, Value 0x00000307
  Item #74, AP 0, Addr 0x20000250, Value 0x00000309
  Item #75, AP 0, Addr 0x20000254, Value 0x0000030B
  Item #76, AP 0, Addr 0x20000258, Value 0x0000030D
  Item #77, AP 0, Addr 0x2000025C, Value 0x0000030F
  Item #78, AP 0, Addr 0x20000260, Value 0x00000311
  Item #79, AP 0, Addr 0x20000264, Value 0x00000313
  Item #80, AP 0, Addr 0x20000268, Value 0x00000000
  Item #81, AP 0, Addr 0x2000026C, Value 0x00000000
  Item #82, AP 0, Addr 0x20000270, Value 0x00000000
  Item #83, AP 0, Addr 0x20000274, Value 0x00000000
  Item #84, AP 0, Addr 0x20000278, Value 0x00000315
  Item #85, AP 0, Addr 0x2000027C, Value 0x00000317
  Item #86, AP 0, Addr 0x20000280, Value 0x00000319
  Item #87, AP 0, Addr 0x20000284, Value 0x0000031B
  Item #88, AP 0, Addr 0x20000288, Value 0x00000000
  Item #89, AP 0, Addr 0x2000028C, Value 0x00000000
  Item #90, AP 0, Addr 0x20000290, Value 0x00000000
  Item #91, AP 0, Addr 0x20000294, Value 0x00000000
  Item #92, AP 0, Addr 0x20000298, Value 0x00000000
  Item #93, AP 0, Addr 0x2000029C, Value 0x00000000
  Item #94, AP 0, Addr 0x200002A0, Value 0x00000000
  Item #95, AP 0, Addr 0x200002A4, Value 0x00000000
  Item #96, AP 0, Addr 0x200002A8, Value 0x00000000
  Item #97, AP 0, Addr 0x200002AC, Value 0x00000000
  Item #98, AP 0, Addr 0x200002B0, Value 0x00000000
  Item #99, AP 0, Addr 0x200002B4, Value 0x00000000
  Item #100, AP 0, Addr 0x200002B8, Value 0x00000000
  Item #101, AP 0, Addr 0x200002BC, Value 0x00000000
  Item #102, AP 0, Addr 0x200002C0, Value 0x00000000
  Item #103, AP 0, Addr 0x200002C4, Value 0x00000000
  Item #104, AP 0, Addr 0x200002C8, Value 0x00000000
  Item #105, AP 0, Addr 0x200002CC, Value 0x00000000
  Item #106, AP 0, Addr 0x200002D0, Value 0x00000000
  Item #107, AP 0, Addr 0x200002D4, Value 0x00000000
  Item #108, AP 0, Addr 0x200002D8, Value 0x0000031D
  Item #109, AP 0, Addr 0x200002DC, Value 0x0000031F
  Item #110, AP 0, Addr 0x200002E0, Value 0x00000321
  Item #111, AP 0, Addr 0x200002E4, Value 0x00000323
  Item #112, AP 0, Addr 0x200002E8, Value 0x00000325
  Item #113, AP 0, Addr 0x200002EC, Value 0x00000327
  Item #114, AP 0, Addr 0x200002F0, Value 0x00000329
  Item #115, AP 0, Addr 0x200002F4, Value 0x0000032B
  Item #116, AP 0, Addr 0x200002F8, Value 0x0000032D
  Item #117, AP 0, Addr 0x200002FC, Value 0x0000032F
  Item #118, AP 0, Addr 0x20000300, Value 0x00000331
  Item #119, AP 0, Addr 0x20000304, Value 0x00000333
  Item #120, AP 0, Addr 0x20000308, Value 0x00000335
  Item #121, AP 0, Addr 0x2000030C, Value 0x00000337
  Item #122, AP 0, Addr 0x20000310, Value 0x00000339
  Item #123, AP 0, Addr 0x20000314, Value 0x00000000
  Item #124, AP 0, Addr 0x20000318, Value 0x00000000
  Item #125, AP 0, Addr 0x2000031C, Value 0x0000033B
  Item #126, AP 0, Addr 0x20000320, Value 0x0000033D
  Item #127, AP 0, Addr 0x20000324, Value 0x0000033F
  Item #128, AP 0, Addr 0x20000328, Value 0x00000341
  Item #129, AP 0, Addr 0x2000032C, Value 0x00000343
  Item #130, AP 0, Addr 0x20000330, Value 0x00000000
  Item #131, AP 0, Addr 0x20000334, Value 0x00000000
  Item #132, AP 0, Addr 0x20000338, Value 0x00000345
  Item #133, AP 0, Addr 0x2000033C, Value 0x00000347
  Item #134, AP 0, Addr 0x20000340, Value 0x00000349
  Item #135, AP 0, Addr 0x20000344, Value 0x0000034B
  Item #136, AP 0, Addr 0x20000348, Value 0x0000034D
  Item #137, AP 0, Addr 0x2000034C, Value 0x0000034F
  Item #138, AP 0, Addr 0x20000350, Value 0x00000351
  Item #139, AP 0, Addr 0x20000354, Value 0x00000353
  Item #140, AP 0, Addr 0x20000358, Value 0x00000355
  Item #141, AP 0, Addr 0x2000035C, Value 0x00000357
  Item #142, AP 0, Addr 0x20000360, Value 0x00000359
  Item #143, AP 0, Addr 0x20000364, Value 0x0000035B
  Item #144, AP 0, Addr 0x20000368, Value 0x0000035D
  Item #145, AP 0, Addr 0x2000036C, Value 0x0000035F
  Item #146, AP 0, Addr 0x20000370, Value 0x00000361
  Item #147, AP 0, Addr 0x20000374, Value 0x00000363
  Item #148, AP 0, Addr 0x20000378, Value 0x00000365
  Item #149, AP 0, Addr 0x2000037C, Value 0x00000367
  Item #150, AP 0, Addr 0x20000380, Value 0x00000369
  Item #151, AP 0, Addr 0x20000384, Value 0x0000036B
  Item #152, AP 0, Addr 0x20000388, Value 0x0000036D
  Item #153, AP 0, Addr 0x2000038C, Value 0x0000036F
  Item #154, AP 0, Addr 0x20000390, Value 0x00000371
  Item #155, AP 0, Addr 0x20000394, Value 0xD00CF8DF
  Item #156, AP 0, Addr 0x20000398, Value 0xFBEEF000
  Item #157, AP 0, Addr 0x2000039C, Value 0x47004800
  Item #158, AP 0, Addr 0x200003A0, Value 0x00004CD9
  Item #159, AP 0, Addr 0x200003A4, Value 0x200022B0
  Item #160, AP 0, Addr 0x200003A8, Value 0x4780483C
  Item #161, AP 0, Addr 0x200003AC, Value 0x4700483C
  Item #162, AP 0, Addr 0x200003B0, Value 0xE7FEE7FE
  Item #163, AP 0, Addr 0x200003B4, Value 0xE7FEE7FE
  Item #164, AP 0, Addr 0x200003B8, Value 0xE7FEE7FE
  Item #165, AP 0, Addr 0x200003BC, Value 0xE7FEE7FE
  Item #166, AP 0, Addr 0x200003C0, Value 0xE7FEE7FE
  Item #167, AP 0, Addr 0x200003C4, Value 0xE7FEE7FE
  Item #168, AP 0, Addr 0x200003C8, Value 0xE7FEE7FE
  Item #169, AP 0, Addr 0x200003CC, Value 0xE7FEE7FE
  Item #170, AP 0, Addr 0x200003D0, Value 0xE7FEE7FE
  Item #171, AP 0, Addr 0x200003D4, Value 0xE7FEE7FE
  Item #172, AP 0, Addr 0x200003D8, Value 0xE7FEE7FE
  Item #173, AP 0, Addr 0x200003DC, Value 0xE7FEE7FE
  Item #174, AP 0, Addr 0x200003E0, Value 0xE7FEE7FE
  Item #175, AP 0, Addr 0x200003E4, Value 0xE7FEE7FE
  Item #176, AP 0, Addr 0x200003E8, Value 0xE7FEE7FE
  Item #177, AP 0, Addr 0x200003EC, Value 0xE7FEE7FE
  Item #178, AP 0, Addr 0x200003F0, Value 0xE7FEE7FE
  Item #179, AP 0, Addr 0x200003F4, Value 0xE7FEE7FE
  Item #180, AP 0, Addr 0x200003F8, Value 0xE7FEE7FE
  Item #181, AP 0, Addr 0x200003FC, Value 0xE7FEE7FE
  Item #182, AP 0, Addr 0x20000400, Value 0xE7FEE7FE
  Item #183, AP 0, Addr 0x20000404, Value 0xE7FEE7FE
  Item #184, AP 0, Addr 0x20000408, Value 0xE7FEE7FE
  Item #185, AP 0, Addr 0x2000040C, Value 0xE7FEE7FE
  Item #186, AP 0, Addr 0x20000410, Value 0xE7FEE7FE
  Item #187, AP 0, Addr 0x20000414, Value 0xE7FEE7FE
  Item #188, AP 0, Addr 0x20000418, Value 0xE7FEE7FE
  Item #189, AP 0, Addr 0x2000041C, Value 0xE7FEE7FE
  Item #190, AP 0, Addr 0x20000420, Value 0xE7FEE7FE
  Item #191, AP 0, Addr 0x20000424, Value 0xE7FEE7FE
  Item #192, AP 0, Addr 0x20000428, Value 0xE7FEE7FE
  Item #193, AP 0, Addr 0x2000042C, Value 0xE7FEE7FE
  Item #194, AP 0, Addr 0x20000430, Value 0xE7FEE7FE
  Item #195, AP 0, Addr 0x20000434, Value 0xE7FEE7FE
  Item #196, AP 0, Addr 0x20000438, Value 0xE7FEE7FE
  Item #197, AP 0, Addr 0x2000043C, Value 0xE7FEE7FE
  Item #198, AP 0, Addr 0x20000440, Value 0xE7FEE7FE
  Item #199, AP 0, Addr 0x20000444, Value 0xE7FEE7FE
  Item #200, AP 0, Addr 0x20000448, Value 0xE7FEE7FE
  Item #201, AP 0, Addr 0x2000044C, Value 0xE7FEE7FE
  Item #202, AP 0, Addr 0x20000450, Value 0xE7FEE7FE
  Item #203, AP 0, Addr 0x20000454, Value 0xE7FEE7FE
  Item #204, AP 0, Addr 0x20000458, Value 0xE7FEE7FE
  Item #205, AP 0, Addr 0x2000045C, Value 0xE7FEE7FE
  Item #206, AP 0, Addr 0x20000460, Value 0xE7FEE7FE
  Item #207, AP 0, Addr 0x20000464, Value 0xE7FEE7FE
  Item #208, AP 0, Addr 0x20000468, Value 0xE7FEE7FE
  Item #209, AP 0, Addr 0x2000046C, Value 0xE7FEE7FE
  Item #210, AP 0, Addr 0x20000470, Value 0xE7FEE7FE
  Item #211, AP 0, Addr 0x20000474, Value 0xE7FEE7FE
  Item #212, AP 0, Addr 0x20000478, Value 0xE7FEE7FE
  Item #213, AP 0, Addr 0x2000047C, Value 0xE7FEE7FE
  Item #214, AP 0, Addr 0x20000480, Value 0xE7FEE7FE
  Item #215, AP 0, Addr 0x20000484, Value 0xE7FEE7FE
  Item #216, AP 0, Addr 0x20000488, Value 0xE7FEE7FE
  Item #217, AP 0, Addr 0x2000048C, Value 0xE7FEE7FE
  Item #218, AP 0, Addr 0x20000490, Value 0xE7FEE7FE
  Item #219, AP 0, Addr 0x20000494, Value 0xE7FEE7FE
  Item #220, AP 0, Addr 0x20000498, Value 0x0000E7FE
  Item #221, AP 0, Addr 0x2000049C, Value 0x0000326D
  Item #222, AP 0, Addr 0x200004A0, Value 0x0000026D
  Item #223, AP 0, Addr 0x200004A4, Value 0x4FFEE92D
  Item #224, AP 0, Addr 0x200004A8, Value 0xEA814680
  Item #225, AP 0, Addr 0x200004AC, Value 0x0FC00003
  Item #226, AP 0, Addr 0x200004B0, Value 0x9000460C
  Item #227, AP 0, Addr 0x200004B4, Value 0x4100F021
  Item #228, AP 0, Addr 0x200004B8, Value 0x4500F023
  Item #229, AP 0, Addr 0x200004BC, Value 0x0002EBB8
  Item #230, AP 0, Addr 0x200004C0, Value 0xD20541A9
  Item #231, AP 0, Addr 0x200004C4, Value 0x46214640
  Item #232, AP 0, Addr 0x200004C8, Value 0x461C4690
  Item #233, AP 0, Addr 0x200004CC, Value 0x4602460B
  Item #234, AP 0, Addr 0x200004D0, Value 0x4000F023
  Item #235, AP 0, Addr 0x200004D4, Value 0xD0474310
  Item #236, AP 0, Addr 0x200004D8, Value 0xF3C70D27
  Item #237, AP 0, Addr 0x200004DC, Value 0xF3C3000A
  Item #238, AP 0, Addr 0x200004E0, Value 0x9002510A
  Item #239, AP 0, Addr 0x200004E4, Value 0x90011A40
  Item #240, AP 0, Addr 0x200004E8, Value 0xDA6B2840
  Item #241, AP 0, Addr 0x200004EC, Value 0x0013F3C3
  Item #242, AP 0, Addr 0x200004F0, Value 0x1B80F440
  Item #243, AP 0, Addr 0x200004F4, Value 0x46929800
  Item #244, AP 0, Addr 0x200004F8, Value 0x2300B120
  Item #245, AP 0, Addr 0x200004FC, Value 0x0A03EBD2
  Item #246, AP 0, Addr 0x20000500, Value 0x0B0BEB63
  Item #247, AP 0, Addr 0x20000504, Value 0x46599801
  Item #248, AP 0, Addr 0x20000508, Value 0x0240F1C0
  Item #249, AP 0, Addr 0x2000050C, Value 0xF0004650
  Item #250, AP 0, Addr 0x20000510, Value 0x4606FA3E
  Item #251, AP 0, Addr 0x20000514, Value 0x4650460D
  Item #252, AP 0, Addr 0x20000518, Value 0x9A014659
  Item #253, AP 0, Addr 0x2000051C, Value 0xFA56F000
  Item #254, AP 0, Addr 0x20000520, Value 0x0008EB10
  Item #255, AP 0, Addr 0x20000524, Value 0x24004161
20:19:40:016 (18/03/2026) - READ  MEM Access, AP 0x00000000, Addr 0xE000EDF0, Val 0x01010001, "DAP Read Memory (32 bit) - Success" - ID 106
20:19:40:016 (18/03/2026) - READ  MEM Access, AP 0x00000000, Addr 0xE000EDF0, Val 0x01010001, "DAP Read Memory (32 bit) - Success" - ID 107
20:19:40:017 (18/03/2026) - READ  MEM Access, AP 0x00000000, Addr 0xE000EDF0, Val 0x01010001, "DAP Read Memory (32 bit) - Success" - ID 108
20:19:40:019 (18/03/2026) - READ  MEM Access, AP 0x00000000, Addr 0xE000EDF0, Val 0x01010001, "DAP Read Memory (32 bit) - Success" - ID 109
20:19:40:020 (18/03/2026) - READ  MEM Access, AP 0x00000000, Addr 0xE000EDF0, Val 0x01010001, "DAP Read Memory (32 bit) - Success" - ID 110
20:19:40:020 (18/03/2026) - READ  MEM Access, AP 0x00000000, Addr 0xE000EDF0, Val 0x01010001, "DAP Read Memory (32 bit) - Success" - ID 111
20:19:40:021 (18/03/2026) - READ  MEM Access, AP 0x00000000, Addr 0xE000EDF0, Val 0x01030003, "DAP Read Memory (32 bit) - Success" - ID 112
20:19:40:039 (18/03/2026) - WRITE MEM BLOCK Access, AP 0x00000000, Start Addr 0x20000128, End Addr 0x20000527, "DAP Write Memory Block - Success" - ID 113
  Item #0, AP 0, Addr 0x20000128, Value 0x5211EA87
  Item #1, AP 0, Addr 0x2000012C, Value 0x73E7EA84
  Item #2, AP 0, Addr 0x20000130, Value 0xD040431A
  Item #3, AP 0, Addr 0x20000134, Value 0xB3629A00
  Item #4, AP 0, Addr 0x20000138, Value 0x2A019A01
  Item #5, AP 0, Addr 0x2000013C, Value 0x5207EA4F
  Item #6, AP 0, Addr 0x20000140, Value 0x1B00DC15
  Item #7, AP 0, Addr 0x20000144, Value 0x0102EB61
  Item #8, AP 0, Addr 0x20000148, Value 0x4200F04F
  Item #9, AP 0, Addr 0x2000014C, Value 0x5207EA02
  Item #10, AP 0, Addr 0x20000150, Value 0x4200E9CD
  Item #11, AP 0, Addr 0x20000154, Value 0xF5411C00
  Item #12, AP 0, Addr 0x20000158, Value 0x46321180
  Item #13, AP 0, Addr 0x2000015C, Value 0xF000462B
  Item #14, AP 0, Addr 0x20000160, Value 0xB003FA8D
  Item #15, AP 0, Addr 0x20000164, Value 0x8FF0E8BD
  Item #16, AP 0, Addr 0x20000168, Value 0x46214640
  Item #17, AP 0, Addr 0x2000016C, Value 0x1B00E7F9
  Item #18, AP 0, Addr 0x20000170, Value 0x0102EB61
  Item #19, AP 0, Addr 0x20000174, Value 0xF5411C00
  Item #20, AP 0, Addr 0x20000178, Value 0x18001380
  Item #21, AP 0, Addr 0x2000017C, Value 0x1820415B
  Item #22, AP 0, Addr 0x20000180, Value 0x1700F5A2
  Item #23, AP 0, Addr 0x20000184, Value 0x0103EB47
  Item #24, AP 0, Addr 0x20000188, Value 0x70D5EA40
  Item #25, AP 0, Addr 0x2000018C, Value 0x416D19B6
  Item #26, AP 0, Addr 0x20000190, Value 0x086DE011
  Item #27, AP 0, Addr 0x20000194, Value 0x0636EA4F
  Item #28, AP 0, Addr 0x20000198, Value 0x75C0EA45
  Item #29, AP 0, Addr 0x2000019C, Value 0x5207EA4F
  Item #30, AP 0, Addr 0x200001A0, Value 0xEB611B00
  Item #31, AP 0, Addr 0x200001A4, Value 0x1C000102
  Item #32, AP 0, Addr 0x200001A8, Value 0x1180F541
  Item #33, AP 0, Addr 0x200001AC, Value 0xEA4F0849
  Item #34, AP 0, Addr 0x200001B0, Value 0x19000030
  Item #35, AP 0, Addr 0x200001B4, Value 0x46324151
  Item #36, AP 0, Addr 0x200001B8, Value 0xB003462B
  Item #37, AP 0, Addr 0x200001BC, Value 0x4FF0E8BD
  Item #38, AP 0, Addr 0x200001C0, Value 0xBA4DF000
  Item #39, AP 0, Addr 0x200001C4, Value 0x22019800
  Item #40, AP 0, Addr 0x200001C8, Value 0x23000040
  Item #41, AP 0, Addr 0x200001CC, Value 0x0202EBD0
  Item #42, AP 0, Addr 0x200001D0, Value 0x73E0EB63
  Item #43, AP 0, Addr 0x200001D4, Value 0x46219800
  Item #44, AP 0, Addr 0x200001D8, Value 0x74E0EA4F
  Item #45, AP 0, Addr 0x200001DC, Value 0x0000EBB8
  Item #46, AP 0, Addr 0x200001E0, Value 0x0104EB61
  Item #47, AP 0, Addr 0x200001E4, Value 0xF083E7E9
  Item #48, AP 0, Addr 0x200001E8, Value 0xE75B4300
  Item #49, AP 0, Addr 0x200001EC, Value 0x4100F081
  Item #50, AP 0, Addr 0x200001F0, Value 0xE92DE758
  Item #51, AP 0, Addr 0x200001F4, Value 0xEA814FFE
  Item #52, AP 0, Addr 0x200001F8, Value 0xF0040403
  Item #53, AP 0, Addr 0x200001FC, Value 0xF0214400
  Item #54, AP 0, Addr 0x20000200, Value 0x94004100
  Item #55, AP 0, Addr 0x20000204, Value 0x0B00F04F
  Item #56, AP 0, Addr 0x20000208, Value 0x4300F023
  Item #57, AP 0, Addr 0x2000020C, Value 0x0401EA50
  Item #58, AP 0, Addr 0x20000210, Value 0xEA52D05E
  Item #59, AP 0, Addr 0x20000214, Value 0xD05B0403
  Item #60, AP 0, Addr 0x20000218, Value 0x540AF3C3
  Item #61, AP 0, Addr 0x2000021C, Value 0x550AF3C1
  Item #62, AP 0, Addr 0x20000220, Value 0xF2A4442C
  Item #63, AP 0, Addr 0x20000224, Value 0x940134F3
  Item #64, AP 0, Addr 0x20000228, Value 0x5402FBA0
  Item #65, AP 0, Addr 0x2000022C, Value 0x0113F3C1
  Item #66, AP 0, Addr 0x20000230, Value 0x1180F441
  Item #67, AP 0, Addr 0x20000234, Value 0x0313F3C3
  Item #68, AP 0, Addr 0x20000238, Value 0x1380F443
  Item #69, AP 0, Addr 0x2000023C, Value 0x4402FB01
  Item #70, AP 0, Addr 0x20000240, Value 0x4E03FB00
  Item #71, AP 0, Addr 0x20000244, Value 0x0A970A84
  Item #72, AP 0, Addr 0x20000248, Value 0x5481EA44
  Item #73, AP 0, Addr 0x2000024C, Value 0x5783EA47
  Item #74, AP 0, Addr 0x20000250, Value 0x6807FBA4
  Item #75, AP 0, Addr 0x20000254, Value 0x0A8D9502
  Item #76, AP 0, Addr 0x20000258, Value 0x8507FB05
  Item #77, AP 0, Addr 0x2000025C, Value 0x2C93EA4F
  Item #78, AP 0, Addr 0x20000260, Value 0x540CFB04
  Item #79, AP 0, Addr 0x20000264, Value 0x9D020527
  Item #80, AP 0, Addr 0x20000268, Value 0x5806EA4F
  Item #81, AP 0, Addr 0x2000026C, Value 0x3716EA47
  Item #82, AP 0, Addr 0x20000270, Value 0x0508EBB5
  Item #83, AP 0, Addr 0x20000274, Value 0x0C07EB6E
  Item #84, AP 0, Addr 0x20000278, Value 0x0E920E87
  Item #85, AP 0, Addr 0x2000027C, Value 0x1781EA47
  Item #86, AP 0, Addr 0x20000280, Value 0x1283EA42
  Item #87, AP 0, Addr 0x20000284, Value 0x0102FBA7
  Item #88, AP 0, Addr 0x20000288, Value 0x010BEBB6
  Item #89, AP 0, Addr 0x2000028C, Value 0x0400EB64
  Item #90, AP 0, Addr 0x20000290, Value 0xEA430D2B
  Item #91, AP 0, Addr 0x20000294, Value 0x185E330C
  Item #92, AP 0, Addr 0x20000298, Value 0x501CEB44
  Item #93, AP 0, Addr 0x2000029C, Value 0x465146DA
  Item #94, AP 0, Addr 0x200002A0, Value 0x0102FBE7
  Item #95, AP 0, Addr 0x200002A4, Value 0x0413F3C5
  Item #96, AP 0, Addr 0x200002A8, Value 0x330BEA4F
  Item #97, AP 0, Addr 0x200002AC, Value 0x5314EA43
  Item #98, AP 0, Addr 0x200002B0, Value 0x3204EA4F
  Item #99, AP 0, Addr 0x200002B4, Value 0xEA439C01
  Item #100, AP 0, Addr 0x200002B8, Value 0xF1A40306
  Item #101, AP 0, Addr 0x200002BC, Value 0x9402040C
  Item #102, AP 0, Addr 0x200002C0, Value 0xE9CD9C00
  Item #103, AP 0, Addr 0x200002C4, Value 0xF000B400
  Item #104, AP 0, Addr 0x200002C8, Value 0xB003F9D9
  Item #105, AP 0, Addr 0x200002CC, Value 0x8FF0E8BD
  Item #106, AP 0, Addr 0x200002D0, Value 0x46012000
  Item #107, AP 0, Addr 0x200002D4, Value 0xE92DE7F9
  Item #108, AP 0, Addr 0x200002D8, Value 0xEA814DF0
  Item #109, AP 0, Addr 0x200002DC, Value 0xF0040403
  Item #110, AP 0, Addr 0x200002E0, Value 0xF0214B00
  Item #111, AP 0, Addr 0x200002E4, Value 0x46144500
  Item #112, AP 0, Addr 0x200002E8, Value 0x0A00F04F
  Item #113, AP 0, Addr 0x200002EC, Value 0x4100F023
  Item #114, AP 0, Addr 0x200002F0, Value 0x0205EA50
  Item #115, AP 0, Addr 0x200002F4, Value 0xEA54D020
  Item #116, AP 0, Addr 0x200002F8, Value 0xD01D0201
  Item #117, AP 0, Addr 0x200002FC, Value 0x570AF3C5
  Item #118, AP 0, Addr 0x20000300, Value 0xF3C54602
  Item #119, AP 0, Addr 0x20000304, Value 0xF3C10313
  Item #120, AP 0, Addr 0x20000308, Value 0xF3C10013
  Item #121, AP 0, Addr 0x2000030C, Value 0xF440560A
  Item #122, AP 0, Addr 0x20000310, Value 0xF4431580
  Item #123, AP 0, Addr 0x20000314, Value 0xEBA71380
  Item #124, AP 0, Addr 0x20000318, Value 0x1B100806
  Item #125, AP 0, Addr 0x2000031C, Value 0xF20846D6
  Item #126, AP 0, Addr 0x20000320, Value 0xEB7338FD
  Item #127, AP 0, Addr 0x20000324, Value 0xD3020005
  Item #128, AP 0, Addr 0x20000328, Value 0x0801F108
  Item #129, AP 0, Addr 0x2000032C, Value 0x1892E001
  Item #130, AP 0, Addr 0x20000330, Value 0xF1B8415B
  Item #131, AP 0, Addr 0x20000334, Value 0xDA030F00
  Item #132, AP 0, Addr 0x20000338, Value 0x46012000
  Item #133, AP 0, Addr 0x2000033C, Value 0x8DF0E8BD
  Item #134, AP 0, Addr 0x20000340, Value 0xF44F2000
  Item #135, AP 0, Addr 0x20000344, Value 0x46061180
  Item #136, AP 0, Addr 0x20000348, Value 0xE00E4684
  Item #137, AP 0, Addr 0x2000034C, Value 0xEB731B17
  Item #138, AP 0, Addr 0x20000350, Value 0xD3050705
  Item #139, AP 0, Addr 0x20000354, Value 0xEB631B12
  Item #140, AP 0, Addr 0x20000358, Value 0x43060305
  Item #141, AP 0, Addr 0x2000035C, Value 0x0C01EA4C
  Item #142, AP 0, Addr 0x20000360, Value 0xEA4F0849
  Item #143, AP 0, Addr 0x20000364, Value 0x18920030
  Item #144, AP 0, Addr 0x20000368, Value 0xEA50415B
  Item #145, AP 0, Addr 0x2000036C, Value 0xD1ED0701
  Item #146, AP 0, Addr 0x20000370, Value 0x0003EA52
  Item #147, AP 0, Addr 0x20000374, Value 0xEA82D012
  Item #148, AP 0, Addr 0x20000378, Value 0xEA830004
  Item #149, AP 0, Addr 0x2000037C, Value 0x43080105
  Item #150, AP 0, Addr 0x20000380, Value 0x1B10D005
  Item #151, AP 0, Addr 0x20000384, Value 0xD20641AB
  Item #152, AP 0, Addr 0x20000388, Value 0x23002201
  Item #153, AP 0, Addr 0x2000038C, Value 0x2200E006
  Item #154, AP 0, Addr 0x20000390, Value 0x4300F04F
  Item #155, AP 0, Addr 0x20000394, Value 0xF06FE002
  Item #156, AP 0, Addr 0x20000398, Value 0x10530201
  Item #157, AP 0, Addr 0x2000039C, Value 0x0006EB1A
  Item #158, AP 0, Addr 0x200003A0, Value 0x5108EB4C
  Item #159, AP 0, Addr 0x200003A4, Value 0x000AEB10
  Item #160, AP 0, Addr 0x200003A8, Value 0x010BEB41
  Item #161, AP 0, Addr 0x200003AC, Value 0x4DF0E8BD
  Item #162, AP 0, Addr 0x200003B0, Value 0xB955F000
  Item #163, AP 0, Addr 0x200003B4, Value 0x17CAB4F0
  Item #164, AP 0, Addr 0x200003B8, Value 0x40500FCB
  Item #165, AP 0, Addr 0x200003BC, Value 0x18C64051
  Item #166, AP 0, Addr 0x200003C0, Value 0x0500F141
  Item #167, AP 0, Addr 0x200003C4, Value 0x72C3EA4F
  Item #168, AP 0, Addr 0x200003C8, Value 0x00284631
  Item #169, AP 0, Addr 0x200003CC, Value 0x0396F04F
  Item #170, AP 0, Addr 0x200003D0, Value 0x23B6D003
  Item #171, AP 0, Addr 0x200003D4, Value 0xF000BCF0
  Item #172, AP 0, Addr 0x200003D8, Value 0x4630B914
  Item #173, AP 0, Addr 0x200003DC, Value 0xE7F92100
  Item #174, AP 0, Addr 0x200003E0, Value 0x0FC1B50E
  Item #175, AP 0, Addr 0x200003E4, Value 0x70E0EA80
  Item #176, AP 0, Addr 0x200003E8, Value 0x07CA4408
  Item #177, AP 0, Addr 0x200003EC, Value 0xF2402100
  Item #178, AP 0, Addr 0x200003F0, Value 0xE88D4333
  Item #179, AP 0, Addr 0x200003F4, Value 0x460A000E
  Item #180, AP 0, Addr 0x200003F8, Value 0xF000460B
  Item #181, AP 0, Addr 0x200003FC, Value 0xB003F93F
  Item #182, AP 0, Addr 0x20000400, Value 0xB570BD00
  Item #183, AP 0, Addr 0x20000404, Value 0x520AF3C1
  Item #184, AP 0, Addr 0x20000408, Value 0x4500F001
  Item #185, AP 0, Addr 0x2000040C, Value 0xF3C12400
  Item #186, AP 0, Addr 0x20000410, Value 0xF2400113
  Item #187, AP 0, Addr 0x20000414, Value 0xF44133FF
  Item #188, AP 0, Addr 0x20000418, Value 0x429A1180
  Item #189, AP 0, Addr 0x2000041C, Value 0x2000DA01
  Item #190, AP 0, Addr 0x20000420, Value 0xF240BD70
  Item #191, AP 0, Addr 0x20000424, Value 0x429A4333
  Item #192, AP 0, Addr 0x20000428, Value 0x4233F2A2
  Item #193, AP 0, Addr 0x2000042C, Value 0x4252DC03
  Item #194, AP 0, Addr 0x20000430, Value 0xF8BCF000
  Item #195, AP 0, Addr 0x20000434, Value 0x4090E000
  Item #196, AP 0, Addr 0x20000438, Value 0xD0F1432C
  Item #197, AP 0, Addr 0x2000043C, Value 0xBD704240
  Item #198, AP 0, Addr 0x20000440, Value 0x4200F000
  Item #199, AP 0, Addr 0x20000444, Value 0x4000F030
  Item #200, AP 0, Addr 0x20000448, Value 0x0DC1D00A
  Item #201, AP 0, Addr 0x2000044C, Value 0x7160F501
  Item #202, AP 0, Addr 0x20000450, Value 0x0016F3C0
  Item #203, AP 0, Addr 0x20000454, Value 0x5101EA42
  Item #204, AP 0, Addr 0x20000458, Value 0x074008C2
  Item #205, AP 0, Addr 0x2000045C, Value 0x47704311
  Item #206, AP 0, Addr 0x20000460, Value 0x46012000
  Item #207, AP 0, Addr 0x20000464, Value 0x00004770
  Item #208, AP 0, Addr 0x20000468, Value 0x1E04B530
  Item #209, AP 0, Addr 0x2000046C, Value 0x0400F171
  Item #210, AP 0, Addr 0x20000470, Value 0xF04FDB04
  Item #211, AP 0, Addr 0x20000474, Value 0x42404400
  Item #212, AP 0, Addr 0x20000478, Value 0x0101EB64
  Item #213, AP 0, Addr 0x2000047C, Value 0xF1731E14
  Item #214, AP 0, Addr 0x20000480, Value 0xDB050400
  Item #215, AP 0, Addr 0x20000484, Value 0xF04F461C
  Item #216, AP 0, Addr 0x20000488, Value 0x42524300
  Item #217, AP 0, Addr 0x2000048C, Value 0x0304EB63
  Item #218, AP 0, Addr 0x20000490, Value 0xBF08428B
  Item #219, AP 0, Addr 0x20000494, Value 0xBD304282
  Item #220, AP 0, Addr 0x20000498, Value 0x1E04B530
  Item #221, AP 0, Addr 0x2000049C, Value 0x0400F171
  Item #222, AP 0, Addr 0x200004A0, Value 0xF04FDB04
  Item #223, AP 0, Addr 0x200004A4, Value 0x42404400
  Item #224, AP 0, Addr 0x200004A8, Value 0x0101EB64
  Item #225, AP 0, Addr 0x200004AC, Value 0xF1731E14
  Item #226, AP 0, Addr 0x200004B0, Value 0xDB050400
  Item #227, AP 0, Addr 0x200004B4, Value 0xF04F461C
  Item #228, AP 0, Addr 0x200004B8, Value 0x42524300
  Item #229, AP 0, Addr 0x200004BC, Value 0x0304EB63
  Item #230, AP 0, Addr 0x200004C0, Value 0xBF084299
  Item #231, AP 0, Addr 0x200004C4, Value 0xBD304290
  Item #232, AP 0, Addr 0x200004C8, Value 0x4300F001
  Item #233, AP 0, Addr 0x200004CC, Value 0xF021B430
  Item #234, AP 0, Addr 0x200004D0, Value 0xEA504100
  Item #235, AP 0, Addr 0x200004D4, Value 0xD0060201
  Item #236, AP 0, Addr 0x200004D8, Value 0xF5A20D0A
  Item #237, AP 0, Addr 0x200004DC, Value 0xF3C17260
  Item #238, AP 0, Addr 0x200004E0, Value 0x2A000113
  Item #239, AP 0, Addr 0x200004E4, Value 0xBC30DC02
  Item #240, AP 0, Addr 0x200004E8, Value 0x47702000
  Item #241, AP 0, Addr 0x200004EC, Value 0xEA440F44
  Item #242, AP 0, Addr 0x200004F0, Value 0x00C104C1
  Item #243, AP 0, Addr 0x200004F4, Value 0xBC3018E0
  Item #244, AP 0, Addr 0x200004F8, Value 0x50C2EB00
  Item #245, AP 0, Addr 0x200004FC, Value 0xB878F000
  Item #246, AP 0, Addr 0x20000500, Value 0x460BB530
  Item #247, AP 0, Addr 0x20000504, Value 0x20004601
  Item #248, AP 0, Addr 0x20000508, Value 0x24012220
  Item #249, AP 0, Addr 0x2000050C, Value 0xFA21E009
  Item #250, AP 0, Addr 0x20000510, Value 0x429DF502
  Item #251, AP 0, Addr 0x20000514, Value 0xFA03D305
  Item #252, AP 0, Addr 0x20000518, Value 0x1B49F502
  Item #253, AP 0, Addr 0x2000051C, Value 0xF502FA04
  Item #254, AP 0, Addr 0x20000520, Value 0x1E154428
  Item #255, AP 0, Addr 0x20000524, Value 0x0201F1A2
20:19:40:049 (18/03/2026) - READ  MEM Access, AP 0x00000000, Addr 0xE000EDF0, Val 0x00000000, "DAP Read Memory (32 bit) - Success" - ID 114
20:19:40:050 (18/03/2026) - READ  MEM Access, AP 0x00000000, Addr 0xE000EDF0, Val 0x00000000, "DAP Read Memory (32 bit) - Success" - ID 115
20:19:40:052 (18/03/2026) - READ  MEM Access, AP 0x00000000, Addr 0xE000EDF0, Val 0x00000000, "DAP Read Memory (32 bit) - Success" - ID 116
20:19:40:053 (18/03/2026) - READ  MEM Access, AP 0x00000000, Addr 0xE000EDF0, Val 0x00000000, "DAP Read Memory (32 bit) - Success" - ID 117
20:19:40:059 (18/03/2026) - READ  MEM Access, AP 0x00000000, Addr 0xE000EDF0, Val 0x00000000, "DAP Read Memory (32 bit) - Success" - ID 118
20:19:40:062 (18/03/2026) - READ  MEM Access, AP 0x00000000, Addr 0xE000EDF0, Val 0x00000000, "DAP Read Memory (32 bit) - Success" - ID 119
20:19:40:067 (18/03/2026) - READ  MEM Access, AP 0x00000000, Addr 0xE000EDF0, Val 0x00000000, "DAP Read Memory (32 bit) - Success" - ID 120
20:19:40:069 (18/03/2026) - READ  MEM Access, AP 0x00000000, Addr 0xE000EDF0, Val 0x00000000, "DAP Read Memory (32 bit) - Success" - ID 121
20:19:40:072 (18/03/2026) - READ  MEM Access, AP 0x00000000, Addr 0xE000EDF0, Val 0x00000000, "DAP Read Memory (32 bit) - Success" - ID 122
20:19:40:073 (18/03/2026) - READ  MEM Access, AP 0x00000000, Addr 0xE000EDF0, Val 0x00000000, "DAP Read Memory (32 bit) - Success" - ID 123
20:19:40:073 (18/03/2026) - READ  MEM Access, AP 0x00000000, Addr 0xE000EDF0, Val 0x00000000, "DAP Read Memory (32 bit) - Success" - ID 124
20:19:40:074 (18/03/2026) - READ  MEM Access, AP 0x00000000, Addr 0xE000EDF0, Val 0x00000000, "DAP Read Memory (32 bit) - Success" - ID 125
20:19:40:075 (18/03/2026) - READ  MEM Access, AP 0x00000000, Addr 0xE000EDF0, Val 0x00000000, "DAP Read Memory (32 bit) - Success" - ID 126
20:19:40:076 (18/03/2026) - READ  MEM Access, AP 0x00000000, Addr 0xE000EDF0, Val 0x00000000, "DAP Read Memory (32 bit) - Success" - ID 127
20:19:40:077 (18/03/2026) - READ  MEM Access, AP 0x00000000, Addr 0xE000EDF0, Val 0x00000000, "DAP Read Memory (32 bit) - Success" - ID 128
20:19:40:080 (18/03/2026) - READ  MEM Access, AP 0x00000000, Addr 0xE000EDF0, Val 0x00000000, "DAP Read Memory (32 bit) - Success" - ID 129
20:19:40:083 (18/03/2026) - READ  MEM Access, AP 0x00000000, Addr 0xE000EDF0, Val 0x00000000, "DAP Read Memory (32 bit) - Success" - ID 130
20:19:40:084 (18/03/2026) - READ  MEM Access, AP 0x00000000, Addr 0xE000EDF0, Val 0x00000000, "DAP Read Memory (32 bit) - Success" - ID 131
20:19:40:090 (18/03/2026) - READ  MEM Access, AP 0x00000000, Addr 0xE000EDF0, Val 0x00000000, "DAP Read Memory (32 bit) - Success" - ID 132
20:19:40:090 (18/03/2026) - READ  MEM Access, AP 0x00000000, Addr 0xE000EDF0, Val 0x00000000, "DAP Read Memory (32 bit) - Success" - ID 133
20:19:40:093 (18/03/2026) - READ  MEM Access, AP 0x00000000, Addr 0xE000EDF0, Val 0x00000000, "DAP Read Memory (32 bit) - Success" - ID 134
20:19:40:094 (18/03/2026) - READ  MEM Access, AP 0x00000000, Addr 0xE000EDF0, Val 0x00000000, "DAP Read Memory (32 bit) - Success" - ID 135
20:19:40:095 (18/03/2026) - READ  MEM Access, AP 0x00000000, Addr 0xE000EDF0, Val 0x00000000, "DAP Read Memory (32 bit) - Success" - ID 136
20:19:40:095 (18/03/2026) - READ  MEM Access, AP 0x00000000, Addr 0xE000EDF0, Val 0x00000000, "DAP Read Memory (32 bit) - Success" - ID 137
20:19:40:096 (18/03/2026) - READ  MEM Access, AP 0x00000000, Addr 0xE000EDF0, Val 0x00000000, "DAP Read Memory (32 bit) - Success" - ID 138
20:19:40:097 (18/03/2026) - READ  MEM Access, AP 0x00000000, Addr 0xE000EDF0, Val 0x00000000, "DAP Read Memory (32 bit) - Success" - ID 139
20:19:40:098 (18/03/2026) - READ  MEM Access, AP 0x00000000, Addr 0xE000EDF0, Val 0x00000000, "DAP Read Memory (32 bit) - Success" - ID 140
20:19:40:099 (18/03/2026) - READ  MEM Access, AP 0x00000000, Addr 0xE000EDF0, Val 0x00000000, "DAP Read Memory (32 bit) - Success" - ID 141
20:19:40:102 (18/03/2026) - READ  MEM Access, AP 0x00000000, Addr 0xE000EDF0, Val 0x00000000, "DAP Read Memory (32 bit) - Success" - ID 142
20:19:40:103 (18/03/2026) - READ  MEM Access, AP 0x00000000, Addr 0xE000EDF0, Val 0x00000000, "DAP Read Memory (32 bit) - Success" - ID 143
20:19:40:104 (18/03/2026) - READ  MEM Access, AP 0x00000000, Addr 0xE000EDF0, Val 0x00000000, "DAP Read Memory (32 bit) - Success" - ID 144
20:19:40:105 (18/03/2026) - READ  MEM Access, AP 0x00000000, Addr 0xE000EDF0, Val 0x00000000, "DAP Read Memory (32 bit) - Success" - ID 145
20:19:40:108 (18/03/2026) - READ  MEM Access, AP 0x00000000, Addr 0xE000EDF0, Val 0x00000000, "DAP Read Memory (32 bit) - Success" - ID 146
20:19:40:109 (18/03/2026) - READ  MEM Access, AP 0x00000000, Addr 0xE000EDF0, Val 0x00000000, "DAP Read Memory (32 bit) - Success" - ID 147
20:19:40:110 (18/03/2026) - READ  MEM Access, AP 0x00000000, Addr 0xE000EDF0, Val 0x00000000, "DAP Read Memory (32 bit) - Success" - ID 148
20:19:40:112 (18/03/2026) - READ  MEM Access, AP 0x00000000, Addr 0xE000EDF0, Val 0x00000000, "DAP Read Memory (32 bit) - Success" - ID 149
20:19:40:112 (18/03/2026) - READ  MEM Access, AP 0x00000000, Addr 0xE000EDF0, Val 0x00000000, "DAP Read Memory (32 bit) - Success" - ID 150
20:19:40:113 (18/03/2026) - READ  MEM Access, AP 0x00000000, Addr 0xE000EDF0, Val 0x00000000, "DAP Read Memory (32 bit) - Success" - ID 151
20:19:40:116 (18/03/2026) - READ  MEM Access, AP 0x00000000, Addr 0xE000EDF0, Val 0x00000000, "DAP Read Memory (32 bit) - Success" - ID 152
20:19:40:116 (18/03/2026) - READ  MEM Access, AP 0x00000000, Addr 0xE000EDF0, Val 0x00000000, "DAP Read Memory (32 bit) - Success" - ID 153
20:19:40:117 (18/03/2026) - READ  MEM Access, AP 0x00000000, Addr 0xE000EDF0, Val 0x00000000, "DAP Read Memory (32 bit) - Success" - ID 154
20:19:40:118 (18/03/2026) - READ  MEM Access, AP 0x00000000, Addr 0xE000EDF0, Val 0x00000000, "DAP Read Memory (32 bit) - Success" - ID 155
20:19:40:120 (18/03/2026) - READ  MEM Access, AP 0x00000000, Addr 0xE000EDF0, Val 0x00000000, "DAP Read Memory (32 bit) - Success" - ID 156
20:19:40:122 (18/03/2026) - READ  MEM Access, AP 0x00000000, Addr 0xE000EDF0, Val 0x00000000, "DAP Read Memory (32 bit) - Success" - ID 157
20:19:40:123 (18/03/2026) - READ  MEM Access, AP 0x00000000, Addr 0xE000EDF0, Val 0x00000000, "DAP Read Memory (32 bit) - Success" - ID 158
20:19:40:124 (18/03/2026) - READ  MEM Access, AP 0x00000000, Addr 0xE000EDF0, Val 0x00000000, "DAP Read Memory (32 bit) - Success" - ID 159
20:19:40:125 (18/03/2026) - READ  MEM Access, AP 0x00000000, Addr 0xE000EDF0, Val 0x00000000, "DAP Read Memory (32 bit) - Success" - ID 160
20:19:40:126 (18/03/2026) - READ  MEM Access, AP 0x00000000, Addr 0xE000EDF0, Val 0x00000000, "DAP Read Memory (32 bit) - Success" - ID 161
20:19:40:126 (18/03/2026) - READ  MEM Access, AP 0x00000000, Addr 0xE000EDF0, Val 0x00000000, "DAP Read Memory (32 bit) - Success" - ID 162
20:19:40:128 (18/03/2026) - READ  MEM Access, AP 0x00000000, Addr 0xE000EDF0, Val 0x00000000, "DAP Read Memory (32 bit) - Success" - ID 163
20:19:40:129 (18/03/2026) - READ  MEM Access, AP 0x00000000, Addr 0xE000EDF0, Val 0x00000000, "DAP Read Memory (32 bit) - Success" - ID 164
20:19:40:130 (18/03/2026) - READ  MEM Access, AP 0x00000000, Addr 0xE000EDF0, Val 0x00000000, "DAP Read Memory (32 bit) - Success" - ID 165
20:19:40:131 (18/03/2026) - READ  MEM Access, AP 0x00000000, Addr 0xE000EDF0, Val 0x00000000, "DAP Read Memory (32 bit) - Success" - ID 166
20:19:40:131 (18/03/2026) - READ  MEM Access, AP 0x00000000, Addr 0xE000EDF0, Val 0x00000000, "DAP Read Memory (32 bit) - Success" - ID 167
20:19:40:133 (18/03/2026) - READ  MEM Access, AP 0x00000000, Addr 0xE000EDF0, Val 0x00000000, "DAP Read Memory (32 bit) - Success" - ID 168
20:19:40:134 (18/03/2026) - READ  MEM Access, AP 0x00000000, Addr 0xE000EDF0, Val 0x00000000, "DAP Read Memory (32 bit) - Success" - ID 169
20:19:40:135 (18/03/2026) - READ  MEM Access, AP 0x00000000, Addr 0xE000EDF0, Val 0x00000000, "DAP Read Memory (32 bit) - Success" - ID 170
20:19:40:140 (18/03/2026) - READ  MEM Access, AP 0x00000000, Addr 0xE000EDF0, Val 0x00000000, "DAP Read Memory (32 bit) - Success" - ID 171
20:19:40:141 (18/03/2026) - READ  MEM Access, AP 0x00000000, Addr 0xE000EDF0, Val 0x00000000, "DAP Read Memory (32 bit) - Success" - ID 172
20:19:40:144 (18/03/2026) - READ  MEM Access, AP 0x00000000, Addr 0xE000EDF0, Val 0x00000000, "DAP Read Memory (32 bit) - Success" - ID 173
20:19:40:145 (18/03/2026) - READ  MEM Access, AP 0x00000000, Addr 0xE000EDF0, Val 0x00000000, "DAP Read Memory (32 bit) - Success" - ID 174
20:19:40:147 (18/03/2026) - READ  MEM Access, AP 0x00000000, Addr 0xE000EDF0, Val 0x00000000, "DAP Read Memory (32 bit) - Success" - ID 175
20:19:40:148 (18/03/2026) - READ  MEM Access, AP 0x00000000, Addr 0xE000EDF0, Val 0x00000000, "DAP Read Memory (32 bit) - Success" - ID 176
20:19:40:148 (18/03/2026) - READ  MEM Access, AP 0x00000000, Addr 0xE000EDF0, Val 0x00000000, "DAP Read Memory (32 bit) - Success" - ID 177
20:19:40:149 (18/03/2026) - READ  MEM Access, AP 0x00000000, Addr 0xE000EDF0, Val 0x00000000, "DAP Read Memory (32 bit) - Success" - ID 178
20:19:40:155 (18/03/2026) - READ  MEM Access, AP 0x00000000, Addr 0xE000EDF0, Val 0x00000000, "DAP Read Memory (32 bit) - Success" - ID 179
20:19:40:157 (18/03/2026) - READ  MEM Access, AP 0x00000000, Addr 0xE000EDF0, Val 0x00000000, "DAP Read Memory (32 bit) - Success" - ID 180
20:19:40:159 (18/03/2026) - READ  MEM Access, AP 0x00000000, Addr 0xE000EDF0, Val 0x00000000, "DAP Read Memory (32 bit) - Success" - ID 181
20:19:40:161 (18/03/2026) - READ  MEM Access, AP 0x00000000, Addr 0xE000EDF0, Val 0x00000000, "DAP Read Memory (32 bit) - Success" - ID 182
20:19:40:163 (18/03/2026) - READ  MEM Access, AP 0x00000000, Addr 0xE000EDF0, Val 0x00000000, "DAP Read Memory (32 bit) - Success" - ID 183
20:19:40:164 (18/03/2026) - READ  MEM Access, AP 0x00000000, Addr 0xE000EDF0, Val 0x00000000, "DAP Read Memory (32 bit) - Success" - ID 184
20:19:40:167 (18/03/2026) - READ  MEM Access, AP 0x00000000, Addr 0xE000EDF0, Val 0x00000000, "DAP Read Memory (32 bit) - Success" - ID 185
20:19:40:171 (18/03/2026) - READ  MEM Access, AP 0x00000000, Addr 0xE000EDF0, Val 0x00000000, "DAP Read Memory (32 bit) - Success" - ID 186
20:19:40:173 (18/03/2026) - READ  MEM Access, AP 0x00000000, Addr 0xE000EDF0, Val 0x00000000, "DAP Read Memory (32 bit) - Success" - ID 187
20:19:40:174 (18/03/2026) - READ  MEM Access, AP 0x00000000, Addr 0xE000EDF0, Val 0x00000000, "DAP Read Memory (32 bit) - Success" - ID 188
20:19:40:175 (18/03/2026) - READ  MEM Access, AP 0x00000000, Addr 0xE000EDF0, Val 0x00000000, "DAP Read Memory (32 bit) - Success" - ID 189
20:19:40:177 (18/03/2026) - READ  MEM Access, AP 0x00000000, Addr 0xE000EDF0, Val 0x00000000, "DAP Read Memory (32 bit) - Success" - ID 190
20:19:40:184 (18/03/2026) - READ  MEM Access, AP 0x00000000, Addr 0xE000EDF0, Val 0x00000000, "DAP Read Memory (32 bit) - Success" - ID 191
20:19:40:186 (18/03/2026) - READ  MEM Access, AP 0x00000000, Addr 0xE000EDF0, Val 0x00000000, "DAP Read Memory (32 bit) - Success" - ID 192
20:19:40:188 (18/03/2026) - READ  MEM Access, AP 0x00000000, Addr 0xE000EDF0, Val 0x00000000, "DAP Read Memory (32 bit) - Success" - ID 193
20:19:40:190 (18/03/2026) - READ  MEM Access, AP 0x00000000, Addr 0xE000EDF0, Val 0x00000000, "DAP Read Memory (32 bit) - Success" - ID 194
20:19:40:192 (18/03/2026) - READ  MEM Access, AP 0x00000000, Addr 0xE000EDF0, Val 0x00000000, "DAP Read Memory (32 bit) - Success" - ID 195
20:19:40:193 (18/03/2026) - READ  MEM Access, AP 0x00000000, Addr 0xE000EDF0, Val 0x00000000, "DAP Read Memory (32 bit) - Success" - ID 196
20:19:40:200 (18/03/2026) - READ  MEM Access, AP 0x00000000, Addr 0xE000EDF0, Val 0x00000000, "DAP Read Memory (32 bit) - Success" - ID 197
20:19:40:205 (18/03/2026) - READ  MEM Access, AP 0x00000000, Addr 0xE000EDF0, Val 0x00000000, "DAP Read Memory (32 bit) - Success" - ID 198
20:19:40:206 (18/03/2026) - READ  MEM Access, AP 0x00000000, Addr 0xE000EDF0, Val 0x00000000, "DAP Read Memory (32 bit) - Success" - ID 199
20:19:40:208 (18/03/2026) - READ  MEM Access, AP 0x00000000, Addr 0xE000EDF0, Val 0x00000000, "DAP Read Memory (32 bit) - Success" - ID 200
20:19:40:212 (18/03/2026) - READ  MEM Access, AP 0x00000000, Addr 0xE000EDF0, Val 0x00000000, "DAP Read Memory (32 bit) - Success" - ID 201
20:19:40:214 (18/03/2026) - READ  MEM Access, AP 0x00000000, Addr 0xE000EDF0, Val 0x00000000, "DAP Read Memory (32 bit) - Success" - ID 202
20:19:40:214 (18/03/2026) - READ  MEM Access, AP 0x00000000, Addr 0xE000EDF0, Val 0x00000000, "DAP Read Memory (32 bit) - Success" - ID 203
20:19:40:216 (18/03/2026) - READ  MEM Access, AP 0x00000000, Addr 0xE000EDF0, Val 0x00000000, "DAP Read Memory (32 bit) - Success" - ID 204
20:19:40:218 (18/03/2026) - READ  MEM Access, AP 0x00000000, Addr 0xE000EDF0, Val 0x00000000, "DAP Read Memory (32 bit) - Success" - ID 205
20:19:40:221 (18/03/2026) - READ  MEM Access, AP 0x00000000, Addr 0xE000EDF0, Val 0x00000000, "DAP Read Memory (32 bit) - Success" - ID 206
20:19:40:223 (18/03/2026) - READ  MEM Access, AP 0x00000000, Addr 0xE000EDF0, Val 0x00000000, "DAP Read Memory (32 bit) - Success" - ID 207
20:19:40:224 (18/03/2026) - READ  MEM Access, AP 0x00000000, Addr 0xE000EDF0, Val 0x00000000, "DAP Read Memory (32 bit) - Success" - ID 208
20:19:40:229 (18/03/2026) - READ  MEM Access, AP 0x00000000, Addr 0xE000EDF0, Val 0x00000000, "DAP Read Memory (32 bit) - Success" - ID 209
20:19:40:231 (18/03/2026) - READ  MEM Access, AP 0x00000000, Addr 0xE000EDF0, Val 0x00000000, "DAP Read Memory (32 bit) - Success" - ID 210
20:19:40:233 (18/03/2026) - READ  MEM Access, AP 0x00000000, Addr 0xE000EDF0, Val 0x00000000, "DAP Read Memory (32 bit) - Success" - ID 211
20:19:40:235 (18/03/2026) - READ  MEM Access, AP 0x00000000, Addr 0xE000EDF0, Val 0x00000000, "DAP Read Memory (32 bit) - Success" - ID 212
20:19:40:237 (18/03/2026) - READ  MEM Access, AP 0x00000000, Addr 0xE000EDF0, Val 0x00000000, "DAP Read Memory (32 bit) - Success" - ID 213
20:19:40:238 (18/03/2026) - READ  MEM Access, AP 0x00000000, Addr 0xE000EDF0, Val 0x00000000, "DAP Read Memory (32 bit) - Success" - ID 214
20:19:40:240 (18/03/2026) - READ  MEM Access, AP 0x00000000, Addr 0xE000EDF0, Val 0x00000000, "DAP Read Memory (32 bit) - Success" - ID 215
20:19:40:242 (18/03/2026) - READ  MEM Access, AP 0x00000000, Addr 0xE000EDF0, Val 0x00000000, "DAP Read Memory (32 bit) - Success" - ID 216
20:19:40:246 (18/03/2026) - READ  MEM Access, AP 0x00000000, Addr 0xE000EDF0, Val 0x00000000, "DAP Read Memory (32 bit) - Success" - ID 217
20:19:40:250 (18/03/2026) - READ  MEM Access, AP 0x00000000, Addr 0xE000EDF0, Val 0x00000000, "DAP Read Memory (32 bit) - Success" - ID 218
20:19:40:251 (18/03/2026) - READ  MEM Access, AP 0x00000000, Addr 0xE000EDF0, Val 0x00000000, "DAP Read Memory (32 bit) - Success" - ID 219
20:19:40:254 (18/03/2026) - READ  MEM Access, AP 0x00000000, Addr 0xE000EDF0, Val 0x00000000, "DAP Read Memory (32 bit) - Success" - ID 220
20:19:40:256 (18/03/2026) - READ  MEM Access, AP 0x00000000, Addr 0xE000EDF0, Val 0x00000000, "DAP Read Memory (32 bit) - Success" - ID 221
20:19:40:259 (18/03/2026) - READ  MEM Access, AP 0x00000000, Addr 0xE000EDF0, Val 0x00000000, "DAP Read Memory (32 bit) - Success" - ID 222
20:19:40:261 (18/03/2026) - READ  MEM Access, AP 0x00000000, Addr 0xE000EDF0, Val 0x00000000, "DAP Read Memory (32 bit) - Success" - ID 223
20:19:40:263 (18/03/2026) - READ  MEM Access, AP 0x00000000, Addr 0xE000EDF0, Val 0x00000000, "DAP Read Memory (32 bit) - Success" - ID 224
20:19:40:265 (18/03/2026) - READ  MEM Access, AP 0x00000000, Addr 0xE000EDF0, Val 0x00000000, "DAP Read Memory (32 bit) - Success" - ID 225
20:19:40:267 (18/03/2026) - READ  MEM Access, AP 0x00000000, Addr 0xE000EDF0, Val 0x00000000, "DAP Read Memory (32 bit) - Success" - ID 226
20:19:40:275 (18/03/2026) - READ  MEM Access, AP 0x00000000, Addr 0xE000EDF0, Val 0x00000000, "DAP Read Memory (32 bit) - Success" - ID 227
20:19:40:278 (18/03/2026) - READ  MEM Access, AP 0x00000000, Addr 0xE000EDF0, Val 0x00000000, "DAP Read Memory (32 bit) - Success" - ID 228
20:19:40:279 (18/03/2026) - READ  MEM Access, AP 0x00000000, Addr 0xE000EDF0, Val 0x00000000, "DAP Read Memory (32 bit) - Success" - ID 229
20:19:40:282 (18/03/2026) - READ  MEM Access, AP 0x00000000, Addr 0xE000EDF0, Val 0x00000000, "DAP Read Memory (32 bit) - Success" - ID 230
20:19:40:287 (18/03/2026) - READ  MEM Access, AP 0x00000000, Addr 0xE000EDF0, Val 0x00000000, "DAP Read Memory (32 bit) - Success" - ID 231
20:19:40:289 (18/03/2026) - READ  MEM Access, AP 0x00000000, Addr 0xE000EDF0, Val 0x00000000, "DAP Read Memory (32 bit) - Success" - ID 232
20:19:40:293 (18/03/2026) - READ  MEM Access, AP 0x00000000, Addr 0xE000EDF0, Val 0x00000000, "DAP Read Memory (32 bit) - Success" - ID 233
20:19:40:294 (18/03/2026) - READ  MEM Access, AP 0x00000000, Addr 0xE000EDF0, Val 0x00000000, "DAP Read Memory (32 bit) - Success" - ID 234
20:19:40:298 (18/03/2026) - READ  MEM Access, AP 0x00000000, Addr 0xE000EDF0, Val 0x00000000, "DAP Read Memory (32 bit) - Success" - ID 235
20:19:40:300 (18/03/2026) - READ  MEM Access, AP 0x00000000, Addr 0xE000EDF0, Val 0x00000000, "DAP Read Memory (32 bit) - Success" - ID 236
20:19:40:303 (18/03/2026) - READ  MEM Access, AP 0x00000000, Addr 0xE000EDF0, Val 0x00000000, "DAP Read Memory (32 bit) - Success" - ID 237
20:19:40:307 (18/03/2026) - READ  MEM Access, AP 0x00000000, Addr 0xE000EDF0, Val 0x00000000, "DAP Read Memory (32 bit) - Success" - ID 238
20:19:40:313 (18/03/2026) - READ  MEM Access, AP 0x00000000, Addr 0xE000EDF0, Val 0x00000000, "DAP Read Memory (32 bit) - Success" - ID 239
20:19:40:314 (18/03/2026) - READ  MEM Access, AP 0x00000000, Addr 0xE000EDF0, Val 0x00000000, "DAP Read Memory (32 bit) - Success" - ID 240
20:19:40:317 (18/03/2026) - READ  MEM Access, AP 0x00000000, Addr 0xE000EDF0, Val 0x00000000, "DAP Read Memory (32 bit) - Success" - ID 241
20:19:40:318 (18/03/2026) - READ  MEM Access, AP 0x00000000, Addr 0xE000EDF0, Val 0x00000000, "DAP Read Memory (32 bit) - Success" - ID 242
20:19:40:320 (18/03/2026) - READ  MEM Access, AP 0x00000000, Addr 0xE000EDF0, Val 0x00000000, "DAP Read Memory (32 bit) - Success" - ID 243
20:19:40:323 (18/03/2026) - READ  MEM Access, AP 0x00000000, Addr 0xE000EDF0, Val 0x00000000, "DAP Read Memory (32 bit) - Success" - ID 244
20:19:40:324 (18/03/2026) - READ  MEM Access, AP 0x00000000, Addr 0xE000EDF0, Val 0x00000000, "DAP Read Memory (32 bit) - Success" - ID 245
20:19:40:326 (18/03/2026) - READ  MEM Access, AP 0x00000000, Addr 0xE000EDF0, Val 0x00000000, "DAP Read Memory (32 bit) - Success" - ID 246
20:19:40:328 (18/03/2026) - READ  MEM Access, AP 0x00000000, Addr 0xE000EDF0, Val 0x00000000, "DAP Read Memory (32 bit) - Success" - ID 247
20:19:40:331 (18/03/2026) - READ  MEM Access, AP 0x00000000, Addr 0xE000EDF0, Val 0x00000000, "DAP Read Memory (32 bit) - Success" - ID 248
20:19:40:333 (18/03/2026) - READ  MEM Access, AP 0x00000000, Addr 0xE000EDF0, Val 0x00000000, "DAP Read Memory (32 bit) - Success" - ID 249
20:19:40:335 (18/03/2026) - READ  MEM Access, AP 0x00000000, Addr 0xE000EDF0, Val 0x00000000, "DAP Read Memory (32 bit) - Success" - ID 250
20:19:40:336 (18/03/2026) - READ  MEM Access, AP 0x00000000, Addr 0xE000EDF0, Val 0x00000000, "DAP Read Memory (32 bit) - Success" - ID 251
20:19:40:339 (18/03/2026) - READ  MEM Access, AP 0x00000000, Addr 0xE000EDF0, Val 0x00000000, "DAP Read Memory (32 bit) - Success" - ID 252
20:19:40:342 (18/03/2026) - READ  MEM Access, AP 0x00000000, Addr 0xE000EDF0, Val 0x00000000, "DAP Read Memory (32 bit) - Success" - ID 253
20:19:40:343 (18/03/2026) - READ  MEM Access, AP 0x00000000, Addr 0xE000EDF0, Val 0x00000000, "DAP Read Memory (32 bit) - Success" - ID 254
20:19:40:345 (18/03/2026) - READ  MEM Access, AP 0x00000000, Addr 0xE000EDF0, Val 0x00000000, "DAP Read Memory (32 bit) - Success" - ID 255
20:19:40:349 (18/03/2026) - READ  MEM Access, AP 0x00000000, Addr 0xE000EDF0, Val 0x00000000, "DAP Read Memory (32 bit) - Success" - ID 256
20:19:40:351 (18/03/2026) - READ  MEM Access, AP 0x00000000, Addr 0xE000EDF0, Val 0x00000000, "DAP Read Memory (32 bit) - Success" - ID 257
20:19:40:352 (18/03/2026) - READ  MEM Access, AP 0x00000000, Addr 0xE000EDF0, Val 0x00000000, "DAP Read Memory (32 bit) - Success" - ID 258
20:19:40:355 (18/03/2026) - READ  MEM Access, AP 0x00000000, Addr 0xE000EDF0, Val 0x00000000, "DAP Read Memory (32 bit) - Success" - ID 259
20:19:40:357 (18/03/2026) - READ  MEM Access, AP 0x00000000, Addr 0xE000EDF0, Val 0x00000000, "DAP Read Memory (32 bit) - Success" - ID 260
20:19:40:360 (18/03/2026) - READ  MEM Access, AP 0x00000000, Addr 0xE000EDF0, Val 0x00000000, "DAP Read Memory (32 bit) - Success" - ID 261
20:19:40:361 (18/03/2026) - READ  MEM Access, AP 0x00000000, Addr 0xE000EDF0, Val 0x00000000, "DAP Read Memory (32 bit) - Success" - ID 262
20:19:40:363 (18/03/2026) - READ  MEM Access, AP 0x00000000, Addr 0xE000EDF0, Val 0x00000000, "DAP Read Memory (32 bit) - Success" - ID 263
20:19:40:368 (18/03/2026) - READ  MEM Access, AP 0x00000000, Addr 0xE000EDF0, Val 0x00000000, "DAP Read Memory (32 bit) - Success" - ID 264
20:19:40:374 (18/03/2026) - READ  MEM Access, AP 0x00000000, Addr 0xE000EDF0, Val 0x00000000, "DAP Read Memory (32 bit) - Success" - ID 265
20:19:40:377 (18/03/2026) - READ  MEM Access, AP 0x00000000, Addr 0xE000EDF0, Val 0x00000000, "DAP Read Memory (32 bit) - Success" - ID 266
20:19:40:379 (18/03/2026) - READ  MEM Access, AP 0x00000000, Addr 0xE000EDF0, Val 0x00000000, "DAP Read Memory (32 bit) - Success" - ID 267
20:19:40:382 (18/03/2026) - READ  MEM Access, AP 0x00000000, Addr 0xE000EDF0, Val 0x00000000, "DAP Read Memory (32 bit) - Success" - ID 268
20:19:40:383 (18/03/2026) - READ  MEM Access, AP 0x00000000, Addr 0xE000EDF0, Val 0x00000000, "DAP Read Memory (32 bit) - Success" - ID 269
20:19:40:389 (18/03/2026) - READ  MEM Access, AP 0x00000000, Addr 0xE000EDF0, Val 0x00000000, "DAP Read Memory (32 bit) - Success" - ID 270
20:19:40:393 (18/03/2026) - READ  MEM Access, AP 0x00000000, Addr 0xE000EDF0, Val 0x00000000, "DAP Read Memory (32 bit) - Success" - ID 271
20:19:40:395 (18/03/2026) - READ  MEM Access, AP 0x00000000, Addr 0xE000EDF0, Val 0x00000000, "DAP Read Memory (32 bit) - Success" - ID 272
20:19:40:397 (18/03/2026) - READ  MEM Access, AP 0x00000000, Addr 0xE000EDF0, Val 0x00000000, "DAP Read Memory (32 bit) - Success" - ID 273
20:19:40:398 (18/03/2026) - READ  MEM Access, AP 0x00000000, Addr 0xE000EDF0, Val 0x00000000, "DAP Read Memory (32 bit) - Success" - ID 274
20:19:40:404 (18/03/2026) - READ  MEM Access, AP 0x00000000, Addr 0xE000EDF0, Val 0x00000000, "DAP Read Memory (32 bit) - Success" - ID 275
20:19:40:406 (18/03/2026) - READ  MEM Access, AP 0x00000000, Addr 0xE000EDF0, Val 0x00000000, "DAP Read Memory (32 bit) - Success" - ID 276
20:19:40:411 (18/03/2026) - READ  MEM Access, AP 0x00000000, Addr 0xE000EDF0, Val 0x00000000, "DAP Read Memory (32 bit) - Success" - ID 277
20:19:40:413 (18/03/2026) - READ  MEM Access, AP 0x00000000, Addr 0xE000EDF0, Val 0x00000000, "DAP Read Memory (32 bit) - Success" - ID 278
20:19:40:417 (18/03/2026) - READ  MEM Access, AP 0x00000000, Addr 0xE000EDF0, Val 0x00000000, "DAP Read Memory (32 bit) - Success" - ID 279
20:19:40:419 (18/03/2026) - READ  MEM Access, AP 0x00000000, Addr 0xE000EDF0, Val 0x00000000, "DAP Read Memory (32 bit) - Success" - ID 280
20:19:40:421 (18/03/2026) - READ  MEM Access, AP 0x00000000, Addr 0xE000EDF0, Val 0x00000000, "DAP Read Memory (32 bit) - Success" - ID 281
20:19:40:423 (18/03/2026) - READ  MEM Access, AP 0x00000000, Addr 0xE000EDF0, Val 0x00000000, "DAP Read Memory (32 bit) - Success" - ID 282
20:19:40:425 (18/03/2026) - READ  MEM Access, AP 0x00000000, Addr 0xE000EDF0, Val 0x00000000, "DAP Read Memory (32 bit) - Success" - ID 283
20:19:40:427 (18/03/2026) - READ  MEM Access, AP 0x00000000, Addr 0xE000EDF0, Val 0x00000000, "DAP Read Memory (32 bit) - Success" - ID 284
20:19:40:429 (18/03/2026) - READ  MEM Access, AP 0x00000000, Addr 0xE000EDF0, Val 0x00000000, "DAP Read Memory (32 bit) - Success" - ID 285
20:19:40:431 (18/03/2026) - READ  MEM Access, AP 0x00000000, Addr 0xE000EDF0, Val 0x00000000, "DAP Read Memory (32 bit) - Success" - ID 286
20:19:40:434 (18/03/2026) - READ  MEM Access, AP 0x00000000, Addr 0xE000EDF0, Val 0x00000000, "DAP Read Memory (32 bit) - Success" - ID 287
20:19:40:437 (18/03/2026) - READ  MEM Access, AP 0x00000000, Addr 0xE000EDF0, Val 0x00000000, "DAP Read Memory (32 bit) - Success" - ID 288
20:19:40:438 (18/03/2026) - READ  MEM Access, AP 0x00000000, Addr 0xE000EDF0, Val 0x00000000, "DAP Read Memory (32 bit) - Success" - ID 289
20:19:40:440 (18/03/2026) - READ  MEM Access, AP 0x00000000, Addr 0xE000EDF0, Val 0x00000000, "DAP Read Memory (32 bit) - Success" - ID 290
20:19:40:442 (18/03/2026) - READ  MEM Access, AP 0x00000000, Addr 0xE000EDF0, Val 0x00000000, "DAP Read Memory (32 bit) - Success" - ID 291
20:19:40:444 (18/03/2026) - READ  MEM Access, AP 0x00000000, Addr 0xE000EDF0, Val 0x00000000, "DAP Read Memory (32 bit) - Success" - ID 292
20:19:40:448 (18/03/2026) - READ  MEM Access, AP 0x00000000, Addr 0xE000EDF0, Val 0x00000000, "DAP Read Memory (32 bit) - Success" - ID 293
20:19:40:452 (18/03/2026) - READ  MEM Access, AP 0x00000000, Addr 0xE000EDF0, Val 0x00000000, "DAP Read Memory (32 bit) - Success" - ID 294
20:19:40:454 (18/03/2026) - READ  MEM Access, AP 0x00000000, Addr 0xE000EDF0, Val 0x00000000, "DAP Read Memory (32 bit) - Success" - ID 295
20:19:40:456 (18/03/2026) - READ  MEM Access, AP 0x00000000, Addr 0xE000EDF0, Val 0x00000000, "DAP Read Memory (32 bit) - Success" - ID 296
20:19:40:459 (18/03/2026) - READ  MEM Access, AP 0x00000000, Addr 0xE000EDF0, Val 0x00000000, "DAP Read Memory (32 bit) - Success" - ID 297
20:19:40:462 (18/03/2026) - READ  MEM Access, AP 0x00000000, Addr 0xE000EDF0, Val 0x00000000, "DAP Read Memory (32 bit) - Success" - ID 298
20:19:40:467 (18/03/2026) - READ  MEM Access, AP 0x00000000, Addr 0xE000EDF0, Val 0x00000000, "DAP Read Memory (32 bit) - Success" - ID 299
20:19:40:468 (18/03/2026) - READ  MEM Access, AP 0x00000000, Addr 0xE000EDF0, Val 0x00000000, "DAP Read Memory (32 bit) - Success" - ID 300
20:19:40:470 (18/03/2026) - READ  MEM Access, AP 0x00000000, Addr 0xE000EDF0, Val 0x00000000, "DAP Read Memory (32 bit) - Success" - ID 301
20:19:40:472 (18/03/2026) - READ  MEM Access, AP 0x00000000, Addr 0xE000EDF0, Val 0x00000000, "DAP Read Memory (32 bit) - Success" - ID 302
20:19:40:476 (18/03/2026) - READ  MEM Access, AP 0x00000000, Addr 0xE000EDF0, Val 0x00000000, "DAP Read Memory (32 bit) - Success" - ID 303
20:19:40:477 (18/03/2026) - READ  MEM Access, AP 0x00000000, Addr 0xE000EDF0, Val 0x00000000, "DAP Read Memory (32 bit) - Success" - ID 304
20:19:40:482 (18/03/2026) - READ  MEM Access, AP 0x00000000, Addr 0xE000EDF0, Val 0x00000000, "DAP Read Memory (32 bit) - Success" - ID 305
20:19:40:484 (18/03/2026) - READ  MEM Access, AP 0x00000000, Addr 0xE000EDF0, Val 0x00000000, "DAP Read Memory (32 bit) - Success" - ID 306
20:19:40:485 (18/03/2026) - READ  MEM Access, AP 0x00000000, Addr 0xE000EDF0, Val 0x00000000, "DAP Read Memory (32 bit) - Success" - ID 307
20:19:40:489 (18/03/2026) - READ  MEM Access, AP 0x00000000, Addr 0xE000EDF0, Val 0x00000000, "DAP Read Memory (32 bit) - Success" - ID 308
20:19:40:493 (18/03/2026) - READ  MEM Access, AP 0x00000000, Addr 0xE000EDF0, Val 0x00000000, "DAP Read Memory (32 bit) - Success" - ID 309
20:19:40:496 (18/03/2026) - READ  MEM Access, AP 0x00000000, Addr 0xE000EDF0, Val 0x00000000, "DAP Read Memory (32 bit) - Success" - ID 310
20:19:40:498 (18/03/2026) - READ  MEM Access, AP 0x00000000, Addr 0xE000EDF0, Val 0x00000000, "DAP Read Memory (32 bit) - Success" - ID 311
20:19:40:499 (18/03/2026) - READ  MEM Access, AP 0x00000000, Addr 0xE000EDF0, Val 0x00000000, "DAP Read Memory (32 bit) - Success" - ID 312
20:19:40:502 (18/03/2026) - READ  MEM Access, AP 0x00000000, Addr 0xE000EDF0, Val 0x00000000, "DAP Read Memory (32 bit) - Success" - ID 313
20:19:40:503 (18/03/2026) - READ  MEM Access, AP 0x00000000, Addr 0xE000EDF0, Val 0x00000000, "DAP Read Memory (32 bit) - Success" - ID 314
20:19:40:505 (18/03/2026) - READ  MEM Access, AP 0x00000000, Addr 0xE000EDF0, Val 0x00000000, "DAP Read Memory (32 bit) - Success" - ID 315
20:19:40:512 (18/03/2026) - READ  MEM Access, AP 0x00000000, Addr 0xE000EDF0, Val 0x00000000, "DAP Read Memory (32 bit) - Success" - ID 316
20:19:40:515 (18/03/2026) - READ  MEM Access, AP 0x00000000, Addr 0xE000EDF0, Val 0x00000000, "DAP Read Memory (32 bit) - Success" - ID 317
20:19:40:518 (18/03/2026) - READ  MEM Access, AP 0x00000000, Addr 0xE000EDF0, Val 0x00000000, "DAP Read Memory (32 bit) - Success" - ID 318
20:19:40:519 (18/03/2026) - READ  MEM Access, AP 0x00000000, Addr 0xE000EDF0, Val 0x00000000, "DAP Read Memory (32 bit) - Success" - ID 319
20:19:40:522 (18/03/2026) - READ  MEM Access, AP 0x00000000, Addr 0xE000EDF0, Val 0x00000000, "DAP Read Memory (32 bit) - Success" - ID 320
20:19:40:524 (18/03/2026) - READ  MEM Access, AP 0x00000000, Addr 0xE000EDF0, Val 0x00000000, "DAP Read Memory (32 bit) - Success" - ID 321
20:19:40:528 (18/03/2026) - READ  MEM Access, AP 0x00000000, Addr 0xE000EDF0, Val 0x00000000, "DAP Read Memory (32 bit) - Success" - ID 322
20:19:40:530 (18/03/2026) - READ  MEM Access, AP 0x00000000, Addr 0xE000EDF0, Val 0x00000000, "DAP Read Memory (32 bit) - Success" - ID 323
20:19:40:531 (18/03/2026) - READ  MEM Access, AP 0x00000000, Addr 0xE000EDF0, Val 0x00000000, "DAP Read Memory (32 bit) - Success" - ID 324
20:19:40:534 (18/03/2026) - READ  MEM Access, AP 0x00000000, Addr 0xE000EDF0, Val 0x00000000, "DAP Read Memory (32 bit) - Success" - ID 325
20:19:40:536 (18/03/2026) - READ  MEM Access, AP 0x00000000, Addr 0xE000EDF0, Val 0x00000000, "DAP Read Memory (32 bit) - Success" - ID 326
20:19:40:538 (18/03/2026) - READ  MEM Access, AP 0x00000000, Addr 0xE000EDF0, Val 0x00000000, "DAP Read Memory (32 bit) - Success" - ID 327
20:19:40:539 (18/03/2026) - READ  MEM Access, AP 0x00000000, Addr 0xE000EDF0, Val 0x00000000, "DAP Read Memory (32 bit) - Success" - ID 328
20:19:42:561 (18/03/2026) - READ  MEM Access, AP 0x00000000, Addr 0xE000EDF0, Val 0x00000000, "DAP Read Memory (32 bit) - Success" - ID 329
20:19:42:823 (18/03/2026) - READ  MEM Access, AP 0x00000000, Addr 0xE000EDF0, Val 0x00000000, "DAP Read Memory (32 bit) - Success" - ID 330
20:19:43:051 (18/03/2026) - WRITE MEM BLOCK Access, AP 0x00000000, Start Addr 0xE0002000, End Addr 0xE000201F, "DAP Write Memory Block - FAILED" - ID 331
20:19:43:052 (18/03/2026) - WRITE DP  Access, Addr 0x00000004, Val 0x00000000, "DAP Write DP - Success" - ID 332
