CMSIS_AGDI.DLL - CMSIS-DAP Driver Log

21:25:00:289 (20/03/2026) - WRITE DP  Access, Addr 0x00000008, Val 0x00000000, "DAP Write DP - Success" - ID 0
21:25:00:290 (20/03/2026) - WRITE DP  Access, Addr 0x00000004, Val 0x50000000, "DAP Write DP - Success" - ID 1
21:25:00:290 (20/03/2026) - READ  DP  Access, Addr 0x00000004, Val 0xF0000000, "DAP Read DP - Success" - ID 2
21:25:00:291 (20/03/2026) - WRITE DP  Access, Addr 0x00000004, Val 0x50000F32, "DAP Write DP - Success" - ID 3
21:25:00:293 (20/03/2026) - READ  AP  Access, AP 0x00000000, Addr 0x000000FC, Val 0x24770011, "DAP Read AP - Success" - ID 4
21:25:00:294 (20/03/2026) - READ  AP  Access, AP 0x00000000, Addr 0x000000FC, Val 0x24770011, "JTAG Read AP - Success" - ID 5
21:25:00:299 (20/03/2026) - WRITE AP  Access, AP 0x00000000, Addr 0x00000000, Val 0x23000052, "DAP Write AP - Success" - ID 6
21:25:00:300 (20/03/2026) - READ  AP  Access, AP 0x00000000, Addr 0x000000F8, Val 0xE00FF003, "DAP Read AP - Success" - ID 7
21:25:00:303 (20/03/2026) - READ  MEM BLOCK Access, AP 0x00000000, Start Addr 0xE00FFFF0, End Addr 0xE00FFFFF, "DAP Read Memory Block - Success" - ID 8
  Item #0, AP 0, Addr 0xE00FFFF0, Value 0x0000000D
  Item #1, AP 0, Addr 0xE00FFFF4, Value 0x00000010
  Item #2, AP 0, Addr 0xE00FFFF8, Value 0x00000005
  Item #3, AP 0, Addr 0xE00FFFFC, Value 0x000000B1
21:25:00:305 (20/03/2026) - READ  MEM BLOCK Access, AP 0x00000000, Start Addr 0xE00FFFD0, End Addr 0xE00FFFEF, "DAP Read Memory Block - Success" - ID 9
  Item #0, AP 0, Addr 0xE00FFFD0, Value 0x00000004
  Item #1, AP 0, Addr 0xE00FFFD4, Value 0x00000000
  Item #2, AP 0, Addr 0xE00FFFD8, Value 0x00000000
  Item #3, AP 0, Addr 0xE00FFFDC, Value 0x00000000
  Item #4, AP 0, Addr 0xE00FFFE0, Value 0x000000C4
  Item #5, AP 0, Addr 0xE00FFFE4, Value 0x000000B4
  Item #6, AP 0, Addr 0xE00FFFE8, Value 0x0000000B
  Item #7, AP 0, Addr 0xE00FFFEC, Value 0x00000000
21:25:00:305 (20/03/2026) - ROM TABLE: Detected ROM Table (Cortex-M4) at address 0xE00FF000 (PID 0x00000004000BB4C4, CID 0xB105100D)
21:25:00:306 (20/03/2026) - READ  MEM Access, AP 0x00000000, Addr 0xE00FF000, Val 0xFFF0F003, "DAP Read Memory (32 bit) - Success" - ID 10
21:25:00:308 (20/03/2026) - READ  MEM BLOCK Access, AP 0x00000000, Start Addr 0xE000EFF0, End Addr 0xE000EFFF, "DAP Read Memory Block - Success" - ID 11
  Item #0, AP 0, Addr 0xE000EFF0, Value 0x0000000D
  Item #1, AP 0, Addr 0xE000EFF4, Value 0x000000E0
  Item #2, AP 0, Addr 0xE000EFF8, Value 0x00000005
  Item #3, AP 0, Addr 0xE000EFFC, Value 0x000000B1
21:25:00:311 (20/03/2026) - READ  MEM BLOCK Access, AP 0x00000000, Start Addr 0xE000EFD0, End Addr 0xE000EFEF, "DAP Read Memory Block - Success" - ID 12
  Item #0, AP 0, Addr 0xE000EFD0, Value 0x00000004
  Item #1, AP 0, Addr 0xE000EFD4, Value 0x00000000
  Item #2, AP 0, Addr 0xE000EFD8, Value 0x00000000
  Item #3, AP 0, Addr 0xE000EFDC, Value 0x00000000
  Item #4, AP 0, Addr 0xE000EFE0, Value 0x0000000C
  Item #5, AP 0, Addr 0xE000EFE4, Value 0x000000B0
  Item #6, AP 0, Addr 0xE000EFE8, Value 0x0000000B
  Item #7, AP 0, Addr 0xE000EFEC, Value 0x00000000
21:25:00:312 (20/03/2026) - WRITE MEM Access, AP 0x00000000, Addr 0xE000EDFC, Val 0x01000000, "DAP Write Memory (32 bit) - Success" - ID 13
21:25:00:312 (20/03/2026) - ROM TABLE: Detected SCS (ARMv7-M with FP Extension) at address 0xE000E000 (PID 0x00000004000BB00C, CID 0xB105E00D)
21:25:00:313 (20/03/2026) - READ  MEM Access, AP 0x00000000, Addr 0xE00FF004, Val 0xFFF02003, "DAP Read Memory (32 bit) - Success" - ID 14
21:25:00:315 (20/03/2026) - READ  MEM BLOCK Access, AP 0x00000000, Start Addr 0xE0001FF0, End Addr 0xE0001FFF, "DAP Read Memory Block - Success" - ID 15
  Item #0, AP 0, Addr 0xE0001FF0, Value 0x0000000D
  Item #1, AP 0, Addr 0xE0001FF4, Value 0x000000E0
  Item #2, AP 0, Addr 0xE0001FF8, Value 0x00000005
  Item #3, AP 0, Addr 0xE0001FFC, Value 0x000000B1
21:25:00:318 (20/03/2026) - READ  MEM BLOCK Access, AP 0x00000000, Start Addr 0xE0001FD0, End Addr 0xE0001FEF, "DAP Read Memory Block - Success" - ID 16
  Item #0, AP 0, Addr 0xE0001FD0, Value 0x00000004
  Item #1, AP 0, Addr 0xE0001FD4, Value 0x00000000
  Item #2, AP 0, Addr 0xE0001FD8, Value 0x00000000
  Item #3, AP 0, Addr 0xE0001FDC, Value 0x00000000
  Item #4, AP 0, Addr 0xE0001FE0, Value 0x00000002
  Item #5, AP 0, Addr 0xE0001FE4, Value 0x000000B0
  Item #6, AP 0, Addr 0xE0001FE8, Value 0x0000003B
  Item #7, AP 0, Addr 0xE0001FEC, Value 0x00000000
21:25:00:318 (20/03/2026) - ROM TABLE: Detected DWT (ARMv7-M) at address 0xE0001000 (PID 0x00000004003BB002, CID 0xB105E00D)
21:25:00:319 (20/03/2026) - READ  MEM Access, AP 0x00000000, Addr 0xE00FF008, Val 0xFFF03003, "DAP Read Memory (32 bit) - Success" - ID 17
21:25:00:321 (20/03/2026) - READ  MEM BLOCK Access, AP 0x00000000, Start Addr 0xE0002FF0, End Addr 0xE0002FFF, "DAP Read Memory Block - Success" - ID 18
  Item #0, AP 0, Addr 0xE0002FF0, Value 0x0000000D
  Item #1, AP 0, Addr 0xE0002FF4, Value 0x000000E0
  Item #2, AP 0, Addr 0xE0002FF8, Value 0x00000005
  Item #3, AP 0, Addr 0xE0002FFC, Value 0x000000B1
21:25:00:326 (20/03/2026) - READ  MEM BLOCK Access, AP 0x00000000, Start Addr 0xE0002FD0, End Addr 0xE0002FEF, "DAP Read Memory Block - Success" - ID 19
  Item #0, AP 0, Addr 0xE0002FD0, Value 0x00000004
  Item #1, AP 0, Addr 0xE0002FD4, Value 0x00000000
  Item #2, AP 0, Addr 0xE0002FD8, Value 0x00000000
  Item #3, AP 0, Addr 0xE0002FDC, Value 0x00000000
  Item #4, AP 0, Addr 0xE0002FE0, Value 0x00000003
  Item #5, AP 0, Addr 0xE0002FE4, Value 0x000000B0
  Item #6, AP 0, Addr 0xE0002FE8, Value 0x0000002B
  Item #7, AP 0, Addr 0xE0002FEC, Value 0x00000000
21:25:00:326 (20/03/2026) - ROM TABLE: Detected FPB (ARMv7-M) at address 0xE0002000 (PID 0x00000004002BB003, CID 0xB105E00D)
21:25:00:327 (20/03/2026) - READ  MEM Access, AP 0x00000000, Addr 0xE00FF00C, Val 0xFFF01003, "DAP Read Memory (32 bit) - Success" - ID 20
21:25:00:332 (20/03/2026) - READ  MEM BLOCK Access, AP 0x00000000, Start Addr 0xE0000FF0, End Addr 0xE0000FFF, "DAP Read Memory Block - Success" - ID 21
  Item #0, AP 0, Addr 0xE0000FF0, Value 0x0000000D
  Item #1, AP 0, Addr 0xE0000FF4, Value 0x000000E0
  Item #2, AP 0, Addr 0xE0000FF8, Value 0x00000005
  Item #3, AP 0, Addr 0xE0000FFC, Value 0x000000B1
21:25:00:335 (20/03/2026) - READ  MEM BLOCK Access, AP 0x00000000, Start Addr 0xE0000FD0, End Addr 0xE0000FEF, "DAP Read Memory Block - Success" - ID 22
  Item #0, AP 0, Addr 0xE0000FD0, Value 0x00000004
  Item #1, AP 0, Addr 0xE0000FD4, Value 0x00000000
  Item #2, AP 0, Addr 0xE0000FD8, Value 0x00000000
  Item #3, AP 0, Addr 0xE0000FDC, Value 0x00000000
  Item #4, AP 0, Addr 0xE0000FE0, Value 0x00000001
  Item #5, AP 0, Addr 0xE0000FE4, Value 0x000000B0
  Item #6, AP 0, Addr 0xE0000FE8, Value 0x0000003B
  Item #7, AP 0, Addr 0xE0000FEC, Value 0x00000000
21:25:00:335 (20/03/2026) - ROM TABLE: Detected ITM (ARMv7-M) at address 0xE0000000 (PID 0x00000004003BB001, CID 0xB105E00D)
21:25:00:335 (20/03/2026) - READ  MEM Access, AP 0x00000000, Addr 0xE00FF010, Val 0xFFF41003, "DAP Read Memory (32 bit) - Success" - ID 23
21:25:00:338 (20/03/2026) - READ  MEM BLOCK Access, AP 0x00000000, Start Addr 0xE0040FF0, End Addr 0xE0040FFF, "DAP Read Memory Block - Success" - ID 24
  Item #0, AP 0, Addr 0xE0040FF0, Value 0x0000000D
  Item #1, AP 0, Addr 0xE0040FF4, Value 0x00000090
  Item #2, AP 0, Addr 0xE0040FF8, Value 0x00000005
  Item #3, AP 0, Addr 0xE0040FFC, Value 0x000000B1
21:25:00:340 (20/03/2026) - READ  MEM BLOCK Access, AP 0x00000000, Start Addr 0xE0040FD0, End Addr 0xE0040FEF, "DAP Read Memory Block - Success" - ID 25
  Item #0, AP 0, Addr 0xE0040FD0, Value 0x00000004
  Item #1, AP 0, Addr 0xE0040FD4, Value 0x00000000
  Item #2, AP 0, Addr 0xE0040FD8, Value 0x00000000
  Item #3, AP 0, Addr 0xE0040FDC, Value 0x00000000
  Item #4, AP 0, Addr 0xE0040FE0, Value 0x000000A1
  Item #5, AP 0, Addr 0xE0040FE4, Value 0x000000B9
  Item #6, AP 0, Addr 0xE0040FE8, Value 0x0000000B
  Item #7, AP 0, Addr 0xE0040FEC, Value 0x00000000
21:25:00:340 (20/03/2026) - ROM TABLE: Detected TPIU (Cortex-M4) at address 0xE0040000 (PID 0x00000004000BB9A1, CID 0xB105900D)
21:25:00:341 (20/03/2026) - READ  MEM Access, AP 0x00000000, Addr 0xE00FF014, Val 0xFFF42003, "DAP Read Memory (32 bit) - Success" - ID 26
21:25:00:343 (20/03/2026) - READ  MEM BLOCK Access, AP 0x00000000, Start Addr 0xE0041FF0, End Addr 0xE0041FFF, "DAP Read Memory Block - Success" - ID 27
  Item #0, AP 0, Addr 0xE0041FF0, Value 0x0000000D
  Item #1, AP 0, Addr 0xE0041FF4, Value 0x00000090
  Item #2, AP 0, Addr 0xE0041FF8, Value 0x00000005
  Item #3, AP 0, Addr 0xE0041FFC, Value 0x000000B1
21:25:00:345 (20/03/2026) - READ  MEM BLOCK Access, AP 0x00000000, Start Addr 0xE0041FD0, End Addr 0xE0041FEF, "DAP Read Memory Block - Success" - ID 28
  Item #0, AP 0, Addr 0xE0041FD0, Value 0x00000004
  Item #1, AP 0, Addr 0xE0041FD4, Value 0x00000000
  Item #2, AP 0, Addr 0xE0041FD8, Value 0x00000000
  Item #3, AP 0, Addr 0xE0041FDC, Value 0x00000000
  Item #4, AP 0, Addr 0xE0041FE0, Value 0x00000025
  Item #5, AP 0, Addr 0xE0041FE4, Value 0x000000B9
  Item #6, AP 0, Addr 0xE0041FE8, Value 0x0000000B
  Item #7, AP 0, Addr 0xE0041FEC, Value 0x00000000
21:25:00:345 (20/03/2026) - ROM TABLE: Detected ETM (Cortex-M4) at address 0xE0041000 (PID 0x00000004000BB925, CID 0xB105900D)
21:25:00:347 (20/03/2026) - READ  MEM Access, AP 0x00000000, Addr 0xE00FF018, Val 0x00000000, "DAP Read Memory (32 bit) - Success" - ID 29
21:25:00:347 (20/03/2026) - READ  MEM Access, AP 0x00000000, Addr 0xE000ED00, Val 0x410FC241, "DAP Read Memory (32 bit) - Success" - ID 30
21:25:00:352 (20/03/2026) - READ  MEM Access, AP 0x00000000, Addr 0xE000EF40, Val 0x10110021, "DAP Read Memory (32 bit) - Success" - ID 31
21:25:00:353 (20/03/2026) - READ  MEM Access, AP 0x00000000, Addr 0xE000EF44, Val 0x11000011, "DAP Read Memory (32 bit) - Success" - ID 32
21:25:00:354 (20/03/2026) - READ  DP  Access, Addr 0x00000004, Val 0xF0000F00, "DAP Read DP - Success" - ID 33
21:25:00:354 (20/03/2026) - WRITE MEM Access, AP 0x00000000, Addr 0xE000EDFC, Val 0x00000001, "DAP Write Memory (32 bit) - Success" - ID 34
21:25:00:355 (20/03/2026) - WRITE MEM Access, AP 0x00000000, Addr 0xE000EDF0, Val 0xA05F0003, "DAP Write Memory (32 bit) - Success" - ID 35
21:25:00:357 (20/03/2026) - WRITE MEM Access, AP 0x00000000, Addr 0xE000EDFC, Val 0x01000001, "DAP Write Memory (32 bit) - Success" - ID 36
21:25:00:357 (20/03/2026) - READ  MEM Access, AP 0x00000000, Addr 0xE0002000, Val 0x00000260, "DAP Read Memory (32 bit) - Success" - ID 37
21:25:00:358 (20/03/2026) - READ  MEM Access, AP 0x00000000, Addr 0xE0001000, Val 0x40000000, "DAP Read Memory (32 bit) - Success" - ID 38
21:25:00:359 (20/03/2026) - WRITE MEM Access, AP 0x00000000, Addr 0xE0001024, Val 0x0000001F, "DAP Write Memory (32 bit) - Success" - ID 39
21:25:00:360 (20/03/2026) - READ  MEM Access, AP 0x00000000, Addr 0xE0001024, Val 0x0000000F, "DAP Read Memory (32 bit) - Success" - ID 40
21:25:00:360 (20/03/2026) - WRITE MEM Access, AP 0x00000000, Addr 0xE0001024, Val 0x00000000, "DAP Write Memory (32 bit) - Success" - ID 41
21:25:00:361 (20/03/2026) - WRITE MEM Access, AP 0x00000000, Addr 0xE0001028, Val 0x00000100, "DAP Write Memory (32 bit) - Success" - ID 42
21:25:00:362 (20/03/2026) - READ  MEM Access, AP 0x00000000, Addr 0xE0001028, Val 0x00000000, "DAP Read Memory (32 bit) - Success" - ID 43
21:25:00:363 (20/03/2026) - WRITE MEM Access, AP 0x00000000, Addr 0xE0001028, Val 0x00000080, "DAP Write Memory (32 bit) - Success" - ID 44
21:25:00:364 (20/03/2026) - READ  MEM Access, AP 0x00000000, Addr 0xE0001028, Val 0x00000080, "DAP Read Memory (32 bit) - Success" - ID 45
21:25:00:364 (20/03/2026) - WRITE MEM Access, AP 0x00000000, Addr 0xE0001028, Val 0x00000000, "DAP Write Memory (32 bit) - Success" - ID 46
21:25:00:365 (20/03/2026) - WRITE MEM Access, AP 0x00000000, Addr 0xE0001038, Val 0x00000100, "DAP Write Memory (32 bit) - Success" - ID 47
21:25:00:366 (20/03/2026) - READ  MEM Access, AP 0x00000000, Addr 0xE0001038, Val 0x00000300, "DAP Read Memory (32 bit) - Success" - ID 48
21:25:00:367 (20/03/2026) - WRITE MEM Access, AP 0x00000000, Addr 0xE0001038, Val 0x00000080, "DAP Write Memory (32 bit) - Success" - ID 49
21:25:00:367 (20/03/2026) - READ  MEM Access, AP 0x00000000, Addr 0xE0001038, Val 0x00000200, "DAP Read Memory (32 bit) - Success" - ID 50
21:25:00:370 (20/03/2026) - WRITE MEM Access, AP 0x00000000, Addr 0xE0001038, Val 0x00000000, "DAP Write Memory (32 bit) - Success" - ID 51
21:25:00:372 (20/03/2026) - WRITE MEM Access, AP 0x00000000, Addr 0xE0001048, Val 0x00000100, "DAP Write Memory (32 bit) - Success" - ID 52
21:25:00:373 (20/03/2026) - READ  MEM Access, AP 0x00000000, Addr 0xE0001048, Val 0x00000000, "DAP Read Memory (32 bit) - Success" - ID 53
21:25:00:373 (20/03/2026) - WRITE MEM Access, AP 0x00000000, Addr 0xE0001048, Val 0x00000080, "DAP Write Memory (32 bit) - Success" - ID 54
21:25:00:374 (20/03/2026) - READ  MEM Access, AP 0x00000000, Addr 0xE0001048, Val 0x00000000, "DAP Read Memory (32 bit) - Success" - ID 55
21:25:00:375 (20/03/2026) - WRITE MEM Access, AP 0x00000000, Addr 0xE0001048, Val 0x00000000, "DAP Write Memory (32 bit) - Success" - ID 56
21:25:00:375 (20/03/2026) - WRITE MEM Access, AP 0x00000000, Addr 0xE0001058, Val 0x00000100, "DAP Write Memory (32 bit) - Success" - ID 57
21:25:00:376 (20/03/2026) - READ  MEM Access, AP 0x00000000, Addr 0xE0001058, Val 0x00000000, "DAP Read Memory (32 bit) - Success" - ID 58
21:25:00:378 (20/03/2026) - WRITE MEM Access, AP 0x00000000, Addr 0xE0001058, Val 0x00000080, "DAP Write Memory (32 bit) - Success" - ID 59
21:25:00:379 (20/03/2026) - READ  MEM Access, AP 0x00000000, Addr 0xE0001058, Val 0x00000000, "DAP Read Memory (32 bit) - Success" - ID 60
21:25:00:380 (20/03/2026) - WRITE MEM Access, AP 0x00000000, Addr 0xE0001058, Val 0x00000000, "DAP Write Memory (32 bit) - Success" - ID 61
21:25:00:381 (20/03/2026) - WRITE MEM Access, AP 0x00000000, Addr 0xE0002000, Val 0x00000002, "DAP Write Memory (32 bit) - Success" - ID 62
21:25:00:381 (20/03/2026) - WRITE MEM Access, AP 0x00000000, Addr 0xE0001028, Val 0x00000000, "DAP Write Memory (32 bit) - Success" - ID 63
21:25:00:382 (20/03/2026) - WRITE MEM Access, AP 0x00000000, Addr 0xE0001038, Val 0x00000000, "DAP Write Memory (32 bit) - Success" - ID 64
21:25:00:383 (20/03/2026) - WRITE MEM Access, AP 0x00000000, Addr 0xE0001048, Val 0x00000000, "DAP Write Memory (32 bit) - Success" - ID 65
21:25:00:383 (20/03/2026) - WRITE MEM Access, AP 0x00000000, Addr 0xE0001058, Val 0x00000000, "DAP Write Memory (32 bit) - Success" - ID 66
21:25:00:384 (20/03/2026) - READ  MEM Access, AP 0x00000000, Addr 0xE000E004, Val 0x00000004, "DAP Read Memory (32 bit) - Success" - ID 67
21:25:00:387 (20/03/2026) - WRITE MEM BLOCK Access, AP 0x00000000, Start Addr 0xE0001000, End Addr 0xE000101B, "DAP Write Memory Block - Success" - ID 68
  Item #0, AP 0, Addr 0xE0001000, Value 0x00000001
  Item #1, AP 0, Addr 0xE0001004, Value 0x00000000
  Item #2, AP 0, Addr 0xE0001008, Value 0x00000000
  Item #3, AP 0, Addr 0xE000100C, Value 0x00000000
  Item #4, AP 0, Addr 0xE0001010, Value 0x00000000
  Item #5, AP 0, Addr 0xE0001014, Value 0x00000000
  Item #6, AP 0, Addr 0xE0001018, Value 0x00000000
21:25:00:388 (20/03/2026) - WRITE MEM Access, AP 0x00000000, Addr 0xE000EDFC, Val 0x00000001, "DAP Write Memory (32 bit) - Success" - ID 69
21:25:00:388 (20/03/2026) - READ  MEM Access, AP 0x00000000, Addr 0xE000EDF0, Val 0x03030003, "DAP Read Memory (32 bit) - Success" - ID 70
21:25:00:390 (20/03/2026) - WRITE MEM Access, AP 0x00000000, Addr 0xE000ED0C, Val 0x05FA0004, "DAP Write Memory (32 bit) - Success" - ID 71
21:25:00:391 (20/03/2026) - READ  MEM Access, AP 0x00000000, Addr 0xE000EDF0, Val 0x02030003, "DAP Read Memory (32 bit) - Success" - ID 72
21:25:00:392 (20/03/2026) - READ  MEM Access, AP 0x00000000, Addr 0xE000EDF0, Val 0x00030003, "DAP Read Memory (32 bit) - Success" - ID 73
21:25:00:393 (20/03/2026) - READ  MEM Access, AP 0x00000000, Addr 0xE000EDF0, Val 0x00030003, "DAP Read Memory (32 bit) - Success" - ID 74
21:25:00:394 (20/03/2026) - READ  MEM Access, AP 0x00000000, Addr 0xE000EDF0, Val 0x00030003, "DAP Read Memory (32 bit) - Success" - ID 75
21:25:00:398 (20/03/2026) - READ  MEM Access, AP 0x00000000, Addr 0xE000EDF0, Val 0x00030003, "DAP Read Memory (32 bit) - Success" - ID 76
21:25:00:405 (20/03/2026) - WRITE MEM BLOCK Access, AP 0x00000000, Start Addr 0x20000000, End Addr 0x20000127, "DAP Write Memory Block - Success" - ID 77
  Item #0, AP 0, Addr 0x20000000, Value 0xE00ABE00
  Item #1, AP 0, Addr 0x20000004, Value 0x062D780D
  Item #2, AP 0, Addr 0x20000008, Value 0x24084068
  Item #3, AP 0, Addr 0x2000000C, Value 0xD3000040
  Item #4, AP 0, Addr 0x20000010, Value 0x1E644058
  Item #5, AP 0, Addr 0x20000014, Value 0x1C49D1FA
  Item #6, AP 0, Addr 0x20000018, Value 0x2A001E52
  Item #7, AP 0, Addr 0x2000001C, Value 0x4770D1F2
  Item #8, AP 0, Addr 0x20000020, Value 0x7803E005
  Item #9, AP 0, Addr 0x20000024, Value 0x42931C40
  Item #10, AP 0, Addr 0x20000028, Value 0x2001D001
  Item #11, AP 0, Addr 0x2000002C, Value 0x1E494770
  Item #12, AP 0, Addr 0x20000030, Value 0x2000D2F7
  Item #13, AP 0, Addr 0x20000034, Value 0x00004770
  Item #14, AP 0, Addr 0x20000038, Value 0x49340A88
  Item #15, AP 0, Addr 0x2000003C, Value 0x0D004348
  Item #16, AP 0, Addr 0x20000040, Value 0x1E404933
  Item #17, AP 0, Addr 0x20000044, Value 0x49326008
  Item #18, AP 0, Addr 0x20000048, Value 0x39802001
  Item #19, AP 0, Addr 0x2000004C, Value 0x20006308
  Item #20, AP 0, Addr 0x20000050, Value 0x20004770
  Item #21, AP 0, Addr 0x20000054, Value 0x482F4770
  Item #22, AP 0, Addr 0x20000058, Value 0x61412101
  Item #23, AP 0, Addr 0x2000005C, Value 0x6081492E
  Item #24, AP 0, Addr 0x20000060, Value 0x07496881
  Item #25, AP 0, Addr 0x20000064, Value 0x68C0D4FC
  Item #26, AP 0, Addr 0x20000068, Value 0xD00007C0
  Item #27, AP 0, Addr 0x2000006C, Value 0x47702001
  Item #28, AP 0, Addr 0x20000070, Value 0xD10C0581
  Item #29, AP 0, Addr 0x20000074, Value 0x22014927
  Item #30, AP 0, Addr 0x20000078, Value 0x6008614A
  Item #31, AP 0, Addr 0x2000007C, Value 0x1E804826
  Item #32, AP 0, Addr 0x20000080, Value 0x68886088
  Item #33, AP 0, Addr 0x20000084, Value 0xD4FC0780
  Item #34, AP 0, Addr 0x20000088, Value 0x07C068C8
  Item #35, AP 0, Addr 0x2000008C, Value 0x2001D000
  Item #36, AP 0, Addr 0x20000090, Value 0xB5F04770
  Item #37, AP 0, Addr 0x20000094, Value 0xD1370783
  Item #38, AP 0, Addr 0x20000098, Value 0x08891CC9
  Item #39, AP 0, Addr 0x2000009C, Value 0x4D1D0089
  Item #40, AP 0, Addr 0x200000A0, Value 0x616B2301
  Item #41, AP 0, Addr 0x200000A4, Value 0x33404B1A
  Item #42, AP 0, Addr 0x200000A8, Value 0x4C1C6A1B
  Item #43, AP 0, Addr 0x200000AC, Value 0xD02607DB
  Item #44, AP 0, Addr 0x200000B0, Value 0x237C4E1B
  Item #45, AP 0, Addr 0x200000B4, Value 0xD0242900
  Item #46, AP 0, Addr 0x200000B8, Value 0x01E409C4
  Item #47, AP 0, Addr 0x200000BC, Value 0xE006602C
  Item #48, AP 0, Addr 0x200000C0, Value 0xCA104607
  Item #49, AP 0, Addr 0x200000C4, Value 0x19BF401F
  Item #50, AP 0, Addr 0x200000C8, Value 0x1D00603C
  Item #51, AP 0, Addr 0x200000CC, Value 0x06441F09
  Item #52, AP 0, Addr 0x200000D0, Value 0xD1020EE4
  Item #53, AP 0, Addr 0x200000D4, Value 0x2C006B2C
  Item #54, AP 0, Addr 0x200000D8, Value 0x2900D101
  Item #55, AP 0, Addr 0x200000DC, Value 0x4C0FD1F0
  Item #56, AP 0, Addr 0x200000E0, Value 0x6A2C622C
  Item #57, AP 0, Addr 0x200000E4, Value 0xD1FC07E4
  Item #58, AP 0, Addr 0x200000E8, Value 0x6028E7E4
  Item #59, AP 0, Addr 0x200000EC, Value 0x606B6813
  Item #60, AP 0, Addr 0x200000F0, Value 0x68AB60AC
  Item #61, AP 0, Addr 0x200000F4, Value 0xD1FC07DB
  Item #62, AP 0, Addr 0x200000F8, Value 0x1D121D00
  Item #63, AP 0, Addr 0x200000FC, Value 0x29001F09
  Item #64, AP 0, Addr 0x20000100, Value 0x68E8D1F3
  Item #65, AP 0, Addr 0x20000104, Value 0xD00007C0
  Item #66, AP 0, Addr 0x20000108, Value 0xBDF02001
  Item #67, AP 0, Addr 0x2000010C, Value 0x00000432
  Item #68, AP 0, Addr 0x20000110, Value 0x400FE140
  Item #69, AP 0, Addr 0x20000114, Value 0x400FD000
  Item #70, AP 0, Addr 0x20000118, Value 0xA4420004
  Item #71, AP 0, Addr 0x2000011C, Value 0xA4420001
  Item #72, AP 0, Addr 0x20000120, Value 0x400FD100
  Item #73, AP 0, Addr 0x20000124, Value 0x00000000
21:25:00:411 (20/03/2026) - READ  MEM BLOCK Access, AP 0x00000000, Start Addr 0x20000000, End Addr 0x20000127, "DAP Read Memory Block - Success" - ID 78
  Item #0, AP 0, Addr 0x20000000, Value 0xE00ABE00
  Item #1, AP 0, Addr 0x20000004, Value 0x062D780D
  Item #2, AP 0, Addr 0x20000008, Value 0x24084068
  Item #3, AP 0, Addr 0x2000000C, Value 0xD3000040
  Item #4, AP 0, Addr 0x20000010, Value 0x1E644058
  Item #5, AP 0, Addr 0x20000014, Value 0x1C49D1FA
  Item #6, AP 0, Addr 0x20000018, Value 0x2A001E52
  Item #7, AP 0, Addr 0x2000001C, Value 0x4770D1F2
  Item #8, AP 0, Addr 0x20000020, Value 0x7803E005
  Item #9, AP 0, Addr 0x20000024, Value 0x42931C40
  Item #10, AP 0, Addr 0x20000028, Value 0x2001D001
  Item #11, AP 0, Addr 0x2000002C, Value 0x1E494770
  Item #12, AP 0, Addr 0x20000030, Value 0x2000D2F7
  Item #13, AP 0, Addr 0x20000034, Value 0x00004770
  Item #14, AP 0, Addr 0x20000038, Value 0x49340A88
  Item #15, AP 0, Addr 0x2000003C, Value 0x0D004348
  Item #16, AP 0, Addr 0x20000040, Value 0x1E404933
  Item #17, AP 0, Addr 0x20000044, Value 0x49326008
  Item #18, AP 0, Addr 0x20000048, Value 0x39802001
  Item #19, AP 0, Addr 0x2000004C, Value 0x20006308
  Item #20, AP 0, Addr 0x20000050, Value 0x20004770
  Item #21, AP 0, Addr 0x20000054, Value 0x482F4770
  Item #22, AP 0, Addr 0x20000058, Value 0x61412101
  Item #23, AP 0, Addr 0x2000005C, Value 0x6081492E
  Item #24, AP 0, Addr 0x20000060, Value 0x07496881
  Item #25, AP 0, Addr 0x20000064, Value 0x68C0D4FC
  Item #26, AP 0, Addr 0x20000068, Value 0xD00007C0
  Item #27, AP 0, Addr 0x2000006C, Value 0x47702001
  Item #28, AP 0, Addr 0x20000070, Value 0xD10C0581
  Item #29, AP 0, Addr 0x20000074, Value 0x22014927
  Item #30, AP 0, Addr 0x20000078, Value 0x6008614A
  Item #31, AP 0, Addr 0x2000007C, Value 0x1E804826
  Item #32, AP 0, Addr 0x20000080, Value 0x68886088
  Item #33, AP 0, Addr 0x20000084, Value 0xD4FC0780
  Item #34, AP 0, Addr 0x20000088, Value 0x07C068C8
  Item #35, AP 0, Addr 0x2000008C, Value 0x2001D000
  Item #36, AP 0, Addr 0x20000090, Value 0xB5F04770
  Item #37, AP 0, Addr 0x20000094, Value 0xD1370783
  Item #38, AP 0, Addr 0x20000098, Value 0x08891CC9
  Item #39, AP 0, Addr 0x2000009C, Value 0x4D1D0089
  Item #40, AP 0, Addr 0x200000A0, Value 0x616B2301
  Item #41, AP 0, Addr 0x200000A4, Value 0x33404B1A
  Item #42, AP 0, Addr 0x200000A8, Value 0x4C1C6A1B
  Item #43, AP 0, Addr 0x200000AC, Value 0xD02607DB
  Item #44, AP 0, Addr 0x200000B0, Value 0x237C4E1B
  Item #45, AP 0, Addr 0x200000B4, Value 0xD0242900
  Item #46, AP 0, Addr 0x200000B8, Value 0x01E409C4
  Item #47, AP 0, Addr 0x200000BC, Value 0xE006602C
  Item #48, AP 0, Addr 0x200000C0, Value 0xCA104607
  Item #49, AP 0, Addr 0x200000C4, Value 0x19BF401F
  Item #50, AP 0, Addr 0x200000C8, Value 0x1D00603C
  Item #51, AP 0, Addr 0x200000CC, Value 0x06441F09
  Item #52, AP 0, Addr 0x200000D0, Value 0xD1020EE4
  Item #53, AP 0, Addr 0x200000D4, Value 0x2C006B2C
  Item #54, AP 0, Addr 0x200000D8, Value 0x2900D101
  Item #55, AP 0, Addr 0x200000DC, Value 0x4C0FD1F0
  Item #56, AP 0, Addr 0x200000E0, Value 0x6A2C622C
  Item #57, AP 0, Addr 0x200000E4, Value 0xD1FC07E4
  Item #58, AP 0, Addr 0x200000E8, Value 0x6028E7E4
  Item #59, AP 0, Addr 0x200000EC, Value 0x606B6813
  Item #60, AP 0, Addr 0x200000F0, Value 0x68AB60AC
  Item #61, AP 0, Addr 0x200000F4, Value 0xD1FC07DB
  Item #62, AP 0, Addr 0x200000F8, Value 0x1D121D00
  Item #63, AP 0, Addr 0x200000FC, Value 0x29001F09
  Item #64, AP 0, Addr 0x20000100, Value 0x68E8D1F3
  Item #65, AP 0, Addr 0x20000104, Value 0xD00007C0
  Item #66, AP 0, Addr 0x20000108, Value 0xBDF02001
  Item #67, AP 0, Addr 0x2000010C, Value 0x00000432
  Item #68, AP 0, Addr 0x20000110, Value 0x400FE140
  Item #69, AP 0, Addr 0x20000114, Value 0x400FD000
  Item #70, AP 0, Addr 0x20000118, Value 0xA4420004
  Item #71, AP 0, Addr 0x2000011C, Value 0xA4420001
  Item #72, AP 0, Addr 0x20000120, Value 0x400FD100
  Item #73, AP 0, Addr 0x20000124, Value 0x00000000
21:25:00:425 (20/03/2026) - READ  MEM Access, AP 0x00000000, Addr 0xE000EDF0, Val 0x01030003, "DAP Read Memory (32 bit) - Success" - ID 79
21:25:00:440 (20/03/2026) - READ  MEM Access, AP 0x00000000, Addr 0xE000EDF0, Val 0x01030003, "DAP Read Memory (32 bit) - Success" - ID 80
21:25:00:449 (20/03/2026) - READ  MEM Access, AP 0x00000000, Addr 0xE000EDF0, Val 0x00000000, "DAP Read Memory (32 bit) - Success" - ID 81
21:25:00:455 (20/03/2026) - READ  MEM Access, AP 0x00000000, Addr 0xE000EDF0, Val 0x00000000, "DAP Read Memory (32 bit) - Success" - ID 82
21:25:00:456 (20/03/2026) - READ  MEM Access, AP 0x00000000, Addr 0xE000EDF0, Val 0x00000000, "DAP Read Memory (32 bit) - Success" - ID 83
21:25:00:459 (20/03/2026) - READ  MEM Access, AP 0x00000000, Addr 0xE000EDF0, Val 0x00000000, "DAP Read Memory (32 bit) - Success" - ID 84
21:25:00:461 (20/03/2026) - READ  MEM Access, AP 0x00000000, Addr 0xE000EDF0, Val 0x00000000, "DAP Read Memory (32 bit) - Success" - ID 85
21:25:00:464 (20/03/2026) - READ  MEM Access, AP 0x00000000, Addr 0xE000EDF0, Val 0x00000000, "DAP Read Memory (32 bit) - Success" - ID 86
21:25:00:470 (20/03/2026) - READ  MEM Access, AP 0x00000000, Addr 0xE000EDF0, Val 0x00000000, "DAP Read Memory (32 bit) - Success" - ID 87
21:25:00:475 (20/03/2026) - READ  MEM Access, AP 0x00000000, Addr 0xE000EDF0, Val 0x00000000, "DAP Read Memory (32 bit) - Success" - ID 88
21:25:00:478 (20/03/2026) - READ  MEM Access, AP 0x00000000, Addr 0xE000EDF0, Val 0x00000000, "DAP Read Memory (32 bit) - Success" - ID 89
21:25:00:479 (20/03/2026) - READ  MEM Access, AP 0x00000000, Addr 0xE000EDF0, Val 0x00000000, "DAP Read Memory (32 bit) - Success" - ID 90
21:25:00:485 (20/03/2026) - READ  MEM Access, AP 0x00000000, Addr 0xE000EDF0, Val 0x00000000, "DAP Read Memory (32 bit) - Success" - ID 91
21:25:00:492 (20/03/2026) - READ  MEM Access, AP 0x00000000, Addr 0xE000EDF0, Val 0x00000000, "DAP Read Memory (32 bit) - Success" - ID 92
21:25:00:493 (20/03/2026) - READ  MEM Access, AP 0x00000000, Addr 0xE000EDF0, Val 0x00000000, "DAP Read Memory (32 bit) - Success" - ID 93
21:25:00:496 (20/03/2026) - READ  MEM Access, AP 0x00000000, Addr 0xE000EDF0, Val 0x00000000, "DAP Read Memory (32 bit) - Success" - ID 94
21:25:00:499 (20/03/2026) - READ  MEM Access, AP 0x00000000, Addr 0xE000EDF0, Val 0x00000000, "DAP Read Memory (32 bit) - Success" - ID 95
21:25:00:501 (20/03/2026) - READ  MEM Access, AP 0x00000000, Addr 0xE000EDF0, Val 0x00000000, "DAP Read Memory (32 bit) - Success" - ID 96
21:25:00:507 (20/03/2026) - READ  MEM Access, AP 0x00000000, Addr 0xE000EDF0, Val 0x00000000, "DAP Read Memory (32 bit) - Success" - ID 97
21:25:00:508 (20/03/2026) - READ  MEM Access, AP 0x00000000, Addr 0xE000EDF0, Val 0x00000000, "DAP Read Memory (32 bit) - Success" - ID 98
21:25:00:511 (20/03/2026) - READ  MEM Access, AP 0x00000000, Addr 0xE000EDF0, Val 0x00000000, "DAP Read Memory (32 bit) - Success" - ID 99
21:25:00:514 (20/03/2026) - READ  MEM Access, AP 0x00000000, Addr 0xE000EDF0, Val 0x00000000, "DAP Read Memory (32 bit) - Success" - ID 100
21:25:00:515 (20/03/2026) - READ  MEM Access, AP 0x00000000, Addr 0xE000EDF0, Val 0x00000000, "DAP Read Memory (32 bit) - Success" - ID 101
21:25:00:515 (20/03/2026) - READ  MEM Access, AP 0x00000000, Addr 0xE000EDF0, Val 0x00000000, "DAP Read Memory (32 bit) - Success" - ID 102
21:25:00:517 (20/03/2026) - READ  MEM Access, AP 0x00000000, Addr 0xE000EDF0, Val 0x00000000, "DAP Read Memory (32 bit) - Success" - ID 103
21:25:00:519 (20/03/2026) - READ  MEM Access, AP 0x00000000, Addr 0xE000EDF0, Val 0x00000000, "DAP Read Memory (32 bit) - Success" - ID 104
21:25:00:520 (20/03/2026) - READ  MEM Access, AP 0x00000000, Addr 0xE000EDF0, Val 0x00000000, "DAP Read Memory (32 bit) - Success" - ID 105
21:25:00:521 (20/03/2026) - READ  MEM Access, AP 0x00000000, Addr 0xE000EDF0, Val 0x00000000, "DAP Read Memory (32 bit) - Success" - ID 106
21:25:00:524 (20/03/2026) - READ  MEM Access, AP 0x00000000, Addr 0xE000EDF0, Val 0x00000000, "DAP Read Memory (32 bit) - Success" - ID 107
21:25:00:526 (20/03/2026) - READ  MEM Access, AP 0x00000000, Addr 0xE000EDF0, Val 0x00000000, "DAP Read Memory (32 bit) - Success" - ID 108
21:25:00:529 (20/03/2026) - READ  MEM Access, AP 0x00000000, Addr 0xE000EDF0, Val 0x00000000, "DAP Read Memory (32 bit) - Success" - ID 109
21:25:00:530 (20/03/2026) - READ  MEM Access, AP 0x00000000, Addr 0xE000EDF0, Val 0x00000000, "DAP Read Memory (32 bit) - Success" - ID 110
21:25:00:531 (20/03/2026) - READ  MEM Access, AP 0x00000000, Addr 0xE000EDF0, Val 0x00000000, "DAP Read Memory (32 bit) - Success" - ID 111
21:25:00:531 (20/03/2026) - READ  MEM Access, AP 0x00000000, Addr 0xE000EDF0, Val 0x00000000, "DAP Read Memory (32 bit) - Success" - ID 112
21:25:00:532 (20/03/2026) - READ  MEM Access, AP 0x00000000, Addr 0xE000EDF0, Val 0x00000000, "DAP Read Memory (32 bit) - Success" - ID 113
21:25:00:535 (20/03/2026) - READ  MEM Access, AP 0x00000000, Addr 0xE000EDF0, Val 0x00000000, "DAP Read Memory (32 bit) - Success" - ID 114
21:25:00:537 (20/03/2026) - READ  MEM Access, AP 0x00000000, Addr 0xE000EDF0, Val 0x00000000, "DAP Read Memory (32 bit) - Success" - ID 115
21:25:00:537 (20/03/2026) - READ  MEM Access, AP 0x00000000, Addr 0xE000EDF0, Val 0x00000000, "DAP Read Memory (32 bit) - Success" - ID 116
21:25:00:538 (20/03/2026) - READ  MEM Access, AP 0x00000000, Addr 0xE000EDF0, Val 0x00000000, "DAP Read Memory (32 bit) - Success" - ID 117
21:25:00:539 (20/03/2026) - READ  MEM Access, AP 0x00000000, Addr 0xE000EDF0, Val 0x00000000, "DAP Read Memory (32 bit) - Success" - ID 118
21:25:00:540 (20/03/2026) - READ  MEM Access, AP 0x00000000, Addr 0xE000EDF0, Val 0x00000000, "DAP Read Memory (32 bit) - Success" - ID 119
21:25:00:542 (20/03/2026) - READ  MEM Access, AP 0x00000000, Addr 0xE000EDF0, Val 0x00000000, "DAP Read Memory (32 bit) - Success" - ID 120
21:25:00:544 (20/03/2026) - READ  MEM Access, AP 0x00000000, Addr 0xE000EDF0, Val 0x00000000, "DAP Read Memory (32 bit) - Success" - ID 121
21:25:00:545 (20/03/2026) - READ  MEM Access, AP 0x00000000, Addr 0xE000EDF0, Val 0x00000000, "DAP Read Memory (32 bit) - Success" - ID 122
21:25:00:547 (20/03/2026) - READ  MEM Access, AP 0x00000000, Addr 0xE000EDF0, Val 0x00000000, "DAP Read Memory (32 bit) - Success" - ID 123
21:25:00:548 (20/03/2026) - READ  MEM Access, AP 0x00000000, Addr 0xE000EDF0, Val 0x00000000, "DAP Read Memory (32 bit) - Success" - ID 124
21:25:00:549 (20/03/2026) - READ  MEM Access, AP 0x00000000, Addr 0xE000EDF0, Val 0x00000000, "DAP Read Memory (32 bit) - Success" - ID 125
21:25:00:550 (20/03/2026) - READ  MEM Access, AP 0x00000000, Addr 0xE000EDF0, Val 0x00000000, "DAP Read Memory (32 bit) - Success" - ID 126
21:25:00:551 (20/03/2026) - READ  MEM Access, AP 0x00000000, Addr 0xE000EDF0, Val 0x00000000, "DAP Read Memory (32 bit) - Success" - ID 127
21:25:00:551 (20/03/2026) - READ  MEM Access, AP 0x00000000, Addr 0xE000EDF0, Val 0x00000000, "DAP Read Memory (32 bit) - Success" - ID 128
21:25:00:552 (20/03/2026) - READ  MEM Access, AP 0x00000000, Addr 0xE000EDF0, Val 0x00000000, "DAP Read Memory (32 bit) - Success" - ID 129
21:25:00:558 (20/03/2026) - READ  MEM Access, AP 0x00000000, Addr 0xE000EDF0, Val 0x00000000, "DAP Read Memory (32 bit) - Success" - ID 130
21:25:00:562 (20/03/2026) - READ  MEM Access, AP 0x00000000, Addr 0xE000EDF0, Val 0x00000000, "DAP Read Memory (32 bit) - Success" - ID 131
21:25:00:570 (20/03/2026) - READ  MEM Access, AP 0x00000000, Addr 0xE000EDF0, Val 0x00000000, "DAP Read Memory (32 bit) - Success" - ID 132
21:25:00:571 (20/03/2026) - READ  MEM Access, AP 0x00000000, Addr 0xE000EDF0, Val 0x00000000, "DAP Read Memory (32 bit) - Success" - ID 133
21:25:00:577 (20/03/2026) - READ  MEM Access, AP 0x00000000, Addr 0xE000EDF0, Val 0x00000000, "DAP Read Memory (32 bit) - Success" - ID 134
21:25:00:578 (20/03/2026) - READ  MEM Access, AP 0x00000000, Addr 0xE000EDF0, Val 0x00000000, "DAP Read Memory (32 bit) - Success" - ID 135
21:25:00:579 (20/03/2026) - READ  MEM Access, AP 0x00000000, Addr 0xE000EDF0, Val 0x00000000, "DAP Read Memory (32 bit) - Success" - ID 136
21:25:00:580 (20/03/2026) - READ  MEM Access, AP 0x00000000, Addr 0xE000EDF0, Val 0x00000000, "DAP Read Memory (32 bit) - Success" - ID 137
21:25:00:580 (20/03/2026) - READ  MEM Access, AP 0x00000000, Addr 0xE000EDF0, Val 0x00000000, "DAP Read Memory (32 bit) - Success" - ID 138
21:25:00:581 (20/03/2026) - READ  MEM Access, AP 0x00000000, Addr 0xE000EDF0, Val 0x00000000, "DAP Read Memory (32 bit) - Success" - ID 139
21:25:00:582 (20/03/2026) - READ  MEM Access, AP 0x00000000, Addr 0xE000EDF0, Val 0x00000000, "DAP Read Memory (32 bit) - Success" - ID 140
21:25:00:583 (20/03/2026) - READ  MEM Access, AP 0x00000000, Addr 0xE000EDF0, Val 0x00000000, "DAP Read Memory (32 bit) - Success" - ID 141
21:25:00:584 (20/03/2026) - READ  MEM Access, AP 0x00000000, Addr 0xE000EDF0, Val 0x00000000, "DAP Read Memory (32 bit) - Success" - ID 142
21:25:00:585 (20/03/2026) - READ  MEM Access, AP 0x00000000, Addr 0xE000EDF0, Val 0x00000000, "DAP Read Memory (32 bit) - Success" - ID 143
21:25:00:585 (20/03/2026) - READ  MEM Access, AP 0x00000000, Addr 0xE000EDF0, Val 0x00000000, "DAP Read Memory (32 bit) - Success" - ID 144
21:25:00:590 (20/03/2026) - READ  MEM Access, AP 0x00000000, Addr 0xE000EDF0, Val 0x00000000, "DAP Read Memory (32 bit) - Success" - ID 145
21:25:00:591 (20/03/2026) - READ  MEM Access, AP 0x00000000, Addr 0xE000EDF0, Val 0x00000000, "DAP Read Memory (32 bit) - Success" - ID 146
21:25:00:591 (20/03/2026) - READ  MEM Access, AP 0x00000000, Addr 0xE000EDF0, Val 0x00000000, "DAP Read Memory (32 bit) - Success" - ID 147
21:25:00:593 (20/03/2026) - READ  MEM Access, AP 0x00000000, Addr 0xE000EDF0, Val 0x00000000, "DAP Read Memory (32 bit) - Success" - ID 148
21:25:00:594 (20/03/2026) - READ  MEM Access, AP 0x00000000, Addr 0xE000EDF0, Val 0x00000000, "DAP Read Memory (32 bit) - Success" - ID 149
21:25:00:597 (20/03/2026) - READ  MEM Access, AP 0x00000000, Addr 0xE000EDF0, Val 0x00000000, "DAP Read Memory (32 bit) - Success" - ID 150
21:25:00:598 (20/03/2026) - READ  MEM Access, AP 0x00000000, Addr 0xE000EDF0, Val 0x00000000, "DAP Read Memory (32 bit) - Success" - ID 151
21:25:00:599 (20/03/2026) - READ  MEM Access, AP 0x00000000, Addr 0xE000EDF0, Val 0x00000000, "DAP Read Memory (32 bit) - Success" - ID 152
21:25:00:600 (20/03/2026) - READ  MEM Access, AP 0x00000000, Addr 0xE000EDF0, Val 0x00000000, "DAP Read Memory (32 bit) - Success" - ID 153
21:25:00:600 (20/03/2026) - READ  MEM Access, AP 0x00000000, Addr 0xE000EDF0, Val 0x00000000, "DAP Read Memory (32 bit) - Success" - ID 154
21:25:00:601 (20/03/2026) - READ  MEM Access, AP 0x00000000, Addr 0xE000EDF0, Val 0x00000000, "DAP Read Memory (32 bit) - Success" - ID 155
21:25:00:602 (20/03/2026) - READ  MEM Access, AP 0x00000000, Addr 0xE000EDF0, Val 0x00000000, "DAP Read Memory (32 bit) - Success" - ID 156
21:25:00:609 (20/03/2026) - READ  MEM Access, AP 0x00000000, Addr 0xE000EDF0, Val 0x00000000, "DAP Read Memory (32 bit) - Success" - ID 157
21:25:00:610 (20/03/2026) - READ  MEM Access, AP 0x00000000, Addr 0xE000EDF0, Val 0x00000000, "DAP Read Memory (32 bit) - Success" - ID 158
21:25:00:610 (20/03/2026) - READ  MEM Access, AP 0x00000000, Addr 0xE000EDF0, Val 0x00000000, "DAP Read Memory (32 bit) - Success" - ID 159
21:25:00:613 (20/03/2026) - READ  MEM Access, AP 0x00000000, Addr 0xE000EDF0, Val 0x00000000, "DAP Read Memory (32 bit) - Success" - ID 160
21:25:00:613 (20/03/2026) - READ  MEM Access, AP 0x00000000, Addr 0xE000EDF0, Val 0x00000000, "DAP Read Memory (32 bit) - Success" - ID 161
21:25:00:614 (20/03/2026) - READ  MEM Access, AP 0x00000000, Addr 0xE000EDF0, Val 0x00000000, "DAP Read Memory (32 bit) - Success" - ID 162
21:25:00:615 (20/03/2026) - READ  MEM Access, AP 0x00000000, Addr 0xE000EDF0, Val 0x00000000, "DAP Read Memory (32 bit) - Success" - ID 163
21:25:00:615 (20/03/2026) - READ  MEM Access, AP 0x00000000, Addr 0xE000EDF0, Val 0x00000000, "DAP Read Memory (32 bit) - Success" - ID 164
21:25:00:617 (20/03/2026) - READ  MEM Access, AP 0x00000000, Addr 0xE000EDF0, Val 0x00000000, "DAP Read Memory (32 bit) - Success" - ID 165
21:25:00:618 (20/03/2026) - READ  MEM Access, AP 0x00000000, Addr 0xE000EDF0, Val 0x00000000, "DAP Read Memory (32 bit) - Success" - ID 166
21:25:00:619 (20/03/2026) - READ  MEM Access, AP 0x00000000, Addr 0xE000EDF0, Val 0x00000000, "DAP Read Memory (32 bit) - Success" - ID 167
21:25:00:620 (20/03/2026) - READ  MEM Access, AP 0x00000000, Addr 0xE000EDF0, Val 0x00000000, "DAP Read Memory (32 bit) - Success" - ID 168
21:25:00:621 (20/03/2026) - READ  MEM Access, AP 0x00000000, Addr 0xE000EDF0, Val 0x00000000, "DAP Read Memory (32 bit) - Success" - ID 169
21:25:00:621 (20/03/2026) - READ  MEM Access, AP 0x00000000, Addr 0xE000EDF0, Val 0x00000000, "DAP Read Memory (32 bit) - Success" - ID 170
21:25:00:622 (20/03/2026) - READ  MEM Access, AP 0x00000000, Addr 0xE000EDF0, Val 0x00000000, "DAP Read Memory (32 bit) - Success" - ID 171
21:25:00:631 (20/03/2026) - READ  MEM Access, AP 0x00000000, Addr 0xE000EDF0, Val 0x00000000, "DAP Read Memory (32 bit) - Success" - ID 172
21:25:00:632 (20/03/2026) - READ  MEM Access, AP 0x00000000, Addr 0xE000EDF0, Val 0x00000000, "DAP Read Memory (32 bit) - Success" - ID 173
21:25:00:632 (20/03/2026) - READ  MEM Access, AP 0x00000000, Addr 0xE000EDF0, Val 0x00000000, "DAP Read Memory (32 bit) - Success" - ID 174
21:25:00:633 (20/03/2026) - READ  MEM Access, AP 0x00000000, Addr 0xE000EDF0, Val 0x00000000, "DAP Read Memory (32 bit) - Success" - ID 175
21:25:00:634 (20/03/2026) - READ  MEM Access, AP 0x00000000, Addr 0xE000EDF0, Val 0x00000000, "DAP Read Memory (32 bit) - Success" - ID 176
21:25:00:638 (20/03/2026) - READ  MEM Access, AP 0x00000000, Addr 0xE000EDF0, Val 0x00000000, "DAP Read Memory (32 bit) - Success" - ID 177
21:25:00:639 (20/03/2026) - READ  MEM Access, AP 0x00000000, Addr 0xE000EDF0, Val 0x00000000, "DAP Read Memory (32 bit) - Success" - ID 178
21:25:00:639 (20/03/2026) - READ  MEM Access, AP 0x00000000, Addr 0xE000EDF0, Val 0x00000000, "DAP Read Memory (32 bit) - Success" - ID 179
21:25:00:640 (20/03/2026) - READ  MEM Access, AP 0x00000000, Addr 0xE000EDF0, Val 0x00000000, "DAP Read Memory (32 bit) - Success" - ID 180
21:25:00:641 (20/03/2026) - READ  MEM Access, AP 0x00000000, Addr 0xE000EDF0, Val 0x00000000, "DAP Read Memory (32 bit) - Success" - ID 181
21:25:00:642 (20/03/2026) - READ  MEM Access, AP 0x00000000, Addr 0xE000EDF0, Val 0x00000000, "DAP Read Memory (32 bit) - Success" - ID 182
21:25:00:646 (20/03/2026) - READ  MEM Access, AP 0x00000000, Addr 0xE000EDF0, Val 0x00000000, "DAP Read Memory (32 bit) - Success" - ID 183
21:25:00:647 (20/03/2026) - READ  MEM Access, AP 0x00000000, Addr 0xE000EDF0, Val 0x00000000, "DAP Read Memory (32 bit) - Success" - ID 184
21:25:00:648 (20/03/2026) - READ  MEM Access, AP 0x00000000, Addr 0xE000EDF0, Val 0x00000000, "DAP Read Memory (32 bit) - Success" - ID 185
21:25:00:649 (20/03/2026) - READ  MEM Access, AP 0x00000000, Addr 0xE000EDF0, Val 0x00000000, "DAP Read Memory (32 bit) - Success" - ID 186
21:25:00:650 (20/03/2026) - READ  MEM Access, AP 0x00000000, Addr 0xE000EDF0, Val 0x00000000, "DAP Read Memory (32 bit) - Success" - ID 187
21:25:00:652 (20/03/2026) - READ  MEM Access, AP 0x00000000, Addr 0xE000EDF0, Val 0x00000000, "DAP Read Memory (32 bit) - Success" - ID 188
21:25:00:653 (20/03/2026) - READ  MEM Access, AP 0x00000000, Addr 0xE000EDF0, Val 0x00000000, "DAP Read Memory (32 bit) - Success" - ID 189
21:25:00:660 (20/03/2026) - READ  MEM Access, AP 0x00000000, Addr 0xE000EDF0, Val 0x00000000, "DAP Read Memory (32 bit) - Success" - ID 190
21:25:00:661 (20/03/2026) - READ  MEM Access, AP 0x00000000, Addr 0xE000EDF0, Val 0x00000000, "DAP Read Memory (32 bit) - Success" - ID 191
21:25:00:662 (20/03/2026) - READ  MEM Access, AP 0x00000000, Addr 0xE000EDF0, Val 0x00000000, "DAP Read Memory (32 bit) - Success" - ID 192
21:25:00:663 (20/03/2026) - READ  MEM Access, AP 0x00000000, Addr 0xE000EDF0, Val 0x00000000, "DAP Read Memory (32 bit) - Success" - ID 193
21:25:00:664 (20/03/2026) - READ  MEM Access, AP 0x00000000, Addr 0xE000EDF0, Val 0x00000000, "DAP Read Memory (32 bit) - Success" - ID 194
21:25:00:665 (20/03/2026) - READ  MEM Access, AP 0x00000000, Addr 0xE000EDF0, Val 0x00000000, "DAP Read Memory (32 bit) - Success" - ID 195
21:25:00:667 (20/03/2026) - READ  MEM Access, AP 0x00000000, Addr 0xE000EDF0, Val 0x00000000, "DAP Read Memory (32 bit) - Success" - ID 196
21:25:00:670 (20/03/2026) - READ  MEM Access, AP 0x00000000, Addr 0xE000EDF0, Val 0x00000000, "DAP Read Memory (32 bit) - Success" - ID 197
21:25:00:672 (20/03/2026) - READ  MEM Access, AP 0x00000000, Addr 0xE000EDF0, Val 0x00000000, "DAP Read Memory (32 bit) - Success" - ID 198
21:25:00:674 (20/03/2026) - READ  MEM Access, AP 0x00000000, Addr 0xE000EDF0, Val 0x00000000, "DAP Read Memory (32 bit) - Success" - ID 199
21:25:00:675 (20/03/2026) - READ  MEM Access, AP 0x00000000, Addr 0xE000EDF0, Val 0x00000000, "DAP Read Memory (32 bit) - Success" - ID 200
21:25:00:676 (20/03/2026) - READ  MEM Access, AP 0x00000000, Addr 0xE000EDF0, Val 0x00000000, "DAP Read Memory (32 bit) - Success" - ID 201
21:25:00:679 (20/03/2026) - READ  MEM Access, AP 0x00000000, Addr 0xE000EDF0, Val 0x00000000, "DAP Read Memory (32 bit) - Success" - ID 202
21:25:00:680 (20/03/2026) - READ  MEM Access, AP 0x00000000, Addr 0xE000EDF0, Val 0x00000000, "DAP Read Memory (32 bit) - Success" - ID 203
21:25:00:680 (20/03/2026) - READ  MEM Access, AP 0x00000000, Addr 0xE000EDF0, Val 0x00000000, "DAP Read Memory (32 bit) - Success" - ID 204
21:25:00:681 (20/03/2026) - READ  MEM Access, AP 0x00000000, Addr 0xE000EDF0, Val 0x00000000, "DAP Read Memory (32 bit) - Success" - ID 205
21:25:00:682 (20/03/2026) - READ  MEM Access, AP 0x00000000, Addr 0xE000EDF0, Val 0x00000000, "DAP Read Memory (32 bit) - Success" - ID 206
21:25:00:682 (20/03/2026) - READ  MEM Access, AP 0x00000000, Addr 0xE000EDF0, Val 0x00000000, "DAP Read Memory (32 bit) - Success" - ID 207
21:25:00:684 (20/03/2026) - READ  MEM Access, AP 0x00000000, Addr 0xE000EDF0, Val 0x00000000, "DAP Read Memory (32 bit) - Success" - ID 208
21:25:00:685 (20/03/2026) - READ  MEM Access, AP 0x00000000, Addr 0xE000EDF0, Val 0x00000000, "DAP Read Memory (32 bit) - Success" - ID 209
21:25:00:686 (20/03/2026) - READ  MEM Access, AP 0x00000000, Addr 0xE000EDF0, Val 0x00000000, "DAP Read Memory (32 bit) - Success" - ID 210
21:25:00:687 (20/03/2026) - READ  MEM Access, AP 0x00000000, Addr 0xE000EDF0, Val 0x00000000, "DAP Read Memory (32 bit) - Success" - ID 211
21:25:00:687 (20/03/2026) - READ  MEM Access, AP 0x00000000, Addr 0xE000EDF0, Val 0x00000000, "DAP Read Memory (32 bit) - Success" - ID 212
21:25:00:688 (20/03/2026) - READ  MEM Access, AP 0x00000000, Addr 0xE000EDF0, Val 0x00000000, "DAP Read Memory (32 bit) - Success" - ID 213
21:25:00:689 (20/03/2026) - READ  MEM Access, AP 0x00000000, Addr 0xE000EDF0, Val 0x00000000, "DAP Read Memory (32 bit) - Success" - ID 214
21:25:00:690 (20/03/2026) - READ  MEM Access, AP 0x00000000, Addr 0xE000EDF0, Val 0x00000000, "DAP Read Memory (32 bit) - Success" - ID 215
21:25:00:691 (20/03/2026) - READ  MEM Access, AP 0x00000000, Addr 0xE000EDF0, Val 0x00000000, "DAP Read Memory (32 bit) - Success" - ID 216
21:25:00:692 (20/03/2026) - READ  MEM Access, AP 0x00000000, Addr 0xE000EDF0, Val 0x00000000, "DAP Read Memory (32 bit) - Success" - ID 217
21:25:00:693 (20/03/2026) - READ  MEM Access, AP 0x00000000, Addr 0xE000EDF0, Val 0x00000000, "DAP Read Memory (32 bit) - Success" - ID 218
21:25:00:694 (20/03/2026) - READ  MEM Access, AP 0x00000000, Addr 0xE000EDF0, Val 0x00000000, "DAP Read Memory (32 bit) - Success" - ID 219
21:25:00:695 (20/03/2026) - READ  MEM Access, AP 0x00000000, Addr 0xE000EDF0, Val 0x00000000, "DAP Read Memory (32 bit) - Success" - ID 220
21:25:00:696 (20/03/2026) - READ  MEM Access, AP 0x00000000, Addr 0xE000EDF0, Val 0x00000000, "DAP Read Memory (32 bit) - Success" - ID 221
21:25:00:700 (20/03/2026) - READ  MEM Access, AP 0x00000000, Addr 0xE000EDF0, Val 0x00000000, "DAP Read Memory (32 bit) - Success" - ID 222
21:25:00:701 (20/03/2026) - READ  MEM Access, AP 0x00000000, Addr 0xE000EDF0, Val 0x00000000, "DAP Read Memory (32 bit) - Success" - ID 223
21:25:00:701 (20/03/2026) - READ  MEM Access, AP 0x00000000, Addr 0xE000EDF0, Val 0x00000000, "DAP Read Memory (32 bit) - Success" - ID 224
21:25:00:702 (20/03/2026) - READ  MEM Access, AP 0x00000000, Addr 0xE000EDF0, Val 0x00000000, "DAP Read Memory (32 bit) - Success" - ID 225
21:25:00:703 (20/03/2026) - READ  MEM Access, AP 0x00000000, Addr 0xE000EDF0, Val 0x00000000, "DAP Read Memory (32 bit) - Success" - ID 226
21:25:00:704 (20/03/2026) - READ  MEM Access, AP 0x00000000, Addr 0xE000EDF0, Val 0x00000000, "DAP Read Memory (32 bit) - Success" - ID 227
21:25:00:705 (20/03/2026) - READ  MEM Access, AP 0x00000000, Addr 0xE000EDF0, Val 0x00000000, "DAP Read Memory (32 bit) - Success" - ID 228
21:25:00:705 (20/03/2026) - READ  MEM Access, AP 0x00000000, Addr 0xE000EDF0, Val 0x00000000, "DAP Read Memory (32 bit) - Success" - ID 229
21:25:00:707 (20/03/2026) - READ  MEM Access, AP 0x00000000, Addr 0xE000EDF0, Val 0x00000000, "DAP Read Memory (32 bit) - Success" - ID 230
21:25:00:709 (20/03/2026) - READ  MEM Access, AP 0x00000000, Addr 0xE000EDF0, Val 0x00000000, "DAP Read Memory (32 bit) - Success" - ID 231
21:25:00:710 (20/03/2026) - READ  MEM Access, AP 0x00000000, Addr 0xE000EDF0, Val 0x00000000, "DAP Read Memory (32 bit) - Success" - ID 232
21:25:00:711 (20/03/2026) - READ  MEM Access, AP 0x00000000, Addr 0xE000EDF0, Val 0x00000000, "DAP Read Memory (32 bit) - Success" - ID 233
21:25:00:714 (20/03/2026) - READ  MEM Access, AP 0x00000000, Addr 0xE000EDF0, Val 0x00000000, "DAP Read Memory (32 bit) - Success" - ID 234
21:25:00:715 (20/03/2026) - READ  MEM Access, AP 0x00000000, Addr 0xE000EDF0, Val 0x00000000, "DAP Read Memory (32 bit) - Success" - ID 235
21:25:00:716 (20/03/2026) - READ  MEM Access, AP 0x00000000, Addr 0xE000EDF0, Val 0x00000000, "DAP Read Memory (32 bit) - Success" - ID 236
21:25:00:717 (20/03/2026) - READ  MEM Access, AP 0x00000000, Addr 0xE000EDF0, Val 0x00000000, "DAP Read Memory (32 bit) - Success" - ID 237
21:25:00:717 (20/03/2026) - READ  MEM Access, AP 0x00000000, Addr 0xE000EDF0, Val 0x00000000, "DAP Read Memory (32 bit) - Success" - ID 238
21:25:00:718 (20/03/2026) - READ  MEM Access, AP 0x00000000, Addr 0xE000EDF0, Val 0x00000000, "DAP Read Memory (32 bit) - Success" - ID 239
21:25:00:719 (20/03/2026) - READ  MEM Access, AP 0x00000000, Addr 0xE000EDF0, Val 0x00000000, "DAP Read Memory (32 bit) - Success" - ID 240
21:25:00:719 (20/03/2026) - READ  MEM Access, AP 0x00000000, Addr 0xE000EDF0, Val 0x00000000, "DAP Read Memory (32 bit) - Success" - ID 241
21:25:00:720 (20/03/2026) - READ  MEM Access, AP 0x00000000, Addr 0xE000EDF0, Val 0x00000000, "DAP Read Memory (32 bit) - Success" - ID 242
21:25:00:721 (20/03/2026) - READ  MEM Access, AP 0x00000000, Addr 0xE000EDF0, Val 0x00000000, "DAP Read Memory (32 bit) - Success" - ID 243
21:25:00:722 (20/03/2026) - READ  MEM Access, AP 0x00000000, Addr 0xE000EDF0, Val 0x00000000, "DAP Read Memory (32 bit) - Success" - ID 244
21:25:00:723 (20/03/2026) - READ  MEM Access, AP 0x00000000, Addr 0xE000EDF0, Val 0x00000000, "DAP Read Memory (32 bit) - Success" - ID 245
21:25:00:724 (20/03/2026) - READ  MEM Access, AP 0x00000000, Addr 0xE000EDF0, Val 0x00000000, "DAP Read Memory (32 bit) - Success" - ID 246
21:25:00:724 (20/03/2026) - READ  MEM Access, AP 0x00000000, Addr 0xE000EDF0, Val 0x00000000, "DAP Read Memory (32 bit) - Success" - ID 247
21:25:00:729 (20/03/2026) - READ  MEM Access, AP 0x00000000, Addr 0xE000EDF0, Val 0x00000000, "DAP Read Memory (32 bit) - Success" - ID 248
21:25:00:731 (20/03/2026) - READ  MEM Access, AP 0x00000000, Addr 0xE000EDF0, Val 0x00000000, "DAP Read Memory (32 bit) - Success" - ID 249
21:25:00:735 (20/03/2026) - READ  MEM Access, AP 0x00000000, Addr 0xE000EDF0, Val 0x00000000, "DAP Read Memory (32 bit) - Success" - ID 250
21:25:00:736 (20/03/2026) - READ  MEM Access, AP 0x00000000, Addr 0xE000EDF0, Val 0x00000000, "DAP Read Memory (32 bit) - Success" - ID 251
21:25:00:737 (20/03/2026) - READ  MEM Access, AP 0x00000000, Addr 0xE000EDF0, Val 0x00000000, "DAP Read Memory (32 bit) - Success" - ID 252
21:25:00:737 (20/03/2026) - READ  MEM Access, AP 0x00000000, Addr 0xE000EDF0, Val 0x00000000, "DAP Read Memory (32 bit) - Success" - ID 253
21:25:00:740 (20/03/2026) - READ  MEM Access, AP 0x00000000, Addr 0xE000EDF0, Val 0x00000000, "DAP Read Memory (32 bit) - Success" - ID 254
21:25:00:741 (20/03/2026) - READ  MEM Access, AP 0x00000000, Addr 0xE000EDF0, Val 0x00000000, "DAP Read Memory (32 bit) - Success" - ID 255
21:25:00:742 (20/03/2026) - READ  MEM Access, AP 0x00000000, Addr 0xE000EDF0, Val 0x00000000, "DAP Read Memory (32 bit) - Success" - ID 256
21:25:00:743 (20/03/2026) - READ  MEM Access, AP 0x00000000, Addr 0xE000EDF0, Val 0x00000000, "DAP Read Memory (32 bit) - Success" - ID 257
21:25:00:743 (20/03/2026) - READ  MEM Access, AP 0x00000000, Addr 0xE000EDF0, Val 0x00000000, "DAP Read Memory (32 bit) - Success" - ID 258
21:25:00:747 (20/03/2026) - READ  MEM Access, AP 0x00000000, Addr 0xE000EDF0, Val 0x00000000, "DAP Read Memory (32 bit) - Success" - ID 259
21:25:00:748 (20/03/2026) - READ  MEM Access, AP 0x00000000, Addr 0xE000EDF0, Val 0x00000000, "DAP Read Memory (32 bit) - Success" - ID 260
21:25:00:750 (20/03/2026) - READ  MEM Access, AP 0x00000000, Addr 0xE000EDF0, Val 0x00000000, "DAP Read Memory (32 bit) - Success" - ID 261
21:25:00:750 (20/03/2026) - READ  MEM Access, AP 0x00000000, Addr 0xE000EDF0, Val 0x00000000, "DAP Read Memory (32 bit) - Success" - ID 262
21:25:00:751 (20/03/2026) - READ  MEM Access, AP 0x00000000, Addr 0xE000EDF0, Val 0x00000000, "DAP Read Memory (32 bit) - Success" - ID 263
21:25:00:756 (20/03/2026) - READ  MEM Access, AP 0x00000000, Addr 0xE000EDF0, Val 0x00000000, "DAP Read Memory (32 bit) - Success" - ID 264
21:25:00:762 (20/03/2026) - READ  MEM Access, AP 0x00000000, Addr 0xE000EDF0, Val 0x00000000, "DAP Read Memory (32 bit) - Success" - ID 265
21:25:00:764 (20/03/2026) - READ  MEM Access, AP 0x00000000, Addr 0xE000EDF0, Val 0x00000000, "DAP Read Memory (32 bit) - Success" - ID 266
21:25:00:767 (20/03/2026) - READ  MEM Access, AP 0x00000000, Addr 0xE000EDF0, Val 0x00000000, "DAP Read Memory (32 bit) - Success" - ID 267
21:25:00:768 (20/03/2026) - READ  MEM Access, AP 0x00000000, Addr 0xE000EDF0, Val 0x00000000, "DAP Read Memory (32 bit) - Success" - ID 268
21:25:00:769 (20/03/2026) - READ  MEM Access, AP 0x00000000, Addr 0xE000EDF0, Val 0x00000000, "DAP Read Memory (32 bit) - Success" - ID 269
21:25:00:770 (20/03/2026) - READ  MEM Access, AP 0x00000000, Addr 0xE000EDF0, Val 0x00000000, "DAP Read Memory (32 bit) - Success" - ID 270
21:25:00:770 (20/03/2026) - READ  MEM Access, AP 0x00000000, Addr 0xE000EDF0, Val 0x00000000, "DAP Read Memory (32 bit) - Success" - ID 271
21:25:00:771 (20/03/2026) - READ  MEM Access, AP 0x00000000, Addr 0xE000EDF0, Val 0x00000000, "DAP Read Memory (32 bit) - Success" - ID 272
21:25:00:772 (20/03/2026) - READ  MEM Access, AP 0x00000000, Addr 0xE000EDF0, Val 0x00000000, "DAP Read Memory (32 bit) - Success" - ID 273
21:25:00:777 (20/03/2026) - READ  MEM Access, AP 0x00000000, Addr 0xE000EDF0, Val 0x00000000, "DAP Read Memory (32 bit) - Success" - ID 274
21:25:00:781 (20/03/2026) - READ  MEM Access, AP 0x00000000, Addr 0xE000EDF0, Val 0x00000000, "DAP Read Memory (32 bit) - Success" - ID 275
21:25:00:782 (20/03/2026) - READ  MEM Access, AP 0x00000000, Addr 0xE000EDF0, Val 0x00000000, "DAP Read Memory (32 bit) - Success" - ID 276
21:25:00:782 (20/03/2026) - READ  MEM Access, AP 0x00000000, Addr 0xE000EDF0, Val 0x00000000, "DAP Read Memory (32 bit) - Success" - ID 277
21:25:00:783 (20/03/2026) - READ  MEM Access, AP 0x00000000, Addr 0xE000EDF0, Val 0x00000000, "DAP Read Memory (32 bit) - Success" - ID 278
21:25:00:784 (20/03/2026) - READ  MEM Access, AP 0x00000000, Addr 0xE000EDF0, Val 0x00000000, "DAP Read Memory (32 bit) - Success" - ID 279
21:25:00:785 (20/03/2026) - READ  MEM Access, AP 0x00000000, Addr 0xE000EDF0, Val 0x00000000, "DAP Read Memory (32 bit) - Success" - ID 280
21:25:00:786 (20/03/2026) - READ  MEM Access, AP 0x00000000, Addr 0xE000EDF0, Val 0x00000000, "DAP Read Memory (32 bit) - Success" - ID 281
21:25:00:787 (20/03/2026) - READ  MEM Access, AP 0x00000000, Addr 0xE000EDF0, Val 0x00000000, "DAP Read Memory (32 bit) - Success" - ID 282
21:25:00:790 (20/03/2026) - READ  MEM Access, AP 0x00000000, Addr 0xE000EDF0, Val 0x00000000, "DAP Read Memory (32 bit) - Success" - ID 283
21:25:00:790 (20/03/2026) - READ  MEM Access, AP 0x00000000, Addr 0xE000EDF0, Val 0x00000000, "DAP Read Memory (32 bit) - Success" - ID 284
21:25:00:793 (20/03/2026) - READ  MEM Access, AP 0x00000000, Addr 0xE000EDF0, Val 0x00000000, "DAP Read Memory (32 bit) - Success" - ID 285
21:25:00:793 (20/03/2026) - READ  MEM Access, AP 0x00000000, Addr 0xE000EDF0, Val 0x00000000, "DAP Read Memory (32 bit) - Success" - ID 286
21:25:00:797 (20/03/2026) - READ  MEM Access, AP 0x00000000, Addr 0xE000EDF0, Val 0x00000000, "DAP Read Memory (32 bit) - Success" - ID 287
21:25:00:798 (20/03/2026) - READ  MEM Access, AP 0x00000000, Addr 0xE000EDF0, Val 0x00000000, "DAP Read Memory (32 bit) - Success" - ID 288
21:25:00:799 (20/03/2026) - READ  MEM Access, AP 0x00000000, Addr 0xE000EDF0, Val 0x00000000, "DAP Read Memory (32 bit) - Success" - ID 289
21:25:00:801 (20/03/2026) - READ  MEM Access, AP 0x00000000, Addr 0xE000EDF0, Val 0x00000000, "DAP Read Memory (32 bit) - Success" - ID 290
21:25:00:801 (20/03/2026) - READ  MEM Access, AP 0x00000000, Addr 0xE000EDF0, Val 0x00000000, "DAP Read Memory (32 bit) - Success" - ID 291
21:25:00:802 (20/03/2026) - READ  MEM Access, AP 0x00000000, Addr 0xE000EDF0, Val 0x00000000, "DAP Read Memory (32 bit) - Success" - ID 292
21:25:00:803 (20/03/2026) - READ  MEM Access, AP 0x00000000, Addr 0xE000EDF0, Val 0x00000000, "DAP Read Memory (32 bit) - Success" - ID 293
21:25:00:803 (20/03/2026) - READ  MEM Access, AP 0x00000000, Addr 0xE000EDF0, Val 0x00000000, "DAP Read Memory (32 bit) - Success" - ID 294
21:25:00:804 (20/03/2026) - READ  MEM Access, AP 0x00000000, Addr 0xE000EDF0, Val 0x00000000, "DAP Read Memory (32 bit) - Success" - ID 295
21:25:00:805 (20/03/2026) - READ  MEM Access, AP 0x00000000, Addr 0xE000EDF0, Val 0x00000000, "DAP Read Memory (32 bit) - Success" - ID 296
21:25:00:807 (20/03/2026) - READ  MEM Access, AP 0x00000000, Addr 0xE000EDF0, Val 0x00000000, "DAP Read Memory (32 bit) - Success" - ID 297
21:25:00:807 (20/03/2026) - READ  MEM Access, AP 0x00000000, Addr 0xE000EDF0, Val 0x00000000, "DAP Read Memory (32 bit) - Success" - ID 298
21:25:00:811 (20/03/2026) - READ  MEM Access, AP 0x00000000, Addr 0xE000EDF0, Val 0x00000000, "DAP Read Memory (32 bit) - Success" - ID 299
21:25:00:812 (20/03/2026) - READ  MEM Access, AP 0x00000000, Addr 0xE000EDF0, Val 0x00000000, "DAP Read Memory (32 bit) - Success" - ID 300
21:25:00:814 (20/03/2026) - READ  MEM Access, AP 0x00000000, Addr 0xE000EDF0, Val 0x00000000, "DAP Read Memory (32 bit) - Success" - ID 301
21:25:00:815 (20/03/2026) - READ  MEM Access, AP 0x00000000, Addr 0xE000EDF0, Val 0x00000000, "DAP Read Memory (32 bit) - Success" - ID 302
21:25:00:818 (20/03/2026) - READ  MEM Access, AP 0x00000000, Addr 0xE000EDF0, Val 0x00000000, "DAP Read Memory (32 bit) - Success" - ID 303
21:25:00:819 (20/03/2026) - READ  MEM Access, AP 0x00000000, Addr 0xE000EDF0, Val 0x00000000, "DAP Read Memory (32 bit) - Success" - ID 304
21:25:00:820 (20/03/2026) - READ  MEM Access, AP 0x00000000, Addr 0xE000EDF0, Val 0x00000000, "DAP Read Memory (32 bit) - Success" - ID 305
21:25:00:820 (20/03/2026) - READ  MEM Access, AP 0x00000000, Addr 0xE000EDF0, Val 0x00000000, "DAP Read Memory (32 bit) - Success" - ID 306
21:25:00:821 (20/03/2026) - READ  MEM Access, AP 0x00000000, Addr 0xE000EDF0, Val 0x00000000, "DAP Read Memory (32 bit) - Success" - ID 307
21:25:00:822 (20/03/2026) - READ  MEM Access, AP 0x00000000, Addr 0xE000EDF0, Val 0x00000000, "DAP Read Memory (32 bit) - Success" - ID 308
21:25:00:823 (20/03/2026) - READ  MEM Access, AP 0x00000000, Addr 0xE000EDF0, Val 0x00000000, "DAP Read Memory (32 bit) - Success" - ID 309
21:25:00:823 (20/03/2026) - READ  MEM Access, AP 0x00000000, Addr 0xE000EDF0, Val 0x00000000, "DAP Read Memory (32 bit) - Success" - ID 310
21:25:00:824 (20/03/2026) - READ  MEM Access, AP 0x00000000, Addr 0xE000EDF0, Val 0x00000000, "DAP Read Memory (32 bit) - Success" - ID 311
21:25:00:825 (20/03/2026) - READ  MEM Access, AP 0x00000000, Addr 0xE000EDF0, Val 0x00000000, "DAP Read Memory (32 bit) - Success" - ID 312
21:25:00:825 (20/03/2026) - READ  MEM Access, AP 0x00000000, Addr 0xE000EDF0, Val 0x00000000, "DAP Read Memory (32 bit) - Success" - ID 313
21:25:00:827 (20/03/2026) - READ  MEM Access, AP 0x00000000, Addr 0xE000EDF0, Val 0x00000000, "DAP Read Memory (32 bit) - Success" - ID 314
21:25:00:828 (20/03/2026) - READ  MEM Access, AP 0x00000000, Addr 0xE000EDF0, Val 0x00000000, "DAP Read Memory (32 bit) - Success" - ID 315
21:25:00:829 (20/03/2026) - READ  MEM Access, AP 0x00000000, Addr 0xE000EDF0, Val 0x00000000, "DAP Read Memory (32 bit) - Success" - ID 316
21:25:00:833 (20/03/2026) - READ  MEM Access, AP 0x00000000, Addr 0xE000EDF0, Val 0x00000000, "DAP Read Memory (32 bit) - Success" - ID 317
21:25:00:835 (20/03/2026) - READ  MEM Access, AP 0x00000000, Addr 0xE000EDF0, Val 0x00000000, "DAP Read Memory (32 bit) - Success" - ID 318
21:25:00:837 (20/03/2026) - READ  MEM Access, AP 0x00000000, Addr 0xE000EDF0, Val 0x00000000, "DAP Read Memory (32 bit) - Success" - ID 319
21:25:00:843 (20/03/2026) - READ  MEM Access, AP 0x00000000, Addr 0xE000EDF0, Val 0x00000000, "DAP Read Memory (32 bit) - Success" - ID 320
21:25:00:844 (20/03/2026) - READ  MEM Access, AP 0x00000000, Addr 0xE000EDF0, Val 0x00000000, "DAP Read Memory (32 bit) - Success" - ID 321
21:25:00:844 (20/03/2026) - READ  MEM Access, AP 0x00000000, Addr 0xE000EDF0, Val 0x00000000, "DAP Read Memory (32 bit) - Success" - ID 322
21:25:00:845 (20/03/2026) - READ  MEM Access, AP 0x00000000, Addr 0xE000EDF0, Val 0x00000000, "DAP Read Memory (32 bit) - Success" - ID 323
21:25:00:845 (20/03/2026) - READ  MEM Access, AP 0x00000000, Addr 0xE000EDF0, Val 0x00000000, "DAP Read Memory (32 bit) - Success" - ID 324
21:25:00:851 (20/03/2026) - READ  MEM Access, AP 0x00000000, Addr 0xE000EDF0, Val 0x00000000, "DAP Read Memory (32 bit) - Success" - ID 325
21:25:00:851 (20/03/2026) - READ  MEM Access, AP 0x00000000, Addr 0xE000EDF0, Val 0x00000000, "DAP Read Memory (32 bit) - Success" - ID 326
21:25:00:852 (20/03/2026) - READ  MEM Access, AP 0x00000000, Addr 0xE000EDF0, Val 0x00000000, "DAP Read Memory (32 bit) - Success" - ID 327
21:25:00:853 (20/03/2026) - READ  MEM Access, AP 0x00000000, Addr 0xE000EDF0, Val 0x00000000, "DAP Read Memory (32 bit) - Success" - ID 328
21:25:00:855 (20/03/2026) - READ  MEM Access, AP 0x00000000, Addr 0xE000EDF0, Val 0x00000000, "DAP Read Memory (32 bit) - Success" - ID 329
21:25:00:856 (20/03/2026) - READ  MEM Access, AP 0x00000000, Addr 0xE000EDF0, Val 0x00000000, "DAP Read Memory (32 bit) - Success" - ID 330
21:25:00:858 (20/03/2026) - READ  MEM Access, AP 0x00000000, Addr 0xE000EDF0, Val 0x00000000, "DAP Read Memory (32 bit) - Success" - ID 331
21:25:00:863 (20/03/2026) - READ  MEM Access, AP 0x00000000, Addr 0xE000EDF0, Val 0x00000000, "DAP Read Memory (32 bit) - Success" - ID 332
21:25:00:867 (20/03/2026) - READ  MEM Access, AP 0x00000000, Addr 0xE000EDF0, Val 0x00000000, "DAP Read Memory (32 bit) - Success" - ID 333
21:25:00:868 (20/03/2026) - READ  MEM Access, AP 0x00000000, Addr 0xE000EDF0, Val 0x00000000, "DAP Read Memory (32 bit) - Success" - ID 334
21:25:00:868 (20/03/2026) - READ  MEM Access, AP 0x00000000, Addr 0xE000EDF0, Val 0x00000000, "DAP Read Memory (32 bit) - Success" - ID 335
21:25:00:869 (20/03/2026) - READ  MEM Access, AP 0x00000000, Addr 0xE000EDF0, Val 0x00000000, "DAP Read Memory (32 bit) - Success" - ID 336
21:25:00:870 (20/03/2026) - READ  MEM Access, AP 0x00000000, Addr 0xE000EDF0, Val 0x00000000, "DAP Read Memory (32 bit) - Success" - ID 337
21:25:00:871 (20/03/2026) - READ  MEM Access, AP 0x00000000, Addr 0xE000EDF0, Val 0x00000000, "DAP Read Memory (32 bit) - Success" - ID 338
21:25:00:871 (20/03/2026) - READ  MEM Access, AP 0x00000000, Addr 0xE000EDF0, Val 0x00000000, "DAP Read Memory (32 bit) - Success" - ID 339
21:25:00:872 (20/03/2026) - READ  MEM Access, AP 0x00000000, Addr 0xE000EDF0, Val 0x00000000, "DAP Read Memory (32 bit) - Success" - ID 340
21:25:00:873 (20/03/2026) - READ  MEM Access, AP 0x00000000, Addr 0xE000EDF0, Val 0x00000000, "DAP Read Memory (32 bit) - Success" - ID 341
21:25:00:874 (20/03/2026) - READ  MEM Access, AP 0x00000000, Addr 0xE000EDF0, Val 0x00000000, "DAP Read Memory (32 bit) - Success" - ID 342
21:25:00:874 (20/03/2026) - READ  MEM Access, AP 0x00000000, Addr 0xE000EDF0, Val 0x00000000, "DAP Read Memory (32 bit) - Success" - ID 343
21:25:00:875 (20/03/2026) - READ  MEM Access, AP 0x00000000, Addr 0xE000EDF0, Val 0x00000000, "DAP Read Memory (32 bit) - Success" - ID 344
21:25:00:877 (20/03/2026) - READ  MEM Access, AP 0x00000000, Addr 0xE000EDF0, Val 0x00000000, "DAP Read Memory (32 bit) - Success" - ID 345
21:25:00:877 (20/03/2026) - READ  MEM Access, AP 0x00000000, Addr 0xE000EDF0, Val 0x00000000, "DAP Read Memory (32 bit) - Success" - ID 346
21:25:00:878 (20/03/2026) - READ  MEM Access, AP 0x00000000, Addr 0xE000EDF0, Val 0x00000000, "DAP Read Memory (32 bit) - Success" - ID 347
21:25:00:879 (20/03/2026) - READ  MEM Access, AP 0x00000000, Addr 0xE000EDF0, Val 0x00000000, "DAP Read Memory (32 bit) - Success" - ID 348
21:25:00:880 (20/03/2026) - READ  MEM Access, AP 0x00000000, Addr 0xE000EDF0, Val 0x00000000, "DAP Read Memory (32 bit) - Success" - ID 349
21:25:00:882 (20/03/2026) - READ  MEM Access, AP 0x00000000, Addr 0xE000EDF0, Val 0x00000000, "DAP Read Memory (32 bit) - Success" - ID 350
21:25:00:883 (20/03/2026) - READ  MEM Access, AP 0x00000000, Addr 0xE000EDF0, Val 0x00000000, "DAP Read Memory (32 bit) - Success" - ID 351
21:25:00:885 (20/03/2026) - READ  MEM Access, AP 0x00000000, Addr 0xE000EDF0, Val 0x00000000, "DAP Read Memory (32 bit) - Success" - ID 352
21:25:00:885 (20/03/2026) - READ  MEM Access, AP 0x00000000, Addr 0xE000EDF0, Val 0x00000000, "DAP Read Memory (32 bit) - Success" - ID 353
21:25:00:886 (20/03/2026) - READ  MEM Access, AP 0x00000000, Addr 0xE000EDF0, Val 0x00000000, "DAP Read Memory (32 bit) - Success" - ID 354
21:25:00:887 (20/03/2026) - READ  MEM Access, AP 0x00000000, Addr 0xE000EDF0, Val 0x00000000, "DAP Read Memory (32 bit) - Success" - ID 355
21:25:00:890 (20/03/2026) - READ  MEM Access, AP 0x00000000, Addr 0xE000EDF0, Val 0x00000000, "DAP Read Memory (32 bit) - Success" - ID 356
21:25:00:892 (20/03/2026) - READ  MEM Access, AP 0x00000000, Addr 0xE000EDF0, Val 0x00000000, "DAP Read Memory (32 bit) - Success" - ID 357
21:25:00:893 (20/03/2026) - READ  MEM Access, AP 0x00000000, Addr 0xE000EDF0, Val 0x00000000, "DAP Read Memory (32 bit) - Success" - ID 358
21:25:00:895 (20/03/2026) - READ  MEM Access, AP 0x00000000, Addr 0xE000EDF0, Val 0x00000000, "DAP Read Memory (32 bit) - Success" - ID 359
21:25:00:896 (20/03/2026) - READ  MEM Access, AP 0x00000000, Addr 0xE000EDF0, Val 0x00000000, "DAP Read Memory (32 bit) - Success" - ID 360
21:25:00:898 (20/03/2026) - READ  MEM Access, AP 0x00000000, Addr 0xE000EDF0, Val 0x00000000, "DAP Read Memory (32 bit) - Success" - ID 361
21:25:00:901 (20/03/2026) - READ  MEM Access, AP 0x00000000, Addr 0xE000EDF0, Val 0x00000000, "DAP Read Memory (32 bit) - Success" - ID 362
21:25:00:902 (20/03/2026) - READ  MEM Access, AP 0x00000000, Addr 0xE000EDF0, Val 0x00000000, "DAP Read Memory (32 bit) - Success" - ID 363
21:25:00:905 (20/03/2026) - READ  MEM Access, AP 0x00000000, Addr 0xE000EDF0, Val 0x00000000, "DAP Read Memory (32 bit) - Success" - ID 364
21:25:00:907 (20/03/2026) - READ  MEM Access, AP 0x00000000, Addr 0xE000EDF0, Val 0x00000000, "DAP Read Memory (32 bit) - Success" - ID 365
21:25:00:909 (20/03/2026) - READ  MEM Access, AP 0x00000000, Addr 0xE000EDF0, Val 0x00000000, "DAP Read Memory (32 bit) - Success" - ID 366
21:25:00:910 (20/03/2026) - READ  MEM Access, AP 0x00000000, Addr 0xE000EDF0, Val 0x00000000, "DAP Read Memory (32 bit) - Success" - ID 367
21:25:00:911 (20/03/2026) - READ  MEM Access, AP 0x00000000, Addr 0xE000EDF0, Val 0x00000000, "DAP Read Memory (32 bit) - Success" - ID 368
21:25:00:914 (20/03/2026) - READ  MEM Access, AP 0x00000000, Addr 0xE000EDF0, Val 0x00000000, "DAP Read Memory (32 bit) - Success" - ID 369
21:25:00:917 (20/03/2026) - READ  MEM Access, AP 0x00000000, Addr 0xE000EDF0, Val 0x00000000, "DAP Read Memory (32 bit) - Success" - ID 370
21:25:00:920 (20/03/2026) - READ  MEM Access, AP 0x00000000, Addr 0xE000EDF0, Val 0x00000000, "DAP Read Memory (32 bit) - Success" - ID 371
21:25:00:922 (20/03/2026) - READ  MEM Access, AP 0x00000000, Addr 0xE000EDF0, Val 0x00000000, "DAP Read Memory (32 bit) - Success" - ID 372
21:25:00:923 (20/03/2026) - READ  MEM Access, AP 0x00000000, Addr 0xE000EDF0, Val 0x00000000, "DAP Read Memory (32 bit) - Success" - ID 373
21:25:00:923 (20/03/2026) - READ  MEM Access, AP 0x00000000, Addr 0xE000EDF0, Val 0x00000000, "DAP Read Memory (32 bit) - Success" - ID 374
21:25:00:926 (20/03/2026) - READ  MEM Access, AP 0x00000000, Addr 0xE000EDF0, Val 0x00000000, "DAP Read Memory (32 bit) - Success" - ID 375
21:25:00:928 (20/03/2026) - READ  MEM Access, AP 0x00000000, Addr 0xE000EDF0, Val 0x00000000, "DAP Read Memory (32 bit) - Success" - ID 376
21:25:00:929 (20/03/2026) - READ  MEM Access, AP 0x00000000, Addr 0xE000EDF0, Val 0x00000000, "DAP Read Memory (32 bit) - Success" - ID 377
21:25:00:930 (20/03/2026) - READ  MEM Access, AP 0x00000000, Addr 0xE000EDF0, Val 0x00000000, "DAP Read Memory (32 bit) - Success" - ID 378
21:25:00:930 (20/03/2026) - READ  MEM Access, AP 0x00000000, Addr 0xE000EDF0, Val 0x00000000, "DAP Read Memory (32 bit) - Success" - ID 379
21:25:00:931 (20/03/2026) - READ  MEM Access, AP 0x00000000, Addr 0xE000EDF0, Val 0x00000000, "DAP Read Memory (32 bit) - Success" - ID 380
21:25:00:938 (20/03/2026) - READ  MEM Access, AP 0x00000000, Addr 0xE000EDF0, Val 0x00000000, "DAP Read Memory (32 bit) - Success" - ID 381
21:25:02:745 (20/03/2026) - READ  MEM Access, AP 0x00000000, Addr 0xE000EDF0, Val 0x00000000, "DAP Read Memory (32 bit) - Success" - ID 382
21:25:02:770 (20/03/2026) - WRITE MEM BLOCK Access, AP 0x00000000, Start Addr 0xE0002000, End Addr 0xE000201F, "DAP Write Memory Block - FAILED" - ID 383
21:25:02:771 (20/03/2026) - WRITE DP  Access, Addr 0x00000004, Val 0x00000000, "DAP Write DP - Success" - ID 384
