CMSIS_AGDI.DLL - CMSIS-DAP Driver Log

20:39:48:328 (18/03/2026) - WRITE DP  Access, Addr 0x00000008, Val 0x00000000, "DAP Write DP - Success" - ID 0
20:39:48:333 (18/03/2026) - WRITE DP  Access, Addr 0x00000004, Val 0x50000000, "DAP Write DP - Success" - ID 1
20:39:48:334 (18/03/2026) - READ  DP  Access, Addr 0x00000004, Val 0xF0000000, "DAP Read DP - Success" - ID 2
20:39:48:335 (18/03/2026) - WRITE DP  Access, Addr 0x00000004, Val 0x50000F32, "DAP Write DP - Success" - ID 3
20:39:48:339 (18/03/2026) - READ  AP  Access, AP 0x00000000, Addr 0x000000FC, Val 0x24770011, "DAP Read AP - Success" - ID 4
20:39:48:340 (18/03/2026) - READ  AP  Access, AP 0x00000000, Addr 0x000000FC, Val 0x24770011, "JTAG Read AP - Success" - ID 5
20:39:48:365 (18/03/2026) - WRITE AP  Access, AP 0x00000000, Addr 0x00000000, Val 0x23000052, "DAP Write AP - Success" - ID 6
20:39:48:368 (18/03/2026) - READ  AP  Access, AP 0x00000000, Addr 0x000000F8, Val 0xE00FF003, "DAP Read AP - Success" - ID 7
20:39:48:377 (18/03/2026) - READ  MEM BLOCK Access, AP 0x00000000, Start Addr 0xE00FFFF0, End Addr 0xE00FFFFF, "DAP Read Memory Block - Success" - ID 8
  Item #0, AP 0, Addr 0xE00FFFF0, Value 0x0000000D
  Item #1, AP 0, Addr 0xE00FFFF4, Value 0x00000010
  Item #2, AP 0, Addr 0xE00FFFF8, Value 0x00000005
  Item #3, AP 0, Addr 0xE00FFFFC, Value 0x000000B1
20:39:48:380 (18/03/2026) - READ  MEM BLOCK Access, AP 0x00000000, Start Addr 0xE00FFFD0, End Addr 0xE00FFFEF, "DAP Read Memory Block - Success" - ID 9
  Item #0, AP 0, Addr 0xE00FFFD0, Value 0x00000004
  Item #1, AP 0, Addr 0xE00FFFD4, Value 0x00000000
  Item #2, AP 0, Addr 0xE00FFFD8, Value 0x00000000
  Item #3, AP 0, Addr 0xE00FFFDC, Value 0x00000000
  Item #4, AP 0, Addr 0xE00FFFE0, Value 0x000000C4
  Item #5, AP 0, Addr 0xE00FFFE4, Value 0x000000B4
  Item #6, AP 0, Addr 0xE00FFFE8, Value 0x0000000B
  Item #7, AP 0, Addr 0xE00FFFEC, Value 0x00000000
20:39:48:380 (18/03/2026) - ROM TABLE: Detected ROM Table (Cortex-M4) at address 0xE00FF000 (PID 0x00000004000BB4C4, CID 0xB105100D)
20:39:48:381 (18/03/2026) - READ  MEM Access, AP 0x00000000, Addr 0xE00FF000, Val 0xFFF0F003, "DAP Read Memory (32 bit) - Success" - ID 10
20:39:48:383 (18/03/2026) - READ  MEM BLOCK Access, AP 0x00000000, Start Addr 0xE000EFF0, End Addr 0xE000EFFF, "DAP Read Memory Block - Success" - ID 11
  Item #0, AP 0, Addr 0xE000EFF0, Value 0x0000000D
  Item #1, AP 0, Addr 0xE000EFF4, Value 0x000000E0
  Item #2, AP 0, Addr 0xE000EFF8, Value 0x00000005
  Item #3, AP 0, Addr 0xE000EFFC, Value 0x000000B1
20:39:48:385 (18/03/2026) - READ  MEM BLOCK Access, AP 0x00000000, Start Addr 0xE000EFD0, End Addr 0xE000EFEF, "DAP Read Memory Block - Success" - ID 12
  Item #0, AP 0, Addr 0xE000EFD0, Value 0x00000004
  Item #1, AP 0, Addr 0xE000EFD4, Value 0x00000000
  Item #2, AP 0, Addr 0xE000EFD8, Value 0x00000000
  Item #3, AP 0, Addr 0xE000EFDC, Value 0x00000000
  Item #4, AP 0, Addr 0xE000EFE0, Value 0x0000000C
  Item #5, AP 0, Addr 0xE000EFE4, Value 0x000000B0
  Item #6, AP 0, Addr 0xE000EFE8, Value 0x0000000B
  Item #7, AP 0, Addr 0xE000EFEC, Value 0x00000000
20:39:48:390 (18/03/2026) - WRITE MEM Access, AP 0x00000000, Addr 0xE000EDFC, Val 0x01000000, "DAP Write Memory (32 bit) - Success" - ID 13
20:39:48:390 (18/03/2026) - ROM TABLE: Detected SCS (ARMv7-M with FP Extension) at address 0xE000E000 (PID 0x00000004000BB00C, CID 0xB105E00D)
20:39:48:391 (18/03/2026) - READ  MEM Access, AP 0x00000000, Addr 0xE00FF004, Val 0xFFF02003, "DAP Read Memory (32 bit) - Success" - ID 14
20:39:48:397 (18/03/2026) - READ  MEM BLOCK Access, AP 0x00000000, Start Addr 0xE0001FF0, End Addr 0xE0001FFF, "DAP Read Memory Block - Success" - ID 15
  Item #0, AP 0, Addr 0xE0001FF0, Value 0x0000000D
  Item #1, AP 0, Addr 0xE0001FF4, Value 0x000000E0
  Item #2, AP 0, Addr 0xE0001FF8, Value 0x00000005
  Item #3, AP 0, Addr 0xE0001FFC, Value 0x000000B1
20:39:48:401 (18/03/2026) - READ  MEM BLOCK Access, AP 0x00000000, Start Addr 0xE0001FD0, End Addr 0xE0001FEF, "DAP Read Memory Block - Success" - ID 16
  Item #0, AP 0, Addr 0xE0001FD0, Value 0x00000004
  Item #1, AP 0, Addr 0xE0001FD4, Value 0x00000000
  Item #2, AP 0, Addr 0xE0001FD8, Value 0x00000000
  Item #3, AP 0, Addr 0xE0001FDC, Value 0x00000000
  Item #4, AP 0, Addr 0xE0001FE0, Value 0x00000002
  Item #5, AP 0, Addr 0xE0001FE4, Value 0x000000B0
  Item #6, AP 0, Addr 0xE0001FE8, Value 0x0000003B
  Item #7, AP 0, Addr 0xE0001FEC, Value 0x00000000
20:39:48:401 (18/03/2026) - ROM TABLE: Detected DWT (ARMv7-M) at address 0xE0001000 (PID 0x00000004003BB002, CID 0xB105E00D)
20:39:48:402 (18/03/2026) - READ  MEM Access, AP 0x00000000, Addr 0xE00FF008, Val 0xFFF03003, "DAP Read Memory (32 bit) - Success" - ID 17
20:39:48:408 (18/03/2026) - READ  MEM BLOCK Access, AP 0x00000000, Start Addr 0xE0002FF0, End Addr 0xE0002FFF, "DAP Read Memory Block - Success" - ID 18
  Item #0, AP 0, Addr 0xE0002FF0, Value 0x0000000D
  Item #1, AP 0, Addr 0xE0002FF4, Value 0x000000E0
  Item #2, AP 0, Addr 0xE0002FF8, Value 0x00000005
  Item #3, AP 0, Addr 0xE0002FFC, Value 0x000000B1
20:39:48:412 (18/03/2026) - READ  MEM BLOCK Access, AP 0x00000000, Start Addr 0xE0002FD0, End Addr 0xE0002FEF, "DAP Read Memory Block - Success" - ID 19
  Item #0, AP 0, Addr 0xE0002FD0, Value 0x00000004
  Item #1, AP 0, Addr 0xE0002FD4, Value 0x00000000
  Item #2, AP 0, Addr 0xE0002FD8, Value 0x00000000
  Item #3, AP 0, Addr 0xE0002FDC, Value 0x00000000
  Item #4, AP 0, Addr 0xE0002FE0, Value 0x00000003
  Item #5, AP 0, Addr 0xE0002FE4, Value 0x000000B0
  Item #6, AP 0, Addr 0xE0002FE8, Value 0x0000002B
  Item #7, AP 0, Addr 0xE0002FEC, Value 0x00000000
20:39:48:412 (18/03/2026) - ROM TABLE: Detected FPB (ARMv7-M) at address 0xE0002000 (PID 0x00000004002BB003, CID 0xB105E00D)
20:39:48:413 (18/03/2026) - READ  MEM Access, AP 0x00000000, Addr 0xE00FF00C, Val 0xFFF01003, "DAP Read Memory (32 bit) - Success" - ID 20
20:39:48:422 (18/03/2026) - READ  MEM BLOCK Access, AP 0x00000000, Start Addr 0xE0000FF0, End Addr 0xE0000FFF, "DAP Read Memory Block - Success" - ID 21
  Item #0, AP 0, Addr 0xE0000FF0, Value 0x0000000D
  Item #1, AP 0, Addr 0xE0000FF4, Value 0x000000E0
  Item #2, AP 0, Addr 0xE0000FF8, Value 0x00000005
  Item #3, AP 0, Addr 0xE0000FFC, Value 0x000000B1
20:39:48:438 (18/03/2026) - READ  MEM BLOCK Access, AP 0x00000000, Start Addr 0xE0000FD0, End Addr 0xE0000FEF, "DAP Read Memory Block - Success" - ID 22
  Item #0, AP 0, Addr 0xE0000FD0, Value 0x00000004
  Item #1, AP 0, Addr 0xE0000FD4, Value 0x00000000
  Item #2, AP 0, Addr 0xE0000FD8, Value 0x00000000
  Item #3, AP 0, Addr 0xE0000FDC, Value 0x00000000
  Item #4, AP 0, Addr 0xE0000FE0, Value 0x00000001
  Item #5, AP 0, Addr 0xE0000FE4, Value 0x000000B0
  Item #6, AP 0, Addr 0xE0000FE8, Value 0x0000003B
  Item #7, AP 0, Addr 0xE0000FEC, Value 0x00000000
20:39:48:438 (18/03/2026) - ROM TABLE: Detected ITM (ARMv7-M) at address 0xE0000000 (PID 0x00000004003BB001, CID 0xB105E00D)
20:39:48:439 (18/03/2026) - READ  MEM Access, AP 0x00000000, Addr 0xE00FF010, Val 0xFFF41003, "DAP Read Memory (32 bit) - Success" - ID 23
20:39:48:442 (18/03/2026) - READ  MEM BLOCK Access, AP 0x00000000, Start Addr 0xE0040FF0, End Addr 0xE0040FFF, "DAP Read Memory Block - Success" - ID 24
  Item #0, AP 0, Addr 0xE0040FF0, Value 0x0000000D
  Item #1, AP 0, Addr 0xE0040FF4, Value 0x00000090
  Item #2, AP 0, Addr 0xE0040FF8, Value 0x00000005
  Item #3, AP 0, Addr 0xE0040FFC, Value 0x000000B1
20:39:48:445 (18/03/2026) - READ  MEM BLOCK Access, AP 0x00000000, Start Addr 0xE0040FD0, End Addr 0xE0040FEF, "DAP Read Memory Block - Success" - ID 25
  Item #0, AP 0, Addr 0xE0040FD0, Value 0x00000004
  Item #1, AP 0, Addr 0xE0040FD4, Value 0x00000000
  Item #2, AP 0, Addr 0xE0040FD8, Value 0x00000000
  Item #3, AP 0, Addr 0xE0040FDC, Value 0x00000000
  Item #4, AP 0, Addr 0xE0040FE0, Value 0x000000A1
  Item #5, AP 0, Addr 0xE0040FE4, Value 0x000000B9
  Item #6, AP 0, Addr 0xE0040FE8, Value 0x0000000B
  Item #7, AP 0, Addr 0xE0040FEC, Value 0x00000000
20:39:48:445 (18/03/2026) - ROM TABLE: Detected TPIU (Cortex-M4) at address 0xE0040000 (PID 0x00000004000BB9A1, CID 0xB105900D)
20:39:48:447 (18/03/2026) - READ  MEM Access, AP 0x00000000, Addr 0xE00FF014, Val 0xFFF42003, "DAP Read Memory (32 bit) - Success" - ID 26
20:39:48:449 (18/03/2026) - READ  MEM BLOCK Access, AP 0x00000000, Start Addr 0xE0041FF0, End Addr 0xE0041FFF, "DAP Read Memory Block - Success" - ID 27
  Item #0, AP 0, Addr 0xE0041FF0, Value 0x0000000D
  Item #1, AP 0, Addr 0xE0041FF4, Value 0x00000090
  Item #2, AP 0, Addr 0xE0041FF8, Value 0x00000005
  Item #3, AP 0, Addr 0xE0041FFC, Value 0x000000B1
20:39:48:452 (18/03/2026) - READ  MEM BLOCK Access, AP 0x00000000, Start Addr 0xE0041FD0, End Addr 0xE0041FEF, "DAP Read Memory Block - Success" - ID 28
  Item #0, AP 0, Addr 0xE0041FD0, Value 0x00000004
  Item #1, AP 0, Addr 0xE0041FD4, Value 0x00000000
  Item #2, AP 0, Addr 0xE0041FD8, Value 0x00000000
  Item #3, AP 0, Addr 0xE0041FDC, Value 0x00000000
  Item #4, AP 0, Addr 0xE0041FE0, Value 0x00000025
  Item #5, AP 0, Addr 0xE0041FE4, Value 0x000000B9
  Item #6, AP 0, Addr 0xE0041FE8, Value 0x0000000B
  Item #7, AP 0, Addr 0xE0041FEC, Value 0x00000000
20:39:48:452 (18/03/2026) - ROM TABLE: Detected ETM (Cortex-M4) at address 0xE0041000 (PID 0x00000004000BB925, CID 0xB105900D)
20:39:48:453 (18/03/2026) - READ  MEM Access, AP 0x00000000, Addr 0xE00FF018, Val 0x00000000, "DAP Read Memory (32 bit) - Success" - ID 29
20:39:48:454 (18/03/2026) - READ  MEM Access, AP 0x00000000, Addr 0xE000ED00, Val 0x410FC241, "DAP Read Memory (32 bit) - Success" - ID 30
20:39:48:457 (18/03/2026) - READ  MEM Access, AP 0x00000000, Addr 0xE000EF40, Val 0x10110021, "DAP Read Memory (32 bit) - Success" - ID 31
20:39:48:457 (18/03/2026) - READ  MEM Access, AP 0x00000000, Addr 0xE000EF44, Val 0x11000011, "DAP Read Memory (32 bit) - Success" - ID 32
20:39:48:458 (18/03/2026) - READ  DP  Access, Addr 0x00000004, Val 0xF0000F00, "DAP Read DP - Success" - ID 33
20:39:48:459 (18/03/2026) - WRITE MEM Access, AP 0x00000000, Addr 0xE000EDFC, Val 0x00000001, "DAP Write Memory (32 bit) - Success" - ID 34
20:39:48:460 (18/03/2026) - WRITE MEM Access, AP 0x00000000, Addr 0xE000EDF0, Val 0xA05F0003, "DAP Write Memory (32 bit) - Success" - ID 35
20:39:48:461 (18/03/2026) - WRITE MEM Access, AP 0x00000000, Addr 0xE000EDFC, Val 0x01000001, "DAP Write Memory (32 bit) - Success" - ID 36
20:39:48:462 (18/03/2026) - READ  MEM Access, AP 0x00000000, Addr 0xE0002000, Val 0x00000260, "DAP Read Memory (32 bit) - Success" - ID 37
20:39:48:463 (18/03/2026) - READ  MEM Access, AP 0x00000000, Addr 0xE0001000, Val 0x40000000, "DAP Read Memory (32 bit) - Success" - ID 38
20:39:48:463 (18/03/2026) - WRITE MEM Access, AP 0x00000000, Addr 0xE0001024, Val 0x0000001F, "DAP Write Memory (32 bit) - Success" - ID 39
20:39:48:465 (18/03/2026) - READ  MEM Access, AP 0x00000000, Addr 0xE0001024, Val 0x0000000F, "DAP Read Memory (32 bit) - Success" - ID 40
20:39:48:469 (18/03/2026) - WRITE MEM Access, AP 0x00000000, Addr 0xE0001024, Val 0x00000000, "DAP Write Memory (32 bit) - Success" - ID 41
20:39:48:471 (18/03/2026) - WRITE MEM Access, AP 0x00000000, Addr 0xE0001028, Val 0x00000100, "DAP Write Memory (32 bit) - Success" - ID 42
20:39:48:471 (18/03/2026) - READ  MEM Access, AP 0x00000000, Addr 0xE0001028, Val 0x00000000, "DAP Read Memory (32 bit) - Success" - ID 43
20:39:48:472 (18/03/2026) - WRITE MEM Access, AP 0x00000000, Addr 0xE0001028, Val 0x00000080, "DAP Write Memory (32 bit) - Success" - ID 44
20:39:48:473 (18/03/2026) - READ  MEM Access, AP 0x00000000, Addr 0xE0001028, Val 0x00000080, "DAP Read Memory (32 bit) - Success" - ID 45
20:39:48:473 (18/03/2026) - WRITE MEM Access, AP 0x00000000, Addr 0xE0001028, Val 0x00000000, "DAP Write Memory (32 bit) - Success" - ID 46
20:39:48:475 (18/03/2026) - WRITE MEM Access, AP 0x00000000, Addr 0xE0001038, Val 0x00000100, "DAP Write Memory (32 bit) - Success" - ID 47
20:39:48:476 (18/03/2026) - READ  MEM Access, AP 0x00000000, Addr 0xE0001038, Val 0x00000300, "DAP Read Memory (32 bit) - Success" - ID 48
20:39:48:479 (18/03/2026) - WRITE MEM Access, AP 0x00000000, Addr 0xE0001038, Val 0x00000080, "DAP Write Memory (32 bit) - Success" - ID 49
20:39:48:480 (18/03/2026) - READ  MEM Access, AP 0x00000000, Addr 0xE0001038, Val 0x00000200, "DAP Read Memory (32 bit) - Success" - ID 50
20:39:48:481 (18/03/2026) - WRITE MEM Access, AP 0x00000000, Addr 0xE0001038, Val 0x00000000, "DAP Write Memory (32 bit) - Success" - ID 51
20:39:48:482 (18/03/2026) - WRITE MEM Access, AP 0x00000000, Addr 0xE0001048, Val 0x00000100, "DAP Write Memory (32 bit) - Success" - ID 52
20:39:48:482 (18/03/2026) - READ  MEM Access, AP 0x00000000, Addr 0xE0001048, Val 0x00000000, "DAP Read Memory (32 bit) - Success" - ID 53
20:39:48:483 (18/03/2026) - WRITE MEM Access, AP 0x00000000, Addr 0xE0001048, Val 0x00000080, "DAP Write Memory (32 bit) - Success" - ID 54
20:39:48:485 (18/03/2026) - READ  MEM Access, AP 0x00000000, Addr 0xE0001048, Val 0x00000000, "DAP Read Memory (32 bit) - Success" - ID 55
20:39:48:487 (18/03/2026) - WRITE MEM Access, AP 0x00000000, Addr 0xE0001048, Val 0x00000000, "DAP Write Memory (32 bit) - Success" - ID 56
20:39:48:488 (18/03/2026) - WRITE MEM Access, AP 0x00000000, Addr 0xE0001058, Val 0x00000100, "DAP Write Memory (32 bit) - Success" - ID 57
20:39:48:489 (18/03/2026) - READ  MEM Access, AP 0x00000000, Addr 0xE0001058, Val 0x00000000, "DAP Read Memory (32 bit) - Success" - ID 58
20:39:48:492 (18/03/2026) - WRITE MEM Access, AP 0x00000000, Addr 0xE0001058, Val 0x00000080, "DAP Write Memory (32 bit) - Success" - ID 59
20:39:48:493 (18/03/2026) - READ  MEM Access, AP 0x00000000, Addr 0xE0001058, Val 0x00000000, "DAP Read Memory (32 bit) - Success" - ID 60
20:39:48:495 (18/03/2026) - WRITE MEM Access, AP 0x00000000, Addr 0xE0001058, Val 0x00000000, "DAP Write Memory (32 bit) - Success" - ID 61
20:39:48:496 (18/03/2026) - WRITE MEM Access, AP 0x00000000, Addr 0xE0002000, Val 0x00000002, "DAP Write Memory (32 bit) - Success" - ID 62
20:39:48:496 (18/03/2026) - WRITE MEM Access, AP 0x00000000, Addr 0xE0001028, Val 0x00000000, "DAP Write Memory (32 bit) - Success" - ID 63
20:39:48:497 (18/03/2026) - WRITE MEM Access, AP 0x00000000, Addr 0xE0001038, Val 0x00000000, "DAP Write Memory (32 bit) - Success" - ID 64
20:39:48:499 (18/03/2026) - WRITE MEM Access, AP 0x00000000, Addr 0xE0001048, Val 0x00000000, "DAP Write Memory (32 bit) - Success" - ID 65
20:39:48:500 (18/03/2026) - WRITE MEM Access, AP 0x00000000, Addr 0xE0001058, Val 0x00000000, "DAP Write Memory (32 bit) - Success" - ID 66
20:39:48:501 (18/03/2026) - READ  MEM Access, AP 0x00000000, Addr 0xE000E004, Val 0x00000004, "DAP Read Memory (32 bit) - Success" - ID 67
20:39:48:510 (18/03/2026) - WRITE MEM BLOCK Access, AP 0x00000000, Start Addr 0xE0001000, End Addr 0xE000101B, "DAP Write Memory Block - Success" - ID 68
  Item #0, AP 0, Addr 0xE0001000, Value 0x00000001
  Item #1, AP 0, Addr 0xE0001004, Value 0x00000000
  Item #2, AP 0, Addr 0xE0001008, Value 0x00000000
  Item #3, AP 0, Addr 0xE000100C, Value 0x00000000
  Item #4, AP 0, Addr 0xE0001010, Value 0x00000000
  Item #5, AP 0, Addr 0xE0001014, Value 0x00000000
  Item #6, AP 0, Addr 0xE0001018, Value 0x00000000
20:39:48:512 (18/03/2026) - WRITE MEM Access, AP 0x00000000, Addr 0xE000EDFC, Val 0x00000001, "DAP Write Memory (32 bit) - Success" - ID 69
20:39:48:512 (18/03/2026) - READ  MEM Access, AP 0x00000000, Addr 0xE000EDF0, Val 0x03030003, "DAP Read Memory (32 bit) - Success" - ID 70
20:39:48:515 (18/03/2026) - WRITE MEM Access, AP 0x00000000, Addr 0xE000ED0C, Val 0x05FA0001, "DAP Write Memory (32 bit) - Success" - ID 71
20:39:48:519 (18/03/2026) - READ  MEM Access, AP 0x00000000, Addr 0xE000EDF0, Val 0x02030003, "DAP Read Memory (32 bit) - Success" - ID 72
20:39:48:520 (18/03/2026) - READ  MEM Access, AP 0x00000000, Addr 0xE000EDF0, Val 0x00030003, "DAP Read Memory (32 bit) - Success" - ID 73
20:39:48:523 (18/03/2026) - READ  MEM Access, AP 0x00000000, Addr 0xE000EDF0, Val 0x00030003, "DAP Read Memory (32 bit) - Success" - ID 74
20:39:48:524 (18/03/2026) - READ  MEM Access, AP 0x00000000, Addr 0xE000EDF0, Val 0x00030003, "DAP Read Memory (32 bit) - Success" - ID 75
20:39:48:527 (18/03/2026) - READ  MEM Access, AP 0x00000000, Addr 0xE000EDF0, Val 0x00030003, "DAP Read Memory (32 bit) - Success" - ID 76
20:39:48:539 (18/03/2026) - WRITE MEM BLOCK Access, AP 0x00000000, Start Addr 0x20000000, End Addr 0x20000127, "DAP Write Memory Block - Success" - ID 77
  Item #0, AP 0, Addr 0x20000000, Value 0xE00ABE00
  Item #1, AP 0, Addr 0x20000004, Value 0x062D780D
  Item #2, AP 0, Addr 0x20000008, Value 0x24084068
  Item #3, AP 0, Addr 0x2000000C, Value 0xD3000040
  Item #4, AP 0, Addr 0x20000010, Value 0x1E644058
  Item #5, AP 0, Addr 0x20000014, Value 0x1C49D1FA
  Item #6, AP 0, Addr 0x20000018, Value 0x2A001E52
  Item #7, AP 0, Addr 0x2000001C, Value 0x4770D1F2
  Item #8, AP 0, Addr 0x20000020, Value 0x7803E005
  Item #9, AP 0, Addr 0x20000024, Value 0x42931C40
  Item #10, AP 0, Addr 0x20000028, Value 0x2001D001
  Item #11, AP 0, Addr 0x2000002C, Value 0x1E494770
  Item #12, AP 0, Addr 0x20000030, Value 0x2000D2F7
  Item #13, AP 0, Addr 0x20000034, Value 0x00004770
  Item #14, AP 0, Addr 0x20000038, Value 0x49340A88
  Item #15, AP 0, Addr 0x2000003C, Value 0x0D004348
  Item #16, AP 0, Addr 0x20000040, Value 0x1E404933
  Item #17, AP 0, Addr 0x20000044, Value 0x49326008
  Item #18, AP 0, Addr 0x20000048, Value 0x39802001
  Item #19, AP 0, Addr 0x2000004C, Value 0x20006308
  Item #20, AP 0, Addr 0x20000050, Value 0x20004770
  Item #21, AP 0, Addr 0x20000054, Value 0x482F4770
  Item #22, AP 0, Addr 0x20000058, Value 0x61412101
  Item #23, AP 0, Addr 0x2000005C, Value 0x6081492E
  Item #24, AP 0, Addr 0x20000060, Value 0x07496881
  Item #25, AP 0, Addr 0x20000064, Value 0x68C0D4FC
  Item #26, AP 0, Addr 0x20000068, Value 0xD00007C0
  Item #27, AP 0, Addr 0x2000006C, Value 0x47702001
  Item #28, AP 0, Addr 0x20000070, Value 0xD10C0581
  Item #29, AP 0, Addr 0x20000074, Value 0x22014927
  Item #30, AP 0, Addr 0x20000078, Value 0x6008614A
  Item #31, AP 0, Addr 0x2000007C, Value 0x1E804826
  Item #32, AP 0, Addr 0x20000080, Value 0x68886088
  Item #33, AP 0, Addr 0x20000084, Value 0xD4FC0780
  Item #34, AP 0, Addr 0x20000088, Value 0x07C068C8
  Item #35, AP 0, Addr 0x2000008C, Value 0x2001D000
  Item #36, AP 0, Addr 0x20000090, Value 0xB5F04770
  Item #37, AP 0, Addr 0x20000094, Value 0xD1370783
  Item #38, AP 0, Addr 0x20000098, Value 0x08891CC9
  Item #39, AP 0, Addr 0x2000009C, Value 0x4D1D0089
  Item #40, AP 0, Addr 0x200000A0, Value 0x616B2301
  Item #41, AP 0, Addr 0x200000A4, Value 0x33404B1A
  Item #42, AP 0, Addr 0x200000A8, Value 0x4C1C6A1B
  Item #43, AP 0, Addr 0x200000AC, Value 0xD02607DB
  Item #44, AP 0, Addr 0x200000B0, Value 0x237C4E1B
  Item #45, AP 0, Addr 0x200000B4, Value 0xD0242900
  Item #46, AP 0, Addr 0x200000B8, Value 0x01E409C4
  Item #47, AP 0, Addr 0x200000BC, Value 0xE006602C
  Item #48, AP 0, Addr 0x200000C0, Value 0xCA104607
  Item #49, AP 0, Addr 0x200000C4, Value 0x19BF401F
  Item #50, AP 0, Addr 0x200000C8, Value 0x1D00603C
  Item #51, AP 0, Addr 0x200000CC, Value 0x06441F09
  Item #52, AP 0, Addr 0x200000D0, Value 0xD1020EE4
  Item #53, AP 0, Addr 0x200000D4, Value 0x2C006B2C
  Item #54, AP 0, Addr 0x200000D8, Value 0x2900D101
  Item #55, AP 0, Addr 0x200000DC, Value 0x4C0FD1F0
  Item #56, AP 0, Addr 0x200000E0, Value 0x6A2C622C
  Item #57, AP 0, Addr 0x200000E4, Value 0xD1FC07E4
  Item #58, AP 0, Addr 0x200000E8, Value 0x6028E7E4
  Item #59, AP 0, Addr 0x200000EC, Value 0x606B6813
  Item #60, AP 0, Addr 0x200000F0, Value 0x68AB60AC
  Item #61, AP 0, Addr 0x200000F4, Value 0xD1FC07DB
  Item #62, AP 0, Addr 0x200000F8, Value 0x1D121D00
  Item #63, AP 0, Addr 0x200000FC, Value 0x29001F09
  Item #64, AP 0, Addr 0x20000100, Value 0x68E8D1F3
  Item #65, AP 0, Addr 0x20000104, Value 0xD00007C0
  Item #66, AP 0, Addr 0x20000108, Value 0xBDF02001
  Item #67, AP 0, Addr 0x2000010C, Value 0x00000432
  Item #68, AP 0, Addr 0x20000110, Value 0x400FE140
  Item #69, AP 0, Addr 0x20000114, Value 0x400FD000
  Item #70, AP 0, Addr 0x20000118, Value 0xA4420004
  Item #71, AP 0, Addr 0x2000011C, Value 0xA4420001
  Item #72, AP 0, Addr 0x20000120, Value 0x400FD100
  Item #73, AP 0, Addr 0x20000124, Value 0x00000000
20:39:48:544 (18/03/2026) - READ  MEM BLOCK Access, AP 0x00000000, Start Addr 0x20000000, End Addr 0x20000127, "DAP Read Memory Block - Success" - ID 78
  Item #0, AP 0, Addr 0x20000000, Value 0xE00ABE00
  Item #1, AP 0, Addr 0x20000004, Value 0x062D780D
  Item #2, AP 0, Addr 0x20000008, Value 0x24084068
  Item #3, AP 0, Addr 0x2000000C, Value 0xD3000040
  Item #4, AP 0, Addr 0x20000010, Value 0x1E644058
  Item #5, AP 0, Addr 0x20000014, Value 0x1C49D1FA
  Item #6, AP 0, Addr 0x20000018, Value 0x2A001E52
  Item #7, AP 0, Addr 0x2000001C, Value 0x4770D1F2
  Item #8, AP 0, Addr 0x20000020, Value 0x7803E005
  Item #9, AP 0, Addr 0x20000024, Value 0x42931C40
  Item #10, AP 0, Addr 0x20000028, Value 0x2001D001
  Item #11, AP 0, Addr 0x2000002C, Value 0x1E494770
  Item #12, AP 0, Addr 0x20000030, Value 0x2000D2F7
  Item #13, AP 0, Addr 0x20000034, Value 0x00004770
  Item #14, AP 0, Addr 0x20000038, Value 0x49340A88
  Item #15, AP 0, Addr 0x2000003C, Value 0x0D004348
  Item #16, AP 0, Addr 0x20000040, Value 0x1E404933
  Item #17, AP 0, Addr 0x20000044, Value 0x49326008
  Item #18, AP 0, Addr 0x20000048, Value 0x39802001
  Item #19, AP 0, Addr 0x2000004C, Value 0x20006308
  Item #20, AP 0, Addr 0x20000050, Value 0x20004770
  Item #21, AP 0, Addr 0x20000054, Value 0x482F4770
  Item #22, AP 0, Addr 0x20000058, Value 0x61412101
  Item #23, AP 0, Addr 0x2000005C, Value 0x6081492E
  Item #24, AP 0, Addr 0x20000060, Value 0x07496881
  Item #25, AP 0, Addr 0x20000064, Value 0x68C0D4FC
  Item #26, AP 0, Addr 0x20000068, Value 0xD00007C0
  Item #27, AP 0, Addr 0x2000006C, Value 0x47702001
  Item #28, AP 0, Addr 0x20000070, Value 0xD10C0581
  Item #29, AP 0, Addr 0x20000074, Value 0x22014927
  Item #30, AP 0, Addr 0x20000078, Value 0x6008614A
  Item #31, AP 0, Addr 0x2000007C, Value 0x1E804826
  Item #32, AP 0, Addr 0x20000080, Value 0x68886088
  Item #33, AP 0, Addr 0x20000084, Value 0xD4FC0780
  Item #34, AP 0, Addr 0x20000088, Value 0x07C068C8
  Item #35, AP 0, Addr 0x2000008C, Value 0x2001D000
  Item #36, AP 0, Addr 0x20000090, Value 0xB5F04770
  Item #37, AP 0, Addr 0x20000094, Value 0xD1370783
  Item #38, AP 0, Addr 0x20000098, Value 0x08891CC9
  Item #39, AP 0, Addr 0x2000009C, Value 0x4D1D0089
  Item #40, AP 0, Addr 0x200000A0, Value 0x616B2301
  Item #41, AP 0, Addr 0x200000A4, Value 0x33404B1A
  Item #42, AP 0, Addr 0x200000A8, Value 0x4C1C6A1B
  Item #43, AP 0, Addr 0x200000AC, Value 0xD02607DB
  Item #44, AP 0, Addr 0x200000B0, Value 0x237C4E1B
  Item #45, AP 0, Addr 0x200000B4, Value 0xD0242900
  Item #46, AP 0, Addr 0x200000B8, Value 0x01E409C4
  Item #47, AP 0, Addr 0x200000BC, Value 0xE006602C
  Item #48, AP 0, Addr 0x200000C0, Value 0xCA104607
  Item #49, AP 0, Addr 0x200000C4, Value 0x19BF401F
  Item #50, AP 0, Addr 0x200000C8, Value 0x1D00603C
  Item #51, AP 0, Addr 0x200000CC, Value 0x06441F09
  Item #52, AP 0, Addr 0x200000D0, Value 0xD1020EE4
  Item #53, AP 0, Addr 0x200000D4, Value 0x2C006B2C
  Item #54, AP 0, Addr 0x200000D8, Value 0x2900D101
  Item #55, AP 0, Addr 0x200000DC, Value 0x4C0FD1F0
  Item #56, AP 0, Addr 0x200000E0, Value 0x6A2C622C
  Item #57, AP 0, Addr 0x200000E4, Value 0xD1FC07E4
  Item #58, AP 0, Addr 0x200000E8, Value 0x6028E7E4
  Item #59, AP 0, Addr 0x200000EC, Value 0x606B6813
  Item #60, AP 0, Addr 0x200000F0, Value 0x68AB60AC
  Item #61, AP 0, Addr 0x200000F4, Value 0xD1FC07DB
  Item #62, AP 0, Addr 0x200000F8, Value 0x1D121D00
  Item #63, AP 0, Addr 0x200000FC, Value 0x29001F09
  Item #64, AP 0, Addr 0x20000100, Value 0x68E8D1F3
  Item #65, AP 0, Addr 0x20000104, Value 0xD00007C0
  Item #66, AP 0, Addr 0x20000108, Value 0xBDF02001
  Item #67, AP 0, Addr 0x2000010C, Value 0x00000432
  Item #68, AP 0, Addr 0x20000110, Value 0x400FE140
  Item #69, AP 0, Addr 0x20000114, Value 0x400FD000
  Item #70, AP 0, Addr 0x20000118, Value 0xA4420004
  Item #71, AP 0, Addr 0x2000011C, Value 0xA4420001
  Item #72, AP 0, Addr 0x20000120, Value 0x400FD100
  Item #73, AP 0, Addr 0x20000124, Value 0x00000000
20:39:48:560 (18/03/2026) - READ  MEM Access, AP 0x00000000, Addr 0xE000EDF0, Val 0x01030003, "DAP Read Memory (32 bit) - Success" - ID 79
20:39:48:573 (18/03/2026) - READ  MEM Access, AP 0x00000000, Addr 0xE000EDF0, Val 0x01030003, "DAP Read Memory (32 bit) - Success" - ID 80
20:39:48:586 (18/03/2026) - READ  MEM Access, AP 0x00000000, Addr 0xE000EDF0, Val 0x00000000, "DAP Read Memory (32 bit) - Success" - ID 81
20:39:48:588 (18/03/2026) - READ  MEM Access, AP 0x00000000, Addr 0xE000EDF0, Val 0x00000000, "DAP Read Memory (32 bit) - Success" - ID 82
20:39:48:590 (18/03/2026) - READ  MEM Access, AP 0x00000000, Addr 0xE000EDF0, Val 0x00000000, "DAP Read Memory (32 bit) - Success" - ID 83
20:39:48:593 (18/03/2026) - READ  MEM Access, AP 0x00000000, Addr 0xE000EDF0, Val 0x00000000, "DAP Read Memory (32 bit) - Success" - ID 84
20:39:48:596 (18/03/2026) - READ  MEM Access, AP 0x00000000, Addr 0xE000EDF0, Val 0x00000000, "DAP Read Memory (32 bit) - Success" - ID 85
20:39:48:598 (18/03/2026) - READ  MEM Access, AP 0x00000000, Addr 0xE000EDF0, Val 0x00000000, "DAP Read Memory (32 bit) - Success" - ID 86
20:39:48:600 (18/03/2026) - READ  MEM Access, AP 0x00000000, Addr 0xE000EDF0, Val 0x00000000, "DAP Read Memory (32 bit) - Success" - ID 87
20:39:48:602 (18/03/2026) - READ  MEM Access, AP 0x00000000, Addr 0xE000EDF0, Val 0x00000000, "DAP Read Memory (32 bit) - Success" - ID 88
20:39:48:603 (18/03/2026) - READ  MEM Access, AP 0x00000000, Addr 0xE000EDF0, Val 0x00000000, "DAP Read Memory (32 bit) - Success" - ID 89
20:39:48:612 (18/03/2026) - READ  MEM Access, AP 0x00000000, Addr 0xE000EDF0, Val 0x00000000, "DAP Read Memory (32 bit) - Success" - ID 90
20:39:48:617 (18/03/2026) - READ  MEM Access, AP 0x00000000, Addr 0xE000EDF0, Val 0x00000000, "DAP Read Memory (32 bit) - Success" - ID 91
20:39:48:621 (18/03/2026) - READ  MEM Access, AP 0x00000000, Addr 0xE000EDF0, Val 0x00000000, "DAP Read Memory (32 bit) - Success" - ID 92
20:39:48:622 (18/03/2026) - READ  MEM Access, AP 0x00000000, Addr 0xE000EDF0, Val 0x00000000, "DAP Read Memory (32 bit) - Success" - ID 93
20:39:48:625 (18/03/2026) - READ  MEM Access, AP 0x00000000, Addr 0xE000EDF0, Val 0x00000000, "DAP Read Memory (32 bit) - Success" - ID 94
20:39:48:627 (18/03/2026) - READ  MEM Access, AP 0x00000000, Addr 0xE000EDF0, Val 0x00000000, "DAP Read Memory (32 bit) - Success" - ID 95
20:39:48:628 (18/03/2026) - READ  MEM Access, AP 0x00000000, Addr 0xE000EDF0, Val 0x00000000, "DAP Read Memory (32 bit) - Success" - ID 96
20:39:48:629 (18/03/2026) - READ  MEM Access, AP 0x00000000, Addr 0xE000EDF0, Val 0x00000000, "DAP Read Memory (32 bit) - Success" - ID 97
20:39:48:630 (18/03/2026) - READ  MEM Access, AP 0x00000000, Addr 0xE000EDF0, Val 0x00000000, "DAP Read Memory (32 bit) - Success" - ID 98
20:39:48:634 (18/03/2026) - READ  MEM Access, AP 0x00000000, Addr 0xE000EDF0, Val 0x00000000, "DAP Read Memory (32 bit) - Success" - ID 99
20:39:48:634 (18/03/2026) - READ  MEM Access, AP 0x00000000, Addr 0xE000EDF0, Val 0x00000000, "DAP Read Memory (32 bit) - Success" - ID 100
20:39:48:636 (18/03/2026) - READ  MEM Access, AP 0x00000000, Addr 0xE000EDF0, Val 0x00000000, "DAP Read Memory (32 bit) - Success" - ID 101
20:39:48:636 (18/03/2026) - READ  MEM Access, AP 0x00000000, Addr 0xE000EDF0, Val 0x00000000, "DAP Read Memory (32 bit) - Success" - ID 102
20:39:48:638 (18/03/2026) - READ  MEM Access, AP 0x00000000, Addr 0xE000EDF0, Val 0x00000000, "DAP Read Memory (32 bit) - Success" - ID 103
20:39:48:641 (18/03/2026) - READ  MEM Access, AP 0x00000000, Addr 0xE000EDF0, Val 0x00000000, "DAP Read Memory (32 bit) - Success" - ID 104
20:39:48:642 (18/03/2026) - READ  MEM Access, AP 0x00000000, Addr 0xE000EDF0, Val 0x00000000, "DAP Read Memory (32 bit) - Success" - ID 105
20:39:48:643 (18/03/2026) - READ  MEM Access, AP 0x00000000, Addr 0xE000EDF0, Val 0x00000000, "DAP Read Memory (32 bit) - Success" - ID 106
20:39:48:644 (18/03/2026) - READ  MEM Access, AP 0x00000000, Addr 0xE000EDF0, Val 0x00000000, "DAP Read Memory (32 bit) - Success" - ID 107
20:39:48:644 (18/03/2026) - READ  MEM Access, AP 0x00000000, Addr 0xE000EDF0, Val 0x00000000, "DAP Read Memory (32 bit) - Success" - ID 108
20:39:48:646 (18/03/2026) - READ  MEM Access, AP 0x00000000, Addr 0xE000EDF0, Val 0x00000000, "DAP Read Memory (32 bit) - Success" - ID 109
20:39:48:652 (18/03/2026) - READ  MEM Access, AP 0x00000000, Addr 0xE000EDF0, Val 0x00000000, "DAP Read Memory (32 bit) - Success" - ID 110
20:39:48:655 (18/03/2026) - READ  MEM Access, AP 0x00000000, Addr 0xE000EDF0, Val 0x00000000, "DAP Read Memory (32 bit) - Success" - ID 111
20:39:48:655 (18/03/2026) - READ  MEM Access, AP 0x00000000, Addr 0xE000EDF0, Val 0x00000000, "DAP Read Memory (32 bit) - Success" - ID 112
20:39:48:656 (18/03/2026) - READ  MEM Access, AP 0x00000000, Addr 0xE000EDF0, Val 0x00000000, "DAP Read Memory (32 bit) - Success" - ID 113
20:39:48:657 (18/03/2026) - READ  MEM Access, AP 0x00000000, Addr 0xE000EDF0, Val 0x00000000, "DAP Read Memory (32 bit) - Success" - ID 114
20:39:48:657 (18/03/2026) - READ  MEM Access, AP 0x00000000, Addr 0xE000EDF0, Val 0x00000000, "DAP Read Memory (32 bit) - Success" - ID 115
20:39:48:659 (18/03/2026) - READ  MEM Access, AP 0x00000000, Addr 0xE000EDF0, Val 0x00000000, "DAP Read Memory (32 bit) - Success" - ID 116
20:39:48:660 (18/03/2026) - READ  MEM Access, AP 0x00000000, Addr 0xE000EDF0, Val 0x00000000, "DAP Read Memory (32 bit) - Success" - ID 117
20:39:48:661 (18/03/2026) - READ  MEM Access, AP 0x00000000, Addr 0xE000EDF0, Val 0x00000000, "DAP Read Memory (32 bit) - Success" - ID 118
20:39:48:662 (18/03/2026) - READ  MEM Access, AP 0x00000000, Addr 0xE000EDF0, Val 0x00000000, "DAP Read Memory (32 bit) - Success" - ID 119
20:39:48:662 (18/03/2026) - READ  MEM Access, AP 0x00000000, Addr 0xE000EDF0, Val 0x00000000, "DAP Read Memory (32 bit) - Success" - ID 120
20:39:48:663 (18/03/2026) - READ  MEM Access, AP 0x00000000, Addr 0xE000EDF0, Val 0x00000000, "DAP Read Memory (32 bit) - Success" - ID 121
20:39:48:665 (18/03/2026) - READ  MEM Access, AP 0x00000000, Addr 0xE000EDF0, Val 0x00000000, "DAP Read Memory (32 bit) - Success" - ID 122
20:39:48:665 (18/03/2026) - READ  MEM Access, AP 0x00000000, Addr 0xE000EDF0, Val 0x00000000, "DAP Read Memory (32 bit) - Success" - ID 123
20:39:48:666 (18/03/2026) - READ  MEM Access, AP 0x00000000, Addr 0xE000EDF0, Val 0x00000000, "DAP Read Memory (32 bit) - Success" - ID 124
20:39:48:667 (18/03/2026) - READ  MEM Access, AP 0x00000000, Addr 0xE000EDF0, Val 0x00000000, "DAP Read Memory (32 bit) - Success" - ID 125
20:39:48:668 (18/03/2026) - READ  MEM Access, AP 0x00000000, Addr 0xE000EDF0, Val 0x00000000, "DAP Read Memory (32 bit) - Success" - ID 126
20:39:48:669 (18/03/2026) - READ  MEM Access, AP 0x00000000, Addr 0xE000EDF0, Val 0x00000000, "DAP Read Memory (32 bit) - Success" - ID 127
20:39:48:670 (18/03/2026) - READ  MEM Access, AP 0x00000000, Addr 0xE000EDF0, Val 0x00000000, "DAP Read Memory (32 bit) - Success" - ID 128
20:39:48:673 (18/03/2026) - READ  MEM Access, AP 0x00000000, Addr 0xE000EDF0, Val 0x00000000, "DAP Read Memory (32 bit) - Success" - ID 129
20:39:48:678 (18/03/2026) - READ  MEM Access, AP 0x00000000, Addr 0xE000EDF0, Val 0x00000000, "DAP Read Memory (32 bit) - Success" - ID 130
20:39:48:681 (18/03/2026) - READ  MEM Access, AP 0x00000000, Addr 0xE000EDF0, Val 0x00000000, "DAP Read Memory (32 bit) - Success" - ID 131
20:39:48:682 (18/03/2026) - READ  MEM Access, AP 0x00000000, Addr 0xE000EDF0, Val 0x00000000, "DAP Read Memory (32 bit) - Success" - ID 132
20:39:48:683 (18/03/2026) - READ  MEM Access, AP 0x00000000, Addr 0xE000EDF0, Val 0x00000000, "DAP Read Memory (32 bit) - Success" - ID 133
20:39:48:684 (18/03/2026) - READ  MEM Access, AP 0x00000000, Addr 0xE000EDF0, Val 0x00000000, "DAP Read Memory (32 bit) - Success" - ID 134
20:39:48:684 (18/03/2026) - READ  MEM Access, AP 0x00000000, Addr 0xE000EDF0, Val 0x00000000, "DAP Read Memory (32 bit) - Success" - ID 135
20:39:48:685 (18/03/2026) - READ  MEM Access, AP 0x00000000, Addr 0xE000EDF0, Val 0x00000000, "DAP Read Memory (32 bit) - Success" - ID 136
20:39:48:686 (18/03/2026) - READ  MEM Access, AP 0x00000000, Addr 0xE000EDF0, Val 0x00000000, "DAP Read Memory (32 bit) - Success" - ID 137
20:39:48:687 (18/03/2026) - READ  MEM Access, AP 0x00000000, Addr 0xE000EDF0, Val 0x00000000, "DAP Read Memory (32 bit) - Success" - ID 138
20:39:48:687 (18/03/2026) - READ  MEM Access, AP 0x00000000, Addr 0xE000EDF0, Val 0x00000000, "DAP Read Memory (32 bit) - Success" - ID 139
20:39:48:688 (18/03/2026) - READ  MEM Access, AP 0x00000000, Addr 0xE000EDF0, Val 0x00000000, "DAP Read Memory (32 bit) - Success" - ID 140
20:39:48:689 (18/03/2026) - READ  MEM Access, AP 0x00000000, Addr 0xE000EDF0, Val 0x00000000, "DAP Read Memory (32 bit) - Success" - ID 141
20:39:48:690 (18/03/2026) - READ  MEM Access, AP 0x00000000, Addr 0xE000EDF0, Val 0x00000000, "DAP Read Memory (32 bit) - Success" - ID 142
20:39:48:691 (18/03/2026) - READ  MEM Access, AP 0x00000000, Addr 0xE000EDF0, Val 0x00000000, "DAP Read Memory (32 bit) - Success" - ID 143
20:39:48:691 (18/03/2026) - READ  MEM Access, AP 0x00000000, Addr 0xE000EDF0, Val 0x00000000, "DAP Read Memory (32 bit) - Success" - ID 144
20:39:48:698 (18/03/2026) - READ  MEM Access, AP 0x00000000, Addr 0xE000EDF0, Val 0x00000000, "DAP Read Memory (32 bit) - Success" - ID 145
20:39:48:700 (18/03/2026) - READ  MEM Access, AP 0x00000000, Addr 0xE000EDF0, Val 0x00000000, "DAP Read Memory (32 bit) - Success" - ID 146
20:39:48:701 (18/03/2026) - READ  MEM Access, AP 0x00000000, Addr 0xE000EDF0, Val 0x00000000, "DAP Read Memory (32 bit) - Success" - ID 147
20:39:48:702 (18/03/2026) - READ  MEM Access, AP 0x00000000, Addr 0xE000EDF0, Val 0x00000000, "DAP Read Memory (32 bit) - Success" - ID 148
20:39:48:703 (18/03/2026) - READ  MEM Access, AP 0x00000000, Addr 0xE000EDF0, Val 0x00000000, "DAP Read Memory (32 bit) - Success" - ID 149
20:39:48:706 (18/03/2026) - READ  MEM Access, AP 0x00000000, Addr 0xE000EDF0, Val 0x00000000, "DAP Read Memory (32 bit) - Success" - ID 150
20:39:48:708 (18/03/2026) - READ  MEM Access, AP 0x00000000, Addr 0xE000EDF0, Val 0x00000000, "DAP Read Memory (32 bit) - Success" - ID 151
20:39:48:712 (18/03/2026) - READ  MEM Access, AP 0x00000000, Addr 0xE000EDF0, Val 0x00000000, "DAP Read Memory (32 bit) - Success" - ID 152
20:39:48:713 (18/03/2026) - READ  MEM Access, AP 0x00000000, Addr 0xE000EDF0, Val 0x00000000, "DAP Read Memory (32 bit) - Success" - ID 153
20:39:48:715 (18/03/2026) - READ  MEM Access, AP 0x00000000, Addr 0xE000EDF0, Val 0x00000000, "DAP Read Memory (32 bit) - Success" - ID 154
20:39:48:715 (18/03/2026) - READ  MEM Access, AP 0x00000000, Addr 0xE000EDF0, Val 0x00000000, "DAP Read Memory (32 bit) - Success" - ID 155
20:39:48:716 (18/03/2026) - READ  MEM Access, AP 0x00000000, Addr 0xE000EDF0, Val 0x00000000, "DAP Read Memory (32 bit) - Success" - ID 156
20:39:48:717 (18/03/2026) - READ  MEM Access, AP 0x00000000, Addr 0xE000EDF0, Val 0x00000000, "DAP Read Memory (32 bit) - Success" - ID 157
20:39:48:717 (18/03/2026) - READ  MEM Access, AP 0x00000000, Addr 0xE000EDF0, Val 0x00000000, "DAP Read Memory (32 bit) - Success" - ID 158
20:39:48:718 (18/03/2026) - READ  MEM Access, AP 0x00000000, Addr 0xE000EDF0, Val 0x00000000, "DAP Read Memory (32 bit) - Success" - ID 159
20:39:48:719 (18/03/2026) - READ  MEM Access, AP 0x00000000, Addr 0xE000EDF0, Val 0x00000000, "DAP Read Memory (32 bit) - Success" - ID 160
20:39:48:720 (18/03/2026) - READ  MEM Access, AP 0x00000000, Addr 0xE000EDF0, Val 0x00000000, "DAP Read Memory (32 bit) - Success" - ID 161
20:39:48:724 (18/03/2026) - READ  MEM Access, AP 0x00000000, Addr 0xE000EDF0, Val 0x00000000, "DAP Read Memory (32 bit) - Success" - ID 162
20:39:48:726 (18/03/2026) - READ  MEM Access, AP 0x00000000, Addr 0xE000EDF0, Val 0x00000000, "DAP Read Memory (32 bit) - Success" - ID 163
20:39:48:731 (18/03/2026) - READ  MEM Access, AP 0x00000000, Addr 0xE000EDF0, Val 0x00000000, "DAP Read Memory (32 bit) - Success" - ID 164
20:39:48:734 (18/03/2026) - READ  MEM Access, AP 0x00000000, Addr 0xE000EDF0, Val 0x00000000, "DAP Read Memory (32 bit) - Success" - ID 165
20:39:48:735 (18/03/2026) - READ  MEM Access, AP 0x00000000, Addr 0xE000EDF0, Val 0x00000000, "DAP Read Memory (32 bit) - Success" - ID 166
20:39:48:736 (18/03/2026) - READ  MEM Access, AP 0x00000000, Addr 0xE000EDF0, Val 0x00000000, "DAP Read Memory (32 bit) - Success" - ID 167
20:39:48:737 (18/03/2026) - READ  MEM Access, AP 0x00000000, Addr 0xE000EDF0, Val 0x00000000, "DAP Read Memory (32 bit) - Success" - ID 168
20:39:48:738 (18/03/2026) - READ  MEM Access, AP 0x00000000, Addr 0xE000EDF0, Val 0x00000000, "DAP Read Memory (32 bit) - Success" - ID 169
20:39:48:744 (18/03/2026) - READ  MEM Access, AP 0x00000000, Addr 0xE000EDF0, Val 0x00000000, "DAP Read Memory (32 bit) - Success" - ID 170
20:39:48:745 (18/03/2026) - READ  MEM Access, AP 0x00000000, Addr 0xE000EDF0, Val 0x00000000, "DAP Read Memory (32 bit) - Success" - ID 171
20:39:48:746 (18/03/2026) - READ  MEM Access, AP 0x00000000, Addr 0xE000EDF0, Val 0x00000000, "DAP Read Memory (32 bit) - Success" - ID 172
20:39:48:748 (18/03/2026) - READ  MEM Access, AP 0x00000000, Addr 0xE000EDF0, Val 0x00000000, "DAP Read Memory (32 bit) - Success" - ID 173
20:39:48:749 (18/03/2026) - READ  MEM Access, AP 0x00000000, Addr 0xE000EDF0, Val 0x00000000, "DAP Read Memory (32 bit) - Success" - ID 174
20:39:48:750 (18/03/2026) - READ  MEM Access, AP 0x00000000, Addr 0xE000EDF0, Val 0x00000000, "DAP Read Memory (32 bit) - Success" - ID 175
20:39:48:752 (18/03/2026) - READ  MEM Access, AP 0x00000000, Addr 0xE000EDF0, Val 0x00000000, "DAP Read Memory (32 bit) - Success" - ID 176
20:39:48:753 (18/03/2026) - READ  MEM Access, AP 0x00000000, Addr 0xE000EDF0, Val 0x00000000, "DAP Read Memory (32 bit) - Success" - ID 177
20:39:48:754 (18/03/2026) - READ  MEM Access, AP 0x00000000, Addr 0xE000EDF0, Val 0x00000000, "DAP Read Memory (32 bit) - Success" - ID 178
20:39:48:754 (18/03/2026) - READ  MEM Access, AP 0x00000000, Addr 0xE000EDF0, Val 0x00000000, "DAP Read Memory (32 bit) - Success" - ID 179
20:39:48:758 (18/03/2026) - READ  MEM Access, AP 0x00000000, Addr 0xE000EDF0, Val 0x00000000, "DAP Read Memory (32 bit) - Success" - ID 180
20:39:48:759 (18/03/2026) - READ  MEM Access, AP 0x00000000, Addr 0xE000EDF0, Val 0x00000000, "DAP Read Memory (32 bit) - Success" - ID 181
20:39:48:760 (18/03/2026) - READ  MEM Access, AP 0x00000000, Addr 0xE000EDF0, Val 0x00000000, "DAP Read Memory (32 bit) - Success" - ID 182
20:39:48:763 (18/03/2026) - READ  MEM Access, AP 0x00000000, Addr 0xE000EDF0, Val 0x00000000, "DAP Read Memory (32 bit) - Success" - ID 183
20:39:48:764 (18/03/2026) - READ  MEM Access, AP 0x00000000, Addr 0xE000EDF0, Val 0x00000000, "DAP Read Memory (32 bit) - Success" - ID 184
20:39:48:765 (18/03/2026) - READ  MEM Access, AP 0x00000000, Addr 0xE000EDF0, Val 0x00000000, "DAP Read Memory (32 bit) - Success" - ID 185
20:39:48:766 (18/03/2026) - READ  MEM Access, AP 0x00000000, Addr 0xE000EDF0, Val 0x00000000, "DAP Read Memory (32 bit) - Success" - ID 186
20:39:48:768 (18/03/2026) - READ  MEM Access, AP 0x00000000, Addr 0xE000EDF0, Val 0x00000000, "DAP Read Memory (32 bit) - Success" - ID 187
20:39:48:768 (18/03/2026) - READ  MEM Access, AP 0x00000000, Addr 0xE000EDF0, Val 0x00000000, "DAP Read Memory (32 bit) - Success" - ID 188
20:39:48:769 (18/03/2026) - READ  MEM Access, AP 0x00000000, Addr 0xE000EDF0, Val 0x00000000, "DAP Read Memory (32 bit) - Success" - ID 189
20:39:48:773 (18/03/2026) - READ  MEM Access, AP 0x00000000, Addr 0xE000EDF0, Val 0x00000000, "DAP Read Memory (32 bit) - Success" - ID 190
20:39:48:775 (18/03/2026) - READ  MEM Access, AP 0x00000000, Addr 0xE000EDF0, Val 0x00000000, "DAP Read Memory (32 bit) - Success" - ID 191
20:39:48:776 (18/03/2026) - READ  MEM Access, AP 0x00000000, Addr 0xE000EDF0, Val 0x00000000, "DAP Read Memory (32 bit) - Success" - ID 192
20:39:48:778 (18/03/2026) - READ  MEM Access, AP 0x00000000, Addr 0xE000EDF0, Val 0x00000000, "DAP Read Memory (32 bit) - Success" - ID 193
20:39:48:778 (18/03/2026) - READ  MEM Access, AP 0x00000000, Addr 0xE000EDF0, Val 0x00000000, "DAP Read Memory (32 bit) - Success" - ID 194
20:39:48:781 (18/03/2026) - READ  MEM Access, AP 0x00000000, Addr 0xE000EDF0, Val 0x00000000, "DAP Read Memory (32 bit) - Success" - ID 195
20:39:48:782 (18/03/2026) - READ  MEM Access, AP 0x00000000, Addr 0xE000EDF0, Val 0x00000000, "DAP Read Memory (32 bit) - Success" - ID 196
20:39:48:783 (18/03/2026) - READ  MEM Access, AP 0x00000000, Addr 0xE000EDF0, Val 0x00000000, "DAP Read Memory (32 bit) - Success" - ID 197
20:39:48:783 (18/03/2026) - READ  MEM Access, AP 0x00000000, Addr 0xE000EDF0, Val 0x00000000, "DAP Read Memory (32 bit) - Success" - ID 198
20:39:48:784 (18/03/2026) - READ  MEM Access, AP 0x00000000, Addr 0xE000EDF0, Val 0x00000000, "DAP Read Memory (32 bit) - Success" - ID 199
20:39:48:785 (18/03/2026) - READ  MEM Access, AP 0x00000000, Addr 0xE000EDF0, Val 0x00000000, "DAP Read Memory (32 bit) - Success" - ID 200
20:39:48:791 (18/03/2026) - READ  MEM Access, AP 0x00000000, Addr 0xE000EDF0, Val 0x00000000, "DAP Read Memory (32 bit) - Success" - ID 201
20:39:48:792 (18/03/2026) - READ  MEM Access, AP 0x00000000, Addr 0xE000EDF0, Val 0x00000000, "DAP Read Memory (32 bit) - Success" - ID 202
20:39:48:793 (18/03/2026) - READ  MEM Access, AP 0x00000000, Addr 0xE000EDF0, Val 0x00000000, "DAP Read Memory (32 bit) - Success" - ID 203
20:39:48:795 (18/03/2026) - READ  MEM Access, AP 0x00000000, Addr 0xE000EDF0, Val 0x00000000, "DAP Read Memory (32 bit) - Success" - ID 204
20:39:48:796 (18/03/2026) - READ  MEM Access, AP 0x00000000, Addr 0xE000EDF0, Val 0x00000000, "DAP Read Memory (32 bit) - Success" - ID 205
20:39:48:797 (18/03/2026) - READ  MEM Access, AP 0x00000000, Addr 0xE000EDF0, Val 0x00000000, "DAP Read Memory (32 bit) - Success" - ID 206
20:39:48:800 (18/03/2026) - READ  MEM Access, AP 0x00000000, Addr 0xE000EDF0, Val 0x00000000, "DAP Read Memory (32 bit) - Success" - ID 207
20:39:48:803 (18/03/2026) - READ  MEM Access, AP 0x00000000, Addr 0xE000EDF0, Val 0x00000000, "DAP Read Memory (32 bit) - Success" - ID 208
20:39:48:805 (18/03/2026) - READ  MEM Access, AP 0x00000000, Addr 0xE000EDF0, Val 0x00000000, "DAP Read Memory (32 bit) - Success" - ID 209
20:39:48:812 (18/03/2026) - READ  MEM Access, AP 0x00000000, Addr 0xE000EDF0, Val 0x00000000, "DAP Read Memory (32 bit) - Success" - ID 210
20:39:48:814 (18/03/2026) - READ  MEM Access, AP 0x00000000, Addr 0xE000EDF0, Val 0x00000000, "DAP Read Memory (32 bit) - Success" - ID 211
20:39:48:815 (18/03/2026) - READ  MEM Access, AP 0x00000000, Addr 0xE000EDF0, Val 0x00000000, "DAP Read Memory (32 bit) - Success" - ID 212
20:39:48:818 (18/03/2026) - READ  MEM Access, AP 0x00000000, Addr 0xE000EDF0, Val 0x00000000, "DAP Read Memory (32 bit) - Success" - ID 213
20:39:48:820 (18/03/2026) - READ  MEM Access, AP 0x00000000, Addr 0xE000EDF0, Val 0x00000000, "DAP Read Memory (32 bit) - Success" - ID 214
20:39:48:821 (18/03/2026) - READ  MEM Access, AP 0x00000000, Addr 0xE000EDF0, Val 0x00000000, "DAP Read Memory (32 bit) - Success" - ID 215
20:39:48:823 (18/03/2026) - READ  MEM Access, AP 0x00000000, Addr 0xE000EDF0, Val 0x00000000, "DAP Read Memory (32 bit) - Success" - ID 216
20:39:48:826 (18/03/2026) - READ  MEM Access, AP 0x00000000, Addr 0xE000EDF0, Val 0x00000000, "DAP Read Memory (32 bit) - Success" - ID 217
20:39:48:827 (18/03/2026) - READ  MEM Access, AP 0x00000000, Addr 0xE000EDF0, Val 0x00000000, "DAP Read Memory (32 bit) - Success" - ID 218
20:39:48:827 (18/03/2026) - READ  MEM Access, AP 0x00000000, Addr 0xE000EDF0, Val 0x00000000, "DAP Read Memory (32 bit) - Success" - ID 219
20:39:48:828 (18/03/2026) - READ  MEM Access, AP 0x00000000, Addr 0xE000EDF0, Val 0x00000000, "DAP Read Memory (32 bit) - Success" - ID 220
20:39:48:830 (18/03/2026) - READ  MEM Access, AP 0x00000000, Addr 0xE000EDF0, Val 0x00000000, "DAP Read Memory (32 bit) - Success" - ID 221
20:39:48:833 (18/03/2026) - READ  MEM Access, AP 0x00000000, Addr 0xE000EDF0, Val 0x00000000, "DAP Read Memory (32 bit) - Success" - ID 222
20:39:48:834 (18/03/2026) - READ  MEM Access, AP 0x00000000, Addr 0xE000EDF0, Val 0x00000000, "DAP Read Memory (32 bit) - Success" - ID 223
20:39:48:835 (18/03/2026) - READ  MEM Access, AP 0x00000000, Addr 0xE000EDF0, Val 0x00000000, "DAP Read Memory (32 bit) - Success" - ID 224
20:39:48:836 (18/03/2026) - READ  MEM Access, AP 0x00000000, Addr 0xE000EDF0, Val 0x00000000, "DAP Read Memory (32 bit) - Success" - ID 225
20:39:48:837 (18/03/2026) - READ  MEM Access, AP 0x00000000, Addr 0xE000EDF0, Val 0x00000000, "DAP Read Memory (32 bit) - Success" - ID 226
20:39:48:842 (18/03/2026) - READ  MEM Access, AP 0x00000000, Addr 0xE000EDF0, Val 0x00000000, "DAP Read Memory (32 bit) - Success" - ID 227
20:39:48:842 (18/03/2026) - READ  MEM Access, AP 0x00000000, Addr 0xE000EDF0, Val 0x00000000, "DAP Read Memory (32 bit) - Success" - ID 228
20:39:48:845 (18/03/2026) - READ  MEM Access, AP 0x00000000, Addr 0xE000EDF0, Val 0x00000000, "DAP Read Memory (32 bit) - Success" - ID 229
20:39:48:848 (18/03/2026) - READ  MEM Access, AP 0x00000000, Addr 0xE000EDF0, Val 0x00000000, "DAP Read Memory (32 bit) - Success" - ID 230
20:39:48:850 (18/03/2026) - READ  MEM Access, AP 0x00000000, Addr 0xE000EDF0, Val 0x00000000, "DAP Read Memory (32 bit) - Success" - ID 231
20:39:48:851 (18/03/2026) - READ  MEM Access, AP 0x00000000, Addr 0xE000EDF0, Val 0x00000000, "DAP Read Memory (32 bit) - Success" - ID 232
20:39:48:852 (18/03/2026) - READ  MEM Access, AP 0x00000000, Addr 0xE000EDF0, Val 0x00000000, "DAP Read Memory (32 bit) - Success" - ID 233
20:39:48:856 (18/03/2026) - READ  MEM Access, AP 0x00000000, Addr 0xE000EDF0, Val 0x00000000, "DAP Read Memory (32 bit) - Success" - ID 234
20:39:48:857 (18/03/2026) - READ  MEM Access, AP 0x00000000, Addr 0xE000EDF0, Val 0x00000000, "DAP Read Memory (32 bit) - Success" - ID 235
20:39:48:858 (18/03/2026) - READ  MEM Access, AP 0x00000000, Addr 0xE000EDF0, Val 0x00000000, "DAP Read Memory (32 bit) - Success" - ID 236
20:39:48:859 (18/03/2026) - READ  MEM Access, AP 0x00000000, Addr 0xE000EDF0, Val 0x00000000, "DAP Read Memory (32 bit) - Success" - ID 237
20:39:48:860 (18/03/2026) - READ  MEM Access, AP 0x00000000, Addr 0xE000EDF0, Val 0x00000000, "DAP Read Memory (32 bit) - Success" - ID 238
20:39:48:861 (18/03/2026) - READ  MEM Access, AP 0x00000000, Addr 0xE000EDF0, Val 0x00000000, "DAP Read Memory (32 bit) - Success" - ID 239
20:39:48:861 (18/03/2026) - READ  MEM Access, AP 0x00000000, Addr 0xE000EDF0, Val 0x00000000, "DAP Read Memory (32 bit) - Success" - ID 240
20:39:48:866 (18/03/2026) - READ  MEM Access, AP 0x00000000, Addr 0xE000EDF0, Val 0x00000000, "DAP Read Memory (32 bit) - Success" - ID 241
20:39:48:870 (18/03/2026) - READ  MEM Access, AP 0x00000000, Addr 0xE000EDF0, Val 0x00000000, "DAP Read Memory (32 bit) - Success" - ID 242
20:39:48:872 (18/03/2026) - READ  MEM Access, AP 0x00000000, Addr 0xE000EDF0, Val 0x00000000, "DAP Read Memory (32 bit) - Success" - ID 243
20:39:48:873 (18/03/2026) - READ  MEM Access, AP 0x00000000, Addr 0xE000EDF0, Val 0x00000000, "DAP Read Memory (32 bit) - Success" - ID 244
20:39:48:874 (18/03/2026) - READ  MEM Access, AP 0x00000000, Addr 0xE000EDF0, Val 0x00000000, "DAP Read Memory (32 bit) - Success" - ID 245
20:39:48:874 (18/03/2026) - READ  MEM Access, AP 0x00000000, Addr 0xE000EDF0, Val 0x00000000, "DAP Read Memory (32 bit) - Success" - ID 246
20:39:48:877 (18/03/2026) - READ  MEM Access, AP 0x00000000, Addr 0xE000EDF0, Val 0x00000000, "DAP Read Memory (32 bit) - Success" - ID 247
20:39:48:883 (18/03/2026) - READ  MEM Access, AP 0x00000000, Addr 0xE000EDF0, Val 0x00000000, "DAP Read Memory (32 bit) - Success" - ID 248
20:39:48:884 (18/03/2026) - READ  MEM Access, AP 0x00000000, Addr 0xE000EDF0, Val 0x00000000, "DAP Read Memory (32 bit) - Success" - ID 249
20:39:48:885 (18/03/2026) - READ  MEM Access, AP 0x00000000, Addr 0xE000EDF0, Val 0x00000000, "DAP Read Memory (32 bit) - Success" - ID 250
20:39:48:888 (18/03/2026) - READ  MEM Access, AP 0x00000000, Addr 0xE000EDF0, Val 0x00000000, "DAP Read Memory (32 bit) - Success" - ID 251
20:39:48:888 (18/03/2026) - READ  MEM Access, AP 0x00000000, Addr 0xE000EDF0, Val 0x00000000, "DAP Read Memory (32 bit) - Success" - ID 252
20:39:48:889 (18/03/2026) - READ  MEM Access, AP 0x00000000, Addr 0xE000EDF0, Val 0x00000000, "DAP Read Memory (32 bit) - Success" - ID 253
20:39:48:892 (18/03/2026) - READ  MEM Access, AP 0x00000000, Addr 0xE000EDF0, Val 0x00000000, "DAP Read Memory (32 bit) - Success" - ID 254
20:39:48:893 (18/03/2026) - READ  MEM Access, AP 0x00000000, Addr 0xE000EDF0, Val 0x00000000, "DAP Read Memory (32 bit) - Success" - ID 255
20:39:48:897 (18/03/2026) - READ  MEM Access, AP 0x00000000, Addr 0xE000EDF0, Val 0x00000000, "DAP Read Memory (32 bit) - Success" - ID 256
20:39:48:897 (18/03/2026) - READ  MEM Access, AP 0x00000000, Addr 0xE000EDF0, Val 0x00000000, "DAP Read Memory (32 bit) - Success" - ID 257
20:39:48:898 (18/03/2026) - READ  MEM Access, AP 0x00000000, Addr 0xE000EDF0, Val 0x00000000, "DAP Read Memory (32 bit) - Success" - ID 258
20:39:48:899 (18/03/2026) - READ  MEM Access, AP 0x00000000, Addr 0xE000EDF0, Val 0x00000000, "DAP Read Memory (32 bit) - Success" - ID 259
20:39:48:901 (18/03/2026) - READ  MEM Access, AP 0x00000000, Addr 0xE000EDF0, Val 0x00000000, "DAP Read Memory (32 bit) - Success" - ID 260
20:39:48:902 (18/03/2026) - READ  MEM Access, AP 0x00000000, Addr 0xE000EDF0, Val 0x00000000, "DAP Read Memory (32 bit) - Success" - ID 261
20:39:48:903 (18/03/2026) - READ  MEM Access, AP 0x00000000, Addr 0xE000EDF0, Val 0x00000000, "DAP Read Memory (32 bit) - Success" - ID 262
20:39:48:906 (18/03/2026) - READ  MEM Access, AP 0x00000000, Addr 0xE000EDF0, Val 0x00000000, "DAP Read Memory (32 bit) - Success" - ID 263
20:39:48:906 (18/03/2026) - READ  MEM Access, AP 0x00000000, Addr 0xE000EDF0, Val 0x00000000, "DAP Read Memory (32 bit) - Success" - ID 264
20:39:48:907 (18/03/2026) - READ  MEM Access, AP 0x00000000, Addr 0xE000EDF0, Val 0x00000000, "DAP Read Memory (32 bit) - Success" - ID 265
20:39:48:910 (18/03/2026) - READ  MEM Access, AP 0x00000000, Addr 0xE000EDF0, Val 0x00000000, "DAP Read Memory (32 bit) - Success" - ID 266
20:39:48:914 (18/03/2026) - READ  MEM Access, AP 0x00000000, Addr 0xE000EDF0, Val 0x00000000, "DAP Read Memory (32 bit) - Success" - ID 267
20:39:48:918 (18/03/2026) - READ  MEM Access, AP 0x00000000, Addr 0xE000EDF0, Val 0x00000000, "DAP Read Memory (32 bit) - Success" - ID 268
20:39:48:920 (18/03/2026) - READ  MEM Access, AP 0x00000000, Addr 0xE000EDF0, Val 0x00000000, "DAP Read Memory (32 bit) - Success" - ID 269
20:39:48:921 (18/03/2026) - READ  MEM Access, AP 0x00000000, Addr 0xE000EDF0, Val 0x00000000, "DAP Read Memory (32 bit) - Success" - ID 270
20:39:48:928 (18/03/2026) - READ  MEM Access, AP 0x00000000, Addr 0xE000EDF0, Val 0x00000000, "DAP Read Memory (32 bit) - Success" - ID 271
20:39:48:934 (18/03/2026) - READ  MEM Access, AP 0x00000000, Addr 0xE000EDF0, Val 0x00000000, "DAP Read Memory (32 bit) - Success" - ID 272
20:39:48:934 (18/03/2026) - READ  MEM Access, AP 0x00000000, Addr 0xE000EDF0, Val 0x00000000, "DAP Read Memory (32 bit) - Success" - ID 273
20:39:48:935 (18/03/2026) - READ  MEM Access, AP 0x00000000, Addr 0xE000EDF0, Val 0x00000000, "DAP Read Memory (32 bit) - Success" - ID 274
20:39:48:937 (18/03/2026) - READ  MEM Access, AP 0x00000000, Addr 0xE000EDF0, Val 0x00000000, "DAP Read Memory (32 bit) - Success" - ID 275
20:39:48:938 (18/03/2026) - READ  MEM Access, AP 0x00000000, Addr 0xE000EDF0, Val 0x00000000, "DAP Read Memory (32 bit) - Success" - ID 276
20:39:48:938 (18/03/2026) - READ  MEM Access, AP 0x00000000, Addr 0xE000EDF0, Val 0x00000000, "DAP Read Memory (32 bit) - Success" - ID 277
20:39:48:939 (18/03/2026) - READ  MEM Access, AP 0x00000000, Addr 0xE000EDF0, Val 0x00000000, "DAP Read Memory (32 bit) - Success" - ID 278
20:39:48:947 (18/03/2026) - READ  MEM Access, AP 0x00000000, Addr 0xE000EDF0, Val 0x00000000, "DAP Read Memory (32 bit) - Success" - ID 279
20:39:48:951 (18/03/2026) - READ  MEM Access, AP 0x00000000, Addr 0xE000EDF0, Val 0x00000000, "DAP Read Memory (32 bit) - Success" - ID 280
20:39:48:951 (18/03/2026) - READ  MEM Access, AP 0x00000000, Addr 0xE000EDF0, Val 0x00000000, "DAP Read Memory (32 bit) - Success" - ID 281
20:39:48:952 (18/03/2026) - READ  MEM Access, AP 0x00000000, Addr 0xE000EDF0, Val 0x00000000, "DAP Read Memory (32 bit) - Success" - ID 282
20:39:48:954 (18/03/2026) - READ  MEM Access, AP 0x00000000, Addr 0xE000EDF0, Val 0x00000000, "DAP Read Memory (32 bit) - Success" - ID 283
20:39:48:955 (18/03/2026) - READ  MEM Access, AP 0x00000000, Addr 0xE000EDF0, Val 0x00000000, "DAP Read Memory (32 bit) - Success" - ID 284
20:39:48:973 (18/03/2026) - READ  MEM Access, AP 0x00000000, Addr 0xE000EDF0, Val 0x00000000, "DAP Read Memory (32 bit) - Success" - ID 285
20:39:48:975 (18/03/2026) - READ  MEM Access, AP 0x00000000, Addr 0xE000EDF0, Val 0x00000000, "DAP Read Memory (32 bit) - Success" - ID 286
20:39:48:976 (18/03/2026) - READ  MEM Access, AP 0x00000000, Addr 0xE000EDF0, Val 0x00000000, "DAP Read Memory (32 bit) - Success" - ID 287
20:39:48:980 (18/03/2026) - READ  MEM Access, AP 0x00000000, Addr 0xE000EDF0, Val 0x00000000, "DAP Read Memory (32 bit) - Success" - ID 288
20:39:48:981 (18/03/2026) - READ  MEM Access, AP 0x00000000, Addr 0xE000EDF0, Val 0x00000000, "DAP Read Memory (32 bit) - Success" - ID 289
20:39:48:982 (18/03/2026) - READ  MEM Access, AP 0x00000000, Addr 0xE000EDF0, Val 0x00000000, "DAP Read Memory (32 bit) - Success" - ID 290
20:39:48:983 (18/03/2026) - READ  MEM Access, AP 0x00000000, Addr 0xE000EDF0, Val 0x00000000, "DAP Read Memory (32 bit) - Success" - ID 291
20:39:48:986 (18/03/2026) - READ  MEM Access, AP 0x00000000, Addr 0xE000EDF0, Val 0x00000000, "DAP Read Memory (32 bit) - Success" - ID 292
20:39:48:989 (18/03/2026) - READ  MEM Access, AP 0x00000000, Addr 0xE000EDF0, Val 0x00000000, "DAP Read Memory (32 bit) - Success" - ID 293
20:39:48:990 (18/03/2026) - READ  MEM Access, AP 0x00000000, Addr 0xE000EDF0, Val 0x00000000, "DAP Read Memory (32 bit) - Success" - ID 294
20:39:48:991 (18/03/2026) - READ  MEM Access, AP 0x00000000, Addr 0xE000EDF0, Val 0x00000000, "DAP Read Memory (32 bit) - Success" - ID 295
20:39:48:991 (18/03/2026) - READ  MEM Access, AP 0x00000000, Addr 0xE000EDF0, Val 0x00000000, "DAP Read Memory (32 bit) - Success" - ID 296
20:39:48:994 (18/03/2026) - READ  MEM Access, AP 0x00000000, Addr 0xE000EDF0, Val 0x00000000, "DAP Read Memory (32 bit) - Success" - ID 297
20:39:48:994 (18/03/2026) - READ  MEM Access, AP 0x00000000, Addr 0xE000EDF0, Val 0x00000000, "DAP Read Memory (32 bit) - Success" - ID 298
20:39:48:997 (18/03/2026) - READ  MEM Access, AP 0x00000000, Addr 0xE000EDF0, Val 0x00000000, "DAP Read Memory (32 bit) - Success" - ID 299
20:39:49:000 (18/03/2026) - READ  MEM Access, AP 0x00000000, Addr 0xE000EDF0, Val 0x00000000, "DAP Read Memory (32 bit) - Success" - ID 300
20:39:49:001 (18/03/2026) - READ  MEM Access, AP 0x00000000, Addr 0xE000EDF0, Val 0x00000000, "DAP Read Memory (32 bit) - Success" - ID 301
20:39:49:003 (18/03/2026) - READ  MEM Access, AP 0x00000000, Addr 0xE000EDF0, Val 0x00000000, "DAP Read Memory (32 bit) - Success" - ID 302
20:39:49:005 (18/03/2026) - READ  MEM Access, AP 0x00000000, Addr 0xE000EDF0, Val 0x00000000, "DAP Read Memory (32 bit) - Success" - ID 303
20:39:49:007 (18/03/2026) - READ  MEM Access, AP 0x00000000, Addr 0xE000EDF0, Val 0x00000000, "DAP Read Memory (32 bit) - Success" - ID 304
20:39:49:007 (18/03/2026) - READ  MEM Access, AP 0x00000000, Addr 0xE000EDF0, Val 0x00000000, "DAP Read Memory (32 bit) - Success" - ID 305
20:39:49:008 (18/03/2026) - READ  MEM Access, AP 0x00000000, Addr 0xE000EDF0, Val 0x00000000, "DAP Read Memory (32 bit) - Success" - ID 306
20:39:49:009 (18/03/2026) - READ  MEM Access, AP 0x00000000, Addr 0xE000EDF0, Val 0x00000000, "DAP Read Memory (32 bit) - Success" - ID 307
20:39:49:011 (18/03/2026) - READ  MEM Access, AP 0x00000000, Addr 0xE000EDF0, Val 0x00000000, "DAP Read Memory (32 bit) - Success" - ID 308
20:39:49:013 (18/03/2026) - READ  MEM Access, AP 0x00000000, Addr 0xE000EDF0, Val 0x00000000, "DAP Read Memory (32 bit) - Success" - ID 309
20:39:49:016 (18/03/2026) - READ  MEM Access, AP 0x00000000, Addr 0xE000EDF0, Val 0x00000000, "DAP Read Memory (32 bit) - Success" - ID 310
20:39:49:021 (18/03/2026) - READ  MEM Access, AP 0x00000000, Addr 0xE000EDF0, Val 0x00000000, "DAP Read Memory (32 bit) - Success" - ID 311
20:39:49:023 (18/03/2026) - READ  MEM Access, AP 0x00000000, Addr 0xE000EDF0, Val 0x00000000, "DAP Read Memory (32 bit) - Success" - ID 312
20:39:49:026 (18/03/2026) - READ  MEM Access, AP 0x00000000, Addr 0xE000EDF0, Val 0x00000000, "DAP Read Memory (32 bit) - Success" - ID 313
20:39:49:031 (18/03/2026) - READ  MEM Access, AP 0x00000000, Addr 0xE000EDF0, Val 0x00000000, "DAP Read Memory (32 bit) - Success" - ID 314
20:39:49:040 (18/03/2026) - READ  MEM Access, AP 0x00000000, Addr 0xE000EDF0, Val 0x00000000, "DAP Read Memory (32 bit) - Success" - ID 315
20:39:49:044 (18/03/2026) - READ  MEM Access, AP 0x00000000, Addr 0xE000EDF0, Val 0x00000000, "DAP Read Memory (32 bit) - Success" - ID 316
20:39:49:048 (18/03/2026) - READ  MEM Access, AP 0x00000000, Addr 0xE000EDF0, Val 0x00000000, "DAP Read Memory (32 bit) - Success" - ID 317
20:39:49:052 (18/03/2026) - READ  MEM Access, AP 0x00000000, Addr 0xE000EDF0, Val 0x00000000, "DAP Read Memory (32 bit) - Success" - ID 318
20:39:49:054 (18/03/2026) - READ  MEM Access, AP 0x00000000, Addr 0xE000EDF0, Val 0x00000000, "DAP Read Memory (32 bit) - Success" - ID 319
20:39:49:057 (18/03/2026) - READ  MEM Access, AP 0x00000000, Addr 0xE000EDF0, Val 0x00000000, "DAP Read Memory (32 bit) - Success" - ID 320
20:39:49:060 (18/03/2026) - READ  MEM Access, AP 0x00000000, Addr 0xE000EDF0, Val 0x00000000, "DAP Read Memory (32 bit) - Success" - ID 321
20:39:49:062 (18/03/2026) - READ  MEM Access, AP 0x00000000, Addr 0xE000EDF0, Val 0x00000000, "DAP Read Memory (32 bit) - Success" - ID 322
20:39:49:066 (18/03/2026) - READ  MEM Access, AP 0x00000000, Addr 0xE000EDF0, Val 0x00000000, "DAP Read Memory (32 bit) - Success" - ID 323
20:39:49:069 (18/03/2026) - READ  MEM Access, AP 0x00000000, Addr 0xE000EDF0, Val 0x00000000, "DAP Read Memory (32 bit) - Success" - ID 324
20:39:49:072 (18/03/2026) - READ  MEM Access, AP 0x00000000, Addr 0xE000EDF0, Val 0x00000000, "DAP Read Memory (32 bit) - Success" - ID 325
20:39:50:492 (18/03/2026) - READ  MEM Access, AP 0x00000000, Addr 0xE000EDF0, Val 0x00000000, "DAP Read Memory (32 bit) - Success" - ID 326
20:39:50:747 (18/03/2026) - READ  MEM Access, AP 0x00000000, Addr 0xE000EDF0, Val 0x00000000, "DAP Read Memory (32 bit) - Success" - ID 327
20:39:50:773 (18/03/2026) - WRITE MEM BLOCK Access, AP 0x00000000, Start Addr 0xE0002000, End Addr 0xE000201F, "DAP Write Memory Block - FAILED" - ID 328
20:39:50:777 (18/03/2026) - WRITE DP  Access, Addr 0x00000004, Val 0x00000000, "DAP Write DP - Success" - ID 329
