CMSIS_AGDI.DLL - CMSIS-DAP Driver Log

21:24:51:140 (20/03/2026) - WRITE DP  Access, Addr 0x00000008, Val 0x00000000, "DAP Write DP - Success" - ID 0
21:24:51:141 (20/03/2026) - WRITE DP  Access, Addr 0x00000004, Val 0x50000000, "DAP Write DP - Success" - ID 1
21:24:51:142 (20/03/2026) - READ  DP  Access, Addr 0x00000004, Val 0xF0000000, "DAP Read DP - Success" - ID 2
21:24:51:143 (20/03/2026) - WRITE DP  Access, Addr 0x00000004, Val 0x50000F32, "DAP Write DP - Success" - ID 3
21:24:51:144 (20/03/2026) - READ  AP  Access, AP 0x00000000, Addr 0x000000FC, Val 0x24770011, "DAP Read AP - Success" - ID 4
21:24:51:145 (20/03/2026) - READ  AP  Access, AP 0x00000000, Addr 0x000000FC, Val 0x24770011, "JTAG Read AP - Success" - ID 5
21:24:51:150 (20/03/2026) - WRITE AP  Access, AP 0x00000000, Addr 0x00000000, Val 0x23000052, "DAP Write AP - Success" - ID 6
21:24:51:152 (20/03/2026) - READ  AP  Access, AP 0x00000000, Addr 0x000000F8, Val 0xE00FF003, "DAP Read AP - Success" - ID 7
21:24:51:158 (20/03/2026) - READ  MEM BLOCK Access, AP 0x00000000, Start Addr 0xE00FFFF0, End Addr 0xE00FFFFF, "DAP Read Memory Block - Success" - ID 8
  Item #0, AP 0, Addr 0xE00FFFF0, Value 0x0000000D
  Item #1, AP 0, Addr 0xE00FFFF4, Value 0x00000010
  Item #2, AP 0, Addr 0xE00FFFF8, Value 0x00000005
  Item #3, AP 0, Addr 0xE00FFFFC, Value 0x000000B1
21:24:51:161 (20/03/2026) - READ  MEM BLOCK Access, AP 0x00000000, Start Addr 0xE00FFFD0, End Addr 0xE00FFFEF, "DAP Read Memory Block - Success" - ID 9
  Item #0, AP 0, Addr 0xE00FFFD0, Value 0x00000004
  Item #1, AP 0, Addr 0xE00FFFD4, Value 0x00000000
  Item #2, AP 0, Addr 0xE00FFFD8, Value 0x00000000
  Item #3, AP 0, Addr 0xE00FFFDC, Value 0x00000000
  Item #4, AP 0, Addr 0xE00FFFE0, Value 0x000000C4
  Item #5, AP 0, Addr 0xE00FFFE4, Value 0x000000B4
  Item #6, AP 0, Addr 0xE00FFFE8, Value 0x0000000B
  Item #7, AP 0, Addr 0xE00FFFEC, Value 0x00000000
21:24:51:161 (20/03/2026) - ROM TABLE: Detected ROM Table (Cortex-M4) at address 0xE00FF000 (PID 0x00000004000BB4C4, CID 0xB105100D)
21:24:51:162 (20/03/2026) - READ  MEM Access, AP 0x00000000, Addr 0xE00FF000, Val 0xFFF0F003, "DAP Read Memory (32 bit) - Success" - ID 10
21:24:51:164 (20/03/2026) - READ  MEM BLOCK Access, AP 0x00000000, Start Addr 0xE000EFF0, End Addr 0xE000EFFF, "DAP Read Memory Block - Success" - ID 11
  Item #0, AP 0, Addr 0xE000EFF0, Value 0x0000000D
  Item #1, AP 0, Addr 0xE000EFF4, Value 0x000000E0
  Item #2, AP 0, Addr 0xE000EFF8, Value 0x00000005
  Item #3, AP 0, Addr 0xE000EFFC, Value 0x000000B1
21:24:51:167 (20/03/2026) - READ  MEM BLOCK Access, AP 0x00000000, Start Addr 0xE000EFD0, End Addr 0xE000EFEF, "DAP Read Memory Block - Success" - ID 12
  Item #0, AP 0, Addr 0xE000EFD0, Value 0x00000004
  Item #1, AP 0, Addr 0xE000EFD4, Value 0x00000000
  Item #2, AP 0, Addr 0xE000EFD8, Value 0x00000000
  Item #3, AP 0, Addr 0xE000EFDC, Value 0x00000000
  Item #4, AP 0, Addr 0xE000EFE0, Value 0x0000000C
  Item #5, AP 0, Addr 0xE000EFE4, Value 0x000000B0
  Item #6, AP 0, Addr 0xE000EFE8, Value 0x0000000B
  Item #7, AP 0, Addr 0xE000EFEC, Value 0x00000000
21:24:51:167 (20/03/2026) - WRITE MEM Access, AP 0x00000000, Addr 0xE000EDFC, Val 0x01000000, "DAP Write Memory (32 bit) - Success" - ID 13
21:24:51:167 (20/03/2026) - ROM TABLE: Detected SCS (ARMv7-M with FP Extension) at address 0xE000E000 (PID 0x00000004000BB00C, CID 0xB105E00D)
21:24:51:168 (20/03/2026) - READ  MEM Access, AP 0x00000000, Addr 0xE00FF004, Val 0xFFF02003, "DAP Read Memory (32 bit) - Success" - ID 14
21:24:51:173 (20/03/2026) - READ  MEM BLOCK Access, AP 0x00000000, Start Addr 0xE0001FF0, End Addr 0xE0001FFF, "DAP Read Memory Block - Success" - ID 15
  Item #0, AP 0, Addr 0xE0001FF0, Value 0x0000000D
  Item #1, AP 0, Addr 0xE0001FF4, Value 0x000000E0
  Item #2, AP 0, Addr 0xE0001FF8, Value 0x00000005
  Item #3, AP 0, Addr 0xE0001FFC, Value 0x000000B1
21:24:51:175 (20/03/2026) - READ  MEM BLOCK Access, AP 0x00000000, Start Addr 0xE0001FD0, End Addr 0xE0001FEF, "DAP Read Memory Block - Success" - ID 16
  Item #0, AP 0, Addr 0xE0001FD0, Value 0x00000004
  Item #1, AP 0, Addr 0xE0001FD4, Value 0x00000000
  Item #2, AP 0, Addr 0xE0001FD8, Value 0x00000000
  Item #3, AP 0, Addr 0xE0001FDC, Value 0x00000000
  Item #4, AP 0, Addr 0xE0001FE0, Value 0x00000002
  Item #5, AP 0, Addr 0xE0001FE4, Value 0x000000B0
  Item #6, AP 0, Addr 0xE0001FE8, Value 0x0000003B
  Item #7, AP 0, Addr 0xE0001FEC, Value 0x00000000
21:24:51:175 (20/03/2026) - ROM TABLE: Detected DWT (ARMv7-M) at address 0xE0001000 (PID 0x00000004003BB002, CID 0xB105E00D)
21:24:51:175 (20/03/2026) - READ  MEM Access, AP 0x00000000, Addr 0xE00FF008, Val 0xFFF03003, "DAP Read Memory (32 bit) - Success" - ID 17
21:24:51:187 (20/03/2026) - READ  MEM BLOCK Access, AP 0x00000000, Start Addr 0xE0002FF0, End Addr 0xE0002FFF, "DAP Read Memory Block - Success" - ID 18
  Item #0, AP 0, Addr 0xE0002FF0, Value 0x0000000D
  Item #1, AP 0, Addr 0xE0002FF4, Value 0x000000E0
  Item #2, AP 0, Addr 0xE0002FF8, Value 0x00000005
  Item #3, AP 0, Addr 0xE0002FFC, Value 0x000000B1
21:24:51:189 (20/03/2026) - READ  MEM BLOCK Access, AP 0x00000000, Start Addr 0xE0002FD0, End Addr 0xE0002FEF, "DAP Read Memory Block - Success" - ID 19
  Item #0, AP 0, Addr 0xE0002FD0, Value 0x00000004
  Item #1, AP 0, Addr 0xE0002FD4, Value 0x00000000
  Item #2, AP 0, Addr 0xE0002FD8, Value 0x00000000
  Item #3, AP 0, Addr 0xE0002FDC, Value 0x00000000
  Item #4, AP 0, Addr 0xE0002FE0, Value 0x00000003
  Item #5, AP 0, Addr 0xE0002FE4, Value 0x000000B0
  Item #6, AP 0, Addr 0xE0002FE8, Value 0x0000002B
  Item #7, AP 0, Addr 0xE0002FEC, Value 0x00000000
21:24:51:189 (20/03/2026) - ROM TABLE: Detected FPB (ARMv7-M) at address 0xE0002000 (PID 0x00000004002BB003, CID 0xB105E00D)
21:24:51:190 (20/03/2026) - READ  MEM Access, AP 0x00000000, Addr 0xE00FF00C, Val 0xFFF01003, "DAP Read Memory (32 bit) - Success" - ID 20
21:24:51:192 (20/03/2026) - READ  MEM BLOCK Access, AP 0x00000000, Start Addr 0xE0000FF0, End Addr 0xE0000FFF, "DAP Read Memory Block - Success" - ID 21
  Item #0, AP 0, Addr 0xE0000FF0, Value 0x0000000D
  Item #1, AP 0, Addr 0xE0000FF4, Value 0x000000E0
  Item #2, AP 0, Addr 0xE0000FF8, Value 0x00000005
  Item #3, AP 0, Addr 0xE0000FFC, Value 0x000000B1
21:24:51:194 (20/03/2026) - READ  MEM BLOCK Access, AP 0x00000000, Start Addr 0xE0000FD0, End Addr 0xE0000FEF, "DAP Read Memory Block - Success" - ID 22
  Item #0, AP 0, Addr 0xE0000FD0, Value 0x00000004
  Item #1, AP 0, Addr 0xE0000FD4, Value 0x00000000
  Item #2, AP 0, Addr 0xE0000FD8, Value 0x00000000
  Item #3, AP 0, Addr 0xE0000FDC, Value 0x00000000
  Item #4, AP 0, Addr 0xE0000FE0, Value 0x00000001
  Item #5, AP 0, Addr 0xE0000FE4, Value 0x000000B0
  Item #6, AP 0, Addr 0xE0000FE8, Value 0x0000003B
  Item #7, AP 0, Addr 0xE0000FEC, Value 0x00000000
21:24:51:194 (20/03/2026) - ROM TABLE: Detected ITM (ARMv7-M) at address 0xE0000000 (PID 0x00000004003BB001, CID 0xB105E00D)
21:24:51:195 (20/03/2026) - READ  MEM Access, AP 0x00000000, Addr 0xE00FF010, Val 0xFFF41003, "DAP Read Memory (32 bit) - Success" - ID 23
21:24:51:201 (20/03/2026) - READ  MEM BLOCK Access, AP 0x00000000, Start Addr 0xE0040FF0, End Addr 0xE0040FFF, "DAP Read Memory Block - Success" - ID 24
  Item #0, AP 0, Addr 0xE0040FF0, Value 0x0000000D
  Item #1, AP 0, Addr 0xE0040FF4, Value 0x00000090
  Item #2, AP 0, Addr 0xE0040FF8, Value 0x00000005
  Item #3, AP 0, Addr 0xE0040FFC, Value 0x000000B1
21:24:51:207 (20/03/2026) - READ  MEM BLOCK Access, AP 0x00000000, Start Addr 0xE0040FD0, End Addr 0xE0040FEF, "DAP Read Memory Block - Success" - ID 25
  Item #0, AP 0, Addr 0xE0040FD0, Value 0x00000004
  Item #1, AP 0, Addr 0xE0040FD4, Value 0x00000000
  Item #2, AP 0, Addr 0xE0040FD8, Value 0x00000000
  Item #3, AP 0, Addr 0xE0040FDC, Value 0x00000000
  Item #4, AP 0, Addr 0xE0040FE0, Value 0x000000A1
  Item #5, AP 0, Addr 0xE0040FE4, Value 0x000000B9
  Item #6, AP 0, Addr 0xE0040FE8, Value 0x0000000B
  Item #7, AP 0, Addr 0xE0040FEC, Value 0x00000000
21:24:51:207 (20/03/2026) - ROM TABLE: Detected TPIU (Cortex-M4) at address 0xE0040000 (PID 0x00000004000BB9A1, CID 0xB105900D)
21:24:51:210 (20/03/2026) - READ  MEM Access, AP 0x00000000, Addr 0xE00FF014, Val 0xFFF42003, "DAP Read Memory (32 bit) - Success" - ID 26
21:24:51:213 (20/03/2026) - READ  MEM BLOCK Access, AP 0x00000000, Start Addr 0xE0041FF0, End Addr 0xE0041FFF, "DAP Read Memory Block - Success" - ID 27
  Item #0, AP 0, Addr 0xE0041FF0, Value 0x0000000D
  Item #1, AP 0, Addr 0xE0041FF4, Value 0x00000090
  Item #2, AP 0, Addr 0xE0041FF8, Value 0x00000005
  Item #3, AP 0, Addr 0xE0041FFC, Value 0x000000B1
21:24:51:220 (20/03/2026) - READ  MEM BLOCK Access, AP 0x00000000, Start Addr 0xE0041FD0, End Addr 0xE0041FEF, "DAP Read Memory Block - Success" - ID 28
  Item #0, AP 0, Addr 0xE0041FD0, Value 0x00000004
  Item #1, AP 0, Addr 0xE0041FD4, Value 0x00000000
  Item #2, AP 0, Addr 0xE0041FD8, Value 0x00000000
  Item #3, AP 0, Addr 0xE0041FDC, Value 0x00000000
  Item #4, AP 0, Addr 0xE0041FE0, Value 0x00000025
  Item #5, AP 0, Addr 0xE0041FE4, Value 0x000000B9
  Item #6, AP 0, Addr 0xE0041FE8, Value 0x0000000B
  Item #7, AP 0, Addr 0xE0041FEC, Value 0x00000000
21:24:51:220 (20/03/2026) - ROM TABLE: Detected ETM (Cortex-M4) at address 0xE0041000 (PID 0x00000004000BB925, CID 0xB105900D)
21:24:51:221 (20/03/2026) - READ  MEM Access, AP 0x00000000, Addr 0xE00FF018, Val 0x00000000, "DAP Read Memory (32 bit) - Success" - ID 29
21:24:51:225 (20/03/2026) - READ  MEM Access, AP 0x00000000, Addr 0xE000ED00, Val 0x410FC241, "DAP Read Memory (32 bit) - Success" - ID 30
21:24:51:225 (20/03/2026) - READ  MEM Access, AP 0x00000000, Addr 0xE000EF40, Val 0x10110021, "DAP Read Memory (32 bit) - Success" - ID 31
21:24:51:227 (20/03/2026) - READ  MEM Access, AP 0x00000000, Addr 0xE000EF44, Val 0x11000011, "DAP Read Memory (32 bit) - Success" - ID 32
21:24:51:228 (20/03/2026) - READ  DP  Access, Addr 0x00000004, Val 0xF0000F00, "DAP Read DP - Success" - ID 33
21:24:51:229 (20/03/2026) - WRITE MEM Access, AP 0x00000000, Addr 0xE000EDFC, Val 0x00000001, "DAP Write Memory (32 bit) - Success" - ID 34
21:24:51:230 (20/03/2026) - WRITE MEM Access, AP 0x00000000, Addr 0xE000EDF0, Val 0xA05F0003, "DAP Write Memory (32 bit) - Success" - ID 35
21:24:51:232 (20/03/2026) - WRITE MEM Access, AP 0x00000000, Addr 0xE000EDFC, Val 0x01000001, "DAP Write Memory (32 bit) - Success" - ID 36
21:24:51:233 (20/03/2026) - READ  MEM Access, AP 0x00000000, Addr 0xE0002000, Val 0x00000260, "DAP Read Memory (32 bit) - Success" - ID 37
21:24:51:234 (20/03/2026) - READ  MEM Access, AP 0x00000000, Addr 0xE0001000, Val 0x40000001, "DAP Read Memory (32 bit) - Success" - ID 38
21:24:51:234 (20/03/2026) - WRITE MEM Access, AP 0x00000000, Addr 0xE0001024, Val 0x0000001F, "DAP Write Memory (32 bit) - Success" - ID 39
21:24:51:236 (20/03/2026) - READ  MEM Access, AP 0x00000000, Addr 0xE0001024, Val 0x0000000F, "DAP Read Memory (32 bit) - Success" - ID 40
21:24:51:239 (20/03/2026) - WRITE MEM Access, AP 0x00000000, Addr 0xE0001024, Val 0x00000000, "DAP Write Memory (32 bit) - Success" - ID 41
21:24:51:244 (20/03/2026) - WRITE MEM Access, AP 0x00000000, Addr 0xE0001028, Val 0x00000100, "DAP Write Memory (32 bit) - Success" - ID 42
21:24:51:245 (20/03/2026) - READ  MEM Access, AP 0x00000000, Addr 0xE0001028, Val 0x00000000, "DAP Read Memory (32 bit) - Success" - ID 43
21:24:51:245 (20/03/2026) - WRITE MEM Access, AP 0x00000000, Addr 0xE0001028, Val 0x00000080, "DAP Write Memory (32 bit) - Success" - ID 44
21:24:51:247 (20/03/2026) - READ  MEM Access, AP 0x00000000, Addr 0xE0001028, Val 0x00000080, "DAP Read Memory (32 bit) - Success" - ID 45
21:24:51:248 (20/03/2026) - WRITE MEM Access, AP 0x00000000, Addr 0xE0001028, Val 0x00000000, "DAP Write Memory (32 bit) - Success" - ID 46
21:24:51:249 (20/03/2026) - WRITE MEM Access, AP 0x00000000, Addr 0xE0001038, Val 0x00000100, "DAP Write Memory (32 bit) - Success" - ID 47
21:24:51:249 (20/03/2026) - READ  MEM Access, AP 0x00000000, Addr 0xE0001038, Val 0x00000300, "DAP Read Memory (32 bit) - Success" - ID 48
21:24:51:250 (20/03/2026) - WRITE MEM Access, AP 0x00000000, Addr 0xE0001038, Val 0x00000080, "DAP Write Memory (32 bit) - Success" - ID 49
21:24:51:251 (20/03/2026) - READ  MEM Access, AP 0x00000000, Addr 0xE0001038, Val 0x00000200, "DAP Read Memory (32 bit) - Success" - ID 50
21:24:51:252 (20/03/2026) - WRITE MEM Access, AP 0x00000000, Addr 0xE0001038, Val 0x00000000, "DAP Write Memory (32 bit) - Success" - ID 51
21:24:51:253 (20/03/2026) - WRITE MEM Access, AP 0x00000000, Addr 0xE0001048, Val 0x00000100, "DAP Write Memory (32 bit) - Success" - ID 52
21:24:51:254 (20/03/2026) - READ  MEM Access, AP 0x00000000, Addr 0xE0001048, Val 0x00000000, "DAP Read Memory (32 bit) - Success" - ID 53
21:24:51:254 (20/03/2026) - WRITE MEM Access, AP 0x00000000, Addr 0xE0001048, Val 0x00000080, "DAP Write Memory (32 bit) - Success" - ID 54
21:24:51:257 (20/03/2026) - READ  MEM Access, AP 0x00000000, Addr 0xE0001048, Val 0x00000000, "DAP Read Memory (32 bit) - Success" - ID 55
21:24:51:261 (20/03/2026) - WRITE MEM Access, AP 0x00000000, Addr 0xE0001048, Val 0x00000000, "DAP Write Memory (32 bit) - Success" - ID 56
21:24:51:262 (20/03/2026) - WRITE MEM Access, AP 0x00000000, Addr 0xE0001058, Val 0x00000100, "DAP Write Memory (32 bit) - Success" - ID 57
21:24:51:263 (20/03/2026) - READ  MEM Access, AP 0x00000000, Addr 0xE0001058, Val 0x00000000, "DAP Read Memory (32 bit) - Success" - ID 58
21:24:51:263 (20/03/2026) - WRITE MEM Access, AP 0x00000000, Addr 0xE0001058, Val 0x00000080, "DAP Write Memory (32 bit) - Success" - ID 59
21:24:51:264 (20/03/2026) - READ  MEM Access, AP 0x00000000, Addr 0xE0001058, Val 0x00000000, "DAP Read Memory (32 bit) - Success" - ID 60
21:24:51:265 (20/03/2026) - WRITE MEM Access, AP 0x00000000, Addr 0xE0001058, Val 0x00000000, "DAP Write Memory (32 bit) - Success" - ID 61
21:24:51:266 (20/03/2026) - WRITE MEM Access, AP 0x00000000, Addr 0xE0002000, Val 0x00000002, "DAP Write Memory (32 bit) - Success" - ID 62
21:24:51:266 (20/03/2026) - WRITE MEM Access, AP 0x00000000, Addr 0xE0001028, Val 0x00000000, "DAP Write Memory (32 bit) - Success" - ID 63
21:24:51:267 (20/03/2026) - WRITE MEM Access, AP 0x00000000, Addr 0xE0001038, Val 0x00000000, "DAP Write Memory (32 bit) - Success" - ID 64
21:24:51:268 (20/03/2026) - WRITE MEM Access, AP 0x00000000, Addr 0xE0001048, Val 0x00000000, "DAP Write Memory (32 bit) - Success" - ID 65
21:24:51:268 (20/03/2026) - WRITE MEM Access, AP 0x00000000, Addr 0xE0001058, Val 0x00000000, "DAP Write Memory (32 bit) - Success" - ID 66
21:24:51:270 (20/03/2026) - READ  MEM Access, AP 0x00000000, Addr 0xE000E004, Val 0x00000004, "DAP Read Memory (32 bit) - Success" - ID 67
21:24:51:272 (20/03/2026) - WRITE MEM BLOCK Access, AP 0x00000000, Start Addr 0xE0001000, End Addr 0xE000101B, "DAP Write Memory Block - Success" - ID 68
  Item #0, AP 0, Addr 0xE0001000, Value 0x00000001
  Item #1, AP 0, Addr 0xE0001004, Value 0x00000000
  Item #2, AP 0, Addr 0xE0001008, Value 0x00000000
  Item #3, AP 0, Addr 0xE000100C, Value 0x00000000
  Item #4, AP 0, Addr 0xE0001010, Value 0x00000000
  Item #5, AP 0, Addr 0xE0001014, Value 0x00000000
  Item #6, AP 0, Addr 0xE0001018, Value 0x00000000
21:24:51:274 (20/03/2026) - WRITE MEM Access, AP 0x00000000, Addr 0xE000EDFC, Val 0x00000001, "DAP Write Memory (32 bit) - Success" - ID 69
21:24:51:274 (20/03/2026) - READ  MEM Access, AP 0x00000000, Addr 0xE000EDF0, Val 0x01030003, "DAP Read Memory (32 bit) - Success" - ID 70
21:24:51:275 (20/03/2026) - WRITE MEM Access, AP 0x00000000, Addr 0xE000ED0C, Val 0x05FA0004, "DAP Write Memory (32 bit) - Success" - ID 71
21:24:51:276 (20/03/2026) - READ  MEM Access, AP 0x00000000, Addr 0xE000EDF0, Val 0x02030003, "DAP Read Memory (32 bit) - Success" - ID 72
21:24:51:277 (20/03/2026) - READ  MEM Access, AP 0x00000000, Addr 0xE000EDF0, Val 0x00030003, "DAP Read Memory (32 bit) - Success" - ID 73
21:24:51:281 (20/03/2026) - READ  MEM Access, AP 0x00000000, Addr 0xE000EDF0, Val 0x00030003, "DAP Read Memory (32 bit) - Success" - ID 74
21:24:51:282 (20/03/2026) - READ  MEM Access, AP 0x00000000, Addr 0xE000EDF0, Val 0x00030003, "DAP Read Memory (32 bit) - Success" - ID 75
21:24:51:285 (20/03/2026) - READ  MEM Access, AP 0x00000000, Addr 0xE000EDF0, Val 0x00030003, "DAP Read Memory (32 bit) - Success" - ID 76
21:24:51:297 (20/03/2026) - WRITE MEM BLOCK Access, AP 0x00000000, Start Addr 0x20000000, End Addr 0x20000127, "DAP Write Memory Block - Success" - ID 77
  Item #0, AP 0, Addr 0x20000000, Value 0xE00ABE00
  Item #1, AP 0, Addr 0x20000004, Value 0x062D780D
  Item #2, AP 0, Addr 0x20000008, Value 0x24084068
  Item #3, AP 0, Addr 0x2000000C, Value 0xD3000040
  Item #4, AP 0, Addr 0x20000010, Value 0x1E644058
  Item #5, AP 0, Addr 0x20000014, Value 0x1C49D1FA
  Item #6, AP 0, Addr 0x20000018, Value 0x2A001E52
  Item #7, AP 0, Addr 0x2000001C, Value 0x4770D1F2
  Item #8, AP 0, Addr 0x20000020, Value 0x7803E005
  Item #9, AP 0, Addr 0x20000024, Value 0x42931C40
  Item #10, AP 0, Addr 0x20000028, Value 0x2001D001
  Item #11, AP 0, Addr 0x2000002C, Value 0x1E494770
  Item #12, AP 0, Addr 0x20000030, Value 0x2000D2F7
  Item #13, AP 0, Addr 0x20000034, Value 0x00004770
  Item #14, AP 0, Addr 0x20000038, Value 0x49340A88
  Item #15, AP 0, Addr 0x2000003C, Value 0x0D004348
  Item #16, AP 0, Addr 0x20000040, Value 0x1E404933
  Item #17, AP 0, Addr 0x20000044, Value 0x49326008
  Item #18, AP 0, Addr 0x20000048, Value 0x39802001
  Item #19, AP 0, Addr 0x2000004C, Value 0x20006308
  Item #20, AP 0, Addr 0x20000050, Value 0x20004770
  Item #21, AP 0, Addr 0x20000054, Value 0x482F4770
  Item #22, AP 0, Addr 0x20000058, Value 0x61412101
  Item #23, AP 0, Addr 0x2000005C, Value 0x6081492E
  Item #24, AP 0, Addr 0x20000060, Value 0x07496881
  Item #25, AP 0, Addr 0x20000064, Value 0x68C0D4FC
  Item #26, AP 0, Addr 0x20000068, Value 0xD00007C0
  Item #27, AP 0, Addr 0x2000006C, Value 0x47702001
  Item #28, AP 0, Addr 0x20000070, Value 0xD10C0581
  Item #29, AP 0, Addr 0x20000074, Value 0x22014927
  Item #30, AP 0, Addr 0x20000078, Value 0x6008614A
  Item #31, AP 0, Addr 0x2000007C, Value 0x1E804826
  Item #32, AP 0, Addr 0x20000080, Value 0x68886088
  Item #33, AP 0, Addr 0x20000084, Value 0xD4FC0780
  Item #34, AP 0, Addr 0x20000088, Value 0x07C068C8
  Item #35, AP 0, Addr 0x2000008C, Value 0x2001D000
  Item #36, AP 0, Addr 0x20000090, Value 0xB5F04770
  Item #37, AP 0, Addr 0x20000094, Value 0xD1370783
  Item #38, AP 0, Addr 0x20000098, Value 0x08891CC9
  Item #39, AP 0, Addr 0x2000009C, Value 0x4D1D0089
  Item #40, AP 0, Addr 0x200000A0, Value 0x616B2301
  Item #41, AP 0, Addr 0x200000A4, Value 0x33404B1A
  Item #42, AP 0, Addr 0x200000A8, Value 0x4C1C6A1B
  Item #43, AP 0, Addr 0x200000AC, Value 0xD02607DB
  Item #44, AP 0, Addr 0x200000B0, Value 0x237C4E1B
  Item #45, AP 0, Addr 0x200000B4, Value 0xD0242900
  Item #46, AP 0, Addr 0x200000B8, Value 0x01E409C4
  Item #47, AP 0, Addr 0x200000BC, Value 0xE006602C
  Item #48, AP 0, Addr 0x200000C0, Value 0xCA104607
  Item #49, AP 0, Addr 0x200000C4, Value 0x19BF401F
  Item #50, AP 0, Addr 0x200000C8, Value 0x1D00603C
  Item #51, AP 0, Addr 0x200000CC, Value 0x06441F09
  Item #52, AP 0, Addr 0x200000D0, Value 0xD1020EE4
  Item #53, AP 0, Addr 0x200000D4, Value 0x2C006B2C
  Item #54, AP 0, Addr 0x200000D8, Value 0x2900D101
  Item #55, AP 0, Addr 0x200000DC, Value 0x4C0FD1F0
  Item #56, AP 0, Addr 0x200000E0, Value 0x6A2C622C
  Item #57, AP 0, Addr 0x200000E4, Value 0xD1FC07E4
  Item #58, AP 0, Addr 0x200000E8, Value 0x6028E7E4
  Item #59, AP 0, Addr 0x200000EC, Value 0x606B6813
  Item #60, AP 0, Addr 0x200000F0, Value 0x68AB60AC
  Item #61, AP 0, Addr 0x200000F4, Value 0xD1FC07DB
  Item #62, AP 0, Addr 0x200000F8, Value 0x1D121D00
  Item #63, AP 0, Addr 0x200000FC, Value 0x29001F09
  Item #64, AP 0, Addr 0x20000100, Value 0x68E8D1F3
  Item #65, AP 0, Addr 0x20000104, Value 0xD00007C0
  Item #66, AP 0, Addr 0x20000108, Value 0xBDF02001
  Item #67, AP 0, Addr 0x2000010C, Value 0x00000432
  Item #68, AP 0, Addr 0x20000110, Value 0x400FE140
  Item #69, AP 0, Addr 0x20000114, Value 0x400FD000
  Item #70, AP 0, Addr 0x20000118, Value 0xA4420004
  Item #71, AP 0, Addr 0x2000011C, Value 0xA4420001
  Item #72, AP 0, Addr 0x20000120, Value 0x400FD100
  Item #73, AP 0, Addr 0x20000124, Value 0x00000000
21:24:51:303 (20/03/2026) - READ  MEM BLOCK Access, AP 0x00000000, Start Addr 0x20000000, End Addr 0x20000127, "DAP Read Memory Block - Success" - ID 78
  Item #0, AP 0, Addr 0x20000000, Value 0xE00ABE00
  Item #1, AP 0, Addr 0x20000004, Value 0x062D780D
  Item #2, AP 0, Addr 0x20000008, Value 0x24084068
  Item #3, AP 0, Addr 0x2000000C, Value 0xD3000040
  Item #4, AP 0, Addr 0x20000010, Value 0x1E644058
  Item #5, AP 0, Addr 0x20000014, Value 0x1C49D1FA
  Item #6, AP 0, Addr 0x20000018, Value 0x2A001E52
  Item #7, AP 0, Addr 0x2000001C, Value 0x4770D1F2
  Item #8, AP 0, Addr 0x20000020, Value 0x7803E005
  Item #9, AP 0, Addr 0x20000024, Value 0x42931C40
  Item #10, AP 0, Addr 0x20000028, Value 0x2001D001
  Item #11, AP 0, Addr 0x2000002C, Value 0x1E494770
  Item #12, AP 0, Addr 0x20000030, Value 0x2000D2F7
  Item #13, AP 0, Addr 0x20000034, Value 0x00004770
  Item #14, AP 0, Addr 0x20000038, Value 0x49340A88
  Item #15, AP 0, Addr 0x2000003C, Value 0x0D004348
  Item #16, AP 0, Addr 0x20000040, Value 0x1E404933
  Item #17, AP 0, Addr 0x20000044, Value 0x49326008
  Item #18, AP 0, Addr 0x20000048, Value 0x39802001
  Item #19, AP 0, Addr 0x2000004C, Value 0x20006308
  Item #20, AP 0, Addr 0x20000050, Value 0x20004770
  Item #21, AP 0, Addr 0x20000054, Value 0x482F4770
  Item #22, AP 0, Addr 0x20000058, Value 0x61412101
  Item #23, AP 0, Addr 0x2000005C, Value 0x6081492E
  Item #24, AP 0, Addr 0x20000060, Value 0x07496881
  Item #25, AP 0, Addr 0x20000064, Value 0x68C0D4FC
  Item #26, AP 0, Addr 0x20000068, Value 0xD00007C0
  Item #27, AP 0, Addr 0x2000006C, Value 0x47702001
  Item #28, AP 0, Addr 0x20000070, Value 0xD10C0581
  Item #29, AP 0, Addr 0x20000074, Value 0x22014927
  Item #30, AP 0, Addr 0x20000078, Value 0x6008614A
  Item #31, AP 0, Addr 0x2000007C, Value 0x1E804826
  Item #32, AP 0, Addr 0x20000080, Value 0x68886088
  Item #33, AP 0, Addr 0x20000084, Value 0xD4FC0780
  Item #34, AP 0, Addr 0x20000088, Value 0x07C068C8
  Item #35, AP 0, Addr 0x2000008C, Value 0x2001D000
  Item #36, AP 0, Addr 0x20000090, Value 0xB5F04770
  Item #37, AP 0, Addr 0x20000094, Value 0xD1370783
  Item #38, AP 0, Addr 0x20000098, Value 0x08891CC9
  Item #39, AP 0, Addr 0x2000009C, Value 0x4D1D0089
  Item #40, AP 0, Addr 0x200000A0, Value 0x616B2301
  Item #41, AP 0, Addr 0x200000A4, Value 0x33404B1A
  Item #42, AP 0, Addr 0x200000A8, Value 0x4C1C6A1B
  Item #43, AP 0, Addr 0x200000AC, Value 0xD02607DB
  Item #44, AP 0, Addr 0x200000B0, Value 0x237C4E1B
  Item #45, AP 0, Addr 0x200000B4, Value 0xD0242900
  Item #46, AP 0, Addr 0x200000B8, Value 0x01E409C4
  Item #47, AP 0, Addr 0x200000BC, Value 0xE006602C
  Item #48, AP 0, Addr 0x200000C0, Value 0xCA104607
  Item #49, AP 0, Addr 0x200000C4, Value 0x19BF401F
  Item #50, AP 0, Addr 0x200000C8, Value 0x1D00603C
  Item #51, AP 0, Addr 0x200000CC, Value 0x06441F09
  Item #52, AP 0, Addr 0x200000D0, Value 0xD1020EE4
  Item #53, AP 0, Addr 0x200000D4, Value 0x2C006B2C
  Item #54, AP 0, Addr 0x200000D8, Value 0x2900D101
  Item #55, AP 0, Addr 0x200000DC, Value 0x4C0FD1F0
  Item #56, AP 0, Addr 0x200000E0, Value 0x6A2C622C
  Item #57, AP 0, Addr 0x200000E4, Value 0xD1FC07E4
  Item #58, AP 0, Addr 0x200000E8, Value 0x6028E7E4
  Item #59, AP 0, Addr 0x200000EC, Value 0x606B6813
  Item #60, AP 0, Addr 0x200000F0, Value 0x68AB60AC
  Item #61, AP 0, Addr 0x200000F4, Value 0xD1FC07DB
  Item #62, AP 0, Addr 0x200000F8, Value 0x1D121D00
  Item #63, AP 0, Addr 0x200000FC, Value 0x29001F09
  Item #64, AP 0, Addr 0x20000100, Value 0x68E8D1F3
  Item #65, AP 0, Addr 0x20000104, Value 0xD00007C0
  Item #66, AP 0, Addr 0x20000108, Value 0xBDF02001
  Item #67, AP 0, Addr 0x2000010C, Value 0x00000432
  Item #68, AP 0, Addr 0x20000110, Value 0x400FE140
  Item #69, AP 0, Addr 0x20000114, Value 0x400FD000
  Item #70, AP 0, Addr 0x20000118, Value 0xA4420004
  Item #71, AP 0, Addr 0x2000011C, Value 0xA4420001
  Item #72, AP 0, Addr 0x20000120, Value 0x400FD100
  Item #73, AP 0, Addr 0x20000124, Value 0x00000000
21:24:51:327 (20/03/2026) - READ  MEM Access, AP 0x00000000, Addr 0xE000EDF0, Val 0x01030003, "DAP Read Memory (32 bit) - Success" - ID 79
21:24:51:343 (20/03/2026) - READ  MEM Access, AP 0x00000000, Addr 0xE000EDF0, Val 0x01030003, "DAP Read Memory (32 bit) - Success" - ID 80
21:24:51:356 (20/03/2026) - READ  MEM Access, AP 0x00000000, Addr 0xE000EDF0, Val 0x00000000, "DAP Read Memory (32 bit) - Success" - ID 81
21:24:51:360 (20/03/2026) - READ  MEM Access, AP 0x00000000, Addr 0xE000EDF0, Val 0x00000000, "DAP Read Memory (32 bit) - Success" - ID 82
21:24:51:367 (20/03/2026) - READ  MEM Access, AP 0x00000000, Addr 0xE000EDF0, Val 0x00000000, "DAP Read Memory (32 bit) - Success" - ID 83
21:24:51:370 (20/03/2026) - READ  MEM Access, AP 0x00000000, Addr 0xE000EDF0, Val 0x00000000, "DAP Read Memory (32 bit) - Success" - ID 84
21:24:51:374 (20/03/2026) - READ  MEM Access, AP 0x00000000, Addr 0xE000EDF0, Val 0x00000000, "DAP Read Memory (32 bit) - Success" - ID 85
21:24:51:376 (20/03/2026) - READ  MEM Access, AP 0x00000000, Addr 0xE000EDF0, Val 0x00000000, "DAP Read Memory (32 bit) - Success" - ID 86
21:24:51:382 (20/03/2026) - READ  MEM Access, AP 0x00000000, Addr 0xE000EDF0, Val 0x00000000, "DAP Read Memory (32 bit) - Success" - ID 87
21:24:51:384 (20/03/2026) - READ  MEM Access, AP 0x00000000, Addr 0xE000EDF0, Val 0x00000000, "DAP Read Memory (32 bit) - Success" - ID 88
21:24:51:389 (20/03/2026) - READ  MEM Access, AP 0x00000000, Addr 0xE000EDF0, Val 0x00000000, "DAP Read Memory (32 bit) - Success" - ID 89
21:24:51:392 (20/03/2026) - READ  MEM Access, AP 0x00000000, Addr 0xE000EDF0, Val 0x00000000, "DAP Read Memory (32 bit) - Success" - ID 90
21:24:51:397 (20/03/2026) - READ  MEM Access, AP 0x00000000, Addr 0xE000EDF0, Val 0x00000000, "DAP Read Memory (32 bit) - Success" - ID 91
21:24:51:400 (20/03/2026) - READ  MEM Access, AP 0x00000000, Addr 0xE000EDF0, Val 0x00000000, "DAP Read Memory (32 bit) - Success" - ID 92
21:24:51:404 (20/03/2026) - READ  MEM Access, AP 0x00000000, Addr 0xE000EDF0, Val 0x00000000, "DAP Read Memory (32 bit) - Success" - ID 93
21:24:51:406 (20/03/2026) - READ  MEM Access, AP 0x00000000, Addr 0xE000EDF0, Val 0x00000000, "DAP Read Memory (32 bit) - Success" - ID 94
21:24:51:410 (20/03/2026) - READ  MEM Access, AP 0x00000000, Addr 0xE000EDF0, Val 0x00000000, "DAP Read Memory (32 bit) - Success" - ID 95
21:24:51:412 (20/03/2026) - READ  MEM Access, AP 0x00000000, Addr 0xE000EDF0, Val 0x00000000, "DAP Read Memory (32 bit) - Success" - ID 96
21:24:51:415 (20/03/2026) - READ  MEM Access, AP 0x00000000, Addr 0xE000EDF0, Val 0x00000000, "DAP Read Memory (32 bit) - Success" - ID 97
21:24:51:422 (20/03/2026) - READ  MEM Access, AP 0x00000000, Addr 0xE000EDF0, Val 0x00000000, "DAP Read Memory (32 bit) - Success" - ID 98
21:24:51:426 (20/03/2026) - READ  MEM Access, AP 0x00000000, Addr 0xE000EDF0, Val 0x00000000, "DAP Read Memory (32 bit) - Success" - ID 99
21:24:51:431 (20/03/2026) - READ  MEM Access, AP 0x00000000, Addr 0xE000EDF0, Val 0x00000000, "DAP Read Memory (32 bit) - Success" - ID 100
21:24:51:437 (20/03/2026) - READ  MEM Access, AP 0x00000000, Addr 0xE000EDF0, Val 0x00000000, "DAP Read Memory (32 bit) - Success" - ID 101
21:24:51:441 (20/03/2026) - READ  MEM Access, AP 0x00000000, Addr 0xE000EDF0, Val 0x00000000, "DAP Read Memory (32 bit) - Success" - ID 102
21:24:51:444 (20/03/2026) - READ  MEM Access, AP 0x00000000, Addr 0xE000EDF0, Val 0x00000000, "DAP Read Memory (32 bit) - Success" - ID 103
21:24:51:447 (20/03/2026) - READ  MEM Access, AP 0x00000000, Addr 0xE000EDF0, Val 0x00000000, "DAP Read Memory (32 bit) - Success" - ID 104
21:24:51:450 (20/03/2026) - READ  MEM Access, AP 0x00000000, Addr 0xE000EDF0, Val 0x00000000, "DAP Read Memory (32 bit) - Success" - ID 105
21:24:51:454 (20/03/2026) - READ  MEM Access, AP 0x00000000, Addr 0xE000EDF0, Val 0x00000000, "DAP Read Memory (32 bit) - Success" - ID 106
21:24:51:456 (20/03/2026) - READ  MEM Access, AP 0x00000000, Addr 0xE000EDF0, Val 0x00000000, "DAP Read Memory (32 bit) - Success" - ID 107
21:24:51:458 (20/03/2026) - READ  MEM Access, AP 0x00000000, Addr 0xE000EDF0, Val 0x00000000, "DAP Read Memory (32 bit) - Success" - ID 108
21:24:51:461 (20/03/2026) - READ  MEM Access, AP 0x00000000, Addr 0xE000EDF0, Val 0x00000000, "DAP Read Memory (32 bit) - Success" - ID 109
21:24:51:465 (20/03/2026) - READ  MEM Access, AP 0x00000000, Addr 0xE000EDF0, Val 0x00000000, "DAP Read Memory (32 bit) - Success" - ID 110
21:24:51:470 (20/03/2026) - READ  MEM Access, AP 0x00000000, Addr 0xE000EDF0, Val 0x00000000, "DAP Read Memory (32 bit) - Success" - ID 111
21:24:51:473 (20/03/2026) - READ  MEM Access, AP 0x00000000, Addr 0xE000EDF0, Val 0x00000000, "DAP Read Memory (32 bit) - Success" - ID 112
21:24:51:475 (20/03/2026) - READ  MEM Access, AP 0x00000000, Addr 0xE000EDF0, Val 0x00000000, "DAP Read Memory (32 bit) - Success" - ID 113
21:24:51:479 (20/03/2026) - READ  MEM Access, AP 0x00000000, Addr 0xE000EDF0, Val 0x00000000, "DAP Read Memory (32 bit) - Success" - ID 114
21:24:51:484 (20/03/2026) - READ  MEM Access, AP 0x00000000, Addr 0xE000EDF0, Val 0x00000000, "DAP Read Memory (32 bit) - Success" - ID 115
21:24:51:488 (20/03/2026) - READ  MEM Access, AP 0x00000000, Addr 0xE000EDF0, Val 0x00000000, "DAP Read Memory (32 bit) - Success" - ID 116
21:24:51:491 (20/03/2026) - READ  MEM Access, AP 0x00000000, Addr 0xE000EDF0, Val 0x00000000, "DAP Read Memory (32 bit) - Success" - ID 117
21:24:51:494 (20/03/2026) - READ  MEM Access, AP 0x00000000, Addr 0xE000EDF0, Val 0x00000000, "DAP Read Memory (32 bit) - Success" - ID 118
21:24:51:495 (20/03/2026) - READ  MEM Access, AP 0x00000000, Addr 0xE000EDF0, Val 0x00000000, "DAP Read Memory (32 bit) - Success" - ID 119
21:24:51:499 (20/03/2026) - READ  MEM Access, AP 0x00000000, Addr 0xE000EDF0, Val 0x00000000, "DAP Read Memory (32 bit) - Success" - ID 120
21:24:51:501 (20/03/2026) - READ  MEM Access, AP 0x00000000, Addr 0xE000EDF0, Val 0x00000000, "DAP Read Memory (32 bit) - Success" - ID 121
21:24:51:505 (20/03/2026) - READ  MEM Access, AP 0x00000000, Addr 0xE000EDF0, Val 0x00000000, "DAP Read Memory (32 bit) - Success" - ID 122
21:24:51:506 (20/03/2026) - READ  MEM Access, AP 0x00000000, Addr 0xE000EDF0, Val 0x00000000, "DAP Read Memory (32 bit) - Success" - ID 123
21:24:51:507 (20/03/2026) - READ  MEM Access, AP 0x00000000, Addr 0xE000EDF0, Val 0x00000000, "DAP Read Memory (32 bit) - Success" - ID 124
21:24:51:514 (20/03/2026) - READ  MEM Access, AP 0x00000000, Addr 0xE000EDF0, Val 0x00000000, "DAP Read Memory (32 bit) - Success" - ID 125
21:24:51:518 (20/03/2026) - READ  MEM Access, AP 0x00000000, Addr 0xE000EDF0, Val 0x00000000, "DAP Read Memory (32 bit) - Success" - ID 126
21:24:51:520 (20/03/2026) - READ  MEM Access, AP 0x00000000, Addr 0xE000EDF0, Val 0x00000000, "DAP Read Memory (32 bit) - Success" - ID 127
21:24:51:524 (20/03/2026) - READ  MEM Access, AP 0x00000000, Addr 0xE000EDF0, Val 0x00000000, "DAP Read Memory (32 bit) - Success" - ID 128
21:24:51:524 (20/03/2026) - READ  MEM Access, AP 0x00000000, Addr 0xE000EDF0, Val 0x00000000, "DAP Read Memory (32 bit) - Success" - ID 129
21:24:51:525 (20/03/2026) - READ  MEM Access, AP 0x00000000, Addr 0xE000EDF0, Val 0x00000000, "DAP Read Memory (32 bit) - Success" - ID 130
21:24:51:526 (20/03/2026) - READ  MEM Access, AP 0x00000000, Addr 0xE000EDF0, Val 0x00000000, "DAP Read Memory (32 bit) - Success" - ID 131
21:24:51:527 (20/03/2026) - READ  MEM Access, AP 0x00000000, Addr 0xE000EDF0, Val 0x00000000, "DAP Read Memory (32 bit) - Success" - ID 132
21:24:51:528 (20/03/2026) - READ  MEM Access, AP 0x00000000, Addr 0xE000EDF0, Val 0x00000000, "DAP Read Memory (32 bit) - Success" - ID 133
21:24:51:530 (20/03/2026) - READ  MEM Access, AP 0x00000000, Addr 0xE000EDF0, Val 0x00000000, "DAP Read Memory (32 bit) - Success" - ID 134
21:24:51:532 (20/03/2026) - READ  MEM Access, AP 0x00000000, Addr 0xE000EDF0, Val 0x00000000, "DAP Read Memory (32 bit) - Success" - ID 135
21:24:51:533 (20/03/2026) - READ  MEM Access, AP 0x00000000, Addr 0xE000EDF0, Val 0x00000000, "DAP Read Memory (32 bit) - Success" - ID 136
21:24:51:534 (20/03/2026) - READ  MEM Access, AP 0x00000000, Addr 0xE000EDF0, Val 0x00000000, "DAP Read Memory (32 bit) - Success" - ID 137
21:24:51:535 (20/03/2026) - READ  MEM Access, AP 0x00000000, Addr 0xE000EDF0, Val 0x00000000, "DAP Read Memory (32 bit) - Success" - ID 138
21:24:51:536 (20/03/2026) - READ  MEM Access, AP 0x00000000, Addr 0xE000EDF0, Val 0x00000000, "DAP Read Memory (32 bit) - Success" - ID 139
21:24:51:538 (20/03/2026) - READ  MEM Access, AP 0x00000000, Addr 0xE000EDF0, Val 0x00000000, "DAP Read Memory (32 bit) - Success" - ID 140
21:24:51:539 (20/03/2026) - READ  MEM Access, AP 0x00000000, Addr 0xE000EDF0, Val 0x00000000, "DAP Read Memory (32 bit) - Success" - ID 141
21:24:51:540 (20/03/2026) - READ  MEM Access, AP 0x00000000, Addr 0xE000EDF0, Val 0x00000000, "DAP Read Memory (32 bit) - Success" - ID 142
21:24:51:547 (20/03/2026) - READ  MEM Access, AP 0x00000000, Addr 0xE000EDF0, Val 0x00000000, "DAP Read Memory (32 bit) - Success" - ID 143
21:24:51:548 (20/03/2026) - READ  MEM Access, AP 0x00000000, Addr 0xE000EDF0, Val 0x00000000, "DAP Read Memory (32 bit) - Success" - ID 144
21:24:51:549 (20/03/2026) - READ  MEM Access, AP 0x00000000, Addr 0xE000EDF0, Val 0x00000000, "DAP Read Memory (32 bit) - Success" - ID 145
21:24:51:551 (20/03/2026) - READ  MEM Access, AP 0x00000000, Addr 0xE000EDF0, Val 0x00000000, "DAP Read Memory (32 bit) - Success" - ID 146
21:24:51:552 (20/03/2026) - READ  MEM Access, AP 0x00000000, Addr 0xE000EDF0, Val 0x00000000, "DAP Read Memory (32 bit) - Success" - ID 147
21:24:51:553 (20/03/2026) - READ  MEM Access, AP 0x00000000, Addr 0xE000EDF0, Val 0x00000000, "DAP Read Memory (32 bit) - Success" - ID 148
21:24:51:553 (20/03/2026) - READ  MEM Access, AP 0x00000000, Addr 0xE000EDF0, Val 0x00000000, "DAP Read Memory (32 bit) - Success" - ID 149
21:24:51:554 (20/03/2026) - READ  MEM Access, AP 0x00000000, Addr 0xE000EDF0, Val 0x00000000, "DAP Read Memory (32 bit) - Success" - ID 150
21:24:51:554 (20/03/2026) - READ  MEM Access, AP 0x00000000, Addr 0xE000EDF0, Val 0x00000000, "DAP Read Memory (32 bit) - Success" - ID 151
21:24:51:556 (20/03/2026) - READ  MEM Access, AP 0x00000000, Addr 0xE000EDF0, Val 0x00000000, "DAP Read Memory (32 bit) - Success" - ID 152
21:24:51:558 (20/03/2026) - READ  MEM Access, AP 0x00000000, Addr 0xE000EDF0, Val 0x00000000, "DAP Read Memory (32 bit) - Success" - ID 153
21:24:51:559 (20/03/2026) - READ  MEM Access, AP 0x00000000, Addr 0xE000EDF0, Val 0x00000000, "DAP Read Memory (32 bit) - Success" - ID 154
21:24:51:559 (20/03/2026) - READ  MEM Access, AP 0x00000000, Addr 0xE000EDF0, Val 0x00000000, "DAP Read Memory (32 bit) - Success" - ID 155
21:24:51:560 (20/03/2026) - READ  MEM Access, AP 0x00000000, Addr 0xE000EDF0, Val 0x00000000, "DAP Read Memory (32 bit) - Success" - ID 156
21:24:51:561 (20/03/2026) - READ  MEM Access, AP 0x00000000, Addr 0xE000EDF0, Val 0x00000000, "DAP Read Memory (32 bit) - Success" - ID 157
21:24:51:565 (20/03/2026) - READ  MEM Access, AP 0x00000000, Addr 0xE000EDF0, Val 0x00000000, "DAP Read Memory (32 bit) - Success" - ID 158
21:24:51:566 (20/03/2026) - READ  MEM Access, AP 0x00000000, Addr 0xE000EDF0, Val 0x00000000, "DAP Read Memory (32 bit) - Success" - ID 159
21:24:51:567 (20/03/2026) - READ  MEM Access, AP 0x00000000, Addr 0xE000EDF0, Val 0x00000000, "DAP Read Memory (32 bit) - Success" - ID 160
21:24:51:568 (20/03/2026) - READ  MEM Access, AP 0x00000000, Addr 0xE000EDF0, Val 0x00000000, "DAP Read Memory (32 bit) - Success" - ID 161
21:24:51:569 (20/03/2026) - READ  MEM Access, AP 0x00000000, Addr 0xE000EDF0, Val 0x00000000, "DAP Read Memory (32 bit) - Success" - ID 162
21:24:51:570 (20/03/2026) - READ  MEM Access, AP 0x00000000, Addr 0xE000EDF0, Val 0x00000000, "DAP Read Memory (32 bit) - Success" - ID 163
21:24:51:570 (20/03/2026) - READ  MEM Access, AP 0x00000000, Addr 0xE000EDF0, Val 0x00000000, "DAP Read Memory (32 bit) - Success" - ID 164
21:24:51:571 (20/03/2026) - READ  MEM Access, AP 0x00000000, Addr 0xE000EDF0, Val 0x00000000, "DAP Read Memory (32 bit) - Success" - ID 165
21:24:51:572 (20/03/2026) - READ  MEM Access, AP 0x00000000, Addr 0xE000EDF0, Val 0x00000000, "DAP Read Memory (32 bit) - Success" - ID 166
21:24:51:573 (20/03/2026) - READ  MEM Access, AP 0x00000000, Addr 0xE000EDF0, Val 0x00000000, "DAP Read Memory (32 bit) - Success" - ID 167
21:24:51:573 (20/03/2026) - READ  MEM Access, AP 0x00000000, Addr 0xE000EDF0, Val 0x00000000, "DAP Read Memory (32 bit) - Success" - ID 168
21:24:51:574 (20/03/2026) - READ  MEM Access, AP 0x00000000, Addr 0xE000EDF0, Val 0x00000000, "DAP Read Memory (32 bit) - Success" - ID 169
21:24:51:575 (20/03/2026) - READ  MEM Access, AP 0x00000000, Addr 0xE000EDF0, Val 0x00000000, "DAP Read Memory (32 bit) - Success" - ID 170
21:24:51:575 (20/03/2026) - READ  MEM Access, AP 0x00000000, Addr 0xE000EDF0, Val 0x00000000, "DAP Read Memory (32 bit) - Success" - ID 171
21:24:51:576 (20/03/2026) - READ  MEM Access, AP 0x00000000, Addr 0xE000EDF0, Val 0x00000000, "DAP Read Memory (32 bit) - Success" - ID 172
21:24:51:577 (20/03/2026) - READ  MEM Access, AP 0x00000000, Addr 0xE000EDF0, Val 0x00000000, "DAP Read Memory (32 bit) - Success" - ID 173
21:24:51:578 (20/03/2026) - READ  MEM Access, AP 0x00000000, Addr 0xE000EDF0, Val 0x00000000, "DAP Read Memory (32 bit) - Success" - ID 174
21:24:51:579 (20/03/2026) - READ  MEM Access, AP 0x00000000, Addr 0xE000EDF0, Val 0x00000000, "DAP Read Memory (32 bit) - Success" - ID 175
21:24:51:579 (20/03/2026) - READ  MEM Access, AP 0x00000000, Addr 0xE000EDF0, Val 0x00000000, "DAP Read Memory (32 bit) - Success" - ID 176
21:24:51:580 (20/03/2026) - READ  MEM Access, AP 0x00000000, Addr 0xE000EDF0, Val 0x00000000, "DAP Read Memory (32 bit) - Success" - ID 177
21:24:51:581 (20/03/2026) - READ  MEM Access, AP 0x00000000, Addr 0xE000EDF0, Val 0x00000000, "DAP Read Memory (32 bit) - Success" - ID 178
21:24:51:582 (20/03/2026) - READ  MEM Access, AP 0x00000000, Addr 0xE000EDF0, Val 0x00000000, "DAP Read Memory (32 bit) - Success" - ID 179
21:24:51:583 (20/03/2026) - READ  MEM Access, AP 0x00000000, Addr 0xE000EDF0, Val 0x00000000, "DAP Read Memory (32 bit) - Success" - ID 180
21:24:51:584 (20/03/2026) - READ  MEM Access, AP 0x00000000, Addr 0xE000EDF0, Val 0x00000000, "DAP Read Memory (32 bit) - Success" - ID 181
21:24:51:586 (20/03/2026) - READ  MEM Access, AP 0x00000000, Addr 0xE000EDF0, Val 0x00000000, "DAP Read Memory (32 bit) - Success" - ID 182
21:24:51:586 (20/03/2026) - READ  MEM Access, AP 0x00000000, Addr 0xE000EDF0, Val 0x00000000, "DAP Read Memory (32 bit) - Success" - ID 183
21:24:51:587 (20/03/2026) - READ  MEM Access, AP 0x00000000, Addr 0xE000EDF0, Val 0x00000000, "DAP Read Memory (32 bit) - Success" - ID 184
21:24:51:588 (20/03/2026) - READ  MEM Access, AP 0x00000000, Addr 0xE000EDF0, Val 0x00000000, "DAP Read Memory (32 bit) - Success" - ID 185
21:24:51:589 (20/03/2026) - READ  MEM Access, AP 0x00000000, Addr 0xE000EDF0, Val 0x00000000, "DAP Read Memory (32 bit) - Success" - ID 186
21:24:51:589 (20/03/2026) - READ  MEM Access, AP 0x00000000, Addr 0xE000EDF0, Val 0x00000000, "DAP Read Memory (32 bit) - Success" - ID 187
21:24:51:590 (20/03/2026) - READ  MEM Access, AP 0x00000000, Addr 0xE000EDF0, Val 0x00000000, "DAP Read Memory (32 bit) - Success" - ID 188
21:24:51:591 (20/03/2026) - READ  MEM Access, AP 0x00000000, Addr 0xE000EDF0, Val 0x00000000, "DAP Read Memory (32 bit) - Success" - ID 189
21:24:51:597 (20/03/2026) - READ  MEM Access, AP 0x00000000, Addr 0xE000EDF0, Val 0x00000000, "DAP Read Memory (32 bit) - Success" - ID 190
21:24:51:598 (20/03/2026) - READ  MEM Access, AP 0x00000000, Addr 0xE000EDF0, Val 0x00000000, "DAP Read Memory (32 bit) - Success" - ID 191
21:24:51:599 (20/03/2026) - READ  MEM Access, AP 0x00000000, Addr 0xE000EDF0, Val 0x00000000, "DAP Read Memory (32 bit) - Success" - ID 192
21:24:51:599 (20/03/2026) - READ  MEM Access, AP 0x00000000, Addr 0xE000EDF0, Val 0x00000000, "DAP Read Memory (32 bit) - Success" - ID 193
21:24:51:600 (20/03/2026) - READ  MEM Access, AP 0x00000000, Addr 0xE000EDF0, Val 0x00000000, "DAP Read Memory (32 bit) - Success" - ID 194
21:24:51:601 (20/03/2026) - READ  MEM Access, AP 0x00000000, Addr 0xE000EDF0, Val 0x00000000, "DAP Read Memory (32 bit) - Success" - ID 195
21:24:51:603 (20/03/2026) - READ  MEM Access, AP 0x00000000, Addr 0xE000EDF0, Val 0x00000000, "DAP Read Memory (32 bit) - Success" - ID 196
21:24:51:603 (20/03/2026) - READ  MEM Access, AP 0x00000000, Addr 0xE000EDF0, Val 0x00000000, "DAP Read Memory (32 bit) - Success" - ID 197
21:24:51:604 (20/03/2026) - READ  MEM Access, AP 0x00000000, Addr 0xE000EDF0, Val 0x00000000, "DAP Read Memory (32 bit) - Success" - ID 198
21:24:51:605 (20/03/2026) - READ  MEM Access, AP 0x00000000, Addr 0xE000EDF0, Val 0x00000000, "DAP Read Memory (32 bit) - Success" - ID 199
21:24:51:605 (20/03/2026) - READ  MEM Access, AP 0x00000000, Addr 0xE000EDF0, Val 0x00000000, "DAP Read Memory (32 bit) - Success" - ID 200
21:24:51:607 (20/03/2026) - READ  MEM Access, AP 0x00000000, Addr 0xE000EDF0, Val 0x00000000, "DAP Read Memory (32 bit) - Success" - ID 201
21:24:51:608 (20/03/2026) - READ  MEM Access, AP 0x00000000, Addr 0xE000EDF0, Val 0x00000000, "DAP Read Memory (32 bit) - Success" - ID 202
21:24:51:609 (20/03/2026) - READ  MEM Access, AP 0x00000000, Addr 0xE000EDF0, Val 0x00000000, "DAP Read Memory (32 bit) - Success" - ID 203
21:24:51:610 (20/03/2026) - READ  MEM Access, AP 0x00000000, Addr 0xE000EDF0, Val 0x00000000, "DAP Read Memory (32 bit) - Success" - ID 204
21:24:51:610 (20/03/2026) - READ  MEM Access, AP 0x00000000, Addr 0xE000EDF0, Val 0x00000000, "DAP Read Memory (32 bit) - Success" - ID 205
21:24:51:611 (20/03/2026) - READ  MEM Access, AP 0x00000000, Addr 0xE000EDF0, Val 0x00000000, "DAP Read Memory (32 bit) - Success" - ID 206
21:24:51:617 (20/03/2026) - READ  MEM Access, AP 0x00000000, Addr 0xE000EDF0, Val 0x00000000, "DAP Read Memory (32 bit) - Success" - ID 207
21:24:51:620 (20/03/2026) - READ  MEM Access, AP 0x00000000, Addr 0xE000EDF0, Val 0x00000000, "DAP Read Memory (32 bit) - Success" - ID 208
21:24:51:621 (20/03/2026) - READ  MEM Access, AP 0x00000000, Addr 0xE000EDF0, Val 0x00000000, "DAP Read Memory (32 bit) - Success" - ID 209
21:24:51:622 (20/03/2026) - READ  MEM Access, AP 0x00000000, Addr 0xE000EDF0, Val 0x00000000, "DAP Read Memory (32 bit) - Success" - ID 210
21:24:51:623 (20/03/2026) - READ  MEM Access, AP 0x00000000, Addr 0xE000EDF0, Val 0x00000000, "DAP Read Memory (32 bit) - Success" - ID 211
21:24:51:623 (20/03/2026) - READ  MEM Access, AP 0x00000000, Addr 0xE000EDF0, Val 0x00000000, "DAP Read Memory (32 bit) - Success" - ID 212
21:24:51:628 (20/03/2026) - READ  MEM Access, AP 0x00000000, Addr 0xE000EDF0, Val 0x00000000, "DAP Read Memory (32 bit) - Success" - ID 213
21:24:51:629 (20/03/2026) - READ  MEM Access, AP 0x00000000, Addr 0xE000EDF0, Val 0x00000000, "DAP Read Memory (32 bit) - Success" - ID 214
21:24:51:630 (20/03/2026) - READ  MEM Access, AP 0x00000000, Addr 0xE000EDF0, Val 0x00000000, "DAP Read Memory (32 bit) - Success" - ID 215
21:24:51:631 (20/03/2026) - READ  MEM Access, AP 0x00000000, Addr 0xE000EDF0, Val 0x00000000, "DAP Read Memory (32 bit) - Success" - ID 216
21:24:51:635 (20/03/2026) - READ  MEM Access, AP 0x00000000, Addr 0xE000EDF0, Val 0x00000000, "DAP Read Memory (32 bit) - Success" - ID 217
21:24:51:635 (20/03/2026) - READ  MEM Access, AP 0x00000000, Addr 0xE000EDF0, Val 0x00000000, "DAP Read Memory (32 bit) - Success" - ID 218
21:24:51:636 (20/03/2026) - READ  MEM Access, AP 0x00000000, Addr 0xE000EDF0, Val 0x00000000, "DAP Read Memory (32 bit) - Success" - ID 219
21:24:51:637 (20/03/2026) - READ  MEM Access, AP 0x00000000, Addr 0xE000EDF0, Val 0x00000000, "DAP Read Memory (32 bit) - Success" - ID 220
21:24:51:641 (20/03/2026) - READ  MEM Access, AP 0x00000000, Addr 0xE000EDF0, Val 0x00000000, "DAP Read Memory (32 bit) - Success" - ID 221
21:24:51:643 (20/03/2026) - READ  MEM Access, AP 0x00000000, Addr 0xE000EDF0, Val 0x00000000, "DAP Read Memory (32 bit) - Success" - ID 222
21:24:51:644 (20/03/2026) - READ  MEM Access, AP 0x00000000, Addr 0xE000EDF0, Val 0x00000000, "DAP Read Memory (32 bit) - Success" - ID 223
21:24:51:647 (20/03/2026) - READ  MEM Access, AP 0x00000000, Addr 0xE000EDF0, Val 0x00000000, "DAP Read Memory (32 bit) - Success" - ID 224
21:24:51:648 (20/03/2026) - READ  MEM Access, AP 0x00000000, Addr 0xE000EDF0, Val 0x00000000, "DAP Read Memory (32 bit) - Success" - ID 225
21:24:51:650 (20/03/2026) - READ  MEM Access, AP 0x00000000, Addr 0xE000EDF0, Val 0x00000000, "DAP Read Memory (32 bit) - Success" - ID 226
21:24:51:652 (20/03/2026) - READ  MEM Access, AP 0x00000000, Addr 0xE000EDF0, Val 0x00000000, "DAP Read Memory (32 bit) - Success" - ID 227
21:24:51:653 (20/03/2026) - READ  MEM Access, AP 0x00000000, Addr 0xE000EDF0, Val 0x00000000, "DAP Read Memory (32 bit) - Success" - ID 228
21:24:51:654 (20/03/2026) - READ  MEM Access, AP 0x00000000, Addr 0xE000EDF0, Val 0x00000000, "DAP Read Memory (32 bit) - Success" - ID 229
21:24:51:654 (20/03/2026) - READ  MEM Access, AP 0x00000000, Addr 0xE000EDF0, Val 0x00000000, "DAP Read Memory (32 bit) - Success" - ID 230
21:24:51:655 (20/03/2026) - READ  MEM Access, AP 0x00000000, Addr 0xE000EDF0, Val 0x00000000, "DAP Read Memory (32 bit) - Success" - ID 231
21:24:51:657 (20/03/2026) - READ  MEM Access, AP 0x00000000, Addr 0xE000EDF0, Val 0x00000000, "DAP Read Memory (32 bit) - Success" - ID 232
21:24:51:657 (20/03/2026) - READ  MEM Access, AP 0x00000000, Addr 0xE000EDF0, Val 0x00000000, "DAP Read Memory (32 bit) - Success" - ID 233
21:24:51:658 (20/03/2026) - READ  MEM Access, AP 0x00000000, Addr 0xE000EDF0, Val 0x00000000, "DAP Read Memory (32 bit) - Success" - ID 234
21:24:51:659 (20/03/2026) - READ  MEM Access, AP 0x00000000, Addr 0xE000EDF0, Val 0x00000000, "DAP Read Memory (32 bit) - Success" - ID 235
21:24:51:660 (20/03/2026) - READ  MEM Access, AP 0x00000000, Addr 0xE000EDF0, Val 0x00000000, "DAP Read Memory (32 bit) - Success" - ID 236
21:24:51:661 (20/03/2026) - READ  MEM Access, AP 0x00000000, Addr 0xE000EDF0, Val 0x00000000, "DAP Read Memory (32 bit) - Success" - ID 237
21:24:51:662 (20/03/2026) - READ  MEM Access, AP 0x00000000, Addr 0xE000EDF0, Val 0x00000000, "DAP Read Memory (32 bit) - Success" - ID 238
21:24:51:662 (20/03/2026) - READ  MEM Access, AP 0x00000000, Addr 0xE000EDF0, Val 0x00000000, "DAP Read Memory (32 bit) - Success" - ID 239
21:24:51:663 (20/03/2026) - READ  MEM Access, AP 0x00000000, Addr 0xE000EDF0, Val 0x00000000, "DAP Read Memory (32 bit) - Success" - ID 240
21:24:51:664 (20/03/2026) - READ  MEM Access, AP 0x00000000, Addr 0xE000EDF0, Val 0x00000000, "DAP Read Memory (32 bit) - Success" - ID 241
21:24:51:668 (20/03/2026) - READ  MEM Access, AP 0x00000000, Addr 0xE000EDF0, Val 0x00000000, "DAP Read Memory (32 bit) - Success" - ID 242
21:24:51:671 (20/03/2026) - READ  MEM Access, AP 0x00000000, Addr 0xE000EDF0, Val 0x00000000, "DAP Read Memory (32 bit) - Success" - ID 243
21:24:51:672 (20/03/2026) - READ  MEM Access, AP 0x00000000, Addr 0xE000EDF0, Val 0x00000000, "DAP Read Memory (32 bit) - Success" - ID 244
21:24:51:675 (20/03/2026) - READ  MEM Access, AP 0x00000000, Addr 0xE000EDF0, Val 0x00000000, "DAP Read Memory (32 bit) - Success" - ID 245
21:24:51:676 (20/03/2026) - READ  MEM Access, AP 0x00000000, Addr 0xE000EDF0, Val 0x00000000, "DAP Read Memory (32 bit) - Success" - ID 246
21:24:51:677 (20/03/2026) - READ  MEM Access, AP 0x00000000, Addr 0xE000EDF0, Val 0x00000000, "DAP Read Memory (32 bit) - Success" - ID 247
21:24:51:678 (20/03/2026) - READ  MEM Access, AP 0x00000000, Addr 0xE000EDF0, Val 0x00000000, "DAP Read Memory (32 bit) - Success" - ID 248
21:24:51:678 (20/03/2026) - READ  MEM Access, AP 0x00000000, Addr 0xE000EDF0, Val 0x00000000, "DAP Read Memory (32 bit) - Success" - ID 249
21:24:51:679 (20/03/2026) - READ  MEM Access, AP 0x00000000, Addr 0xE000EDF0, Val 0x00000000, "DAP Read Memory (32 bit) - Success" - ID 250
21:24:51:680 (20/03/2026) - READ  MEM Access, AP 0x00000000, Addr 0xE000EDF0, Val 0x00000000, "DAP Read Memory (32 bit) - Success" - ID 251
21:24:51:682 (20/03/2026) - READ  MEM Access, AP 0x00000000, Addr 0xE000EDF0, Val 0x00000000, "DAP Read Memory (32 bit) - Success" - ID 252
21:24:51:683 (20/03/2026) - READ  MEM Access, AP 0x00000000, Addr 0xE000EDF0, Val 0x00000000, "DAP Read Memory (32 bit) - Success" - ID 253
21:24:51:684 (20/03/2026) - READ  MEM Access, AP 0x00000000, Addr 0xE000EDF0, Val 0x00000000, "DAP Read Memory (32 bit) - Success" - ID 254
21:24:51:685 (20/03/2026) - READ  MEM Access, AP 0x00000000, Addr 0xE000EDF0, Val 0x00000000, "DAP Read Memory (32 bit) - Success" - ID 255
21:24:51:689 (20/03/2026) - READ  MEM Access, AP 0x00000000, Addr 0xE000EDF0, Val 0x00000000, "DAP Read Memory (32 bit) - Success" - ID 256
21:24:51:690 (20/03/2026) - READ  MEM Access, AP 0x00000000, Addr 0xE000EDF0, Val 0x00000000, "DAP Read Memory (32 bit) - Success" - ID 257
21:24:51:690 (20/03/2026) - READ  MEM Access, AP 0x00000000, Addr 0xE000EDF0, Val 0x00000000, "DAP Read Memory (32 bit) - Success" - ID 258
21:24:51:693 (20/03/2026) - READ  MEM Access, AP 0x00000000, Addr 0xE000EDF0, Val 0x00000000, "DAP Read Memory (32 bit) - Success" - ID 259
21:24:51:693 (20/03/2026) - READ  MEM Access, AP 0x00000000, Addr 0xE000EDF0, Val 0x00000000, "DAP Read Memory (32 bit) - Success" - ID 260
21:24:51:695 (20/03/2026) - READ  MEM Access, AP 0x00000000, Addr 0xE000EDF0, Val 0x00000000, "DAP Read Memory (32 bit) - Success" - ID 261
21:24:51:701 (20/03/2026) - READ  MEM Access, AP 0x00000000, Addr 0xE000EDF0, Val 0x00000000, "DAP Read Memory (32 bit) - Success" - ID 262
21:24:51:704 (20/03/2026) - READ  MEM Access, AP 0x00000000, Addr 0xE000EDF0, Val 0x00000000, "DAP Read Memory (32 bit) - Success" - ID 263
21:24:51:705 (20/03/2026) - READ  MEM Access, AP 0x00000000, Addr 0xE000EDF0, Val 0x00000000, "DAP Read Memory (32 bit) - Success" - ID 264
21:24:51:705 (20/03/2026) - READ  MEM Access, AP 0x00000000, Addr 0xE000EDF0, Val 0x00000000, "DAP Read Memory (32 bit) - Success" - ID 265
21:24:51:706 (20/03/2026) - READ  MEM Access, AP 0x00000000, Addr 0xE000EDF0, Val 0x00000000, "DAP Read Memory (32 bit) - Success" - ID 266
21:24:51:707 (20/03/2026) - READ  MEM Access, AP 0x00000000, Addr 0xE000EDF0, Val 0x00000000, "DAP Read Memory (32 bit) - Success" - ID 267
21:24:51:707 (20/03/2026) - READ  MEM Access, AP 0x00000000, Addr 0xE000EDF0, Val 0x00000000, "DAP Read Memory (32 bit) - Success" - ID 268
21:24:51:710 (20/03/2026) - READ  MEM Access, AP 0x00000000, Addr 0xE000EDF0, Val 0x00000000, "DAP Read Memory (32 bit) - Success" - ID 269
21:24:51:711 (20/03/2026) - READ  MEM Access, AP 0x00000000, Addr 0xE000EDF0, Val 0x00000000, "DAP Read Memory (32 bit) - Success" - ID 270
21:24:51:712 (20/03/2026) - READ  MEM Access, AP 0x00000000, Addr 0xE000EDF0, Val 0x00000000, "DAP Read Memory (32 bit) - Success" - ID 271
21:24:51:713 (20/03/2026) - READ  MEM Access, AP 0x00000000, Addr 0xE000EDF0, Val 0x00000000, "DAP Read Memory (32 bit) - Success" - ID 272
21:24:51:713 (20/03/2026) - READ  MEM Access, AP 0x00000000, Addr 0xE000EDF0, Val 0x00000000, "DAP Read Memory (32 bit) - Success" - ID 273
21:24:51:719 (20/03/2026) - READ  MEM Access, AP 0x00000000, Addr 0xE000EDF0, Val 0x00000000, "DAP Read Memory (32 bit) - Success" - ID 274
21:24:51:722 (20/03/2026) - READ  MEM Access, AP 0x00000000, Addr 0xE000EDF0, Val 0x00000000, "DAP Read Memory (32 bit) - Success" - ID 275
21:24:51:723 (20/03/2026) - READ  MEM Access, AP 0x00000000, Addr 0xE000EDF0, Val 0x00000000, "DAP Read Memory (32 bit) - Success" - ID 276
21:24:51:724 (20/03/2026) - READ  MEM Access, AP 0x00000000, Addr 0xE000EDF0, Val 0x00000000, "DAP Read Memory (32 bit) - Success" - ID 277
21:24:51:725 (20/03/2026) - READ  MEM Access, AP 0x00000000, Addr 0xE000EDF0, Val 0x00000000, "DAP Read Memory (32 bit) - Success" - ID 278
21:24:51:725 (20/03/2026) - READ  MEM Access, AP 0x00000000, Addr 0xE000EDF0, Val 0x00000000, "DAP Read Memory (32 bit) - Success" - ID 279
21:24:51:727 (20/03/2026) - READ  MEM Access, AP 0x00000000, Addr 0xE000EDF0, Val 0x00000000, "DAP Read Memory (32 bit) - Success" - ID 280
21:24:51:730 (20/03/2026) - READ  MEM Access, AP 0x00000000, Addr 0xE000EDF0, Val 0x00000000, "DAP Read Memory (32 bit) - Success" - ID 281
21:24:51:731 (20/03/2026) - READ  MEM Access, AP 0x00000000, Addr 0xE000EDF0, Val 0x00000000, "DAP Read Memory (32 bit) - Success" - ID 282
21:24:51:731 (20/03/2026) - READ  MEM Access, AP 0x00000000, Addr 0xE000EDF0, Val 0x00000000, "DAP Read Memory (32 bit) - Success" - ID 283
21:24:51:734 (20/03/2026) - READ  MEM Access, AP 0x00000000, Addr 0xE000EDF0, Val 0x00000000, "DAP Read Memory (32 bit) - Success" - ID 284
21:24:51:739 (20/03/2026) - READ  MEM Access, AP 0x00000000, Addr 0xE000EDF0, Val 0x00000000, "DAP Read Memory (32 bit) - Success" - ID 285
21:24:51:740 (20/03/2026) - READ  MEM Access, AP 0x00000000, Addr 0xE000EDF0, Val 0x00000000, "DAP Read Memory (32 bit) - Success" - ID 286
21:24:51:741 (20/03/2026) - READ  MEM Access, AP 0x00000000, Addr 0xE000EDF0, Val 0x00000000, "DAP Read Memory (32 bit) - Success" - ID 287
21:24:51:744 (20/03/2026) - READ  MEM Access, AP 0x00000000, Addr 0xE000EDF0, Val 0x00000000, "DAP Read Memory (32 bit) - Success" - ID 288
21:24:51:745 (20/03/2026) - READ  MEM Access, AP 0x00000000, Addr 0xE000EDF0, Val 0x00000000, "DAP Read Memory (32 bit) - Success" - ID 289
21:24:51:746 (20/03/2026) - READ  MEM Access, AP 0x00000000, Addr 0xE000EDF0, Val 0x00000000, "DAP Read Memory (32 bit) - Success" - ID 290
21:24:51:747 (20/03/2026) - READ  MEM Access, AP 0x00000000, Addr 0xE000EDF0, Val 0x00000000, "DAP Read Memory (32 bit) - Success" - ID 291
21:24:51:752 (20/03/2026) - READ  MEM Access, AP 0x00000000, Addr 0xE000EDF0, Val 0x00000000, "DAP Read Memory (32 bit) - Success" - ID 292
21:24:51:755 (20/03/2026) - READ  MEM Access, AP 0x00000000, Addr 0xE000EDF0, Val 0x00000000, "DAP Read Memory (32 bit) - Success" - ID 293
21:24:51:757 (20/03/2026) - READ  MEM Access, AP 0x00000000, Addr 0xE000EDF0, Val 0x00000000, "DAP Read Memory (32 bit) - Success" - ID 294
21:24:51:757 (20/03/2026) - READ  MEM Access, AP 0x00000000, Addr 0xE000EDF0, Val 0x00000000, "DAP Read Memory (32 bit) - Success" - ID 295
21:24:51:758 (20/03/2026) - READ  MEM Access, AP 0x00000000, Addr 0xE000EDF0, Val 0x00000000, "DAP Read Memory (32 bit) - Success" - ID 296
21:24:51:759 (20/03/2026) - READ  MEM Access, AP 0x00000000, Addr 0xE000EDF0, Val 0x00000000, "DAP Read Memory (32 bit) - Success" - ID 297
21:24:51:760 (20/03/2026) - READ  MEM Access, AP 0x00000000, Addr 0xE000EDF0, Val 0x00000000, "DAP Read Memory (32 bit) - Success" - ID 298
21:24:51:760 (20/03/2026) - READ  MEM Access, AP 0x00000000, Addr 0xE000EDF0, Val 0x00000000, "DAP Read Memory (32 bit) - Success" - ID 299
21:24:51:761 (20/03/2026) - READ  MEM Access, AP 0x00000000, Addr 0xE000EDF0, Val 0x00000000, "DAP Read Memory (32 bit) - Success" - ID 300
21:24:51:762 (20/03/2026) - READ  MEM Access, AP 0x00000000, Addr 0xE000EDF0, Val 0x00000000, "DAP Read Memory (32 bit) - Success" - ID 301
21:24:51:763 (20/03/2026) - READ  MEM Access, AP 0x00000000, Addr 0xE000EDF0, Val 0x00000000, "DAP Read Memory (32 bit) - Success" - ID 302
21:24:51:764 (20/03/2026) - READ  MEM Access, AP 0x00000000, Addr 0xE000EDF0, Val 0x00000000, "DAP Read Memory (32 bit) - Success" - ID 303
21:24:51:764 (20/03/2026) - READ  MEM Access, AP 0x00000000, Addr 0xE000EDF0, Val 0x00000000, "DAP Read Memory (32 bit) - Success" - ID 304
21:24:51:765 (20/03/2026) - READ  MEM Access, AP 0x00000000, Addr 0xE000EDF0, Val 0x00000000, "DAP Read Memory (32 bit) - Success" - ID 305
21:24:51:766 (20/03/2026) - READ  MEM Access, AP 0x00000000, Addr 0xE000EDF0, Val 0x00000000, "DAP Read Memory (32 bit) - Success" - ID 306
21:24:51:770 (20/03/2026) - READ  MEM Access, AP 0x00000000, Addr 0xE000EDF0, Val 0x00000000, "DAP Read Memory (32 bit) - Success" - ID 307
21:24:51:770 (20/03/2026) - READ  MEM Access, AP 0x00000000, Addr 0xE000EDF0, Val 0x00000000, "DAP Read Memory (32 bit) - Success" - ID 308
21:24:51:771 (20/03/2026) - READ  MEM Access, AP 0x00000000, Addr 0xE000EDF0, Val 0x00000000, "DAP Read Memory (32 bit) - Success" - ID 309
21:24:51:772 (20/03/2026) - READ  MEM Access, AP 0x00000000, Addr 0xE000EDF0, Val 0x00000000, "DAP Read Memory (32 bit) - Success" - ID 310
21:24:51:773 (20/03/2026) - READ  MEM Access, AP 0x00000000, Addr 0xE000EDF0, Val 0x00000000, "DAP Read Memory (32 bit) - Success" - ID 311
21:24:51:773 (20/03/2026) - READ  MEM Access, AP 0x00000000, Addr 0xE000EDF0, Val 0x00000000, "DAP Read Memory (32 bit) - Success" - ID 312
21:24:51:778 (20/03/2026) - READ  MEM Access, AP 0x00000000, Addr 0xE000EDF0, Val 0x00000000, "DAP Read Memory (32 bit) - Success" - ID 313
21:24:51:780 (20/03/2026) - READ  MEM Access, AP 0x00000000, Addr 0xE000EDF0, Val 0x00000000, "DAP Read Memory (32 bit) - Success" - ID 314
21:24:51:781 (20/03/2026) - READ  MEM Access, AP 0x00000000, Addr 0xE000EDF0, Val 0x00000000, "DAP Read Memory (32 bit) - Success" - ID 315
21:24:51:782 (20/03/2026) - READ  MEM Access, AP 0x00000000, Addr 0xE000EDF0, Val 0x00000000, "DAP Read Memory (32 bit) - Success" - ID 316
21:24:51:783 (20/03/2026) - READ  MEM Access, AP 0x00000000, Addr 0xE000EDF0, Val 0x00000000, "DAP Read Memory (32 bit) - Success" - ID 317
21:24:51:783 (20/03/2026) - READ  MEM Access, AP 0x00000000, Addr 0xE000EDF0, Val 0x00000000, "DAP Read Memory (32 bit) - Success" - ID 318
21:24:51:784 (20/03/2026) - READ  MEM Access, AP 0x00000000, Addr 0xE000EDF0, Val 0x00000000, "DAP Read Memory (32 bit) - Success" - ID 319
21:24:51:785 (20/03/2026) - READ  MEM Access, AP 0x00000000, Addr 0xE000EDF0, Val 0x00000000, "DAP Read Memory (32 bit) - Success" - ID 320
21:24:51:786 (20/03/2026) - READ  MEM Access, AP 0x00000000, Addr 0xE000EDF0, Val 0x00000000, "DAP Read Memory (32 bit) - Success" - ID 321
21:24:51:787 (20/03/2026) - READ  MEM Access, AP 0x00000000, Addr 0xE000EDF0, Val 0x00000000, "DAP Read Memory (32 bit) - Success" - ID 322
21:24:51:787 (20/03/2026) - READ  MEM Access, AP 0x00000000, Addr 0xE000EDF0, Val 0x00000000, "DAP Read Memory (32 bit) - Success" - ID 323
21:24:51:788 (20/03/2026) - READ  MEM Access, AP 0x00000000, Addr 0xE000EDF0, Val 0x00000000, "DAP Read Memory (32 bit) - Success" - ID 324
21:24:51:789 (20/03/2026) - READ  MEM Access, AP 0x00000000, Addr 0xE000EDF0, Val 0x00000000, "DAP Read Memory (32 bit) - Success" - ID 325
21:24:51:790 (20/03/2026) - READ  MEM Access, AP 0x00000000, Addr 0xE000EDF0, Val 0x00000000, "DAP Read Memory (32 bit) - Success" - ID 326
21:24:51:791 (20/03/2026) - READ  MEM Access, AP 0x00000000, Addr 0xE000EDF0, Val 0x00000000, "DAP Read Memory (32 bit) - Success" - ID 327
21:24:51:792 (20/03/2026) - READ  MEM Access, AP 0x00000000, Addr 0xE000EDF0, Val 0x00000000, "DAP Read Memory (32 bit) - Success" - ID 328
21:24:51:793 (20/03/2026) - READ  MEM Access, AP 0x00000000, Addr 0xE000EDF0, Val 0x00000000, "DAP Read Memory (32 bit) - Success" - ID 329
21:24:51:794 (20/03/2026) - READ  MEM Access, AP 0x00000000, Addr 0xE000EDF0, Val 0x00000000, "DAP Read Memory (32 bit) - Success" - ID 330
21:24:51:795 (20/03/2026) - READ  MEM Access, AP 0x00000000, Addr 0xE000EDF0, Val 0x00000000, "DAP Read Memory (32 bit) - Success" - ID 331
21:24:51:797 (20/03/2026) - READ  MEM Access, AP 0x00000000, Addr 0xE000EDF0, Val 0x00000000, "DAP Read Memory (32 bit) - Success" - ID 332
21:24:51:798 (20/03/2026) - READ  MEM Access, AP 0x00000000, Addr 0xE000EDF0, Val 0x00000000, "DAP Read Memory (32 bit) - Success" - ID 333
21:24:51:801 (20/03/2026) - READ  MEM Access, AP 0x00000000, Addr 0xE000EDF0, Val 0x00000000, "DAP Read Memory (32 bit) - Success" - ID 334
21:24:51:803 (20/03/2026) - READ  MEM Access, AP 0x00000000, Addr 0xE000EDF0, Val 0x00000000, "DAP Read Memory (32 bit) - Success" - ID 335
21:24:51:803 (20/03/2026) - READ  MEM Access, AP 0x00000000, Addr 0xE000EDF0, Val 0x00000000, "DAP Read Memory (32 bit) - Success" - ID 336
21:24:51:804 (20/03/2026) - READ  MEM Access, AP 0x00000000, Addr 0xE000EDF0, Val 0x00000000, "DAP Read Memory (32 bit) - Success" - ID 337
21:24:51:805 (20/03/2026) - READ  MEM Access, AP 0x00000000, Addr 0xE000EDF0, Val 0x00000000, "DAP Read Memory (32 bit) - Success" - ID 338
21:24:51:806 (20/03/2026) - READ  MEM Access, AP 0x00000000, Addr 0xE000EDF0, Val 0x00000000, "DAP Read Memory (32 bit) - Success" - ID 339
21:24:51:807 (20/03/2026) - READ  MEM Access, AP 0x00000000, Addr 0xE000EDF0, Val 0x00000000, "DAP Read Memory (32 bit) - Success" - ID 340
21:24:51:808 (20/03/2026) - READ  MEM Access, AP 0x00000000, Addr 0xE000EDF0, Val 0x00000000, "DAP Read Memory (32 bit) - Success" - ID 341
21:24:51:809 (20/03/2026) - READ  MEM Access, AP 0x00000000, Addr 0xE000EDF0, Val 0x00000000, "DAP Read Memory (32 bit) - Success" - ID 342
21:24:51:809 (20/03/2026) - READ  MEM Access, AP 0x00000000, Addr 0xE000EDF0, Val 0x00000000, "DAP Read Memory (32 bit) - Success" - ID 343
21:24:51:810 (20/03/2026) - READ  MEM Access, AP 0x00000000, Addr 0xE000EDF0, Val 0x00000000, "DAP Read Memory (32 bit) - Success" - ID 344
21:24:51:813 (20/03/2026) - READ  MEM Access, AP 0x00000000, Addr 0xE000EDF0, Val 0x00000000, "DAP Read Memory (32 bit) - Success" - ID 345
21:24:51:814 (20/03/2026) - READ  MEM Access, AP 0x00000000, Addr 0xE000EDF0, Val 0x00000000, "DAP Read Memory (32 bit) - Success" - ID 346
21:24:51:815 (20/03/2026) - READ  MEM Access, AP 0x00000000, Addr 0xE000EDF0, Val 0x00000000, "DAP Read Memory (32 bit) - Success" - ID 347
21:24:51:815 (20/03/2026) - READ  MEM Access, AP 0x00000000, Addr 0xE000EDF0, Val 0x00000000, "DAP Read Memory (32 bit) - Success" - ID 348
21:24:51:817 (20/03/2026) - READ  MEM Access, AP 0x00000000, Addr 0xE000EDF0, Val 0x00000000, "DAP Read Memory (32 bit) - Success" - ID 349
21:24:51:817 (20/03/2026) - READ  MEM Access, AP 0x00000000, Addr 0xE000EDF0, Val 0x00000000, "DAP Read Memory (32 bit) - Success" - ID 350
21:24:51:821 (20/03/2026) - READ  MEM Access, AP 0x00000000, Addr 0xE000EDF0, Val 0x00000000, "DAP Read Memory (32 bit) - Success" - ID 351
21:24:51:822 (20/03/2026) - READ  MEM Access, AP 0x00000000, Addr 0xE000EDF0, Val 0x00000000, "DAP Read Memory (32 bit) - Success" - ID 352
21:24:51:826 (20/03/2026) - READ  MEM Access, AP 0x00000000, Addr 0xE000EDF0, Val 0x00000000, "DAP Read Memory (32 bit) - Success" - ID 353
21:24:51:833 (20/03/2026) - READ  MEM Access, AP 0x00000000, Addr 0xE000EDF0, Val 0x00000000, "DAP Read Memory (32 bit) - Success" - ID 354
21:24:51:842 (20/03/2026) - READ  MEM Access, AP 0x00000000, Addr 0xE000EDF0, Val 0x00000000, "DAP Read Memory (32 bit) - Success" - ID 355
21:24:53:667 (20/03/2026) - READ  MEM Access, AP 0x00000000, Addr 0xE000EDF0, Val 0x00000000, "DAP Read Memory (32 bit) - Success" - ID 356
21:24:53:770 (20/03/2026) - WRITE MEM BLOCK Access, AP 0x00000000, Start Addr 0xE0002000, End Addr 0xE000201F, "DAP Write Memory Block - FAILED" - ID 357
21:24:53:771 (20/03/2026) - WRITE DP  Access, Addr 0x00000004, Val 0x00000000, "DAP Write DP - Success" - ID 358
